[ 2018-09-23T02:44:09+08:00 ] 220.181.108.85 /
INFO: [ app_init ] --START--
INFO: Run Behavior\BuildLiteBehavior [ RunTime:0.000010s ]
INFO: [ app_init ] --END-- [ RunTime:0.000279s ]
INFO: [ app_begin ] --START--
INFO: Run Behavior\ReadHtmlCacheBehavior [ RunTime:0.000315s ]
INFO: [ app_begin ] --END-- [ RunTime:0.000349s ]
SQL: SHOW COLUMNS FROM `lxp_article` [ RunTime:0.0038s ]
SQL: SELECT `aid`,`title` FROM `lxp_article` WHERE `is_show` = 1 AND `is_delete` = 0 AND `is_top` = 1 ORDER BY aid desc  [ RunTime:0.0007s ]
SQL: SHOW COLUMNS FROM `lxp_comment` [ RunTime:0.0007s ]
SQL: SHOW COLUMNS FROM `lxp_oauth_user` [ RunTime:0.0007s ]
SQL: SELECT `id` FROM `lxp_oauth_user` WHERE (  is_admin )  [ RunTime:0.0003s ]
SQL: SELECT c.content,c.date,a.title,a.aid,ou.nickname,ou.head_img FROM lxp_comment c INNER JOIN lxp_article a ON c.aid=a.aid INNER JOIN lxp_oauth_user ou ON c.ouid=ou.id  WHERE c.is_delete = 0 ORDER BY c.date desc LIMIT 20   [ RunTime:0.0007s ]
NOTIC: [2] Invalid argument supplied for foreach() /www/wwwroot/blog/Application/Common/Model/CommentModel.class.php 第 202 行.
SQL: SHOW COLUMNS FROM `lxp_category` [ RunTime:0.0007s ]
SQL: SELECT * FROM `lxp_category` ORDER BY sort  [ RunTime:0.0003s ]
SQL: SHOW COLUMNS FROM `lxp_tag` [ RunTime:0.0006s ]
SQL: SELECT * FROM `lxp_tag`  [ RunTime:0.0002s ]
SQL: SHOW COLUMNS FROM `lxp_article_tag` [ RunTime:0.0005s ]
SQL: SELECT COUNT(*) AS tp_count FROM `lxp_article_tag` WHERE `tid` = 21 LIMIT 1   [ RunTime:0.0004s ]
SQL: SELECT COUNT(*) AS tp_count FROM `lxp_article_tag` WHERE `tid` = 22 LIMIT 1   [ RunTime:0.0002s ]
SQL: SELECT COUNT(*) AS tp_count FROM `lxp_article_tag` WHERE `tid` = 23 LIMIT 1   [ RunTime:0.0002s ]
SQL: SELECT COUNT(*) AS tp_count FROM `lxp_article_tag` WHERE `tid` = 24 LIMIT 1   [ RunTime:0.0002s ]
SQL: SELECT COUNT(*) AS tp_count FROM `lxp_article_tag` WHERE `tid` = 25 LIMIT 1   [ RunTime:0.0002s ]
SQL: SHOW COLUMNS FROM `lxp_link` [ RunTime:0.0006s ]
SQL: SELECT * FROM `lxp_link` WHERE `is_delete` = 0 AND `is_show` = 1 ORDER BY sort  [ RunTime:0.0003s ]
SQL: SHOW COLUMNS FROM `lxp_article` [ RunTime:0.0007s ]
SQL: SELECT COUNT(*) AS tp_count FROM `lxp_article` WHERE `is_delete` = 0 AND `is_show` = 1 LIMIT 1   [ RunTime:0.0002s ]
SQL: SELECT * FROM `lxp_article` WHERE `is_delete` = 0 AND `is_show` = 1 ORDER BY addtime desc LIMIT 0,10   [ RunTime:0.0013s ]
SQL: SHOW COLUMNS FROM `lxp_article_tag` [ RunTime:0.0007s ]
SQL: SHOW COLUMNS FROM `lxp_article_tag` [ RunTime:0.0005s ]
SQL: SELECT * FROM `lxp_article_tag` INNER JOIN lxp_tag ON lxp_article_tag.tid=lxp_tag.tid  WHERE `aid` = '23'  [ RunTime:0.0004s ]
SQL: SHOW COLUMNS FROM `lxp_article_pic` [ RunTime:0.0006s ]
SQL: SELECT `path` FROM `lxp_article_pic` WHERE `aid` = 23 ORDER BY ap_id asc LIMIT 1   [ RunTime:0.0002s ]
SQL: SELECT `cid`,`cid`,`cname` FROM `lxp_category` WHERE `cid` = 33  [ RunTime:0.0002s ]
SQL: SELECT * FROM `lxp_article_tag` INNER JOIN lxp_tag ON lxp_article_tag.tid=lxp_tag.tid  WHERE `aid` = '22'  [ RunTime:0.0003s ]
SQL: SELECT `path` FROM `lxp_article_pic` WHERE `aid` = 22 ORDER BY ap_id asc LIMIT 1   [ RunTime:0.0002s ]
SQL: SELECT `cid`,`cid`,`cname` FROM `lxp_category` WHERE `cid` = 32  [ RunTime:0.0002s ]
SQL: SELECT * FROM `lxp_article_tag` INNER JOIN lxp_tag ON lxp_article_tag.tid=lxp_tag.tid  WHERE `aid` = '21'  [ RunTime:0.0003s ]
SQL: SELECT `path` FROM `lxp_article_pic` WHERE `aid` = 21 ORDER BY ap_id asc LIMIT 1   [ RunTime:0.0002s ]
SQL: SELECT `cid`,`cid`,`cname` FROM `lxp_category` WHERE `cid` = 31  [ RunTime:0.0002s ]
SQL: SELECT * FROM `lxp_article_tag` INNER JOIN lxp_tag ON lxp_article_tag.tid=lxp_tag.tid  WHERE `aid` = '20'  [ RunTime:0.0002s ]
SQL: SELECT `path` FROM `lxp_article_pic` WHERE `aid` = 20 ORDER BY ap_id asc LIMIT 1   [ RunTime:0.0002s ]
SQL: SELECT `cid`,`cid`,`cname` FROM `lxp_category` WHERE `cid` = 30  [ RunTime:0.0002s ]
SQL: SELECT * FROM `lxp_article_tag` INNER JOIN lxp_tag ON lxp_article_tag.tid=lxp_tag.tid  WHERE `aid` = '19'  [ RunTime:0.0003s ]
SQL: SELECT `path` FROM `lxp_article_pic` WHERE `aid` = 19 ORDER BY ap_id asc LIMIT 1   [ RunTime:0.0002s ]
SQL: SELECT `cid`,`cid`,`cname` FROM `lxp_category` WHERE `cid` = 30  [ RunTime:0.0002s ]
SQL: SELECT * FROM `lxp_article_tag` INNER JOIN lxp_tag ON lxp_article_tag.tid=lxp_tag.tid  WHERE `aid` = '18'  [ RunTime:0.0002s ]
SQL: SELECT `path` FROM `lxp_article_pic` WHERE `aid` = 18 ORDER BY ap_id asc LIMIT 1   [ RunTime:0.0002s ]
SQL: SELECT `cid`,`cid`,`cname` FROM `lxp_category` WHERE `cid` = 29  [ RunTime:0.0002s ]
INFO: [ view_parse ] --START--
INFO: [ template_filter ] --START--
INFO: Run Behavior\ContentReplaceBehavior [ RunTime:0.000104s ]
INFO: [ template_filter ] --END-- [ RunTime:0.000133s ]
NOTIC: [8] Use of undefined constant url - assumed 'url' /www/wwwroot/blog/Runtime/Cache/Home/08d30c77e78bd0ac29232fbc421b5dcd.php 第 6 行.
INFO: Run Behavior\ParseTemplateBehavior [ RunTime:0.010076s ]
INFO: [ view_parse ] --END-- [ RunTime:0.010102s ]
INFO: [ view_filter ] --START--
INFO: Run Behavior\WriteHtmlCacheBehavior [ RunTime:0.000122s ]
INFO: [ view_filter ] --END-- [ RunTime:0.000154s ]
INFO: [ app_end ] --START--
INFO: Run Behavior\ShowPageTraceBehavior [ RunTime:0.000418s ]
INFO: [ app_end ] --END-- [ RunTime:0.000446s ]

[ 2018-09-23T05:44:10+08:00 ] 220.181.108.182 /chat
INFO: [ app_init ] --START--
INFO: Run Behavior\BuildLiteBehavior [ RunTime:0.000015s ]
INFO: [ app_init ] --END-- [ RunTime:0.000311s ]
INFO: [ app_begin ] --START--
INFO: Run Behavior\ReadHtmlCacheBehavior [ RunTime:0.000398s ]
INFO: [ app_begin ] --END-- [ RunTime:0.000427s ]
SQL: SHOW COLUMNS FROM `lxp_article` [ RunTime:0.0027s ]
SQL: SELECT `aid`,`title` FROM `lxp_article` WHERE `is_show` = 1 AND `is_delete` = 0 AND `is_top` = 1 ORDER BY aid desc  [ RunTime:0.0005s ]
SQL: SHOW COLUMNS FROM `lxp_comment` [ RunTime:0.0008s ]
SQL: SHOW COLUMNS FROM `lxp_oauth_user` [ RunTime:0.0043s ]
SQL: SELECT `id` FROM `lxp_oauth_user` WHERE (  is_admin )  [ RunTime:0.0003s ]
SQL: SELECT c.content,c.date,a.title,a.aid,ou.nickname,ou.head_img FROM lxp_comment c INNER JOIN lxp_article a ON c.aid=a.aid INNER JOIN lxp_oauth_user ou ON c.ouid=ou.id  WHERE c.is_delete = 0 ORDER BY c.date desc LIMIT 20   [ RunTime:0.0007s ]
NOTIC: [2] Invalid argument supplied for foreach() /www/wwwroot/blog/Application/Common/Model/CommentModel.class.php 第 202 行.
SQL: SHOW COLUMNS FROM `lxp_category` [ RunTime:0.0006s ]
SQL: SELECT * FROM `lxp_category` ORDER BY sort  [ RunTime:0.0003s ]
SQL: SHOW COLUMNS FROM `lxp_tag` [ RunTime:0.0006s ]
SQL: SELECT * FROM `lxp_tag`  [ RunTime:0.0002s ]
SQL: SHOW COLUMNS FROM `lxp_article_tag` [ RunTime:0.0006s ]
SQL: SELECT COUNT(*) AS tp_count FROM `lxp_article_tag` WHERE `tid` = 21 LIMIT 1   [ RunTime:0.0003s ]
SQL: SELECT COUNT(*) AS tp_count FROM `lxp_article_tag` WHERE `tid` = 22 LIMIT 1   [ RunTime:0.0002s ]
SQL: SELECT COUNT(*) AS tp_count FROM `lxp_article_tag` WHERE `tid` = 23 LIMIT 1   [ RunTime:0.0002s ]
SQL: SELECT COUNT(*) AS tp_count FROM `lxp_article_tag` WHERE `tid` = 24 LIMIT 1   [ RunTime:0.0002s ]
SQL: SELECT COUNT(*) AS tp_count FROM `lxp_article_tag` WHERE `tid` = 25 LIMIT 1   [ RunTime:0.0002s ]
SQL: SHOW COLUMNS FROM `lxp_link` [ RunTime:0.0006s ]
SQL: SELECT * FROM `lxp_link` WHERE `is_delete` = 0 AND `is_show` = 1 ORDER BY sort  [ RunTime:0.0003s ]
SQL: SHOW COLUMNS FROM `lxp_chat` [ RunTime:0.0011s ]
SQL: SELECT * FROM `lxp_chat` WHERE ( is_delete=0 and is_show=1 ) ORDER BY date desc  [ RunTime:0.0014s ]
INFO: [ view_parse ] --START--
INFO: [ template_filter ] --START--
INFO: Run Behavior\ContentReplaceBehavior [ RunTime:0.000101s ]
INFO: [ template_filter ] --END-- [ RunTime:0.000138s ]
INFO: Run Behavior\ParseTemplateBehavior [ RunTime:0.012678s ]
INFO: [ view_parse ] --END-- [ RunTime:0.012713s ]
INFO: [ view_filter ] --START--
INFO: Run Behavior\WriteHtmlCacheBehavior [ RunTime:0.000126s ]
INFO: [ view_filter ] --END-- [ RunTime:0.000146s ]
INFO: [ app_end ] --START--
INFO: Run Behavior\ShowPageTraceBehavior [ RunTime:0.000399s ]
INFO: [ app_end ] --END-- [ RunTime:0.000431s ]

[ 2018-09-23T08:44:09+08:00 ] 220.181.108.90 /category/30
INFO: [ app_init ] --START--
INFO: Run Behavior\BuildLiteBehavior [ RunTime:0.000019s ]
INFO: [ app_init ] --END-- [ RunTime:0.001314s ]
INFO: [ app_begin ] --START--
INFO: Run Behavior\ReadHtmlCacheBehavior [ RunTime:0.000894s ]
INFO: [ app_begin ] --END-- [ RunTime:0.000922s ]
SQL: SHOW COLUMNS FROM `lxp_article` [ RunTime:0.0073s ]
SQL: SELECT `aid`,`title` FROM `lxp_article` WHERE `is_show` = 1 AND `is_delete` = 0 AND `is_top` = 1 ORDER BY aid desc  [ RunTime:0.0013s ]
SQL: SHOW COLUMNS FROM `lxp_comment` [ RunTime:0.0007s ]
SQL: SHOW COLUMNS FROM `lxp_oauth_user` [ RunTime:0.0028s ]
SQL: SELECT `id` FROM `lxp_oauth_user` WHERE (  is_admin )  [ RunTime:0.0002s ]
SQL: SELECT c.content,c.date,a.title,a.aid,ou.nickname,ou.head_img FROM lxp_comment c INNER JOIN lxp_article a ON c.aid=a.aid INNER JOIN lxp_oauth_user ou ON c.ouid=ou.id  WHERE c.is_delete = 0 ORDER BY c.date desc LIMIT 20   [ RunTime:0.0013s ]
NOTIC: [2] Invalid argument supplied for foreach() /www/wwwroot/blog/Application/Common/Model/CommentModel.class.php 第 202 行.
SQL: SHOW COLUMNS FROM `lxp_category` [ RunTime:0.0006s ]
SQL: SELECT * FROM `lxp_category` ORDER BY sort  [ RunTime:0.0003s ]
SQL: SHOW COLUMNS FROM `lxp_tag` [ RunTime:0.0006s ]
SQL: SELECT * FROM `lxp_tag`  [ RunTime:0.0002s ]
SQL: SHOW COLUMNS FROM `lxp_article_tag` [ RunTime:0.0005s ]
SQL: SELECT COUNT(*) AS tp_count FROM `lxp_article_tag` WHERE `tid` = 21 LIMIT 1   [ RunTime:0.0003s ]
SQL: SELECT COUNT(*) AS tp_count FROM `lxp_article_tag` WHERE `tid` = 22 LIMIT 1   [ RunTime:0.0002s ]
SQL: SELECT COUNT(*) AS tp_count FROM `lxp_article_tag` WHERE `tid` = 23 LIMIT 1   [ RunTime:0.0002s ]
SQL: SELECT COUNT(*) AS tp_count FROM `lxp_article_tag` WHERE `tid` = 24 LIMIT 1   [ RunTime:0.0002s ]
SQL: SELECT COUNT(*) AS tp_count FROM `lxp_article_tag` WHERE `tid` = 25 LIMIT 1   [ RunTime:0.0002s ]
SQL: SHOW COLUMNS FROM `lxp_link` [ RunTime:0.0006s ]
SQL: SELECT * FROM `lxp_link` WHERE `is_delete` = 0 AND `is_show` = 1 ORDER BY sort  [ RunTime:0.0002s ]
SQL: SELECT * FROM `lxp_category` WHERE `cid` = 30 LIMIT 1   [ RunTime:0.0010s ]
SQL: SHOW COLUMNS FROM `lxp_article` [ RunTime:0.0012s ]
SQL: SELECT COUNT(*) AS tp_count FROM `lxp_article` WHERE `cid` = 30 AND `is_delete` = 0 AND `is_show` = 1 LIMIT 1   [ RunTime:0.0002s ]
SQL: SELECT * FROM `lxp_article` WHERE `cid` = 30 AND `is_delete` = 0 AND `is_show` = 1 ORDER BY addtime desc LIMIT 0,10   [ RunTime:0.0035s ]
SQL: SHOW COLUMNS FROM `lxp_article_tag` [ RunTime:0.0006s ]
SQL: SHOW COLUMNS FROM `lxp_article_tag` [ RunTime:0.0004s ]
SQL: SELECT * FROM `lxp_article_tag` INNER JOIN lxp_tag ON lxp_article_tag.tid=lxp_tag.tid  WHERE `aid` = '20'  [ RunTime:0.0017s ]
SQL: SHOW COLUMNS FROM `lxp_article_pic` [ RunTime:0.0032s ]
SQL: SELECT `path` FROM `lxp_article_pic` WHERE `aid` = 20 ORDER BY ap_id asc LIMIT 1   [ RunTime:0.0026s ]
SQL: SELECT `cid`,`cid`,`cname` FROM `lxp_category` WHERE `cid` = 30  [ RunTime:0.0002s ]
SQL: SELECT * FROM `lxp_article_tag` INNER JOIN lxp_tag ON lxp_article_tag.tid=lxp_tag.tid  WHERE `aid` = '19'  [ RunTime:0.0002s ]
SQL: SELECT `path` FROM `lxp_article_pic` WHERE `aid` = 19 ORDER BY ap_id asc LIMIT 1   [ RunTime:0.0002s ]
SQL: SELECT `cid`,`cid`,`cname` FROM `lxp_category` WHERE `cid` = 30  [ RunTime:0.0002s ]
INFO: [ view_parse ] --START--
INFO: [ template_filter ] --START--
INFO: Run Behavior\ContentReplaceBehavior [ RunTime:0.000106s ]
INFO: [ template_filter ] --END-- [ RunTime:0.000166s ]
INFO: Run Behavior\ParseTemplateBehavior [ RunTime:0.032317s ]
INFO: [ view_parse ] --END-- [ RunTime:0.032345s ]
INFO: [ view_filter ] --START--
INFO: Run Behavior\WriteHtmlCacheBehavior [ RunTime:0.000108s ]
INFO: [ view_filter ] --END-- [ RunTime:0.000127s ]
INFO: [ app_end ] --START--
INFO: Run Behavior\ShowPageTraceBehavior [ RunTime:0.000403s ]
INFO: [ app_end ] --END-- [ RunTime:0.000430s ]

[ 2018-09-23T09:19:43+08:00 ] 123.125.71.19 /category/31
INFO: [ app_init ] --START--
INFO: Run Behavior\BuildLiteBehavior [ RunTime:0.000017s ]
INFO: [ app_init ] --END-- [ RunTime:0.000298s ]
INFO: [ app_begin ] --START--
INFO: Run Behavior\ReadHtmlCacheBehavior [ RunTime:0.000349s ]
INFO: [ app_begin ] --END-- [ RunTime:0.000378s ]
SQL: SHOW COLUMNS FROM `lxp_article` [ RunTime:0.0107s ]
SQL: SELECT `aid`,`title` FROM `lxp_article` WHERE `is_show` = 1 AND `is_delete` = 0 AND `is_top` = 1 ORDER BY aid desc  [ RunTime:0.0003s ]
SQL: SHOW COLUMNS FROM `lxp_comment` [ RunTime:0.0007s ]
SQL: SHOW COLUMNS FROM `lxp_oauth_user` [ RunTime:0.0006s ]
SQL: SELECT `id` FROM `lxp_oauth_user` WHERE (  is_admin )  [ RunTime:0.0002s ]
SQL: SELECT c.content,c.date,a.title,a.aid,ou.nickname,ou.head_img FROM lxp_comment c INNER JOIN lxp_article a ON c.aid=a.aid INNER JOIN lxp_oauth_user ou ON c.ouid=ou.id  WHERE c.is_delete = 0 ORDER BY c.date desc LIMIT 20   [ RunTime:0.0018s ]
NOTIC: [2] Invalid argument supplied for foreach() /www/wwwroot/blog/Application/Common/Model/CommentModel.class.php 第 202 行.
SQL: SHOW COLUMNS FROM `lxp_category` [ RunTime:0.0007s ]
SQL: SELECT * FROM `lxp_category` ORDER BY sort  [ RunTime:0.0002s ]
SQL: SHOW COLUMNS FROM `lxp_tag` [ RunTime:0.0005s ]
SQL: SELECT * FROM `lxp_tag`  [ RunTime:0.0002s ]
SQL: SHOW COLUMNS FROM `lxp_article_tag` [ RunTime:0.0005s ]
SQL: SELECT COUNT(*) AS tp_count FROM `lxp_article_tag` WHERE `tid` = 21 LIMIT 1   [ RunTime:0.0002s ]
SQL: SELECT COUNT(*) AS tp_count FROM `lxp_article_tag` WHERE `tid` = 22 LIMIT 1   [ RunTime:0.0002s ]
SQL: SELECT COUNT(*) AS tp_count FROM `lxp_article_tag` WHERE `tid` = 23 LIMIT 1   [ RunTime:0.0002s ]
SQL: SELECT COUNT(*) AS tp_count FROM `lxp_article_tag` WHERE `tid` = 24 LIMIT 1   [ RunTime:0.0002s ]
SQL: SELECT COUNT(*) AS tp_count FROM `lxp_article_tag` WHERE `tid` = 25 LIMIT 1   [ RunTime:0.0002s ]
SQL: SHOW COLUMNS FROM `lxp_link` [ RunTime:0.0006s ]
SQL: SELECT * FROM `lxp_link` WHERE `is_delete` = 0 AND `is_show` = 1 ORDER BY sort  [ RunTime:0.0008s ]
SQL: SELECT * FROM `lxp_category` WHERE `cid` = 31 LIMIT 1   [ RunTime:0.0002s ]
SQL: SHOW COLUMNS FROM `lxp_article` [ RunTime:0.0007s ]
SQL: SELECT COUNT(*) AS tp_count FROM `lxp_article` WHERE `cid` = 31 AND `is_delete` = 0 AND `is_show` = 1 LIMIT 1   [ RunTime:0.0002s ]
SQL: SELECT * FROM `lxp_article` WHERE `cid` = 31 AND `is_delete` = 0 AND `is_show` = 1 ORDER BY addtime desc LIMIT 0,10   [ RunTime:0.0031s ]
SQL: SHOW COLUMNS FROM `lxp_article_tag` [ RunTime:0.0005s ]
SQL: SHOW COLUMNS FROM `lxp_article_tag` [ RunTime:0.0005s ]
SQL: SELECT * FROM `lxp_article_tag` INNER JOIN lxp_tag ON lxp_article_tag.tid=lxp_tag.tid  WHERE `aid` = '21'  [ RunTime:0.0003s ]
SQL: SHOW COLUMNS FROM `lxp_article_pic` [ RunTime:0.0005s ]
SQL: SELECT `path` FROM `lxp_article_pic` WHERE `aid` = 21 ORDER BY ap_id asc LIMIT 1   [ RunTime:0.0002s ]
SQL: SELECT `cid`,`cid`,`cname` FROM `lxp_category` WHERE `cid` = 31  [ RunTime:0.0002s ]
INFO: [ view_parse ] --START--
INFO: [ template_filter ] --START--
INFO: Run Behavior\ContentReplaceBehavior [ RunTime:0.000127s ]
INFO: [ template_filter ] --END-- [ RunTime:0.000172s ]
INFO: Run Behavior\ParseTemplateBehavior [ RunTime:0.010889s ]
INFO: [ view_parse ] --END-- [ RunTime:0.010917s ]
INFO: [ view_filter ] --START--
INFO: Run Behavior\WriteHtmlCacheBehavior [ RunTime:0.000136s ]
INFO: [ view_filter ] --END-- [ RunTime:0.000161s ]
INFO: [ app_end ] --START--
INFO: Run Behavior\ShowPageTraceBehavior [ RunTime:0.000382s ]
INFO: [ app_end ] --END-- [ RunTime:0.000412s ]

[ 2018-09-23T09:53:03+08:00 ] 220.181.108.145 /
INFO: [ app_init ] --START--
INFO: Run Behavior\BuildLiteBehavior [ RunTime:0.000017s ]
INFO: [ app_init ] --END-- [ RunTime:0.000275s ]
INFO: [ app_begin ] --START--
INFO: Run Behavior\ReadHtmlCacheBehavior [ RunTime:0.000371s ]
INFO: [ app_begin ] --END-- [ RunTime:0.000405s ]
SQL: SHOW COLUMNS FROM `lxp_article` [ RunTime:0.0035s ]
SQL: SELECT `aid`,`title` FROM `lxp_article` WHERE `is_show` = 1 AND `is_delete` = 0 AND `is_top` = 1 ORDER BY aid desc  [ RunTime:0.0010s ]
SQL: SHOW COLUMNS FROM `lxp_comment` [ RunTime:0.0031s ]
SQL: SHOW COLUMNS FROM `lxp_oauth_user` [ RunTime:0.0006s ]
SQL: SELECT `id` FROM `lxp_oauth_user` WHERE (  is_admin )  [ RunTime:0.0002s ]
SQL: SELECT c.content,c.date,a.title,a.aid,ou.nickname,ou.head_img FROM lxp_comment c INNER JOIN lxp_article a ON c.aid=a.aid INNER JOIN lxp_oauth_user ou ON c.ouid=ou.id  WHERE c.is_delete = 0 ORDER BY c.date desc LIMIT 20   [ RunTime:0.0006s ]
NOTIC: [2] Invalid argument supplied for foreach() /www/wwwroot/blog/Application/Common/Model/CommentModel.class.php 第 202 行.
SQL: SHOW COLUMNS FROM `lxp_category` [ RunTime:0.0006s ]
SQL: SELECT * FROM `lxp_category` ORDER BY sort  [ RunTime:0.0003s ]
SQL: SHOW COLUMNS FROM `lxp_tag` [ RunTime:0.0006s ]
SQL: SELECT * FROM `lxp_tag`  [ RunTime:0.0002s ]
SQL: SHOW COLUMNS FROM `lxp_article_tag` [ RunTime:0.0005s ]
SQL: SELECT COUNT(*) AS tp_count FROM `lxp_article_tag` WHERE `tid` = 21 LIMIT 1   [ RunTime:0.0003s ]
SQL: SELECT COUNT(*) AS tp_count FROM `lxp_article_tag` WHERE `tid` = 22 LIMIT 1   [ RunTime:0.0002s ]
SQL: SELECT COUNT(*) AS tp_count FROM `lxp_article_tag` WHERE `tid` = 23 LIMIT 1   [ RunTime:0.0002s ]
SQL: SELECT COUNT(*) AS tp_count FROM `lxp_article_tag` WHERE `tid` = 24 LIMIT 1   [ RunTime:0.0002s ]
SQL: SELECT COUNT(*) AS tp_count FROM `lxp_article_tag` WHERE `tid` = 25 LIMIT 1   [ RunTime:0.0002s ]
SQL: SHOW COLUMNS FROM `lxp_link` [ RunTime:0.0007s ]
SQL: SELECT * FROM `lxp_link` WHERE `is_delete` = 0 AND `is_show` = 1 ORDER BY sort  [ RunTime:0.0003s ]
SQL: SHOW COLUMNS FROM `lxp_article` [ RunTime:0.0006s ]
SQL: SELECT COUNT(*) AS tp_count FROM `lxp_article` WHERE `is_delete` = 0 AND `is_show` = 1 LIMIT 1   [ RunTime:0.0002s ]
SQL: SELECT * FROM `lxp_article` WHERE `is_delete` = 0 AND `is_show` = 1 ORDER BY addtime desc LIMIT 0,10   [ RunTime:0.0019s ]
SQL: SHOW COLUMNS FROM `lxp_article_tag` [ RunTime:0.0006s ]
SQL: SHOW COLUMNS FROM `lxp_article_tag` [ RunTime:0.0005s ]
SQL: SELECT * FROM `lxp_article_tag` INNER JOIN lxp_tag ON lxp_article_tag.tid=lxp_tag.tid  WHERE `aid` = '23'  [ RunTime:0.0003s ]
SQL: SHOW COLUMNS FROM `lxp_article_pic` [ RunTime:0.0005s ]
SQL: SELECT `path` FROM `lxp_article_pic` WHERE `aid` = 23 ORDER BY ap_id asc LIMIT 1   [ RunTime:0.0003s ]
SQL: SELECT `cid`,`cid`,`cname` FROM `lxp_category` WHERE `cid` = 33  [ RunTime:0.0002s ]
SQL: SELECT * FROM `lxp_article_tag` INNER JOIN lxp_tag ON lxp_article_tag.tid=lxp_tag.tid  WHERE `aid` = '22'  [ RunTime:0.0003s ]
SQL: SELECT `path` FROM `lxp_article_pic` WHERE `aid` = 22 ORDER BY ap_id asc LIMIT 1   [ RunTime:0.0002s ]
SQL: SELECT `cid`,`cid`,`cname` FROM `lxp_category` WHERE `cid` = 32  [ RunTime:0.0002s ]
SQL: SELECT * FROM `lxp_article_tag` INNER JOIN lxp_tag ON lxp_article_tag.tid=lxp_tag.tid  WHERE `aid` = '21'  [ RunTime:0.0003s ]
SQL: SELECT `path` FROM `lxp_article_pic` WHERE `aid` = 21 ORDER BY ap_id asc LIMIT 1   [ RunTime:0.0002s ]
SQL: SELECT `cid`,`cid`,`cname` FROM `lxp_category` WHERE `cid` = 31  [ RunTime:0.0002s ]
SQL: SELECT * FROM `lxp_article_tag` INNER JOIN lxp_tag ON lxp_article_tag.tid=lxp_tag.tid  WHERE `aid` = '20'  [ RunTime:0.0004s ]
SQL: SELECT `path` FROM `lxp_article_pic` WHERE `aid` = 20 ORDER BY ap_id asc LIMIT 1   [ RunTime:0.0002s ]
SQL: SELECT `cid`,`cid`,`cname` FROM `lxp_category` WHERE `cid` = 30  [ RunTime:0.0002s ]
SQL: SELECT * FROM `lxp_article_tag` INNER JOIN lxp_tag ON lxp_article_tag.tid=lxp_tag.tid  WHERE `aid` = '19'  [ RunTime:0.0003s ]
SQL: SELECT `path` FROM `lxp_article_pic` WHERE `aid` = 19 ORDER BY ap_id asc LIMIT 1   [ RunTime:0.0002s ]
SQL: SELECT `cid`,`cid`,`cname` FROM `lxp_category` WHERE `cid` = 30  [ RunTime:0.0002s ]
SQL: SELECT * FROM `lxp_article_tag` INNER JOIN lxp_tag ON lxp_article_tag.tid=lxp_tag.tid  WHERE `aid` = '18'  [ RunTime:0.0002s ]
SQL: SELECT `path` FROM `lxp_article_pic` WHERE `aid` = 18 ORDER BY ap_id asc LIMIT 1   [ RunTime:0.0002s ]
SQL: SELECT `cid`,`cid`,`cname` FROM `lxp_category` WHERE `cid` = 29  [ RunTime:0.0002s ]
INFO: [ view_parse ] --START--
INFO: [ template_filter ] --START--
INFO: Run Behavior\ContentReplaceBehavior [ RunTime:0.000105s ]
INFO: [ template_filter ] --END-- [ RunTime:0.000138s ]
NOTIC: [8] Use of undefined constant url - assumed 'url' /www/wwwroot/blog/Runtime/Cache/Home/08d30c77e78bd0ac29232fbc421b5dcd.php 第 6 行.
INFO: Run Behavior\ParseTemplateBehavior [ RunTime:0.010182s ]
INFO: [ view_parse ] --END-- [ RunTime:0.010207s ]
INFO: [ view_filter ] --START--
INFO: Run Behavior\WriteHtmlCacheBehavior [ RunTime:0.000142s ]
INFO: [ view_filter ] --END-- [ RunTime:0.000163s ]
INFO: [ app_end ] --START--
INFO: Run Behavior\ShowPageTraceBehavior [ RunTime:0.000486s ]
INFO: [ app_end ] --END-- [ RunTime:0.000515s ]

[ 2018-09-23T10:14:08+08:00 ] 123.125.71.108 /category/29
INFO: [ app_init ] --START--
INFO: Run Behavior\BuildLiteBehavior [ RunTime:0.000025s ]
INFO: [ app_init ] --END-- [ RunTime:0.000294s ]
INFO: [ app_begin ] --START--
INFO: Run Behavior\ReadHtmlCacheBehavior [ RunTime:0.000349s ]
INFO: [ app_begin ] --END-- [ RunTime:0.000376s ]
SQL: SHOW COLUMNS FROM `lxp_article` [ RunTime:0.0022s ]
SQL: SELECT `aid`,`title` FROM `lxp_article` WHERE `is_show` = 1 AND `is_delete` = 0 AND `is_top` = 1 ORDER BY aid desc  [ RunTime:0.0003s ]
SQL: SHOW COLUMNS FROM `lxp_comment` [ RunTime:0.0007s ]
SQL: SHOW COLUMNS FROM `lxp_oauth_user` [ RunTime:0.0006s ]
SQL: SELECT `id` FROM `lxp_oauth_user` WHERE (  is_admin )  [ RunTime:0.0002s ]
SQL: SELECT c.content,c.date,a.title,a.aid,ou.nickname,ou.head_img FROM lxp_comment c INNER JOIN lxp_article a ON c.aid=a.aid INNER JOIN lxp_oauth_user ou ON c.ouid=ou.id  WHERE c.is_delete = 0 ORDER BY c.date desc LIMIT 20   [ RunTime:0.0006s ]
NOTIC: [2] Invalid argument supplied for foreach() /www/wwwroot/blog/Application/Common/Model/CommentModel.class.php 第 202 行.
SQL: SHOW COLUMNS FROM `lxp_category` [ RunTime:0.0006s ]
SQL: SELECT * FROM `lxp_category` ORDER BY sort  [ RunTime:0.0002s ]
SQL: SHOW COLUMNS FROM `lxp_tag` [ RunTime:0.0005s ]
SQL: SELECT * FROM `lxp_tag`  [ RunTime:0.0002s ]
SQL: SHOW COLUMNS FROM `lxp_article_tag` [ RunTime:0.0005s ]
SQL: SELECT COUNT(*) AS tp_count FROM `lxp_article_tag` WHERE `tid` = 21 LIMIT 1   [ RunTime:0.0002s ]
SQL: SELECT COUNT(*) AS tp_count FROM `lxp_article_tag` WHERE `tid` = 22 LIMIT 1   [ RunTime:0.0002s ]
SQL: SELECT COUNT(*) AS tp_count FROM `lxp_article_tag` WHERE `tid` = 23 LIMIT 1   [ RunTime:0.0002s ]
SQL: SELECT COUNT(*) AS tp_count FROM `lxp_article_tag` WHERE `tid` = 24 LIMIT 1   [ RunTime:0.0002s ]
SQL: SELECT COUNT(*) AS tp_count FROM `lxp_article_tag` WHERE `tid` = 25 LIMIT 1   [ RunTime:0.0002s ]
SQL: SHOW COLUMNS FROM `lxp_link` [ RunTime:0.0006s ]
SQL: SELECT * FROM `lxp_link` WHERE `is_delete` = 0 AND `is_show` = 1 ORDER BY sort  [ RunTime:0.0003s ]
SQL: SELECT * FROM `lxp_category` WHERE `cid` = 29 LIMIT 1   [ RunTime:0.0002s ]
SQL: SHOW COLUMNS FROM `lxp_article` [ RunTime:0.0006s ]
SQL: SELECT COUNT(*) AS tp_count FROM `lxp_article` WHERE `cid` = 29 AND `is_delete` = 0 AND `is_show` = 1 LIMIT 1   [ RunTime:0.0002s ]
SQL: SELECT * FROM `lxp_article` WHERE `cid` = 29 AND `is_delete` = 0 AND `is_show` = 1 ORDER BY addtime desc LIMIT 0,10   [ RunTime:0.0003s ]
SQL: SHOW COLUMNS FROM `lxp_article_tag` [ RunTime:0.0005s ]
SQL: SHOW COLUMNS FROM `lxp_article_tag` [ RunTime:0.0005s ]
SQL: SELECT * FROM `lxp_article_tag` INNER JOIN lxp_tag ON lxp_article_tag.tid=lxp_tag.tid  WHERE `aid` = '18'  [ RunTime:0.0003s ]
SQL: SHOW COLUMNS FROM `lxp_article_pic` [ RunTime:0.0005s ]
SQL: SELECT `path` FROM `lxp_article_pic` WHERE `aid` = 18 ORDER BY ap_id asc LIMIT 1   [ RunTime:0.0002s ]
SQL: SELECT `cid`,`cid`,`cname` FROM `lxp_category` WHERE `cid` = 29  [ RunTime:0.0002s ]
INFO: [ view_parse ] --START--
INFO: [ template_filter ] --START--
INFO: Run Behavior\ContentReplaceBehavior [ RunTime:0.000130s ]
INFO: [ template_filter ] --END-- [ RunTime:0.000163s ]
INFO: Run Behavior\ParseTemplateBehavior [ RunTime:0.009366s ]
INFO: [ view_parse ] --END-- [ RunTime:0.009396s ]
INFO: [ view_filter ] --START--
INFO: Run Behavior\WriteHtmlCacheBehavior [ RunTime:0.000118s ]
INFO: [ view_filter ] --END-- [ RunTime:0.000166s ]
INFO: [ app_end ] --START--
INFO: Run Behavior\ShowPageTraceBehavior [ RunTime:0.000370s ]
INFO: [ app_end ] --END-- [ RunTime:0.000403s ]

[ 2018-09-23T11:48:15+08:00 ] 1.180.210.40 /
INFO: [ app_init ] --START--
INFO: Run Behavior\BuildLiteBehavior [ RunTime:0.000016s ]
INFO: [ app_init ] --END-- [ RunTime:0.000296s ]
INFO: [ app_begin ] --START--
INFO: Run Behavior\ReadHtmlCacheBehavior [ RunTime:0.000335s ]
INFO: [ app_begin ] --END-- [ RunTime:0.000361s ]
SQL: SHOW COLUMNS FROM `lxp_article` [ RunTime:0.0033s ]
SQL: SELECT `aid`,`title` FROM `lxp_article` WHERE `is_show` = 1 AND `is_delete` = 0 AND `is_top` = 1 ORDER BY aid desc  [ RunTime:0.0005s ]
SQL: SHOW COLUMNS FROM `lxp_comment` [ RunTime:0.0007s ]
SQL: SHOW COLUMNS FROM `lxp_oauth_user` [ RunTime:0.0007s ]
SQL: SELECT `id` FROM `lxp_oauth_user` WHERE (  is_admin )  [ RunTime:0.0002s ]
SQL: SELECT c.content,c.date,a.title,a.aid,ou.nickname,ou.head_img FROM lxp_comment c INNER JOIN lxp_article a ON c.aid=a.aid INNER JOIN lxp_oauth_user ou ON c.ouid=ou.id  WHERE c.is_delete = 0 ORDER BY c.date desc LIMIT 20   [ RunTime:0.0006s ]
NOTIC: [2] Invalid argument supplied for foreach() /www/wwwroot/blog/Application/Common/Model/CommentModel.class.php 第 202 行.
SQL: SHOW COLUMNS FROM `lxp_category` [ RunTime:0.0006s ]
SQL: SELECT * FROM `lxp_category` ORDER BY sort  [ RunTime:0.0003s ]
SQL: SHOW COLUMNS FROM `lxp_tag` [ RunTime:0.0005s ]
SQL: SELECT * FROM `lxp_tag`  [ RunTime:0.0002s ]
SQL: SHOW COLUMNS FROM `lxp_article_tag` [ RunTime:0.0005s ]
SQL: SELECT COUNT(*) AS tp_count FROM `lxp_article_tag` WHERE `tid` = 21 LIMIT 1   [ RunTime:0.0003s ]
SQL: SELECT COUNT(*) AS tp_count FROM `lxp_article_tag` WHERE `tid` = 22 LIMIT 1   [ RunTime:0.0002s ]
SQL: SELECT COUNT(*) AS tp_count FROM `lxp_article_tag` WHERE `tid` = 23 LIMIT 1   [ RunTime:0.0002s ]
SQL: SELECT COUNT(*) AS tp_count FROM `lxp_article_tag` WHERE `tid` = 24 LIMIT 1   [ RunTime:0.0002s ]
SQL: SELECT COUNT(*) AS tp_count FROM `lxp_article_tag` WHERE `tid` = 25 LIMIT 1   [ RunTime:0.0002s ]
SQL: SHOW COLUMNS FROM `lxp_link` [ RunTime:0.0006s ]
SQL: SELECT * FROM `lxp_link` WHERE `is_delete` = 0 AND `is_show` = 1 ORDER BY sort  [ RunTime:0.0003s ]
SQL: SHOW COLUMNS FROM `lxp_article` [ RunTime:0.0006s ]
SQL: SELECT COUNT(*) AS tp_count FROM `lxp_article` WHERE `is_delete` = 0 AND `is_show` = 1 LIMIT 1   [ RunTime:0.0003s ]
SQL: SELECT * FROM `lxp_article` WHERE `is_delete` = 0 AND `is_show` = 1 ORDER BY addtime desc LIMIT 0,10   [ RunTime:0.0012s ]
SQL: SHOW COLUMNS FROM `lxp_article_tag` [ RunTime:0.0006s ]
SQL: SHOW COLUMNS FROM `lxp_article_tag` [ RunTime:0.0005s ]
SQL: SELECT * FROM `lxp_article_tag` INNER JOIN lxp_tag ON lxp_article_tag.tid=lxp_tag.tid  WHERE `aid` = '23'  [ RunTime:0.0003s ]
SQL: SHOW COLUMNS FROM `lxp_article_pic` [ RunTime:0.0005s ]
SQL: SELECT `path` FROM `lxp_article_pic` WHERE `aid` = 23 ORDER BY ap_id asc LIMIT 1   [ RunTime:0.0003s ]
SQL: SELECT `cid`,`cid`,`cname` FROM `lxp_category` WHERE `cid` = 33  [ RunTime:0.0002s ]
SQL: SELECT * FROM `lxp_article_tag` INNER JOIN lxp_tag ON lxp_article_tag.tid=lxp_tag.tid  WHERE `aid` = '22'  [ RunTime:0.0003s ]
SQL: SELECT `path` FROM `lxp_article_pic` WHERE `aid` = 22 ORDER BY ap_id asc LIMIT 1   [ RunTime:0.0002s ]
SQL: SELECT `cid`,`cid`,`cname` FROM `lxp_category` WHERE `cid` = 32  [ RunTime:0.0002s ]
SQL: SELECT * FROM `lxp_article_tag` INNER JOIN lxp_tag ON lxp_article_tag.tid=lxp_tag.tid  WHERE `aid` = '21'  [ RunTime:0.0002s ]
SQL: SELECT `path` FROM `lxp_article_pic` WHERE `aid` = 21 ORDER BY ap_id asc LIMIT 1   [ RunTime:0.0002s ]
SQL: SELECT `cid`,`cid`,`cname` FROM `lxp_category` WHERE `cid` = 31  [ RunTime:0.0002s ]
SQL: SELECT * FROM `lxp_article_tag` INNER JOIN lxp_tag ON lxp_article_tag.tid=lxp_tag.tid  WHERE `aid` = '20'  [ RunTime:0.0002s ]
SQL: SELECT `path` FROM `lxp_article_pic` WHERE `aid` = 20 ORDER BY ap_id asc LIMIT 1   [ RunTime:0.0002s ]
SQL: SELECT `cid`,`cid`,`cname` FROM `lxp_category` WHERE `cid` = 30  [ RunTime:0.0002s ]
SQL: SELECT * FROM `lxp_article_tag` INNER JOIN lxp_tag ON lxp_article_tag.tid=lxp_tag.tid  WHERE `aid` = '19'  [ RunTime:0.0002s ]
SQL: SELECT `path` FROM `lxp_article_pic` WHERE `aid` = 19 ORDER BY ap_id asc LIMIT 1   [ RunTime:0.0002s ]
SQL: SELECT `cid`,`cid`,`cname` FROM `lxp_category` WHERE `cid` = 30  [ RunTime:0.0002s ]
SQL: SELECT * FROM `lxp_article_tag` INNER JOIN lxp_tag ON lxp_article_tag.tid=lxp_tag.tid  WHERE `aid` = '18'  [ RunTime:0.0002s ]
SQL: SELECT `path` FROM `lxp_article_pic` WHERE `aid` = 18 ORDER BY ap_id asc LIMIT 1   [ RunTime:0.0002s ]
SQL: SELECT `cid`,`cid`,`cname` FROM `lxp_category` WHERE `cid` = 29  [ RunTime:0.0002s ]
INFO: [ view_parse ] --START--
INFO: [ template_filter ] --START--
INFO: Run Behavior\ContentReplaceBehavior [ RunTime:0.000105s ]
INFO: [ template_filter ] --END-- [ RunTime:0.000137s ]
NOTIC: [8] Use of undefined constant url - assumed 'url' /www/wwwroot/blog/Runtime/Cache/Home/08d30c77e78bd0ac29232fbc421b5dcd.php 第 6 行.
INFO: Run Behavior\ParseTemplateBehavior [ RunTime:0.011245s ]
INFO: [ view_parse ] --END-- [ RunTime:0.011271s ]
INFO: [ view_filter ] --START--
INFO: Run Behavior\WriteHtmlCacheBehavior [ RunTime:0.000120s ]
INFO: [ view_filter ] --END-- [ RunTime:0.000141s ]
INFO: [ app_end ] --START--
INFO: Run Behavior\ShowPageTraceBehavior [ RunTime:0.000426s ]
INFO: [ app_end ] --END-- [ RunTime:0.000454s ]

[ 2018-09-23T11:48:18+08:00 ] 1.180.210.40 /
INFO: [ app_init ] --START--
INFO: Run Behavior\BuildLiteBehavior [ RunTime:0.000009s ]
INFO: [ app_init ] --END-- [ RunTime:0.000302s ]
INFO: [ app_begin ] --START--
INFO: Run Behavior\ReadHtmlCacheBehavior [ RunTime:0.000348s ]
INFO: [ app_begin ] --END-- [ RunTime:0.000407s ]
SQL: SHOW COLUMNS FROM `lxp_article` [ RunTime:0.0038s ]
SQL: SELECT `aid`,`title` FROM `lxp_article` WHERE `is_show` = 1 AND `is_delete` = 0 AND `is_top` = 1 ORDER BY aid desc  [ RunTime:0.0003s ]
SQL: SHOW COLUMNS FROM `lxp_comment` [ RunTime:0.0006s ]
SQL: SHOW COLUMNS FROM `lxp_oauth_user` [ RunTime:0.0012s ]
SQL: SELECT `id` FROM `lxp_oauth_user` WHERE (  is_admin )  [ RunTime:0.0002s ]
SQL: SELECT c.content,c.date,a.title,a.aid,ou.nickname,ou.head_img FROM lxp_comment c INNER JOIN lxp_article a ON c.aid=a.aid INNER JOIN lxp_oauth_user ou ON c.ouid=ou.id  WHERE c.is_delete = 0 ORDER BY c.date desc LIMIT 20   [ RunTime:0.0006s ]
NOTIC: [2] Invalid argument supplied for foreach() /www/wwwroot/blog/Application/Common/Model/CommentModel.class.php 第 202 行.
SQL: SHOW COLUMNS FROM `lxp_category` [ RunTime:0.0005s ]
SQL: SELECT * FROM `lxp_category` ORDER BY sort  [ RunTime:0.0002s ]
SQL: SHOW COLUMNS FROM `lxp_tag` [ RunTime:0.0005s ]
SQL: SELECT * FROM `lxp_tag`  [ RunTime:0.0002s ]
SQL: SHOW COLUMNS FROM `lxp_article_tag` [ RunTime:0.0005s ]
SQL: SELECT COUNT(*) AS tp_count FROM `lxp_article_tag` WHERE `tid` = 21 LIMIT 1   [ RunTime:0.0002s ]
SQL: SELECT COUNT(*) AS tp_count FROM `lxp_article_tag` WHERE `tid` = 22 LIMIT 1   [ RunTime:0.0002s ]
SQL: SELECT COUNT(*) AS tp_count FROM `lxp_article_tag` WHERE `tid` = 23 LIMIT 1   [ RunTime:0.0002s ]
SQL: SELECT COUNT(*) AS tp_count FROM `lxp_article_tag` WHERE `tid` = 24 LIMIT 1   [ RunTime:0.0002s ]
SQL: SELECT COUNT(*) AS tp_count FROM `lxp_article_tag` WHERE `tid` = 25 LIMIT 1   [ RunTime:0.0002s ]
SQL: SHOW COLUMNS FROM `lxp_link` [ RunTime:0.0005s ]
SQL: SELECT * FROM `lxp_link` WHERE `is_delete` = 0 AND `is_show` = 1 ORDER BY sort  [ RunTime:0.0002s ]
SQL: SHOW COLUMNS FROM `lxp_article` [ RunTime:0.0007s ]
SQL: SELECT COUNT(*) AS tp_count FROM `lxp_article` WHERE `is_delete` = 0 AND `is_show` = 1 LIMIT 1   [ RunTime:0.0002s ]
SQL: SELECT * FROM `lxp_article` WHERE `is_delete` = 0 AND `is_show` = 1 ORDER BY addtime desc LIMIT 0,10   [ RunTime:0.0072s ]
SQL: SHOW COLUMNS FROM `lxp_article_tag` [ RunTime:0.0006s ]
SQL: SHOW COLUMNS FROM `lxp_article_tag` [ RunTime:0.0004s ]
SQL: SELECT * FROM `lxp_article_tag` INNER JOIN lxp_tag ON lxp_article_tag.tid=lxp_tag.tid  WHERE `aid` = '23'  [ RunTime:0.0003s ]
SQL: SHOW COLUMNS FROM `lxp_article_pic` [ RunTime:0.0005s ]
SQL: SELECT `path` FROM `lxp_article_pic` WHERE `aid` = 23 ORDER BY ap_id asc LIMIT 1   [ RunTime:0.0002s ]
SQL: SELECT `cid`,`cid`,`cname` FROM `lxp_category` WHERE `cid` = 33  [ RunTime:0.0002s ]
SQL: SELECT * FROM `lxp_article_tag` INNER JOIN lxp_tag ON lxp_article_tag.tid=lxp_tag.tid  WHERE `aid` = '22'  [ RunTime:0.0003s ]
SQL: SELECT `path` FROM `lxp_article_pic` WHERE `aid` = 22 ORDER BY ap_id asc LIMIT 1   [ RunTime:0.0002s ]
SQL: SELECT `cid`,`cid`,`cname` FROM `lxp_category` WHERE `cid` = 32  [ RunTime:0.0002s ]
SQL: SELECT * FROM `lxp_article_tag` INNER JOIN lxp_tag ON lxp_article_tag.tid=lxp_tag.tid  WHERE `aid` = '21'  [ RunTime:0.0002s ]
SQL: SELECT `path` FROM `lxp_article_pic` WHERE `aid` = 21 ORDER BY ap_id asc LIMIT 1   [ RunTime:0.0002s ]
SQL: SELECT `cid`,`cid`,`cname` FROM `lxp_category` WHERE `cid` = 31  [ RunTime:0.0002s ]
SQL: SELECT * FROM `lxp_article_tag` INNER JOIN lxp_tag ON lxp_article_tag.tid=lxp_tag.tid  WHERE `aid` = '20'  [ RunTime:0.0002s ]
SQL: SELECT `path` FROM `lxp_article_pic` WHERE `aid` = 20 ORDER BY ap_id asc LIMIT 1   [ RunTime:0.0002s ]
SQL: SELECT `cid`,`cid`,`cname` FROM `lxp_category` WHERE `cid` = 30  [ RunTime:0.0002s ]
SQL: SELECT * FROM `lxp_article_tag` INNER JOIN lxp_tag ON lxp_article_tag.tid=lxp_tag.tid  WHERE `aid` = '19'  [ RunTime:0.0002s ]
SQL: SELECT `path` FROM `lxp_article_pic` WHERE `aid` = 19 ORDER BY ap_id asc LIMIT 1   [ RunTime:0.0002s ]
SQL: SELECT `cid`,`cid`,`cname` FROM `lxp_category` WHERE `cid` = 30  [ RunTime:0.0002s ]
SQL: SELECT * FROM `lxp_article_tag` INNER JOIN lxp_tag ON lxp_article_tag.tid=lxp_tag.tid  WHERE `aid` = '18'  [ RunTime:0.0002s ]
SQL: SELECT `path` FROM `lxp_article_pic` WHERE `aid` = 18 ORDER BY ap_id asc LIMIT 1   [ RunTime:0.0002s ]
SQL: SELECT `cid`,`cid`,`cname` FROM `lxp_category` WHERE `cid` = 29  [ RunTime:0.0002s ]
INFO: [ view_parse ] --START--
INFO: [ template_filter ] --START--
INFO: Run Behavior\ContentReplaceBehavior [ RunTime:0.000122s ]
INFO: [ template_filter ] --END-- [ RunTime:0.000147s ]
NOTIC: [8] Use of undefined constant url - assumed 'url' /www/wwwroot/blog/Runtime/Cache/Home/08d30c77e78bd0ac29232fbc421b5dcd.php 第 6 行.
INFO: Run Behavior\ParseTemplateBehavior [ RunTime:0.008872s ]
INFO: [ view_parse ] --END-- [ RunTime:0.008895s ]
INFO: [ view_filter ] --START--
INFO: Run Behavior\WriteHtmlCacheBehavior [ RunTime:0.000128s ]
INFO: [ view_filter ] --END-- [ RunTime:0.000148s ]
INFO: [ app_end ] --START--
INFO: Run Behavior\ShowPageTraceBehavior [ RunTime:0.000355s ]
INFO: [ app_end ] --END-- [ RunTime:0.000382s ]

[ 2018-09-23T12:25:46+08:00 ] 220.181.108.91 /git
INFO: [ app_init ] --START--
INFO: Run Behavior\BuildLiteBehavior [ RunTime:0.000010s ]
INFO: [ app_init ] --END-- [ RunTime:0.000263s ]
INFO: [ app_begin ] --START--
INFO: Run Behavior\ReadHtmlCacheBehavior [ RunTime:0.000405s ]
INFO: [ app_begin ] --END-- [ RunTime:0.000432s ]
SQL: SHOW COLUMNS FROM `lxp_article` [ RunTime:0.0024s ]
SQL: SELECT `aid`,`title` FROM `lxp_article` WHERE `is_show` = 1 AND `is_delete` = 0 AND `is_top` = 1 ORDER BY aid desc  [ RunTime:0.0004s ]
SQL: SHOW COLUMNS FROM `lxp_comment` [ RunTime:0.0006s ]
SQL: SHOW COLUMNS FROM `lxp_oauth_user` [ RunTime:0.0006s ]
SQL: SELECT `id` FROM `lxp_oauth_user` WHERE (  is_admin )  [ RunTime:0.0002s ]
SQL: SELECT c.content,c.date,a.title,a.aid,ou.nickname,ou.head_img FROM lxp_comment c INNER JOIN lxp_article a ON c.aid=a.aid INNER JOIN lxp_oauth_user ou ON c.ouid=ou.id  WHERE c.is_delete = 0 ORDER BY c.date desc LIMIT 20   [ RunTime:0.0005s ]
NOTIC: [2] Invalid argument supplied for foreach() /www/wwwroot/blog/Application/Common/Model/CommentModel.class.php 第 202 行.
SQL: SHOW COLUMNS FROM `lxp_category` [ RunTime:0.0005s ]
SQL: SELECT * FROM `lxp_category` ORDER BY sort  [ RunTime:0.0002s ]
SQL: SHOW COLUMNS FROM `lxp_tag` [ RunTime:0.0005s ]
SQL: SELECT * FROM `lxp_tag`  [ RunTime:0.0002s ]
SQL: SHOW COLUMNS FROM `lxp_article_tag` [ RunTime:0.0005s ]
SQL: SELECT COUNT(*) AS tp_count FROM `lxp_article_tag` WHERE `tid` = 21 LIMIT 1   [ RunTime:0.0002s ]
SQL: SELECT COUNT(*) AS tp_count FROM `lxp_article_tag` WHERE `tid` = 22 LIMIT 1   [ RunTime:0.0002s ]
SQL: SELECT COUNT(*) AS tp_count FROM `lxp_article_tag` WHERE `tid` = 23 LIMIT 1   [ RunTime:0.0002s ]
SQL: SELECT COUNT(*) AS tp_count FROM `lxp_article_tag` WHERE `tid` = 24 LIMIT 1   [ RunTime:0.0002s ]
SQL: SELECT COUNT(*) AS tp_count FROM `lxp_article_tag` WHERE `tid` = 25 LIMIT 1   [ RunTime:0.0002s ]
SQL: SHOW COLUMNS FROM `lxp_link` [ RunTime:0.0005s ]
SQL: SELECT * FROM `lxp_link` WHERE `is_delete` = 0 AND `is_show` = 1 ORDER BY sort  [ RunTime:0.0002s ]
INFO: [ view_parse ] --START--
INFO: [ template_filter ] --START--
INFO: Run Behavior\ContentReplaceBehavior [ RunTime:0.000105s ]
INFO: [ template_filter ] --END-- [ RunTime:0.000140s ]
INFO: Run Behavior\ParseTemplateBehavior [ RunTime:0.011309s ]
INFO: [ view_parse ] --END-- [ RunTime:0.011346s ]
INFO: [ view_filter ] --START--
INFO: Run Behavior\WriteHtmlCacheBehavior [ RunTime:0.000126s ]
INFO: [ view_filter ] --END-- [ RunTime:0.000145s ]
INFO: [ app_end ] --START--
INFO: Run Behavior\ShowPageTraceBehavior [ RunTime:0.000328s ]
INFO: [ app_end ] --END-- [ RunTime:0.000354s ]

[ 2018-09-23T18:25:45+08:00 ] 123.125.71.45 /article/23
INFO: [ app_init ] --START--
INFO: Run Behavior\BuildLiteBehavior [ RunTime:0.000014s ]
INFO: [ app_init ] --END-- [ RunTime:0.000311s ]
INFO: [ app_begin ] --START--
INFO: Run Behavior\ReadHtmlCacheBehavior [ RunTime:0.000370s ]
INFO: [ app_begin ] --END-- [ RunTime:0.000452s ]
SQL: SHOW COLUMNS FROM `lxp_article` [ RunTime:0.0030s ]
SQL: SELECT `aid`,`title` FROM `lxp_article` WHERE `is_show` = 1 AND `is_delete` = 0 AND `is_top` = 1 ORDER BY aid desc  [ RunTime:0.0006s ]
SQL: SHOW COLUMNS FROM `lxp_comment` [ RunTime:0.0007s ]
SQL: SHOW COLUMNS FROM `lxp_oauth_user` [ RunTime:0.0007s ]
SQL: SELECT `id` FROM `lxp_oauth_user` WHERE (  is_admin )  [ RunTime:0.0002s ]
SQL: SELECT c.content,c.date,a.title,a.aid,ou.nickname,ou.head_img FROM lxp_comment c INNER JOIN lxp_article a ON c.aid=a.aid INNER JOIN lxp_oauth_user ou ON c.ouid=ou.id  WHERE c.is_delete = 0 ORDER BY c.date desc LIMIT 20   [ RunTime:0.0007s ]
NOTIC: [2] Invalid argument supplied for foreach() /www/wwwroot/blog/Application/Common/Model/CommentModel.class.php 第 202 行.
SQL: SHOW COLUMNS FROM `lxp_category` [ RunTime:0.0006s ]
SQL: SELECT * FROM `lxp_category` ORDER BY sort  [ RunTime:0.0003s ]
SQL: SHOW COLUMNS FROM `lxp_tag` [ RunTime:0.0005s ]
SQL: SELECT * FROM `lxp_tag`  [ RunTime:0.0002s ]
SQL: SHOW COLUMNS FROM `lxp_article_tag` [ RunTime:0.0006s ]
SQL: SELECT COUNT(*) AS tp_count FROM `lxp_article_tag` WHERE `tid` = 21 LIMIT 1   [ RunTime:0.0003s ]
SQL: SELECT COUNT(*) AS tp_count FROM `lxp_article_tag` WHERE `tid` = 22 LIMIT 1   [ RunTime:0.0002s ]
SQL: SELECT COUNT(*) AS tp_count FROM `lxp_article_tag` WHERE `tid` = 23 LIMIT 1   [ RunTime:0.0002s ]
SQL: SELECT COUNT(*) AS tp_count FROM `lxp_article_tag` WHERE `tid` = 24 LIMIT 1   [ RunTime:0.0002s ]
SQL: SELECT COUNT(*) AS tp_count FROM `lxp_article_tag` WHERE `tid` = 25 LIMIT 1   [ RunTime:0.0002s ]
SQL: SHOW COLUMNS FROM `lxp_link` [ RunTime:0.0006s ]
SQL: SELECT * FROM `lxp_link` WHERE `is_delete` = 0 AND `is_show` = 1 ORDER BY sort  [ RunTime:0.0003s ]
NOTIC: [2] array_key_exists() expects parameter 2 to be array, null given /www/wwwroot/blog/Application/Home/Controller/IndexController.class.php 第 77 行.
SQL: UPDATE `lxp_article` SET `click`=click+1 WHERE `aid` = 23 [ RunTime:0.0042s ]
SQL: SHOW COLUMNS FROM `lxp_article` [ RunTime:0.0007s ]
NOTIC: [8] Undefined index: title /www/wwwroot/blog/Application/Common/Model/ArticleModel.class.php 第 335 行.
SQL: SELECT `aid`,`title` FROM `lxp_article` WHERE `title` LIKE '%%' AND (  `is_show` = 1 ) AND (  `is_delete` = 0 ) AND `aid` > 23 LIMIT 1   [ RunTime:0.0004s ]
SQL: SELECT `aid`,`title` FROM `lxp_article` WHERE `title` LIKE '%%' AND (  `is_show` = 1 ) AND (  `is_delete` = 0 ) AND `aid` < 23 ORDER BY aid desc LIMIT 1   [ RunTime:0.0003s ]
SQL: SELECT * FROM `lxp_article` WHERE `aid` = 23 LIMIT 1   [ RunTime:0.0003s ]
SQL: SHOW COLUMNS FROM `lxp_article_tag` [ RunTime:0.0006s ]
SQL: SELECT `tid` FROM `lxp_article_tag` WHERE `aid` = 23  [ RunTime:0.0002s ]
SQL: SHOW COLUMNS FROM `lxp_article_tag` [ RunTime:0.0006s ]
SQL: SELECT * FROM `lxp_article_tag` INNER JOIN lxp_tag ON lxp_article_tag.tid=lxp_tag.tid  WHERE `aid` = 23  [ RunTime:0.0002s ]
SQL: SELECT `cid`,`cid`,`cname`,`keywords` FROM `lxp_category` WHERE `cid` = 33  [ RunTime:0.0002s ]
SQL: SELECT c.*,ou.nickname,ou.head_img FROM lxp_comment c INNER JOIN lxp_oauth_user ou ON c.ouid=ou.id  WHERE c.status = 1 AND c.aid = 23 AND c.pid = 0 AND c.is_delete = 0 ORDER BY date desc  [ RunTime:0.0006s ]
NOTIC: [2] Invalid argument supplied for foreach() /www/wwwroot/blog/Application/Common/Model/CommentModel.class.php 第 135 行.
INFO: [ view_parse ] --START--
INFO: [ template_filter ] --START--
INFO: Run Behavior\ContentReplaceBehavior [ RunTime:0.000136s ]
INFO: [ template_filter ] --END-- [ RunTime:0.000163s ]
NOTIC: [8] Undefined variable: user_email /www/wwwroot/blog/Runtime/Cache/Home/d4c1149384e4970b24973a696680cd70.php 第 7 行.
NOTIC: [8] Undefined variable: user_email /www/wwwroot/blog/Runtime/Cache/Home/d4c1149384e4970b24973a696680cd70.php 第 9 行.
INFO: Run Behavior\ParseTemplateBehavior [ RunTime:0.014940s ]
INFO: [ view_parse ] --END-- [ RunTime:0.014973s ]
INFO: [ view_filter ] --START--
INFO: Run Behavior\WriteHtmlCacheBehavior [ RunTime:0.000113s ]
INFO: [ view_filter ] --END-- [ RunTime:0.000133s ]
INFO: [ app_end ] --START--
INFO: Run Behavior\ShowPageTraceBehavior [ RunTime:0.000348s ]
INFO: [ app_end ] --END-- [ RunTime:0.000385s ]

[ 2018-09-23T18:59:05+08:00 ] 220.181.108.179 /
INFO: [ app_init ] --START--
INFO: Run Behavior\BuildLiteBehavior [ RunTime:0.000015s ]
INFO: [ app_init ] --END-- [ RunTime:0.000323s ]
INFO: [ app_begin ] --START--
INFO: Run Behavior\ReadHtmlCacheBehavior [ RunTime:0.000358s ]
INFO: [ app_begin ] --END-- [ RunTime:0.000395s ]
SQL: SHOW COLUMNS FROM `lxp_article` [ RunTime:0.0019s ]
SQL: SELECT `aid`,`title` FROM `lxp_article` WHERE `is_show` = 1 AND `is_delete` = 0 AND `is_top` = 1 ORDER BY aid desc  [ RunTime:0.0005s ]
SQL: SHOW COLUMNS FROM `lxp_comment` [ RunTime:0.0007s ]
SQL: SHOW COLUMNS FROM `lxp_oauth_user` [ RunTime:0.0006s ]
SQL: SELECT `id` FROM `lxp_oauth_user` WHERE (  is_admin )  [ RunTime:0.0003s ]
SQL: SELECT c.content,c.date,a.title,a.aid,ou.nickname,ou.head_img FROM lxp_comment c INNER JOIN lxp_article a ON c.aid=a.aid INNER JOIN lxp_oauth_user ou ON c.ouid=ou.id  WHERE c.is_delete = 0 ORDER BY c.date desc LIMIT 20   [ RunTime:0.0022s ]
NOTIC: [2] Invalid argument supplied for foreach() /www/wwwroot/blog/Application/Common/Model/CommentModel.class.php 第 202 行.
SQL: SHOW COLUMNS FROM `lxp_category` [ RunTime:0.0007s ]
SQL: SELECT * FROM `lxp_category` ORDER BY sort  [ RunTime:0.0003s ]
SQL: SHOW COLUMNS FROM `lxp_tag` [ RunTime:0.0006s ]
SQL: SELECT * FROM `lxp_tag`  [ RunTime:0.0002s ]
SQL: SHOW COLUMNS FROM `lxp_article_tag` [ RunTime:0.0006s ]
SQL: SELECT COUNT(*) AS tp_count FROM `lxp_article_tag` WHERE `tid` = 21 LIMIT 1   [ RunTime:0.0003s ]
SQL: SELECT COUNT(*) AS tp_count FROM `lxp_article_tag` WHERE `tid` = 22 LIMIT 1   [ RunTime:0.0002s ]
SQL: SELECT COUNT(*) AS tp_count FROM `lxp_article_tag` WHERE `tid` = 23 LIMIT 1   [ RunTime:0.0002s ]
SQL: SELECT COUNT(*) AS tp_count FROM `lxp_article_tag` WHERE `tid` = 24 LIMIT 1   [ RunTime:0.0002s ]
SQL: SELECT COUNT(*) AS tp_count FROM `lxp_article_tag` WHERE `tid` = 25 LIMIT 1   [ RunTime:0.0002s ]
SQL: SHOW COLUMNS FROM `lxp_link` [ RunTime:0.0006s ]
SQL: SELECT * FROM `lxp_link` WHERE `is_delete` = 0 AND `is_show` = 1 ORDER BY sort  [ RunTime:0.0003s ]
SQL: SHOW COLUMNS FROM `lxp_article` [ RunTime:0.0007s ]
SQL: SELECT COUNT(*) AS tp_count FROM `lxp_article` WHERE `is_delete` = 0 AND `is_show` = 1 LIMIT 1   [ RunTime:0.0003s ]
SQL: SELECT * FROM `lxp_article` WHERE `is_delete` = 0 AND `is_show` = 1 ORDER BY addtime desc LIMIT 0,10   [ RunTime:0.0013s ]
SQL: SHOW COLUMNS FROM `lxp_article_tag` [ RunTime:0.0007s ]
SQL: SHOW COLUMNS FROM `lxp_article_tag` [ RunTime:0.0005s ]
SQL: SELECT * FROM `lxp_article_tag` INNER JOIN lxp_tag ON lxp_article_tag.tid=lxp_tag.tid  WHERE `aid` = '23'  [ RunTime:0.0004s ]
SQL: SHOW COLUMNS FROM `lxp_article_pic` [ RunTime:0.0006s ]
SQL: SELECT `path` FROM `lxp_article_pic` WHERE `aid` = 23 ORDER BY ap_id asc LIMIT 1   [ RunTime:0.0002s ]
SQL: SELECT `cid`,`cid`,`cname` FROM `lxp_category` WHERE `cid` = 33  [ RunTime:0.0002s ]
SQL: SELECT * FROM `lxp_article_tag` INNER JOIN lxp_tag ON lxp_article_tag.tid=lxp_tag.tid  WHERE `aid` = '22'  [ RunTime:0.0002s ]
SQL: SELECT `path` FROM `lxp_article_pic` WHERE `aid` = 22 ORDER BY ap_id asc LIMIT 1   [ RunTime:0.0002s ]
SQL: SELECT `cid`,`cid`,`cname` FROM `lxp_category` WHERE `cid` = 32  [ RunTime:0.0002s ]
SQL: SELECT * FROM `lxp_article_tag` INNER JOIN lxp_tag ON lxp_article_tag.tid=lxp_tag.tid  WHERE `aid` = '21'  [ RunTime:0.0002s ]
SQL: SELECT `path` FROM `lxp_article_pic` WHERE `aid` = 21 ORDER BY ap_id asc LIMIT 1   [ RunTime:0.0002s ]
SQL: SELECT `cid`,`cid`,`cname` FROM `lxp_category` WHERE `cid` = 31  [ RunTime:0.0002s ]
SQL: SELECT * FROM `lxp_article_tag` INNER JOIN lxp_tag ON lxp_article_tag.tid=lxp_tag.tid  WHERE `aid` = '20'  [ RunTime:0.0003s ]
SQL: SELECT `path` FROM `lxp_article_pic` WHERE `aid` = 20 ORDER BY ap_id asc LIMIT 1   [ RunTime:0.0002s ]
SQL: SELECT `cid`,`cid`,`cname` FROM `lxp_category` WHERE `cid` = 30  [ RunTime:0.0002s ]
SQL: SELECT * FROM `lxp_article_tag` INNER JOIN lxp_tag ON lxp_article_tag.tid=lxp_tag.tid  WHERE `aid` = '19'  [ RunTime:0.0002s ]
SQL: SELECT `path` FROM `lxp_article_pic` WHERE `aid` = 19 ORDER BY ap_id asc LIMIT 1   [ RunTime:0.0002s ]
SQL: SELECT `cid`,`cid`,`cname` FROM `lxp_category` WHERE `cid` = 30  [ RunTime:0.0002s ]
SQL: SELECT * FROM `lxp_article_tag` INNER JOIN lxp_tag ON lxp_article_tag.tid=lxp_tag.tid  WHERE `aid` = '18'  [ RunTime:0.0002s ]
SQL: SELECT `path` FROM `lxp_article_pic` WHERE `aid` = 18 ORDER BY ap_id asc LIMIT 1   [ RunTime:0.0002s ]
SQL: SELECT `cid`,`cid`,`cname` FROM `lxp_category` WHERE `cid` = 29  [ RunTime:0.0002s ]
INFO: [ view_parse ] --START--
INFO: [ template_filter ] --START--
INFO: Run Behavior\ContentReplaceBehavior [ RunTime:0.000104s ]
INFO: [ template_filter ] --END-- [ RunTime:0.000135s ]
NOTIC: [8] Use of undefined constant url - assumed 'url' /www/wwwroot/blog/Runtime/Cache/Home/08d30c77e78bd0ac29232fbc421b5dcd.php 第 6 行.
INFO: Run Behavior\ParseTemplateBehavior [ RunTime:0.013650s ]
INFO: [ view_parse ] --END-- [ RunTime:0.013684s ]
INFO: [ view_filter ] --START--
INFO: Run Behavior\WriteHtmlCacheBehavior [ RunTime:0.000140s ]
INFO: [ view_filter ] --END-- [ RunTime:0.000162s ]
INFO: [ app_end ] --START--
INFO: Run Behavior\ShowPageTraceBehavior [ RunTime:0.000463s ]
INFO: [ app_end ] --END-- [ RunTime:0.000491s ]

[ 2018-09-23T20:24:17+08:00 ] 220.181.108.140 /article/20
INFO: [ app_init ] --START--
INFO: Run Behavior\BuildLiteBehavior [ RunTime:0.000009s ]
INFO: [ app_init ] --END-- [ RunTime:0.000260s ]
INFO: [ app_begin ] --START--
INFO: Run Behavior\ReadHtmlCacheBehavior [ RunTime:0.000291s ]
INFO: [ app_begin ] --END-- [ RunTime:0.000327s ]
SQL: SHOW COLUMNS FROM `lxp_article` [ RunTime:0.0016s ]
SQL: SELECT `aid`,`title` FROM `lxp_article` WHERE `is_show` = 1 AND `is_delete` = 0 AND `is_top` = 1 ORDER BY aid desc  [ RunTime:0.0003s ]
SQL: SHOW COLUMNS FROM `lxp_comment` [ RunTime:0.0006s ]
SQL: SHOW COLUMNS FROM `lxp_oauth_user` [ RunTime:0.0006s ]
SQL: SELECT `id` FROM `lxp_oauth_user` WHERE (  is_admin )  [ RunTime:0.0002s ]
SQL: SELECT c.content,c.date,a.title,a.aid,ou.nickname,ou.head_img FROM lxp_comment c INNER JOIN lxp_article a ON c.aid=a.aid INNER JOIN lxp_oauth_user ou ON c.ouid=ou.id  WHERE c.is_delete = 0 ORDER BY c.date desc LIMIT 20   [ RunTime:0.0007s ]
NOTIC: [2] Invalid argument supplied for foreach() /www/wwwroot/blog/Application/Common/Model/CommentModel.class.php 第 202 行.
SQL: SHOW COLUMNS FROM `lxp_category` [ RunTime:0.0006s ]
SQL: SELECT * FROM `lxp_category` ORDER BY sort  [ RunTime:0.0002s ]
SQL: SHOW COLUMNS FROM `lxp_tag` [ RunTime:0.0005s ]
SQL: SELECT * FROM `lxp_tag`  [ RunTime:0.0002s ]
SQL: SHOW COLUMNS FROM `lxp_article_tag` [ RunTime:0.0005s ]
SQL: SELECT COUNT(*) AS tp_count FROM `lxp_article_tag` WHERE `tid` = 21 LIMIT 1   [ RunTime:0.0002s ]
SQL: SELECT COUNT(*) AS tp_count FROM `lxp_article_tag` WHERE `tid` = 22 LIMIT 1   [ RunTime:0.0002s ]
SQL: SELECT COUNT(*) AS tp_count FROM `lxp_article_tag` WHERE `tid` = 23 LIMIT 1   [ RunTime:0.0002s ]
SQL: SELECT COUNT(*) AS tp_count FROM `lxp_article_tag` WHERE `tid` = 24 LIMIT 1   [ RunTime:0.0002s ]
SQL: SELECT COUNT(*) AS tp_count FROM `lxp_article_tag` WHERE `tid` = 25 LIMIT 1   [ RunTime:0.0002s ]
SQL: SHOW COLUMNS FROM `lxp_link` [ RunTime:0.0005s ]
SQL: SELECT * FROM `lxp_link` WHERE `is_delete` = 0 AND `is_show` = 1 ORDER BY sort  [ RunTime:0.0003s ]
NOTIC: [2] array_key_exists() expects parameter 2 to be array, null given /www/wwwroot/blog/Application/Home/Controller/IndexController.class.php 第 77 行.
SQL: UPDATE `lxp_article` SET `click`=click+1 WHERE `aid` = 20 [ RunTime:0.0067s ]
SQL: SHOW COLUMNS FROM `lxp_article` [ RunTime:0.0007s ]
NOTIC: [8] Undefined index: title /www/wwwroot/blog/Application/Common/Model/ArticleModel.class.php 第 335 行.
SQL: SELECT `aid`,`title` FROM `lxp_article` WHERE `title` LIKE '%%' AND (  `is_show` = 1 ) AND (  `is_delete` = 0 ) AND `aid` > 20 LIMIT 1   [ RunTime:0.0020s ]
SQL: SELECT `aid`,`title` FROM `lxp_article` WHERE `title` LIKE '%%' AND (  `is_show` = 1 ) AND (  `is_delete` = 0 ) AND `aid` < 20 ORDER BY aid desc LIMIT 1   [ RunTime:0.0003s ]
SQL: SELECT * FROM `lxp_article` WHERE `aid` = 20 LIMIT 1   [ RunTime:0.0006s ]
SQL: SHOW COLUMNS FROM `lxp_article_tag` [ RunTime:0.0005s ]
SQL: SELECT `tid` FROM `lxp_article_tag` WHERE `aid` = 20  [ RunTime:0.0002s ]
SQL: SHOW COLUMNS FROM `lxp_article_tag` [ RunTime:0.0005s ]
SQL: SELECT * FROM `lxp_article_tag` INNER JOIN lxp_tag ON lxp_article_tag.tid=lxp_tag.tid  WHERE `aid` = 20  [ RunTime:0.0003s ]
SQL: SELECT `cid`,`cid`,`cname`,`keywords` FROM `lxp_category` WHERE `cid` = 30  [ RunTime:0.0002s ]
SQL: SELECT c.*,ou.nickname,ou.head_img FROM lxp_comment c INNER JOIN lxp_oauth_user ou ON c.ouid=ou.id  WHERE c.status = 1 AND c.aid = 20 AND c.pid = 0 AND c.is_delete = 0 ORDER BY date desc  [ RunTime:0.0006s ]
NOTIC: [2] Invalid argument supplied for foreach() /www/wwwroot/blog/Application/Common/Model/CommentModel.class.php 第 135 行.
INFO: [ view_parse ] --START--
INFO: [ template_filter ] --START--
INFO: Run Behavior\ContentReplaceBehavior [ RunTime:0.000148s ]
INFO: [ template_filter ] --END-- [ RunTime:0.000177s ]
NOTIC: [8] Undefined variable: user_email /www/wwwroot/blog/Runtime/Cache/Home/d4c1149384e4970b24973a696680cd70.php 第 7 行.
NOTIC: [8] Undefined variable: user_email /www/wwwroot/blog/Runtime/Cache/Home/d4c1149384e4970b24973a696680cd70.php 第 9 行.
INFO: Run Behavior\ParseTemplateBehavior [ RunTime:0.011791s ]
INFO: [ view_parse ] --END-- [ RunTime:0.011814s ]
INFO: [ view_filter ] --START--
INFO: Run Behavior\WriteHtmlCacheBehavior [ RunTime:0.000107s ]
INFO: [ view_filter ] --END-- [ RunTime:0.000137s ]
INFO: [ app_end ] --START--
INFO: Run Behavior\ShowPageTraceBehavior [ RunTime:0.000332s ]
INFO: [ app_end ] --END-- [ RunTime:0.000359s ]

[ 2018-09-23T22:24:17+08:00 ] 220.181.108.97 /article/21
INFO: [ app_init ] --START--
INFO: Run Behavior\BuildLiteBehavior [ RunTime:0.000015s ]
INFO: [ app_init ] --END-- [ RunTime:0.000296s ]
INFO: [ app_begin ] --START--
INFO: Run Behavior\ReadHtmlCacheBehavior [ RunTime:0.000355s ]
INFO: [ app_begin ] --END-- [ RunTime:0.000381s ]
SQL: SHOW COLUMNS FROM `lxp_article` [ RunTime:0.0023s ]
SQL: SELECT `aid`,`title` FROM `lxp_article` WHERE `is_show` = 1 AND `is_delete` = 0 AND `is_top` = 1 ORDER BY aid desc  [ RunTime:0.0011s ]
SQL: SHOW COLUMNS FROM `lxp_comment` [ RunTime:0.0007s ]
SQL: SHOW COLUMNS FROM `lxp_oauth_user` [ RunTime:0.0020s ]
SQL: SELECT `id` FROM `lxp_oauth_user` WHERE (  is_admin )  [ RunTime:0.0002s ]
SQL: SELECT c.content,c.date,a.title,a.aid,ou.nickname,ou.head_img FROM lxp_comment c INNER JOIN lxp_article a ON c.aid=a.aid INNER JOIN lxp_oauth_user ou ON c.ouid=ou.id  WHERE c.is_delete = 0 ORDER BY c.date desc LIMIT 20   [ RunTime:0.0007s ]
NOTIC: [2] Invalid argument supplied for foreach() /www/wwwroot/blog/Application/Common/Model/CommentModel.class.php 第 202 行.
SQL: SHOW COLUMNS FROM `lxp_category` [ RunTime:0.0006s ]
SQL: SELECT * FROM `lxp_category` ORDER BY sort  [ RunTime:0.0003s ]
SQL: SHOW COLUMNS FROM `lxp_tag` [ RunTime:0.0005s ]
SQL: SELECT * FROM `lxp_tag`  [ RunTime:0.0002s ]
SQL: SHOW COLUMNS FROM `lxp_article_tag` [ RunTime:0.0005s ]
SQL: SELECT COUNT(*) AS tp_count FROM `lxp_article_tag` WHERE `tid` = 21 LIMIT 1   [ RunTime:0.0003s ]
SQL: SELECT COUNT(*) AS tp_count FROM `lxp_article_tag` WHERE `tid` = 22 LIMIT 1   [ RunTime:0.0002s ]
SQL: SELECT COUNT(*) AS tp_count FROM `lxp_article_tag` WHERE `tid` = 23 LIMIT 1   [ RunTime:0.0002s ]
SQL: SELECT COUNT(*) AS tp_count FROM `lxp_article_tag` WHERE `tid` = 24 LIMIT 1   [ RunTime:0.0002s ]
SQL: SELECT COUNT(*) AS tp_count FROM `lxp_article_tag` WHERE `tid` = 25 LIMIT 1   [ RunTime:0.0002s ]
SQL: SHOW COLUMNS FROM `lxp_link` [ RunTime:0.0006s ]
SQL: SELECT * FROM `lxp_link` WHERE `is_delete` = 0 AND `is_show` = 1 ORDER BY sort  [ RunTime:0.0003s ]
NOTIC: [2] array_key_exists() expects parameter 2 to be array, null given /www/wwwroot/blog/Application/Home/Controller/IndexController.class.php 第 77 行.
SQL: UPDATE `lxp_article` SET `click`=click+1 WHERE `aid` = 21 [ RunTime:0.0042s ]
SQL: SHOW COLUMNS FROM `lxp_article` [ RunTime:0.0009s ]
NOTIC: [8] Undefined index: title /www/wwwroot/blog/Application/Common/Model/ArticleModel.class.php 第 335 行.
SQL: SELECT `aid`,`title` FROM `lxp_article` WHERE `title` LIKE '%%' AND (  `is_show` = 1 ) AND (  `is_delete` = 0 ) AND `aid` > 21 LIMIT 1   [ RunTime:0.0004s ]
SQL: SELECT `aid`,`title` FROM `lxp_article` WHERE `title` LIKE '%%' AND (  `is_show` = 1 ) AND (  `is_delete` = 0 ) AND `aid` < 21 ORDER BY aid desc LIMIT 1   [ RunTime:0.0003s ]
SQL: SELECT * FROM `lxp_article` WHERE `aid` = 21 LIMIT 1   [ RunTime:0.0005s ]
SQL: SHOW COLUMNS FROM `lxp_article_tag` [ RunTime:0.0005s ]
SQL: SELECT `tid` FROM `lxp_article_tag` WHERE `aid` = 21  [ RunTime:0.0002s ]
SQL: SHOW COLUMNS FROM `lxp_article_tag` [ RunTime:0.0005s ]
SQL: SELECT * FROM `lxp_article_tag` INNER JOIN lxp_tag ON lxp_article_tag.tid=lxp_tag.tid  WHERE `aid` = 21  [ RunTime:0.0002s ]
SQL: SELECT `cid`,`cid`,`cname`,`keywords` FROM `lxp_category` WHERE `cid` = 31  [ RunTime:0.0002s ]
SQL: SELECT c.*,ou.nickname,ou.head_img FROM lxp_comment c INNER JOIN lxp_oauth_user ou ON c.ouid=ou.id  WHERE c.status = 1 AND c.aid = 21 AND c.pid = 0 AND c.is_delete = 0 ORDER BY date desc  [ RunTime:0.0006s ]
NOTIC: [2] Invalid argument supplied for foreach() /www/wwwroot/blog/Application/Common/Model/CommentModel.class.php 第 135 行.
INFO: [ view_parse ] --START--
INFO: [ template_filter ] --START--
INFO: Run Behavior\ContentReplaceBehavior [ RunTime:0.000139s ]
INFO: [ template_filter ] --END-- [ RunTime:0.000190s ]
NOTIC: [8] Undefined variable: user_email /www/wwwroot/blog/Runtime/Cache/Home/d4c1149384e4970b24973a696680cd70.php 第 7 行.
NOTIC: [8] Undefined variable: user_email /www/wwwroot/blog/Runtime/Cache/Home/d4c1149384e4970b24973a696680cd70.php 第 9 行.
INFO: Run Behavior\ParseTemplateBehavior [ RunTime:0.014231s ]
INFO: [ view_parse ] --END-- [ RunTime:0.014266s ]
INFO: [ view_filter ] --START--
INFO: Run Behavior\WriteHtmlCacheBehavior [ RunTime:0.000184s ]
INFO: [ view_filter ] --END-- [ RunTime:0.000217s ]
INFO: [ app_end ] --START--
INFO: Run Behavior\ShowPageTraceBehavior [ RunTime:0.000484s ]
INFO: [ app_end ] --END-- [ RunTime:0.000524s ]

