[ 2018-09-14T09:38:47+08:00 ] 183.3.239.167 /
INFO: [ app_init ] --START--
INFO: Run Behavior\BuildLiteBehavior [ RunTime:0.000069s ]
INFO: [ app_init ] --END-- [ RunTime:0.007463s ]
INFO: [ app_begin ] --START--
INFO: Run Behavior\ReadHtmlCacheBehavior [ RunTime:0.000926s ]
INFO: [ app_begin ] --END-- [ RunTime:0.000982s ]
SQL: SHOW COLUMNS FROM `lxp_article` [ RunTime:0.1070s ]
SQL: SELECT `aid`,`title` FROM `lxp_article` WHERE `is_show` = 1 AND `is_delete` = 0 AND `is_top` = 1 ORDER BY aid desc  [ RunTime:0.0225s ]
SQL: SHOW COLUMNS FROM `lxp_comment` [ RunTime:0.0135s ]
SQL: SHOW COLUMNS FROM `lxp_oauth_user` [ RunTime:0.0076s ]
SQL: SELECT `id` FROM `lxp_oauth_user` WHERE (  is_admin )  [ RunTime:0.0063s ]
SQL: SELECT c.content,c.date,a.title,a.aid,ou.nickname,ou.head_img FROM lxp_comment c INNER JOIN lxp_article a ON c.aid=a.aid INNER JOIN lxp_oauth_user ou ON c.ouid=ou.id  WHERE c.is_delete = 0 ORDER BY c.date desc LIMIT 20   [ RunTime:0.0164s ]
NOTIC: [2] Invalid argument supplied for foreach() /www/wwwroot/blog/Application/Common/Model/CommentModel.class.php 第 202 行.
SQL: SHOW COLUMNS FROM `lxp_category` [ RunTime:0.0017s ]
SQL: SELECT * FROM `lxp_category` ORDER BY sort  [ RunTime:0.0154s ]
SQL: SHOW COLUMNS FROM `lxp_tag` [ RunTime:0.0045s ]
SQL: SELECT * FROM `lxp_tag`  [ RunTime:0.0002s ]
SQL: SHOW COLUMNS FROM `lxp_article_tag` [ RunTime:0.0015s ]
SQL: SELECT COUNT(*) AS tp_count FROM `lxp_article_tag` WHERE `tid` = 21 LIMIT 1   [ RunTime:0.0077s ]
SQL: SELECT COUNT(*) AS tp_count FROM `lxp_article_tag` WHERE `tid` = 22 LIMIT 1   [ RunTime:0.0008s ]
SQL: SELECT COUNT(*) AS tp_count FROM `lxp_article_tag` WHERE `tid` = 23 LIMIT 1   [ RunTime:0.0002s ]
SQL: SELECT COUNT(*) AS tp_count FROM `lxp_article_tag` WHERE `tid` = 24 LIMIT 1   [ RunTime:0.0002s ]
SQL: SHOW COLUMNS FROM `lxp_link` [ RunTime:0.0012s ]
SQL: SELECT * FROM `lxp_link` WHERE `is_delete` = 0 AND `is_show` = 1 ORDER BY sort  [ RunTime:0.0034s ]
SQL: SHOW COLUMNS FROM `lxp_article` [ RunTime:0.0019s ]
SQL: SELECT COUNT(*) AS tp_count FROM `lxp_article` WHERE `is_delete` = 0 AND `is_show` = 1 LIMIT 1   [ RunTime:0.0003s ]
SQL: SELECT * FROM `lxp_article` WHERE `is_delete` = 0 AND `is_show` = 1 ORDER BY addtime desc LIMIT 0,10   [ RunTime:0.0236s ]
SQL: SHOW COLUMNS FROM `lxp_article_tag` [ RunTime:0.0016s ]
SQL: SHOW COLUMNS FROM `lxp_article_tag` [ RunTime:0.0008s ]
SQL: SELECT * FROM `lxp_article_tag` INNER JOIN lxp_tag ON lxp_article_tag.tid=lxp_tag.tid  WHERE `aid` = '22'  [ RunTime:0.0017s ]
SQL: SHOW COLUMNS FROM `lxp_article_pic` [ RunTime:0.0006s ]
SQL: SELECT `path` FROM `lxp_article_pic` WHERE `aid` = 22 ORDER BY ap_id asc LIMIT 1   [ RunTime:0.0019s ]
SQL: SELECT `cid`,`cid`,`cname` FROM `lxp_category` WHERE `cid` = 32  [ RunTime:0.0002s ]
SQL: SELECT * FROM `lxp_article_tag` INNER JOIN lxp_tag ON lxp_article_tag.tid=lxp_tag.tid  WHERE `aid` = '21'  [ RunTime:0.0009s ]
SQL: SELECT `path` FROM `lxp_article_pic` WHERE `aid` = 21 ORDER BY ap_id asc LIMIT 1   [ RunTime:0.0006s ]
SQL: SELECT `cid`,`cid`,`cname` FROM `lxp_category` WHERE `cid` = 31  [ RunTime:0.0006s ]
SQL: SELECT * FROM `lxp_article_tag` INNER JOIN lxp_tag ON lxp_article_tag.tid=lxp_tag.tid  WHERE `aid` = '20'  [ RunTime:0.0003s ]
SQL: SELECT `path` FROM `lxp_article_pic` WHERE `aid` = 20 ORDER BY ap_id asc LIMIT 1   [ RunTime:0.0002s ]
SQL: SELECT `cid`,`cid`,`cname` FROM `lxp_category` WHERE `cid` = 30  [ RunTime:0.0002s ]
SQL: SELECT * FROM `lxp_article_tag` INNER JOIN lxp_tag ON lxp_article_tag.tid=lxp_tag.tid  WHERE `aid` = '19'  [ RunTime:0.0012s ]
SQL: SELECT `path` FROM `lxp_article_pic` WHERE `aid` = 19 ORDER BY ap_id asc LIMIT 1   [ RunTime:0.0002s ]
SQL: SELECT `cid`,`cid`,`cname` FROM `lxp_category` WHERE `cid` = 30  [ RunTime:0.0006s ]
SQL: SELECT * FROM `lxp_article_tag` INNER JOIN lxp_tag ON lxp_article_tag.tid=lxp_tag.tid  WHERE `aid` = '18'  [ RunTime:0.0022s ]
SQL: SELECT `path` FROM `lxp_article_pic` WHERE `aid` = 18 ORDER BY ap_id asc LIMIT 1   [ RunTime:0.0002s ]
SQL: SELECT `cid`,`cid`,`cname` FROM `lxp_category` WHERE `cid` = 29  [ RunTime:0.0003s ]
INFO: [ view_parse ] --START--
INFO: [ template_filter ] --START--
INFO: Run Behavior\ContentReplaceBehavior [ RunTime:0.000106s ]
INFO: [ template_filter ] --END-- [ RunTime:0.000157s ]
NOTIC: [8] Use of undefined constant url - assumed 'url' /www/wwwroot/blog/Runtime/Cache/Home/08d30c77e78bd0ac29232fbc421b5dcd.php 第 6 行.
INFO: Run Behavior\ParseTemplateBehavior [ RunTime:0.046109s ]
INFO: [ view_parse ] --END-- [ RunTime:0.046221s ]
INFO: [ view_filter ] --START--
INFO: Run Behavior\WriteHtmlCacheBehavior [ RunTime:0.000594s ]
INFO: [ view_filter ] --END-- [ RunTime:0.000627s ]
INFO: [ app_end ] --START--
INFO: Run Behavior\ShowPageTraceBehavior [ RunTime:0.000437s ]
INFO: [ app_end ] --END-- [ RunTime:0.000465s ]

[ 2018-09-14T09:38:47+08:00 ] 183.57.53.177 /
INFO: [ app_init ] --START--
INFO: Run Behavior\BuildLiteBehavior [ RunTime:0.000028s ]
INFO: [ app_init ] --END-- [ RunTime:0.001236s ]
INFO: [ app_begin ] --START--
INFO: Run Behavior\ReadHtmlCacheBehavior [ RunTime:0.002332s ]
INFO: [ app_begin ] --END-- [ RunTime:0.002380s ]
SQL: SHOW COLUMNS FROM `lxp_article` [ RunTime:0.0069s ]
SQL: SELECT `aid`,`title` FROM `lxp_article` WHERE `is_show` = 1 AND `is_delete` = 0 AND `is_top` = 1 ORDER BY aid desc  [ RunTime:0.0003s ]
SQL: SHOW COLUMNS FROM `lxp_comment` [ RunTime:0.0014s ]
SQL: SHOW COLUMNS FROM `lxp_oauth_user` [ RunTime:0.0031s ]
SQL: SELECT `id` FROM `lxp_oauth_user` WHERE (  is_admin )  [ RunTime:0.0002s ]
SQL: SELECT c.content,c.date,a.title,a.aid,ou.nickname,ou.head_img FROM lxp_comment c INNER JOIN lxp_article a ON c.aid=a.aid INNER JOIN lxp_oauth_user ou ON c.ouid=ou.id  WHERE c.is_delete = 0 ORDER BY c.date desc LIMIT 20   [ RunTime:0.0023s ]
NOTIC: [2] Invalid argument supplied for foreach() /www/wwwroot/blog/Application/Common/Model/CommentModel.class.php 第 202 行.
SQL: SHOW COLUMNS FROM `lxp_category` [ RunTime:0.0012s ]
SQL: SELECT * FROM `lxp_category` ORDER BY sort  [ RunTime:0.0025s ]
SQL: SHOW COLUMNS FROM `lxp_tag` [ RunTime:0.0051s ]
SQL: SELECT * FROM `lxp_tag`  [ RunTime:0.0002s ]
SQL: SHOW COLUMNS FROM `lxp_article_tag` [ RunTime:0.0146s ]
SQL: SELECT COUNT(*) AS tp_count FROM `lxp_article_tag` WHERE `tid` = 21 LIMIT 1   [ RunTime:0.0013s ]
SQL: SELECT COUNT(*) AS tp_count FROM `lxp_article_tag` WHERE `tid` = 22 LIMIT 1   [ RunTime:0.0002s ]
SQL: SELECT COUNT(*) AS tp_count FROM `lxp_article_tag` WHERE `tid` = 23 LIMIT 1   [ RunTime:0.0002s ]
SQL: SELECT COUNT(*) AS tp_count FROM `lxp_article_tag` WHERE `tid` = 24 LIMIT 1   [ RunTime:0.0002s ]
SQL: SHOW COLUMNS FROM `lxp_link` [ RunTime:0.0007s ]
SQL: SELECT * FROM `lxp_link` WHERE `is_delete` = 0 AND `is_show` = 1 ORDER BY sort  [ RunTime:0.0012s ]
SQL: SHOW COLUMNS FROM `lxp_article` [ RunTime:0.0062s ]
SQL: SELECT COUNT(*) AS tp_count FROM `lxp_article` WHERE `is_delete` = 0 AND `is_show` = 1 LIMIT 1   [ RunTime:0.0003s ]
SQL: SELECT * FROM `lxp_article` WHERE `is_delete` = 0 AND `is_show` = 1 ORDER BY addtime desc LIMIT 0,10   [ RunTime:0.0160s ]
SQL: SHOW COLUMNS FROM `lxp_article_tag` [ RunTime:0.0022s ]
SQL: SHOW COLUMNS FROM `lxp_article_tag` [ RunTime:0.0032s ]
SQL: SELECT * FROM `lxp_article_tag` INNER JOIN lxp_tag ON lxp_article_tag.tid=lxp_tag.tid  WHERE `aid` = '22'  [ RunTime:0.0008s ]
SQL: SHOW COLUMNS FROM `lxp_article_pic` [ RunTime:0.0014s ]
SQL: SELECT `path` FROM `lxp_article_pic` WHERE `aid` = 22 ORDER BY ap_id asc LIMIT 1   [ RunTime:0.0002s ]
SQL: SELECT `cid`,`cid`,`cname` FROM `lxp_category` WHERE `cid` = 32  [ RunTime:0.0002s ]
SQL: SELECT * FROM `lxp_article_tag` INNER JOIN lxp_tag ON lxp_article_tag.tid=lxp_tag.tid  WHERE `aid` = '21'  [ RunTime:0.0009s ]
SQL: SELECT `path` FROM `lxp_article_pic` WHERE `aid` = 21 ORDER BY ap_id asc LIMIT 1   [ RunTime:0.0006s ]
SQL: SELECT `cid`,`cid`,`cname` FROM `lxp_category` WHERE `cid` = 31  [ RunTime:0.0035s ]
SQL: SELECT * FROM `lxp_article_tag` INNER JOIN lxp_tag ON lxp_article_tag.tid=lxp_tag.tid  WHERE `aid` = '20'  [ RunTime:0.0011s ]
SQL: SELECT `path` FROM `lxp_article_pic` WHERE `aid` = 20 ORDER BY ap_id asc LIMIT 1   [ RunTime:0.0018s ]
SQL: SELECT `cid`,`cid`,`cname` FROM `lxp_category` WHERE `cid` = 30  [ RunTime:0.0002s ]
SQL: SELECT * FROM `lxp_article_tag` INNER JOIN lxp_tag ON lxp_article_tag.tid=lxp_tag.tid  WHERE `aid` = '19'  [ RunTime:0.0009s ]
SQL: SELECT `path` FROM `lxp_article_pic` WHERE `aid` = 19 ORDER BY ap_id asc LIMIT 1   [ RunTime:0.0002s ]
SQL: SELECT `cid`,`cid`,`cname` FROM `lxp_category` WHERE `cid` = 30  [ RunTime:0.0002s ]
SQL: SELECT * FROM `lxp_article_tag` INNER JOIN lxp_tag ON lxp_article_tag.tid=lxp_tag.tid  WHERE `aid` = '18'  [ RunTime:0.0010s ]
SQL: SELECT `path` FROM `lxp_article_pic` WHERE `aid` = 18 ORDER BY ap_id asc LIMIT 1   [ RunTime:0.0002s ]
SQL: SELECT `cid`,`cid`,`cname` FROM `lxp_category` WHERE `cid` = 29  [ RunTime:0.0002s ]
INFO: [ view_parse ] --START--
INFO: [ template_filter ] --START--
INFO: Run Behavior\ContentReplaceBehavior [ RunTime:0.000116s ]
INFO: [ template_filter ] --END-- [ RunTime:0.000164s ]
NOTIC: [8] Use of undefined constant url - assumed 'url' /www/wwwroot/blog/Runtime/Cache/Home/08d30c77e78bd0ac29232fbc421b5dcd.php 第 6 行.
INFO: Run Behavior\ParseTemplateBehavior [ RunTime:0.045016s ]
INFO: [ view_parse ] --END-- [ RunTime:0.045051s ]
INFO: [ view_filter ] --START--
INFO: Run Behavior\WriteHtmlCacheBehavior [ RunTime:0.000143s ]
INFO: [ view_filter ] --END-- [ RunTime:0.001138s ]
INFO: [ app_end ] --START--
INFO: Run Behavior\ShowPageTraceBehavior [ RunTime:0.000857s ]
INFO: [ app_end ] --END-- [ RunTime:0.000891s ]

[ 2018-09-14T09:39:47+08:00 ] 61.129.6.147 /
INFO: [ app_init ] --START--
INFO: Run Behavior\BuildLiteBehavior [ RunTime:0.000022s ]
INFO: [ app_init ] --END-- [ RunTime:0.000609s ]
INFO: [ app_begin ] --START--
INFO: Run Behavior\ReadHtmlCacheBehavior [ RunTime:0.000374s ]
INFO: [ app_begin ] --END-- [ RunTime:0.000420s ]
SQL: SHOW COLUMNS FROM `lxp_article` [ RunTime:0.0032s ]
SQL: SELECT `aid`,`title` FROM `lxp_article` WHERE `is_show` = 1 AND `is_delete` = 0 AND `is_top` = 1 ORDER BY aid desc  [ RunTime:0.0004s ]
SQL: SHOW COLUMNS FROM `lxp_comment` [ RunTime:0.0007s ]
SQL: SHOW COLUMNS FROM `lxp_oauth_user` [ RunTime:0.0006s ]
SQL: SELECT `id` FROM `lxp_oauth_user` WHERE (  is_admin )  [ RunTime:0.0002s ]
SQL: SELECT c.content,c.date,a.title,a.aid,ou.nickname,ou.head_img FROM lxp_comment c INNER JOIN lxp_article a ON c.aid=a.aid INNER JOIN lxp_oauth_user ou ON c.ouid=ou.id  WHERE c.is_delete = 0 ORDER BY c.date desc LIMIT 20   [ RunTime:0.0005s ]
NOTIC: [2] Invalid argument supplied for foreach() /www/wwwroot/blog/Application/Common/Model/CommentModel.class.php 第 202 行.
SQL: SHOW COLUMNS FROM `lxp_category` [ RunTime:0.0005s ]
SQL: SELECT * FROM `lxp_category` ORDER BY sort  [ RunTime:0.0002s ]
SQL: SHOW COLUMNS FROM `lxp_tag` [ RunTime:0.0005s ]
SQL: SELECT * FROM `lxp_tag`  [ RunTime:0.0002s ]
SQL: SHOW COLUMNS FROM `lxp_article_tag` [ RunTime:0.0005s ]
SQL: SELECT COUNT(*) AS tp_count FROM `lxp_article_tag` WHERE `tid` = 21 LIMIT 1   [ RunTime:0.0002s ]
SQL: SELECT COUNT(*) AS tp_count FROM `lxp_article_tag` WHERE `tid` = 22 LIMIT 1   [ RunTime:0.0002s ]
SQL: SELECT COUNT(*) AS tp_count FROM `lxp_article_tag` WHERE `tid` = 23 LIMIT 1   [ RunTime:0.0002s ]
SQL: SELECT COUNT(*) AS tp_count FROM `lxp_article_tag` WHERE `tid` = 24 LIMIT 1   [ RunTime:0.0002s ]
SQL: SHOW COLUMNS FROM `lxp_link` [ RunTime:0.0006s ]
SQL: SELECT * FROM `lxp_link` WHERE `is_delete` = 0 AND `is_show` = 1 ORDER BY sort  [ RunTime:0.0002s ]
SQL: SHOW COLUMNS FROM `lxp_article` [ RunTime:0.0006s ]
SQL: SELECT COUNT(*) AS tp_count FROM `lxp_article` WHERE `is_delete` = 0 AND `is_show` = 1 LIMIT 1   [ RunTime:0.0002s ]
SQL: SELECT * FROM `lxp_article` WHERE `is_delete` = 0 AND `is_show` = 1 ORDER BY addtime desc LIMIT 0,10   [ RunTime:0.0015s ]
SQL: SHOW COLUMNS FROM `lxp_article_tag` [ RunTime:0.0007s ]
SQL: SHOW COLUMNS FROM `lxp_article_tag` [ RunTime:0.0005s ]
SQL: SELECT * FROM `lxp_article_tag` INNER JOIN lxp_tag ON lxp_article_tag.tid=lxp_tag.tid  WHERE `aid` = '22'  [ RunTime:0.0003s ]
SQL: SHOW COLUMNS FROM `lxp_article_pic` [ RunTime:0.0006s ]
SQL: SELECT `path` FROM `lxp_article_pic` WHERE `aid` = 22 ORDER BY ap_id asc LIMIT 1   [ RunTime:0.0002s ]
SQL: SELECT `cid`,`cid`,`cname` FROM `lxp_category` WHERE `cid` = 32  [ RunTime:0.0002s ]
SQL: SELECT * FROM `lxp_article_tag` INNER JOIN lxp_tag ON lxp_article_tag.tid=lxp_tag.tid  WHERE `aid` = '21'  [ RunTime:0.0002s ]
SQL: SELECT `path` FROM `lxp_article_pic` WHERE `aid` = 21 ORDER BY ap_id asc LIMIT 1   [ RunTime:0.0002s ]
SQL: SELECT `cid`,`cid`,`cname` FROM `lxp_category` WHERE `cid` = 31  [ RunTime:0.0002s ]
SQL: SELECT * FROM `lxp_article_tag` INNER JOIN lxp_tag ON lxp_article_tag.tid=lxp_tag.tid  WHERE `aid` = '20'  [ RunTime:0.0003s ]
SQL: SELECT `path` FROM `lxp_article_pic` WHERE `aid` = 20 ORDER BY ap_id asc LIMIT 1   [ RunTime:0.0002s ]
SQL: SELECT `cid`,`cid`,`cname` FROM `lxp_category` WHERE `cid` = 30  [ RunTime:0.0002s ]
SQL: SELECT * FROM `lxp_article_tag` INNER JOIN lxp_tag ON lxp_article_tag.tid=lxp_tag.tid  WHERE `aid` = '19'  [ RunTime:0.0003s ]
SQL: SELECT `path` FROM `lxp_article_pic` WHERE `aid` = 19 ORDER BY ap_id asc LIMIT 1   [ RunTime:0.0002s ]
SQL: SELECT `cid`,`cid`,`cname` FROM `lxp_category` WHERE `cid` = 30  [ RunTime:0.0002s ]
SQL: SELECT * FROM `lxp_article_tag` INNER JOIN lxp_tag ON lxp_article_tag.tid=lxp_tag.tid  WHERE `aid` = '18'  [ RunTime:0.0002s ]
SQL: SELECT `path` FROM `lxp_article_pic` WHERE `aid` = 18 ORDER BY ap_id asc LIMIT 1   [ RunTime:0.0002s ]
SQL: SELECT `cid`,`cid`,`cname` FROM `lxp_category` WHERE `cid` = 29  [ RunTime:0.0002s ]
INFO: [ view_parse ] --START--
INFO: [ template_filter ] --START--
INFO: Run Behavior\ContentReplaceBehavior [ RunTime:0.000110s ]
INFO: [ template_filter ] --END-- [ RunTime:0.000160s ]
NOTIC: [8] Use of undefined constant url - assumed 'url' /www/wwwroot/blog/Runtime/Cache/Home/08d30c77e78bd0ac29232fbc421b5dcd.php 第 6 行.
INFO: Run Behavior\ParseTemplateBehavior [ RunTime:0.019687s ]
INFO: [ view_parse ] --END-- [ RunTime:0.019712s ]
INFO: [ view_filter ] --START--
INFO: Run Behavior\WriteHtmlCacheBehavior [ RunTime:0.000118s ]
INFO: [ view_filter ] --END-- [ RunTime:0.000136s ]
INFO: [ app_end ] --START--
INFO: Run Behavior\ShowPageTraceBehavior [ RunTime:0.000978s ]
INFO: [ app_end ] --END-- [ RunTime:0.001007s ]

[ 2018-09-14T21:32:56+08:00 ] 1.180.210.58 /
INFO: [ app_init ] --START--
INFO: Run Behavior\BuildLiteBehavior [ RunTime:0.000014s ]
INFO: [ app_init ] --END-- [ RunTime:0.000678s ]
INFO: [ app_begin ] --START--
INFO: Run Behavior\ReadHtmlCacheBehavior [ RunTime:0.000332s ]
INFO: [ app_begin ] --END-- [ RunTime:0.000357s ]
SQL: SHOW COLUMNS FROM `lxp_article` [ RunTime:0.0240s ]
SQL: SELECT `aid`,`title` FROM `lxp_article` WHERE `is_show` = 1 AND `is_delete` = 0 AND `is_top` = 1 ORDER BY aid desc  [ RunTime:0.0008s ]
SQL: SHOW COLUMNS FROM `lxp_comment` [ RunTime:0.0013s ]
SQL: SHOW COLUMNS FROM `lxp_oauth_user` [ RunTime:0.0008s ]
SQL: SELECT `id` FROM `lxp_oauth_user` WHERE (  is_admin )  [ RunTime:0.0002s ]
SQL: SELECT c.content,c.date,a.title,a.aid,ou.nickname,ou.head_img FROM lxp_comment c INNER JOIN lxp_article a ON c.aid=a.aid INNER JOIN lxp_oauth_user ou ON c.ouid=ou.id  WHERE c.is_delete = 0 ORDER BY c.date desc LIMIT 20   [ RunTime:0.0021s ]
NOTIC: [2] Invalid argument supplied for foreach() /www/wwwroot/blog/Application/Common/Model/CommentModel.class.php 第 202 行.
SQL: SHOW COLUMNS FROM `lxp_category` [ RunTime:0.0007s ]
SQL: SELECT * FROM `lxp_category` ORDER BY sort  [ RunTime:0.0004s ]
SQL: SHOW COLUMNS FROM `lxp_tag` [ RunTime:0.0006s ]
SQL: SELECT * FROM `lxp_tag`  [ RunTime:0.0002s ]
SQL: SHOW COLUMNS FROM `lxp_article_tag` [ RunTime:0.0006s ]
SQL: SELECT COUNT(*) AS tp_count FROM `lxp_article_tag` WHERE `tid` = 21 LIMIT 1   [ RunTime:0.0003s ]
SQL: SELECT COUNT(*) AS tp_count FROM `lxp_article_tag` WHERE `tid` = 22 LIMIT 1   [ RunTime:0.0002s ]
SQL: SELECT COUNT(*) AS tp_count FROM `lxp_article_tag` WHERE `tid` = 23 LIMIT 1   [ RunTime:0.0002s ]
SQL: SELECT COUNT(*) AS tp_count FROM `lxp_article_tag` WHERE `tid` = 24 LIMIT 1   [ RunTime:0.0002s ]
SQL: SHOW COLUMNS FROM `lxp_link` [ RunTime:0.0006s ]
SQL: SELECT * FROM `lxp_link` WHERE `is_delete` = 0 AND `is_show` = 1 ORDER BY sort  [ RunTime:0.0011s ]
SQL: SHOW COLUMNS FROM `lxp_article` [ RunTime:0.0007s ]
SQL: SELECT COUNT(*) AS tp_count FROM `lxp_article` WHERE `is_delete` = 0 AND `is_show` = 1 LIMIT 1   [ RunTime:0.0002s ]
SQL: SELECT * FROM `lxp_article` WHERE `is_delete` = 0 AND `is_show` = 1 ORDER BY addtime desc LIMIT 0,10   [ RunTime:0.0022s ]
SQL: SHOW COLUMNS FROM `lxp_article_tag` [ RunTime:0.0006s ]
SQL: SHOW COLUMNS FROM `lxp_article_tag` [ RunTime:0.0005s ]
SQL: SELECT * FROM `lxp_article_tag` INNER JOIN lxp_tag ON lxp_article_tag.tid=lxp_tag.tid  WHERE `aid` = '22'  [ RunTime:0.0009s ]
SQL: SHOW COLUMNS FROM `lxp_article_pic` [ RunTime:0.0006s ]
SQL: SELECT `path` FROM `lxp_article_pic` WHERE `aid` = 22 ORDER BY ap_id asc LIMIT 1   [ RunTime:0.0002s ]
SQL: SELECT `cid`,`cid`,`cname` FROM `lxp_category` WHERE `cid` = 32  [ RunTime:0.0002s ]
SQL: SELECT * FROM `lxp_article_tag` INNER JOIN lxp_tag ON lxp_article_tag.tid=lxp_tag.tid  WHERE `aid` = '21'  [ RunTime:0.0002s ]
SQL: SELECT `path` FROM `lxp_article_pic` WHERE `aid` = 21 ORDER BY ap_id asc LIMIT 1   [ RunTime:0.0002s ]
SQL: SELECT `cid`,`cid`,`cname` FROM `lxp_category` WHERE `cid` = 31  [ RunTime:0.0002s ]
SQL: SELECT * FROM `lxp_article_tag` INNER JOIN lxp_tag ON lxp_article_tag.tid=lxp_tag.tid  WHERE `aid` = '20'  [ RunTime:0.0002s ]
SQL: SELECT `path` FROM `lxp_article_pic` WHERE `aid` = 20 ORDER BY ap_id asc LIMIT 1   [ RunTime:0.0002s ]
SQL: SELECT `cid`,`cid`,`cname` FROM `lxp_category` WHERE `cid` = 30  [ RunTime:0.0002s ]
SQL: SELECT * FROM `lxp_article_tag` INNER JOIN lxp_tag ON lxp_article_tag.tid=lxp_tag.tid  WHERE `aid` = '19'  [ RunTime:0.0003s ]
SQL: SELECT `path` FROM `lxp_article_pic` WHERE `aid` = 19 ORDER BY ap_id asc LIMIT 1   [ RunTime:0.0002s ]
SQL: SELECT `cid`,`cid`,`cname` FROM `lxp_category` WHERE `cid` = 30  [ RunTime:0.0002s ]
SQL: SELECT * FROM `lxp_article_tag` INNER JOIN lxp_tag ON lxp_article_tag.tid=lxp_tag.tid  WHERE `aid` = '18'  [ RunTime:0.0002s ]
SQL: SELECT `path` FROM `lxp_article_pic` WHERE `aid` = 18 ORDER BY ap_id asc LIMIT 1   [ RunTime:0.0008s ]
SQL: SELECT `cid`,`cid`,`cname` FROM `lxp_category` WHERE `cid` = 29  [ RunTime:0.0002s ]
INFO: [ view_parse ] --START--
INFO: [ template_filter ] --START--
INFO: Run Behavior\ContentReplaceBehavior [ RunTime:0.000123s ]
INFO: [ template_filter ] --END-- [ RunTime:0.000166s ]
NOTIC: [8] Use of undefined constant url - assumed 'url' /www/wwwroot/blog/Runtime/Cache/Home/08d30c77e78bd0ac29232fbc421b5dcd.php 第 6 行.
INFO: Run Behavior\ParseTemplateBehavior [ RunTime:0.026051s ]
INFO: [ view_parse ] --END-- [ RunTime:0.026090s ]
INFO: [ view_filter ] --START--
INFO: Run Behavior\WriteHtmlCacheBehavior [ RunTime:0.000159s ]
INFO: [ view_filter ] --END-- [ RunTime:0.000181s ]
INFO: [ app_end ] --START--
INFO: Run Behavior\ShowPageTraceBehavior [ RunTime:0.000793s ]
INFO: [ app_end ] --END-- [ RunTime:0.000821s ]

[ 2018-09-14T21:33:00+08:00 ] 1.180.210.58 /
INFO: [ app_init ] --START--
INFO: Run Behavior\BuildLiteBehavior [ RunTime:0.000027s ]
INFO: [ app_init ] --END-- [ RunTime:0.000506s ]
INFO: [ app_begin ] --START--
INFO: Run Behavior\ReadHtmlCacheBehavior [ RunTime:0.000749s ]
INFO: [ app_begin ] --END-- [ RunTime:0.000777s ]
SQL: SHOW COLUMNS FROM `lxp_article` [ RunTime:0.0041s ]
SQL: SELECT `aid`,`title` FROM `lxp_article` WHERE `is_show` = 1 AND `is_delete` = 0 AND `is_top` = 1 ORDER BY aid desc  [ RunTime:0.0003s ]
SQL: SHOW COLUMNS FROM `lxp_comment` [ RunTime:0.0008s ]
SQL: SHOW COLUMNS FROM `lxp_oauth_user` [ RunTime:0.0008s ]
SQL: SELECT `id` FROM `lxp_oauth_user` WHERE (  is_admin )  [ RunTime:0.0003s ]
SQL: SELECT c.content,c.date,a.title,a.aid,ou.nickname,ou.head_img FROM lxp_comment c INNER JOIN lxp_article a ON c.aid=a.aid INNER JOIN lxp_oauth_user ou ON c.ouid=ou.id  WHERE c.is_delete = 0 ORDER BY c.date desc LIMIT 20   [ RunTime:0.0008s ]
NOTIC: [2] Invalid argument supplied for foreach() /www/wwwroot/blog/Application/Common/Model/CommentModel.class.php 第 202 行.
SQL: SHOW COLUMNS FROM `lxp_category` [ RunTime:0.0009s ]
SQL: SELECT * FROM `lxp_category` ORDER BY sort  [ RunTime:0.0003s ]
SQL: SHOW COLUMNS FROM `lxp_tag` [ RunTime:0.0007s ]
SQL: SELECT * FROM `lxp_tag`  [ RunTime:0.0003s ]
SQL: SHOW COLUMNS FROM `lxp_article_tag` [ RunTime:0.0006s ]
SQL: SELECT COUNT(*) AS tp_count FROM `lxp_article_tag` WHERE `tid` = 21 LIMIT 1   [ RunTime:0.0003s ]
SQL: SELECT COUNT(*) AS tp_count FROM `lxp_article_tag` WHERE `tid` = 22 LIMIT 1   [ RunTime:0.0002s ]
SQL: SELECT COUNT(*) AS tp_count FROM `lxp_article_tag` WHERE `tid` = 23 LIMIT 1   [ RunTime:0.0003s ]
SQL: SELECT COUNT(*) AS tp_count FROM `lxp_article_tag` WHERE `tid` = 24 LIMIT 1   [ RunTime:0.0002s ]
SQL: SHOW COLUMNS FROM `lxp_link` [ RunTime:0.0006s ]
SQL: SELECT * FROM `lxp_link` WHERE `is_delete` = 0 AND `is_show` = 1 ORDER BY sort  [ RunTime:0.0003s ]
SQL: SHOW COLUMNS FROM `lxp_article` [ RunTime:0.0008s ]
SQL: SELECT COUNT(*) AS tp_count FROM `lxp_article` WHERE `is_delete` = 0 AND `is_show` = 1 LIMIT 1   [ RunTime:0.0002s ]
SQL: SELECT * FROM `lxp_article` WHERE `is_delete` = 0 AND `is_show` = 1 ORDER BY addtime desc LIMIT 0,10   [ RunTime:0.0011s ]
SQL: SHOW COLUMNS FROM `lxp_article_tag` [ RunTime:0.0008s ]
SQL: SHOW COLUMNS FROM `lxp_article_tag` [ RunTime:0.0007s ]
SQL: SELECT * FROM `lxp_article_tag` INNER JOIN lxp_tag ON lxp_article_tag.tid=lxp_tag.tid  WHERE `aid` = '22'  [ RunTime:0.0004s ]
SQL: SHOW COLUMNS FROM `lxp_article_pic` [ RunTime:0.0006s ]
SQL: SELECT `path` FROM `lxp_article_pic` WHERE `aid` = 22 ORDER BY ap_id asc LIMIT 1   [ RunTime:0.0002s ]
SQL: SELECT `cid`,`cid`,`cname` FROM `lxp_category` WHERE `cid` = 32  [ RunTime:0.0002s ]
SQL: SELECT * FROM `lxp_article_tag` INNER JOIN lxp_tag ON lxp_article_tag.tid=lxp_tag.tid  WHERE `aid` = '21'  [ RunTime:0.0003s ]
SQL: SELECT `path` FROM `lxp_article_pic` WHERE `aid` = 21 ORDER BY ap_id asc LIMIT 1   [ RunTime:0.0002s ]
SQL: SELECT `cid`,`cid`,`cname` FROM `lxp_category` WHERE `cid` = 31  [ RunTime:0.0002s ]
SQL: SELECT * FROM `lxp_article_tag` INNER JOIN lxp_tag ON lxp_article_tag.tid=lxp_tag.tid  WHERE `aid` = '20'  [ RunTime:0.0003s ]
SQL: SELECT `path` FROM `lxp_article_pic` WHERE `aid` = 20 ORDER BY ap_id asc LIMIT 1   [ RunTime:0.0002s ]
SQL: SELECT `cid`,`cid`,`cname` FROM `lxp_category` WHERE `cid` = 30  [ RunTime:0.0002s ]
SQL: SELECT * FROM `lxp_article_tag` INNER JOIN lxp_tag ON lxp_article_tag.tid=lxp_tag.tid  WHERE `aid` = '19'  [ RunTime:0.0003s ]
SQL: SELECT `path` FROM `lxp_article_pic` WHERE `aid` = 19 ORDER BY ap_id asc LIMIT 1   [ RunTime:0.0002s ]
SQL: SELECT `cid`,`cid`,`cname` FROM `lxp_category` WHERE `cid` = 30  [ RunTime:0.0002s ]
SQL: SELECT * FROM `lxp_article_tag` INNER JOIN lxp_tag ON lxp_article_tag.tid=lxp_tag.tid  WHERE `aid` = '18'  [ RunTime:0.0003s ]
SQL: SELECT `path` FROM `lxp_article_pic` WHERE `aid` = 18 ORDER BY ap_id asc LIMIT 1   [ RunTime:0.0002s ]
SQL: SELECT `cid`,`cid`,`cname` FROM `lxp_category` WHERE `cid` = 29  [ RunTime:0.0002s ]
INFO: [ view_parse ] --START--
INFO: [ template_filter ] --START--
INFO: Run Behavior\ContentReplaceBehavior [ RunTime:0.000119s ]
INFO: [ template_filter ] --END-- [ RunTime:0.000182s ]
NOTIC: [8] Use of undefined constant url - assumed 'url' /www/wwwroot/blog/Runtime/Cache/Home/08d30c77e78bd0ac29232fbc421b5dcd.php 第 6 行.
INFO: Run Behavior\ParseTemplateBehavior [ RunTime:0.024707s ]
INFO: [ view_parse ] --END-- [ RunTime:0.024741s ]
INFO: [ view_filter ] --START--
INFO: Run Behavior\WriteHtmlCacheBehavior [ RunTime:0.000164s ]
INFO: [ view_filter ] --END-- [ RunTime:0.000183s ]
INFO: [ app_end ] --START--
INFO: Run Behavior\ShowPageTraceBehavior [ RunTime:0.000542s ]
INFO: [ app_end ] --END-- [ RunTime:0.000578s ]

[ 2018-09-14T22:09:35+08:00 ] 1.180.210.58 /
INFO: [ app_init ] --START--
INFO: Run Behavior\BuildLiteBehavior [ RunTime:0.000023s ]
INFO: [ app_init ] --END-- [ RunTime:0.000317s ]
INFO: [ app_begin ] --START--
INFO: Run Behavior\ReadHtmlCacheBehavior [ RunTime:0.000373s ]
INFO: [ app_begin ] --END-- [ RunTime:0.000399s ]
SQL: SHOW COLUMNS FROM `lxp_article` [ RunTime:0.0016s ]
SQL: SELECT `aid`,`title` FROM `lxp_article` WHERE `is_show` = 1 AND `is_delete` = 0 AND `is_top` = 1 ORDER BY aid desc  [ RunTime:0.0004s ]
SQL: SHOW COLUMNS FROM `lxp_comment` [ RunTime:0.0006s ]
SQL: SHOW COLUMNS FROM `lxp_oauth_user` [ RunTime:0.0007s ]
SQL: SELECT `id` FROM `lxp_oauth_user` WHERE (  is_admin )  [ RunTime:0.0002s ]
SQL: SELECT c.content,c.date,a.title,a.aid,ou.nickname,ou.head_img FROM lxp_comment c INNER JOIN lxp_article a ON c.aid=a.aid INNER JOIN lxp_oauth_user ou ON c.ouid=ou.id  WHERE c.is_delete = 0 ORDER BY c.date desc LIMIT 20   [ RunTime:0.0006s ]
NOTIC: [2] Invalid argument supplied for foreach() /www/wwwroot/blog/Application/Common/Model/CommentModel.class.php 第 202 行.
SQL: SHOW COLUMNS FROM `lxp_category` [ RunTime:0.0006s ]
SQL: SELECT * FROM `lxp_category` ORDER BY sort  [ RunTime:0.0003s ]
SQL: SHOW COLUMNS FROM `lxp_tag` [ RunTime:0.0005s ]
SQL: SELECT * FROM `lxp_tag`  [ RunTime:0.0002s ]
SQL: SHOW COLUMNS FROM `lxp_article_tag` [ RunTime:0.0005s ]
SQL: SELECT COUNT(*) AS tp_count FROM `lxp_article_tag` WHERE `tid` = 21 LIMIT 1   [ RunTime:0.0002s ]
SQL: SELECT COUNT(*) AS tp_count FROM `lxp_article_tag` WHERE `tid` = 22 LIMIT 1   [ RunTime:0.0002s ]
SQL: SELECT COUNT(*) AS tp_count FROM `lxp_article_tag` WHERE `tid` = 23 LIMIT 1   [ RunTime:0.0002s ]
SQL: SELECT COUNT(*) AS tp_count FROM `lxp_article_tag` WHERE `tid` = 24 LIMIT 1   [ RunTime:0.0002s ]
SQL: SHOW COLUMNS FROM `lxp_link` [ RunTime:0.0005s ]
SQL: SELECT * FROM `lxp_link` WHERE `is_delete` = 0 AND `is_show` = 1 ORDER BY sort  [ RunTime:0.0002s ]
SQL: SHOW COLUMNS FROM `lxp_article` [ RunTime:0.0007s ]
SQL: SELECT COUNT(*) AS tp_count FROM `lxp_article` WHERE `is_delete` = 0 AND `is_show` = 1 LIMIT 1   [ RunTime:0.0002s ]
SQL: SELECT * FROM `lxp_article` WHERE `is_delete` = 0 AND `is_show` = 1 ORDER BY addtime desc LIMIT 0,10   [ RunTime:0.0010s ]
SQL: SHOW COLUMNS FROM `lxp_article_tag` [ RunTime:0.0005s ]
SQL: SHOW COLUMNS FROM `lxp_article_tag` [ RunTime:0.0005s ]
SQL: SELECT * FROM `lxp_article_tag` INNER JOIN lxp_tag ON lxp_article_tag.tid=lxp_tag.tid  WHERE `aid` = '22'  [ RunTime:0.0004s ]
SQL: SHOW COLUMNS FROM `lxp_article_pic` [ RunTime:0.0015s ]
SQL: SELECT `path` FROM `lxp_article_pic` WHERE `aid` = 22 ORDER BY ap_id asc LIMIT 1   [ RunTime:0.0003s ]
SQL: SELECT `cid`,`cid`,`cname` FROM `lxp_category` WHERE `cid` = 32  [ RunTime:0.0002s ]
SQL: SELECT * FROM `lxp_article_tag` INNER JOIN lxp_tag ON lxp_article_tag.tid=lxp_tag.tid  WHERE `aid` = '21'  [ RunTime:0.0002s ]
SQL: SELECT `path` FROM `lxp_article_pic` WHERE `aid` = 21 ORDER BY ap_id asc LIMIT 1   [ RunTime:0.0002s ]
SQL: SELECT `cid`,`cid`,`cname` FROM `lxp_category` WHERE `cid` = 31  [ RunTime:0.0002s ]
SQL: SELECT * FROM `lxp_article_tag` INNER JOIN lxp_tag ON lxp_article_tag.tid=lxp_tag.tid  WHERE `aid` = '20'  [ RunTime:0.0002s ]
SQL: SELECT `path` FROM `lxp_article_pic` WHERE `aid` = 20 ORDER BY ap_id asc LIMIT 1   [ RunTime:0.0002s ]
SQL: SELECT `cid`,`cid`,`cname` FROM `lxp_category` WHERE `cid` = 30  [ RunTime:0.0002s ]
SQL: SELECT * FROM `lxp_article_tag` INNER JOIN lxp_tag ON lxp_article_tag.tid=lxp_tag.tid  WHERE `aid` = '19'  [ RunTime:0.0002s ]
SQL: SELECT `path` FROM `lxp_article_pic` WHERE `aid` = 19 ORDER BY ap_id asc LIMIT 1   [ RunTime:0.0002s ]
SQL: SELECT `cid`,`cid`,`cname` FROM `lxp_category` WHERE `cid` = 30  [ RunTime:0.0002s ]
SQL: SELECT * FROM `lxp_article_tag` INNER JOIN lxp_tag ON lxp_article_tag.tid=lxp_tag.tid  WHERE `aid` = '18'  [ RunTime:0.0002s ]
SQL: SELECT `path` FROM `lxp_article_pic` WHERE `aid` = 18 ORDER BY ap_id asc LIMIT 1   [ RunTime:0.0002s ]
SQL: SELECT `cid`,`cid`,`cname` FROM `lxp_category` WHERE `cid` = 29  [ RunTime:0.0002s ]
INFO: [ view_parse ] --START--
INFO: [ template_filter ] --START--
INFO: Run Behavior\ContentReplaceBehavior [ RunTime:0.000117s ]
INFO: [ template_filter ] --END-- [ RunTime:0.000158s ]
NOTIC: [8] Use of undefined constant url - assumed 'url' /www/wwwroot/blog/Runtime/Cache/Home/08d30c77e78bd0ac29232fbc421b5dcd.php 第 6 行.
INFO: Run Behavior\ParseTemplateBehavior [ RunTime:0.011153s ]
INFO: [ view_parse ] --END-- [ RunTime:0.011182s ]
INFO: [ view_filter ] --START--
INFO: Run Behavior\WriteHtmlCacheBehavior [ RunTime:0.000125s ]
INFO: [ view_filter ] --END-- [ RunTime:0.000145s ]
INFO: [ app_end ] --START--
INFO: Run Behavior\ShowPageTraceBehavior [ RunTime:0.000422s ]
INFO: [ app_end ] --END-- [ RunTime:0.000449s ]

