[ 2018-10-27T03:42:59+08:00 ] 220.181.108.91 /
INFO: [ app_init ] --START--
INFO: Run Behavior\BuildLiteBehavior [ RunTime:0.000021s ]
INFO: [ app_init ] --END-- [ RunTime:0.000317s ]
INFO: [ app_begin ] --START--
INFO: Run Behavior\ReadHtmlCacheBehavior [ RunTime:0.000363s ]
INFO: [ app_begin ] --END-- [ RunTime:0.000397s ]
SQL: SHOW COLUMNS FROM `lxp_article` [ RunTime:0.0047s ]
SQL: SELECT `aid`,`title` FROM `lxp_article` WHERE `is_show` = 1 AND `is_delete` = 0 AND `is_top` = 1 ORDER BY aid desc  [ RunTime:0.0008s ]
SQL: SHOW COLUMNS FROM `lxp_comment` [ RunTime:0.0007s ]
SQL: SHOW COLUMNS FROM `lxp_oauth_user` [ RunTime:0.0008s ]
SQL: SELECT `id` FROM `lxp_oauth_user` WHERE (  is_admin )  [ RunTime:0.0002s ]
SQL: SELECT c.content,c.date,a.title,a.aid,ou.nickname,ou.head_img FROM lxp_comment c INNER JOIN lxp_article a ON c.aid=a.aid INNER JOIN lxp_oauth_user ou ON c.ouid=ou.id  WHERE c.is_delete = 0 ORDER BY c.date desc LIMIT 20   [ RunTime:0.0007s ]
NOTIC: [2] Invalid argument supplied for foreach() /www/wwwroot/blog/Application/Common/Model/CommentModel.class.php 第 202 行.
SQL: SHOW COLUMNS FROM `lxp_category` [ RunTime:0.0006s ]
SQL: SELECT * FROM `lxp_category` ORDER BY sort  [ RunTime:0.0003s ]
SQL: SHOW COLUMNS FROM `lxp_tag` [ RunTime:0.0039s ]
SQL: SELECT * FROM `lxp_tag`  [ RunTime:0.0003s ]
SQL: SHOW COLUMNS FROM `lxp_article_tag` [ RunTime:0.0007s ]
SQL: SELECT COUNT(*) AS tp_count FROM `lxp_article_tag` WHERE `tid` = 21 LIMIT 1   [ RunTime:0.0004s ]
SQL: SELECT COUNT(*) AS tp_count FROM `lxp_article_tag` WHERE `tid` = 22 LIMIT 1   [ RunTime:0.0002s ]
SQL: SELECT COUNT(*) AS tp_count FROM `lxp_article_tag` WHERE `tid` = 23 LIMIT 1   [ RunTime:0.0002s ]
SQL: SELECT COUNT(*) AS tp_count FROM `lxp_article_tag` WHERE `tid` = 24 LIMIT 1   [ RunTime:0.0002s ]
SQL: SELECT COUNT(*) AS tp_count FROM `lxp_article_tag` WHERE `tid` = 25 LIMIT 1   [ RunTime:0.0002s ]
SQL: SHOW COLUMNS FROM `lxp_link` [ RunTime:0.0008s ]
SQL: SELECT * FROM `lxp_link` WHERE `is_delete` = 0 AND `is_show` = 1 ORDER BY sort  [ RunTime:0.0003s ]
SQL: SHOW COLUMNS FROM `lxp_article` [ RunTime:0.0008s ]
SQL: SELECT COUNT(*) AS tp_count FROM `lxp_article` WHERE `is_delete` = 0 AND `is_show` = 1 LIMIT 1   [ RunTime:0.0003s ]
SQL: SELECT * FROM `lxp_article` WHERE `is_delete` = 0 AND `is_show` = 1 ORDER BY addtime desc LIMIT 0,10   [ RunTime:0.0047s ]
SQL: SHOW COLUMNS FROM `lxp_article_tag` [ RunTime:0.0007s ]
SQL: SHOW COLUMNS FROM `lxp_article_tag` [ RunTime:0.0005s ]
SQL: SELECT * FROM `lxp_article_tag` INNER JOIN lxp_tag ON lxp_article_tag.tid=lxp_tag.tid  WHERE `aid` = '23'  [ RunTime:0.0004s ]
SQL: SHOW COLUMNS FROM `lxp_article_pic` [ RunTime:0.0006s ]
SQL: SELECT `path` FROM `lxp_article_pic` WHERE `aid` = 23 ORDER BY ap_id asc LIMIT 1   [ RunTime:0.0002s ]
SQL: SELECT `cid`,`cid`,`cname` FROM `lxp_category` WHERE `cid` = 33  [ RunTime:0.0002s ]
SQL: SELECT * FROM `lxp_article_tag` INNER JOIN lxp_tag ON lxp_article_tag.tid=lxp_tag.tid  WHERE `aid` = '22'  [ RunTime:0.0003s ]
SQL: SELECT `path` FROM `lxp_article_pic` WHERE `aid` = 22 ORDER BY ap_id asc LIMIT 1   [ RunTime:0.0002s ]
SQL: SELECT `cid`,`cid`,`cname` FROM `lxp_category` WHERE `cid` = 32  [ RunTime:0.0002s ]
SQL: SELECT * FROM `lxp_article_tag` INNER JOIN lxp_tag ON lxp_article_tag.tid=lxp_tag.tid  WHERE `aid` = '21'  [ RunTime:0.0003s ]
SQL: SELECT `path` FROM `lxp_article_pic` WHERE `aid` = 21 ORDER BY ap_id asc LIMIT 1   [ RunTime:0.0002s ]
SQL: SELECT `cid`,`cid`,`cname` FROM `lxp_category` WHERE `cid` = 31  [ RunTime:0.0002s ]
SQL: SELECT * FROM `lxp_article_tag` INNER JOIN lxp_tag ON lxp_article_tag.tid=lxp_tag.tid  WHERE `aid` = '20'  [ RunTime:0.0002s ]
SQL: SELECT `path` FROM `lxp_article_pic` WHERE `aid` = 20 ORDER BY ap_id asc LIMIT 1   [ RunTime:0.0002s ]
SQL: SELECT `cid`,`cid`,`cname` FROM `lxp_category` WHERE `cid` = 30  [ RunTime:0.0002s ]
SQL: SELECT * FROM `lxp_article_tag` INNER JOIN lxp_tag ON lxp_article_tag.tid=lxp_tag.tid  WHERE `aid` = '19'  [ RunTime:0.0003s ]
SQL: SELECT `path` FROM `lxp_article_pic` WHERE `aid` = 19 ORDER BY ap_id asc LIMIT 1   [ RunTime:0.0002s ]
SQL: SELECT `cid`,`cid`,`cname` FROM `lxp_category` WHERE `cid` = 30  [ RunTime:0.0002s ]
SQL: SELECT * FROM `lxp_article_tag` INNER JOIN lxp_tag ON lxp_article_tag.tid=lxp_tag.tid  WHERE `aid` = '18'  [ RunTime:0.0003s ]
SQL: SELECT `path` FROM `lxp_article_pic` WHERE `aid` = 18 ORDER BY ap_id asc LIMIT 1   [ RunTime:0.0002s ]
SQL: SELECT `cid`,`cid`,`cname` FROM `lxp_category` WHERE `cid` = 29  [ RunTime:0.0002s ]
INFO: [ view_parse ] --START--
INFO: [ template_filter ] --START--
INFO: Run Behavior\ContentReplaceBehavior [ RunTime:0.000105s ]
INFO: [ template_filter ] --END-- [ RunTime:0.000162s ]
NOTIC: [8] Use of undefined constant url - assumed 'url' /www/wwwroot/blog/Runtime/Cache/Home/08d30c77e78bd0ac29232fbc421b5dcd.php 第 6 行.
INFO: Run Behavior\ParseTemplateBehavior [ RunTime:0.012226s ]
INFO: [ view_parse ] --END-- [ RunTime:0.012256s ]
INFO: [ view_filter ] --START--
INFO: Run Behavior\WriteHtmlCacheBehavior [ RunTime:0.000148s ]
INFO: [ view_filter ] --END-- [ RunTime:0.000175s ]
INFO: [ app_end ] --START--
INFO: Run Behavior\ShowPageTraceBehavior [ RunTime:0.000460s ]
INFO: [ app_end ] --END-- [ RunTime:0.000492s ]

[ 2018-10-27T06:20:37+08:00 ] 124.64.221.191 /
INFO: [ app_init ] --START--
INFO: Run Behavior\BuildLiteBehavior [ RunTime:0.000017s ]
INFO: [ app_init ] --END-- [ RunTime:0.000340s ]
INFO: [ app_begin ] --START--
INFO: Run Behavior\ReadHtmlCacheBehavior [ RunTime:0.000366s ]
INFO: [ app_begin ] --END-- [ RunTime:0.000392s ]
SQL: SHOW COLUMNS FROM `lxp_article` [ RunTime:0.0035s ]
SQL: SELECT `aid`,`title` FROM `lxp_article` WHERE `is_show` = 1 AND `is_delete` = 0 AND `is_top` = 1 ORDER BY aid desc  [ RunTime:0.0004s ]
SQL: SHOW COLUMNS FROM `lxp_comment` [ RunTime:0.0007s ]
SQL: SHOW COLUMNS FROM `lxp_oauth_user` [ RunTime:0.0007s ]
SQL: SELECT `id` FROM `lxp_oauth_user` WHERE (  is_admin )  [ RunTime:0.0002s ]
SQL: SELECT c.content,c.date,a.title,a.aid,ou.nickname,ou.head_img FROM lxp_comment c INNER JOIN lxp_article a ON c.aid=a.aid INNER JOIN lxp_oauth_user ou ON c.ouid=ou.id  WHERE c.is_delete = 0 ORDER BY c.date desc LIMIT 20   [ RunTime:0.0006s ]
NOTIC: [2] Invalid argument supplied for foreach() /www/wwwroot/blog/Application/Common/Model/CommentModel.class.php 第 202 行.
SQL: SHOW COLUMNS FROM `lxp_category` [ RunTime:0.0006s ]
SQL: SELECT * FROM `lxp_category` ORDER BY sort  [ RunTime:0.0003s ]
SQL: SHOW COLUMNS FROM `lxp_tag` [ RunTime:0.0006s ]
SQL: SELECT * FROM `lxp_tag`  [ RunTime:0.0002s ]
SQL: SHOW COLUMNS FROM `lxp_article_tag` [ RunTime:0.0005s ]
SQL: SELECT COUNT(*) AS tp_count FROM `lxp_article_tag` WHERE `tid` = 21 LIMIT 1   [ RunTime:0.0002s ]
SQL: SELECT COUNT(*) AS tp_count FROM `lxp_article_tag` WHERE `tid` = 22 LIMIT 1   [ RunTime:0.0002s ]
SQL: SELECT COUNT(*) AS tp_count FROM `lxp_article_tag` WHERE `tid` = 23 LIMIT 1   [ RunTime:0.0002s ]
SQL: SELECT COUNT(*) AS tp_count FROM `lxp_article_tag` WHERE `tid` = 24 LIMIT 1   [ RunTime:0.0002s ]
SQL: SELECT COUNT(*) AS tp_count FROM `lxp_article_tag` WHERE `tid` = 25 LIMIT 1   [ RunTime:0.0002s ]
SQL: SHOW COLUMNS FROM `lxp_link` [ RunTime:0.0006s ]
SQL: SELECT * FROM `lxp_link` WHERE `is_delete` = 0 AND `is_show` = 1 ORDER BY sort  [ RunTime:0.0003s ]
SQL: SHOW COLUMNS FROM `lxp_article` [ RunTime:0.0006s ]
SQL: SELECT COUNT(*) AS tp_count FROM `lxp_article` WHERE `is_delete` = 0 AND `is_show` = 1 LIMIT 1   [ RunTime:0.0002s ]
SQL: SELECT * FROM `lxp_article` WHERE `is_delete` = 0 AND `is_show` = 1 ORDER BY addtime desc LIMIT 0,10   [ RunTime:0.0050s ]
SQL: SHOW COLUMNS FROM `lxp_article_tag` [ RunTime:0.0007s ]
SQL: SHOW COLUMNS FROM `lxp_article_tag` [ RunTime:0.0006s ]
SQL: SELECT * FROM `lxp_article_tag` INNER JOIN lxp_tag ON lxp_article_tag.tid=lxp_tag.tid  WHERE `aid` = '23'  [ RunTime:0.0004s ]
SQL: SHOW COLUMNS FROM `lxp_article_pic` [ RunTime:0.0005s ]
SQL: SELECT `path` FROM `lxp_article_pic` WHERE `aid` = 23 ORDER BY ap_id asc LIMIT 1   [ RunTime:0.0003s ]
SQL: SELECT `cid`,`cid`,`cname` FROM `lxp_category` WHERE `cid` = 33  [ RunTime:0.0002s ]
SQL: SELECT * FROM `lxp_article_tag` INNER JOIN lxp_tag ON lxp_article_tag.tid=lxp_tag.tid  WHERE `aid` = '22'  [ RunTime:0.0003s ]
SQL: SELECT `path` FROM `lxp_article_pic` WHERE `aid` = 22 ORDER BY ap_id asc LIMIT 1   [ RunTime:0.0002s ]
SQL: SELECT `cid`,`cid`,`cname` FROM `lxp_category` WHERE `cid` = 32  [ RunTime:0.0002s ]
SQL: SELECT * FROM `lxp_article_tag` INNER JOIN lxp_tag ON lxp_article_tag.tid=lxp_tag.tid  WHERE `aid` = '21'  [ RunTime:0.0003s ]
SQL: SELECT `path` FROM `lxp_article_pic` WHERE `aid` = 21 ORDER BY ap_id asc LIMIT 1   [ RunTime:0.0002s ]
SQL: SELECT `cid`,`cid`,`cname` FROM `lxp_category` WHERE `cid` = 31  [ RunTime:0.0002s ]
SQL: SELECT * FROM `lxp_article_tag` INNER JOIN lxp_tag ON lxp_article_tag.tid=lxp_tag.tid  WHERE `aid` = '20'  [ RunTime:0.0003s ]
SQL: SELECT `path` FROM `lxp_article_pic` WHERE `aid` = 20 ORDER BY ap_id asc LIMIT 1   [ RunTime:0.0002s ]
SQL: SELECT `cid`,`cid`,`cname` FROM `lxp_category` WHERE `cid` = 30  [ RunTime:0.0002s ]
SQL: SELECT * FROM `lxp_article_tag` INNER JOIN lxp_tag ON lxp_article_tag.tid=lxp_tag.tid  WHERE `aid` = '19'  [ RunTime:0.0003s ]
SQL: SELECT `path` FROM `lxp_article_pic` WHERE `aid` = 19 ORDER BY ap_id asc LIMIT 1   [ RunTime:0.0002s ]
SQL: SELECT `cid`,`cid`,`cname` FROM `lxp_category` WHERE `cid` = 30  [ RunTime:0.0002s ]
SQL: SELECT * FROM `lxp_article_tag` INNER JOIN lxp_tag ON lxp_article_tag.tid=lxp_tag.tid  WHERE `aid` = '18'  [ RunTime:0.0003s ]
SQL: SELECT `path` FROM `lxp_article_pic` WHERE `aid` = 18 ORDER BY ap_id asc LIMIT 1   [ RunTime:0.0002s ]
SQL: SELECT `cid`,`cid`,`cname` FROM `lxp_category` WHERE `cid` = 29  [ RunTime:0.0002s ]
INFO: [ view_parse ] --START--
INFO: [ template_filter ] --START--
INFO: Run Behavior\ContentReplaceBehavior [ RunTime:0.000106s ]
INFO: [ template_filter ] --END-- [ RunTime:0.000148s ]
NOTIC: [8] Use of undefined constant url - assumed 'url' /www/wwwroot/blog/Runtime/Cache/Home/08d30c77e78bd0ac29232fbc421b5dcd.php 第 6 行.
INFO: Run Behavior\ParseTemplateBehavior [ RunTime:0.013212s ]
INFO: [ view_parse ] --END-- [ RunTime:0.013255s ]
INFO: [ view_filter ] --START--
INFO: Run Behavior\WriteHtmlCacheBehavior [ RunTime:0.000127s ]
INFO: [ view_filter ] --END-- [ RunTime:0.000148s ]
INFO: [ app_end ] --START--
INFO: Run Behavior\ShowPageTraceBehavior [ RunTime:0.000389s ]
INFO: [ app_end ] --END-- [ RunTime:0.000416s ]

[ 2018-10-27T09:45:07+08:00 ] 220.181.108.180 /
INFO: [ app_init ] --START--
INFO: Run Behavior\BuildLiteBehavior [ RunTime:0.000021s ]
INFO: [ app_init ] --END-- [ RunTime:0.000346s ]
INFO: [ app_begin ] --START--
INFO: Run Behavior\ReadHtmlCacheBehavior [ RunTime:0.000333s ]
INFO: [ app_begin ] --END-- [ RunTime:0.000367s ]
SQL: SHOW COLUMNS FROM `lxp_article` [ RunTime:0.0027s ]
SQL: SELECT `aid`,`title` FROM `lxp_article` WHERE `is_show` = 1 AND `is_delete` = 0 AND `is_top` = 1 ORDER BY aid desc  [ RunTime:0.0009s ]
SQL: SHOW COLUMNS FROM `lxp_comment` [ RunTime:0.0008s ]
SQL: SHOW COLUMNS FROM `lxp_oauth_user` [ RunTime:0.0007s ]
SQL: SELECT `id` FROM `lxp_oauth_user` WHERE (  is_admin )  [ RunTime:0.0003s ]
SQL: SELECT c.content,c.date,a.title,a.aid,ou.nickname,ou.head_img FROM lxp_comment c INNER JOIN lxp_article a ON c.aid=a.aid INNER JOIN lxp_oauth_user ou ON c.ouid=ou.id  WHERE c.is_delete = 0 ORDER BY c.date desc LIMIT 20   [ RunTime:0.0009s ]
NOTIC: [2] Invalid argument supplied for foreach() /www/wwwroot/blog/Application/Common/Model/CommentModel.class.php 第 202 行.
SQL: SHOW COLUMNS FROM `lxp_category` [ RunTime:0.0025s ]
SQL: SELECT * FROM `lxp_category` ORDER BY sort  [ RunTime:0.0004s ]
SQL: SHOW COLUMNS FROM `lxp_tag` [ RunTime:0.0006s ]
SQL: SELECT * FROM `lxp_tag`  [ RunTime:0.0003s ]
SQL: SHOW COLUMNS FROM `lxp_article_tag` [ RunTime:0.0006s ]
SQL: SELECT COUNT(*) AS tp_count FROM `lxp_article_tag` WHERE `tid` = 21 LIMIT 1   [ RunTime:0.0003s ]
SQL: SELECT COUNT(*) AS tp_count FROM `lxp_article_tag` WHERE `tid` = 22 LIMIT 1   [ RunTime:0.0002s ]
SQL: SELECT COUNT(*) AS tp_count FROM `lxp_article_tag` WHERE `tid` = 23 LIMIT 1   [ RunTime:0.0002s ]
SQL: SELECT COUNT(*) AS tp_count FROM `lxp_article_tag` WHERE `tid` = 24 LIMIT 1   [ RunTime:0.0002s ]
SQL: SELECT COUNT(*) AS tp_count FROM `lxp_article_tag` WHERE `tid` = 25 LIMIT 1   [ RunTime:0.0002s ]
SQL: SHOW COLUMNS FROM `lxp_link` [ RunTime:0.0007s ]
SQL: SELECT * FROM `lxp_link` WHERE `is_delete` = 0 AND `is_show` = 1 ORDER BY sort  [ RunTime:0.0074s ]
SQL: SHOW COLUMNS FROM `lxp_article` [ RunTime:0.0008s ]
SQL: SELECT COUNT(*) AS tp_count FROM `lxp_article` WHERE `is_delete` = 0 AND `is_show` = 1 LIMIT 1   [ RunTime:0.0002s ]
SQL: SELECT * FROM `lxp_article` WHERE `is_delete` = 0 AND `is_show` = 1 ORDER BY addtime desc LIMIT 0,10   [ RunTime:0.0016s ]
SQL: SHOW COLUMNS FROM `lxp_article_tag` [ RunTime:0.0006s ]
SQL: SHOW COLUMNS FROM `lxp_article_tag` [ RunTime:0.0005s ]
SQL: SELECT * FROM `lxp_article_tag` INNER JOIN lxp_tag ON lxp_article_tag.tid=lxp_tag.tid  WHERE `aid` = '23'  [ RunTime:0.0003s ]
SQL: SHOW COLUMNS FROM `lxp_article_pic` [ RunTime:0.0006s ]
SQL: SELECT `path` FROM `lxp_article_pic` WHERE `aid` = 23 ORDER BY ap_id asc LIMIT 1   [ RunTime:0.0002s ]
SQL: SELECT `cid`,`cid`,`cname` FROM `lxp_category` WHERE `cid` = 33  [ RunTime:0.0002s ]
SQL: SELECT * FROM `lxp_article_tag` INNER JOIN lxp_tag ON lxp_article_tag.tid=lxp_tag.tid  WHERE `aid` = '22'  [ RunTime:0.0003s ]
SQL: SELECT `path` FROM `lxp_article_pic` WHERE `aid` = 22 ORDER BY ap_id asc LIMIT 1   [ RunTime:0.0002s ]
SQL: SELECT `cid`,`cid`,`cname` FROM `lxp_category` WHERE `cid` = 32  [ RunTime:0.0002s ]
SQL: SELECT * FROM `lxp_article_tag` INNER JOIN lxp_tag ON lxp_article_tag.tid=lxp_tag.tid  WHERE `aid` = '21'  [ RunTime:0.0003s ]
SQL: SELECT `path` FROM `lxp_article_pic` WHERE `aid` = 21 ORDER BY ap_id asc LIMIT 1   [ RunTime:0.0002s ]
SQL: SELECT `cid`,`cid`,`cname` FROM `lxp_category` WHERE `cid` = 31  [ RunTime:0.0002s ]
SQL: SELECT * FROM `lxp_article_tag` INNER JOIN lxp_tag ON lxp_article_tag.tid=lxp_tag.tid  WHERE `aid` = '20'  [ RunTime:0.0002s ]
SQL: SELECT `path` FROM `lxp_article_pic` WHERE `aid` = 20 ORDER BY ap_id asc LIMIT 1   [ RunTime:0.0002s ]
SQL: SELECT `cid`,`cid`,`cname` FROM `lxp_category` WHERE `cid` = 30  [ RunTime:0.0002s ]
SQL: SELECT * FROM `lxp_article_tag` INNER JOIN lxp_tag ON lxp_article_tag.tid=lxp_tag.tid  WHERE `aid` = '19'  [ RunTime:0.0003s ]
SQL: SELECT `path` FROM `lxp_article_pic` WHERE `aid` = 19 ORDER BY ap_id asc LIMIT 1   [ RunTime:0.0002s ]
SQL: SELECT `cid`,`cid`,`cname` FROM `lxp_category` WHERE `cid` = 30  [ RunTime:0.0002s ]
SQL: SELECT * FROM `lxp_article_tag` INNER JOIN lxp_tag ON lxp_article_tag.tid=lxp_tag.tid  WHERE `aid` = '18'  [ RunTime:0.0003s ]
SQL: SELECT `path` FROM `lxp_article_pic` WHERE `aid` = 18 ORDER BY ap_id asc LIMIT 1   [ RunTime:0.0002s ]
SQL: SELECT `cid`,`cid`,`cname` FROM `lxp_category` WHERE `cid` = 29  [ RunTime:0.0002s ]
INFO: [ view_parse ] --START--
INFO: [ template_filter ] --START--
INFO: Run Behavior\ContentReplaceBehavior [ RunTime:0.000103s ]
INFO: [ template_filter ] --END-- [ RunTime:0.000135s ]
NOTIC: [8] Use of undefined constant url - assumed 'url' /www/wwwroot/blog/Runtime/Cache/Home/08d30c77e78bd0ac29232fbc421b5dcd.php 第 6 行.
INFO: Run Behavior\ParseTemplateBehavior [ RunTime:0.011444s ]
INFO: [ view_parse ] --END-- [ RunTime:0.011469s ]
INFO: [ view_filter ] --START--
INFO: Run Behavior\WriteHtmlCacheBehavior [ RunTime:0.000126s ]
INFO: [ view_filter ] --END-- [ RunTime:0.000149s ]
INFO: [ app_end ] --START--
INFO: Run Behavior\ShowPageTraceBehavior [ RunTime:0.000477s ]
INFO: [ app_end ] --END-- [ RunTime:0.000506s ]

[ 2018-10-27T15:27:40+08:00 ] 123.125.71.88 /article/23
INFO: [ app_init ] --START--
INFO: Run Behavior\BuildLiteBehavior [ RunTime:0.000022s ]
INFO: [ app_init ] --END-- [ RunTime:0.000386s ]
INFO: [ app_begin ] --START--
INFO: Run Behavior\ReadHtmlCacheBehavior [ RunTime:0.000365s ]
INFO: [ app_begin ] --END-- [ RunTime:0.000391s ]
SQL: SHOW COLUMNS FROM `lxp_article` [ RunTime:0.0102s ]
SQL: SELECT `aid`,`title` FROM `lxp_article` WHERE `is_show` = 1 AND `is_delete` = 0 AND `is_top` = 1 ORDER BY aid desc  [ RunTime:0.0021s ]
SQL: SHOW COLUMNS FROM `lxp_comment` [ RunTime:0.0008s ]
SQL: SHOW COLUMNS FROM `lxp_oauth_user` [ RunTime:0.0007s ]
SQL: SELECT `id` FROM `lxp_oauth_user` WHERE (  is_admin )  [ RunTime:0.0002s ]
SQL: SELECT c.content,c.date,a.title,a.aid,ou.nickname,ou.head_img FROM lxp_comment c INNER JOIN lxp_article a ON c.aid=a.aid INNER JOIN lxp_oauth_user ou ON c.ouid=ou.id  WHERE c.is_delete = 0 ORDER BY c.date desc LIMIT 20   [ RunTime:0.0013s ]
NOTIC: [2] Invalid argument supplied for foreach() /www/wwwroot/blog/Application/Common/Model/CommentModel.class.php 第 202 行.
SQL: SHOW COLUMNS FROM `lxp_category` [ RunTime:0.0007s ]
SQL: SELECT * FROM `lxp_category` ORDER BY sort  [ RunTime:0.0008s ]
SQL: SHOW COLUMNS FROM `lxp_tag` [ RunTime:0.0005s ]
SQL: SELECT * FROM `lxp_tag`  [ RunTime:0.0002s ]
SQL: SHOW COLUMNS FROM `lxp_article_tag` [ RunTime:0.0005s ]
SQL: SELECT COUNT(*) AS tp_count FROM `lxp_article_tag` WHERE `tid` = 21 LIMIT 1   [ RunTime:0.0007s ]
SQL: SELECT COUNT(*) AS tp_count FROM `lxp_article_tag` WHERE `tid` = 22 LIMIT 1   [ RunTime:0.0002s ]
SQL: SELECT COUNT(*) AS tp_count FROM `lxp_article_tag` WHERE `tid` = 23 LIMIT 1   [ RunTime:0.0002s ]
SQL: SELECT COUNT(*) AS tp_count FROM `lxp_article_tag` WHERE `tid` = 24 LIMIT 1   [ RunTime:0.0002s ]
SQL: SELECT COUNT(*) AS tp_count FROM `lxp_article_tag` WHERE `tid` = 25 LIMIT 1   [ RunTime:0.0002s ]
SQL: SHOW COLUMNS FROM `lxp_link` [ RunTime:0.0007s ]
SQL: SELECT * FROM `lxp_link` WHERE `is_delete` = 0 AND `is_show` = 1 ORDER BY sort  [ RunTime:0.0003s ]
NOTIC: [2] array_key_exists() expects parameter 2 to be array, null given /www/wwwroot/blog/Application/Home/Controller/IndexController.class.php 第 77 行.
SQL: UPDATE `lxp_article` SET `click`=click+1 WHERE `aid` = 23 [ RunTime:0.0098s ]
SQL: SHOW COLUMNS FROM `lxp_article` [ RunTime:0.0007s ]
NOTIC: [8] Undefined index: title /www/wwwroot/blog/Application/Common/Model/ArticleModel.class.php 第 335 行.
SQL: SELECT `aid`,`title` FROM `lxp_article` WHERE `title` LIKE '%%' AND (  `is_show` = 1 ) AND (  `is_delete` = 0 ) AND `aid` > 23 LIMIT 1   [ RunTime:0.0004s ]
SQL: SELECT `aid`,`title` FROM `lxp_article` WHERE `title` LIKE '%%' AND (  `is_show` = 1 ) AND (  `is_delete` = 0 ) AND `aid` < 23 ORDER BY aid desc LIMIT 1   [ RunTime:0.0003s ]
SQL: SELECT * FROM `lxp_article` WHERE `aid` = 23 LIMIT 1   [ RunTime:0.0004s ]
SQL: SHOW COLUMNS FROM `lxp_article_tag` [ RunTime:0.0005s ]
SQL: SELECT `tid` FROM `lxp_article_tag` WHERE `aid` = 23  [ RunTime:0.0002s ]
SQL: SHOW COLUMNS FROM `lxp_article_tag` [ RunTime:0.0005s ]
SQL: SELECT * FROM `lxp_article_tag` INNER JOIN lxp_tag ON lxp_article_tag.tid=lxp_tag.tid  WHERE `aid` = 23  [ RunTime:0.0003s ]
SQL: SELECT `cid`,`cid`,`cname`,`keywords` FROM `lxp_category` WHERE `cid` = 33  [ RunTime:0.0002s ]
SQL: SELECT c.*,ou.nickname,ou.head_img FROM lxp_comment c INNER JOIN lxp_oauth_user ou ON c.ouid=ou.id  WHERE c.status = 1 AND c.aid = 23 AND c.pid = 0 AND c.is_delete = 0 ORDER BY date desc  [ RunTime:0.0006s ]
NOTIC: [2] Invalid argument supplied for foreach() /www/wwwroot/blog/Application/Common/Model/CommentModel.class.php 第 135 行.
INFO: [ view_parse ] --START--
INFO: [ template_filter ] --START--
INFO: Run Behavior\ContentReplaceBehavior [ RunTime:0.000155s ]
INFO: [ template_filter ] --END-- [ RunTime:0.000187s ]
NOTIC: [8] Undefined variable: user_email /www/wwwroot/blog/Runtime/Cache/Home/d4c1149384e4970b24973a696680cd70.php 第 7 行.
NOTIC: [8] Undefined variable: user_email /www/wwwroot/blog/Runtime/Cache/Home/d4c1149384e4970b24973a696680cd70.php 第 9 行.
INFO: Run Behavior\ParseTemplateBehavior [ RunTime:0.012920s ]
INFO: [ view_parse ] --END-- [ RunTime:0.012949s ]
INFO: [ view_filter ] --START--
INFO: Run Behavior\WriteHtmlCacheBehavior [ RunTime:0.000120s ]
INFO: [ view_filter ] --END-- [ RunTime:0.000140s ]
INFO: [ app_end ] --START--
INFO: Run Behavior\ShowPageTraceBehavior [ RunTime:0.000381s ]
INFO: [ app_end ] --END-- [ RunTime:0.000408s ]

[ 2018-10-27T19:01:23+08:00 ] 220.181.108.93 /tag/21
INFO: [ app_init ] --START--
INFO: Run Behavior\BuildLiteBehavior [ RunTime:0.000016s ]
INFO: [ app_init ] --END-- [ RunTime:0.000901s ]
INFO: [ app_begin ] --START--
INFO: Run Behavior\ReadHtmlCacheBehavior [ RunTime:0.000985s ]
INFO: [ app_begin ] --END-- [ RunTime:0.001036s ]
SQL: SHOW COLUMNS FROM `lxp_article` [ RunTime:0.0025s ]
SQL: SELECT `aid`,`title` FROM `lxp_article` WHERE `is_show` = 1 AND `is_delete` = 0 AND `is_top` = 1 ORDER BY aid desc  [ RunTime:0.0008s ]
SQL: SHOW COLUMNS FROM `lxp_comment` [ RunTime:0.0008s ]
SQL: SHOW COLUMNS FROM `lxp_oauth_user` [ RunTime:0.0007s ]
SQL: SELECT `id` FROM `lxp_oauth_user` WHERE (  is_admin )  [ RunTime:0.0002s ]
SQL: SELECT c.content,c.date,a.title,a.aid,ou.nickname,ou.head_img FROM lxp_comment c INNER JOIN lxp_article a ON c.aid=a.aid INNER JOIN lxp_oauth_user ou ON c.ouid=ou.id  WHERE c.is_delete = 0 ORDER BY c.date desc LIMIT 20   [ RunTime:0.0030s ]
NOTIC: [2] Invalid argument supplied for foreach() /www/wwwroot/blog/Application/Common/Model/CommentModel.class.php 第 202 行.
SQL: SHOW COLUMNS FROM `lxp_category` [ RunTime:0.0007s ]
SQL: SELECT * FROM `lxp_category` ORDER BY sort  [ RunTime:0.0004s ]
SQL: SHOW COLUMNS FROM `lxp_tag` [ RunTime:0.0005s ]
SQL: SELECT * FROM `lxp_tag`  [ RunTime:0.0002s ]
SQL: SHOW COLUMNS FROM `lxp_article_tag` [ RunTime:0.0005s ]
SQL: SELECT COUNT(*) AS tp_count FROM `lxp_article_tag` WHERE `tid` = 21 LIMIT 1   [ RunTime:0.0003s ]
SQL: SELECT COUNT(*) AS tp_count FROM `lxp_article_tag` WHERE `tid` = 22 LIMIT 1   [ RunTime:0.0002s ]
SQL: SELECT COUNT(*) AS tp_count FROM `lxp_article_tag` WHERE `tid` = 23 LIMIT 1   [ RunTime:0.0002s ]
SQL: SELECT COUNT(*) AS tp_count FROM `lxp_article_tag` WHERE `tid` = 24 LIMIT 1   [ RunTime:0.0002s ]
SQL: SELECT COUNT(*) AS tp_count FROM `lxp_article_tag` WHERE `tid` = 25 LIMIT 1   [ RunTime:0.0002s ]
SQL: SHOW COLUMNS FROM `lxp_link` [ RunTime:0.0006s ]
SQL: SELECT * FROM `lxp_link` WHERE `is_delete` = 0 AND `is_show` = 1 ORDER BY sort  [ RunTime:0.0003s ]
SQL: SELECT `tname` FROM `lxp_tag` WHERE `tid` = 21 LIMIT 1   [ RunTime:0.0002s ]
SQL: SHOW COLUMNS FROM `lxp_article` [ RunTime:0.0013s ]
SQL: SHOW COLUMNS FROM `lxp_article_tag` [ RunTime:0.0005s ]
SQL: SELECT COUNT(*) AS tp_count FROM lxp_article_tag at INNER JOIN lxp_article a ON at.aid=a.aid  WHERE at.tid = 21 AND a.is_delete = 0 AND a.is_show = '1' LIMIT 1   [ RunTime:0.0003s ]
SQL: SELECT * FROM lxp_article_tag at INNER JOIN lxp_article a ON at.aid=a.aid  WHERE at.tid = 21 AND a.is_delete = 0 AND a.is_show = '1' ORDER BY a.addtime desc LIMIT 0,10   [ RunTime:0.0007s ]
SQL: SHOW COLUMNS FROM `lxp_article_tag` [ RunTime:0.0005s ]
SQL: SHOW COLUMNS FROM `lxp_article_tag` [ RunTime:0.0005s ]
SQL: SELECT * FROM `lxp_article_tag` INNER JOIN lxp_tag ON lxp_article_tag.tid=lxp_tag.tid  WHERE `aid` = '18'  [ RunTime:0.0003s ]
SQL: SHOW COLUMNS FROM `lxp_article_pic` [ RunTime:0.0006s ]
SQL: SELECT `path` FROM `lxp_article_pic` WHERE `aid` = 18 ORDER BY ap_id asc LIMIT 1   [ RunTime:0.0003s ]
SQL: SELECT `cid`,`cid`,`cname` FROM `lxp_category` WHERE `cid` = 29  [ RunTime:0.0002s ]
INFO: [ view_parse ] --START--
INFO: [ template_filter ] --START--
INFO: Run Behavior\ContentReplaceBehavior [ RunTime:0.000126s ]
INFO: [ template_filter ] --END-- [ RunTime:0.000174s ]
INFO: Run Behavior\ParseTemplateBehavior [ RunTime:0.021984s ]
INFO: [ view_parse ] --END-- [ RunTime:0.022020s ]
INFO: [ view_filter ] --START--
INFO: Run Behavior\WriteHtmlCacheBehavior [ RunTime:0.000135s ]
INFO: [ view_filter ] --END-- [ RunTime:0.000155s ]
INFO: [ app_end ] --START--
INFO: Run Behavior\ShowPageTraceBehavior [ RunTime:0.000407s ]
INFO: [ app_end ] --END-- [ RunTime:0.000441s ]

[ 2018-10-27T22:01:23+08:00 ] 123.125.71.39 /
INFO: [ app_init ] --START--
INFO: Run Behavior\BuildLiteBehavior [ RunTime:0.000015s ]
INFO: [ app_init ] --END-- [ RunTime:0.000340s ]
INFO: [ app_begin ] --START--
INFO: Run Behavior\ReadHtmlCacheBehavior [ RunTime:0.000326s ]
INFO: [ app_begin ] --END-- [ RunTime:0.000359s ]
SQL: SHOW COLUMNS FROM `lxp_article` [ RunTime:0.0025s ]
SQL: SELECT `aid`,`title` FROM `lxp_article` WHERE `is_show` = 1 AND `is_delete` = 0 AND `is_top` = 1 ORDER BY aid desc  [ RunTime:0.0006s ]
SQL: SHOW COLUMNS FROM `lxp_comment` [ RunTime:0.0008s ]
SQL: SHOW COLUMNS FROM `lxp_oauth_user` [ RunTime:0.0007s ]
SQL: SELECT `id` FROM `lxp_oauth_user` WHERE (  is_admin )  [ RunTime:0.0002s ]
SQL: SELECT c.content,c.date,a.title,a.aid,ou.nickname,ou.head_img FROM lxp_comment c INNER JOIN lxp_article a ON c.aid=a.aid INNER JOIN lxp_oauth_user ou ON c.ouid=ou.id  WHERE c.is_delete = 0 ORDER BY c.date desc LIMIT 20   [ RunTime:0.0007s ]
NOTIC: [2] Invalid argument supplied for foreach() /www/wwwroot/blog/Application/Common/Model/CommentModel.class.php 第 202 行.
SQL: SHOW COLUMNS FROM `lxp_category` [ RunTime:0.0008s ]
SQL: SELECT * FROM `lxp_category` ORDER BY sort  [ RunTime:0.0003s ]
SQL: SHOW COLUMNS FROM `lxp_tag` [ RunTime:0.0006s ]
SQL: SELECT * FROM `lxp_tag`  [ RunTime:0.0002s ]
SQL: SHOW COLUMNS FROM `lxp_article_tag` [ RunTime:0.0006s ]
SQL: SELECT COUNT(*) AS tp_count FROM `lxp_article_tag` WHERE `tid` = 21 LIMIT 1   [ RunTime:0.0003s ]
SQL: SELECT COUNT(*) AS tp_count FROM `lxp_article_tag` WHERE `tid` = 22 LIMIT 1   [ RunTime:0.0002s ]
SQL: SELECT COUNT(*) AS tp_count FROM `lxp_article_tag` WHERE `tid` = 23 LIMIT 1   [ RunTime:0.0002s ]
SQL: SELECT COUNT(*) AS tp_count FROM `lxp_article_tag` WHERE `tid` = 24 LIMIT 1   [ RunTime:0.0002s ]
SQL: SELECT COUNT(*) AS tp_count FROM `lxp_article_tag` WHERE `tid` = 25 LIMIT 1   [ RunTime:0.0002s ]
SQL: SHOW COLUMNS FROM `lxp_link` [ RunTime:0.0008s ]
SQL: SELECT * FROM `lxp_link` WHERE `is_delete` = 0 AND `is_show` = 1 ORDER BY sort  [ RunTime:0.0003s ]
SQL: SHOW COLUMNS FROM `lxp_article` [ RunTime:0.0007s ]
SQL: SELECT COUNT(*) AS tp_count FROM `lxp_article` WHERE `is_delete` = 0 AND `is_show` = 1 LIMIT 1   [ RunTime:0.0002s ]
SQL: SELECT * FROM `lxp_article` WHERE `is_delete` = 0 AND `is_show` = 1 ORDER BY addtime desc LIMIT 0,10   [ RunTime:0.0023s ]
SQL: SHOW COLUMNS FROM `lxp_article_tag` [ RunTime:0.0007s ]
SQL: SHOW COLUMNS FROM `lxp_article_tag` [ RunTime:0.0006s ]
SQL: SELECT * FROM `lxp_article_tag` INNER JOIN lxp_tag ON lxp_article_tag.tid=lxp_tag.tid  WHERE `aid` = '23'  [ RunTime:0.0004s ]
SQL: SHOW COLUMNS FROM `lxp_article_pic` [ RunTime:0.0006s ]
SQL: SELECT `path` FROM `lxp_article_pic` WHERE `aid` = 23 ORDER BY ap_id asc LIMIT 1   [ RunTime:0.0002s ]
SQL: SELECT `cid`,`cid`,`cname` FROM `lxp_category` WHERE `cid` = 33  [ RunTime:0.0002s ]
SQL: SELECT * FROM `lxp_article_tag` INNER JOIN lxp_tag ON lxp_article_tag.tid=lxp_tag.tid  WHERE `aid` = '22'  [ RunTime:0.0003s ]
SQL: SELECT `path` FROM `lxp_article_pic` WHERE `aid` = 22 ORDER BY ap_id asc LIMIT 1   [ RunTime:0.0002s ]
SQL: SELECT `cid`,`cid`,`cname` FROM `lxp_category` WHERE `cid` = 32  [ RunTime:0.0002s ]
SQL: SELECT * FROM `lxp_article_tag` INNER JOIN lxp_tag ON lxp_article_tag.tid=lxp_tag.tid  WHERE `aid` = '21'  [ RunTime:0.0003s ]
SQL: SELECT `path` FROM `lxp_article_pic` WHERE `aid` = 21 ORDER BY ap_id asc LIMIT 1   [ RunTime:0.0002s ]
SQL: SELECT `cid`,`cid`,`cname` FROM `lxp_category` WHERE `cid` = 31  [ RunTime:0.0002s ]
SQL: SELECT * FROM `lxp_article_tag` INNER JOIN lxp_tag ON lxp_article_tag.tid=lxp_tag.tid  WHERE `aid` = '20'  [ RunTime:0.0003s ]
SQL: SELECT `path` FROM `lxp_article_pic` WHERE `aid` = 20 ORDER BY ap_id asc LIMIT 1   [ RunTime:0.0002s ]
SQL: SELECT `cid`,`cid`,`cname` FROM `lxp_category` WHERE `cid` = 30  [ RunTime:0.0003s ]
SQL: SELECT * FROM `lxp_article_tag` INNER JOIN lxp_tag ON lxp_article_tag.tid=lxp_tag.tid  WHERE `aid` = '19'  [ RunTime:0.0003s ]
SQL: SELECT `path` FROM `lxp_article_pic` WHERE `aid` = 19 ORDER BY ap_id asc LIMIT 1   [ RunTime:0.0002s ]
SQL: SELECT `cid`,`cid`,`cname` FROM `lxp_category` WHERE `cid` = 30  [ RunTime:0.0002s ]
SQL: SELECT * FROM `lxp_article_tag` INNER JOIN lxp_tag ON lxp_article_tag.tid=lxp_tag.tid  WHERE `aid` = '18'  [ RunTime:0.0003s ]
SQL: SELECT `path` FROM `lxp_article_pic` WHERE `aid` = 18 ORDER BY ap_id asc LIMIT 1   [ RunTime:0.0002s ]
SQL: SELECT `cid`,`cid`,`cname` FROM `lxp_category` WHERE `cid` = 29  [ RunTime:0.0002s ]
INFO: [ view_parse ] --START--
INFO: [ template_filter ] --START--
INFO: Run Behavior\ContentReplaceBehavior [ RunTime:0.000108s ]
INFO: [ template_filter ] --END-- [ RunTime:0.000150s ]
NOTIC: [8] Use of undefined constant url - assumed 'url' /www/wwwroot/blog/Runtime/Cache/Home/08d30c77e78bd0ac29232fbc421b5dcd.php 第 6 行.
INFO: Run Behavior\ParseTemplateBehavior [ RunTime:0.010709s ]
INFO: [ view_parse ] --END-- [ RunTime:0.010741s ]
INFO: [ view_filter ] --START--
INFO: Run Behavior\WriteHtmlCacheBehavior [ RunTime:0.000136s ]
INFO: [ view_filter ] --END-- [ RunTime:0.000158s ]
INFO: [ app_end ] --START--
INFO: Run Behavior\ShowPageTraceBehavior [ RunTime:0.000442s ]
INFO: [ app_end ] --END-- [ RunTime:0.000472s ]

