[ 2020-01-20T03:15:39+08:00 ] 128.14.134.170 /
INFO: [ app_init ] --START--
INFO: Run Behavior\BuildLiteBehavior [ RunTime:0.000023s ]
INFO: [ app_init ] --END-- [ RunTime:0.000220s ]
INFO: [ app_begin ] --START--
INFO: Run Behavior\ReadHtmlCacheBehavior [ RunTime:0.000074s ]
INFO: [ app_begin ] --END-- [ RunTime:0.000093s ]
SQL: SHOW COLUMNS FROM `lxp_article` [ RunTime:0.0030s ]
SQL: SELECT `aid`,`title` FROM `lxp_article` WHERE `is_show` = 1 AND `is_delete` = 0 AND `is_top` = 1 ORDER BY aid desc  [ RunTime:0.0013s ]
SQL: SHOW COLUMNS FROM `lxp_comment` [ RunTime:0.0012s ]
SQL: SHOW COLUMNS FROM `lxp_oauth_user` [ RunTime:0.0008s ]
SQL: SELECT `id` FROM `lxp_oauth_user` WHERE (  is_admin )  [ RunTime:0.0003s ]
SQL: SELECT c.content,c.date,a.title,a.aid,ou.nickname,ou.head_img FROM lxp_comment c INNER JOIN lxp_article a ON c.aid=a.aid INNER JOIN lxp_oauth_user ou ON c.ouid=ou.id  WHERE c.is_delete = 0 ORDER BY c.date desc LIMIT 20   [ RunTime:0.0017s ]
NOTIC: [2] Invalid argument supplied for foreach() /www/wwwroot/blog/Application/Common/Model/CommentModel.class.php 第 202 行.
SQL: SHOW COLUMNS FROM `lxp_category` [ RunTime:0.0020s ]
SQL: SELECT * FROM `lxp_category` ORDER BY sort  [ RunTime:0.0007s ]
SQL: SHOW COLUMNS FROM `lxp_tag` [ RunTime:0.0009s ]
SQL: SELECT * FROM `lxp_tag`  [ RunTime:0.0003s ]
SQL: SHOW COLUMNS FROM `lxp_article_tag` [ RunTime:0.0006s ]
SQL: SELECT COUNT(*) AS tp_count FROM `lxp_article_tag` WHERE `tid` = 21 LIMIT 1   [ RunTime:0.0005s ]
SQL: SELECT COUNT(*) AS tp_count FROM `lxp_article_tag` WHERE `tid` = 22 LIMIT 1   [ RunTime:0.0002s ]
SQL: SELECT COUNT(*) AS tp_count FROM `lxp_article_tag` WHERE `tid` = 23 LIMIT 1   [ RunTime:0.0002s ]
SQL: SELECT COUNT(*) AS tp_count FROM `lxp_article_tag` WHERE `tid` = 24 LIMIT 1   [ RunTime:0.0002s ]
SQL: SELECT COUNT(*) AS tp_count FROM `lxp_article_tag` WHERE `tid` = 25 LIMIT 1   [ RunTime:0.0003s ]
SQL: SELECT COUNT(*) AS tp_count FROM `lxp_article_tag` WHERE `tid` = 26 LIMIT 1   [ RunTime:0.0002s ]
SQL: SELECT COUNT(*) AS tp_count FROM `lxp_article_tag` WHERE `tid` = 27 LIMIT 1   [ RunTime:0.0002s ]
SQL: SHOW COLUMNS FROM `lxp_link` [ RunTime:0.0016s ]
SQL: SELECT * FROM `lxp_link` WHERE `is_delete` = 0 AND `is_show` = 1 ORDER BY sort  [ RunTime:0.0005s ]
SQL: SHOW COLUMNS FROM `lxp_article` [ RunTime:0.0008s ]
SQL: SELECT COUNT(*) AS tp_count FROM `lxp_article` WHERE `is_delete` = 0 AND `is_show` = 1 LIMIT 1   [ RunTime:0.0003s ]
SQL: SELECT * FROM `lxp_article` WHERE `is_delete` = 0 AND `is_show` = 1 ORDER BY addtime desc LIMIT 0,10   [ RunTime:0.0036s ]
SQL: SHOW COLUMNS FROM `lxp_article_tag` [ RunTime:0.0009s ]
SQL: SHOW COLUMNS FROM `lxp_article_tag` [ RunTime:0.0005s ]
SQL: SELECT * FROM `lxp_article_tag` INNER JOIN lxp_tag ON lxp_article_tag.tid=lxp_tag.tid  WHERE `aid` = '63'  [ RunTime:0.0005s ]
SQL: SHOW COLUMNS FROM `lxp_article_pic` [ RunTime:0.0006s ]
SQL: SELECT `path` FROM `lxp_article_pic` WHERE `aid` = 63 ORDER BY ap_id asc LIMIT 1   [ RunTime:0.0003s ]
SQL: SELECT `cid`,`cid`,`cname` FROM `lxp_category` WHERE `cid` = 32  [ RunTime:0.0002s ]
SQL: SELECT * FROM `lxp_article_tag` INNER JOIN lxp_tag ON lxp_article_tag.tid=lxp_tag.tid  WHERE `aid` = '62'  [ RunTime:0.0003s ]
SQL: SELECT `path` FROM `lxp_article_pic` WHERE `aid` = 62 ORDER BY ap_id asc LIMIT 1   [ RunTime:0.0002s ]
SQL: SELECT `cid`,`cid`,`cname` FROM `lxp_category` WHERE `cid` = 34  [ RunTime:0.0002s ]
SQL: SELECT * FROM `lxp_article_tag` INNER JOIN lxp_tag ON lxp_article_tag.tid=lxp_tag.tid  WHERE `aid` = '61'  [ RunTime:0.0003s ]
SQL: SELECT `path` FROM `lxp_article_pic` WHERE `aid` = 61 ORDER BY ap_id asc LIMIT 1   [ RunTime:0.0002s ]
SQL: SELECT `cid`,`cid`,`cname` FROM `lxp_category` WHERE `cid` = 34  [ RunTime:0.0002s ]
SQL: SELECT * FROM `lxp_article_tag` INNER JOIN lxp_tag ON lxp_article_tag.tid=lxp_tag.tid  WHERE `aid` = '60'  [ RunTime:0.0003s ]
SQL: SELECT `path` FROM `lxp_article_pic` WHERE `aid` = 60 ORDER BY ap_id asc LIMIT 1   [ RunTime:0.0002s ]
SQL: SELECT `cid`,`cid`,`cname` FROM `lxp_category` WHERE `cid` = 33  [ RunTime:0.0002s ]
SQL: SELECT * FROM `lxp_article_tag` INNER JOIN lxp_tag ON lxp_article_tag.tid=lxp_tag.tid  WHERE `aid` = '59'  [ RunTime:0.0003s ]
SQL: SELECT `path` FROM `lxp_article_pic` WHERE `aid` = 59 ORDER BY ap_id asc LIMIT 1   [ RunTime:0.0002s ]
SQL: SELECT `cid`,`cid`,`cname` FROM `lxp_category` WHERE `cid` = 31  [ RunTime:0.0002s ]
SQL: SELECT * FROM `lxp_article_tag` INNER JOIN lxp_tag ON lxp_article_tag.tid=lxp_tag.tid  WHERE `aid` = '58'  [ RunTime:0.0003s ]
SQL: SELECT `path` FROM `lxp_article_pic` WHERE `aid` = 58 ORDER BY ap_id asc LIMIT 1   [ RunTime:0.0002s ]
SQL: SELECT `cid`,`cid`,`cname` FROM `lxp_category` WHERE `cid` = 31  [ RunTime:0.0002s ]
SQL: SELECT * FROM `lxp_article_tag` INNER JOIN lxp_tag ON lxp_article_tag.tid=lxp_tag.tid  WHERE `aid` = '57'  [ RunTime:0.0003s ]
SQL: SELECT `path` FROM `lxp_article_pic` WHERE `aid` = 57 ORDER BY ap_id asc LIMIT 1   [ RunTime:0.0002s ]
SQL: SELECT `cid`,`cid`,`cname` FROM `lxp_category` WHERE `cid` = 30  [ RunTime:0.0003s ]
SQL: SELECT * FROM `lxp_article_tag` INNER JOIN lxp_tag ON lxp_article_tag.tid=lxp_tag.tid  WHERE `aid` = '56'  [ RunTime:0.0003s ]
SQL: SELECT `path` FROM `lxp_article_pic` WHERE `aid` = 56 ORDER BY ap_id asc LIMIT 1   [ RunTime:0.0002s ]
SQL: SELECT `cid`,`cid`,`cname` FROM `lxp_category` WHERE `cid` = 33  [ RunTime:0.0002s ]
SQL: SELECT * FROM `lxp_article_tag` INNER JOIN lxp_tag ON lxp_article_tag.tid=lxp_tag.tid  WHERE `aid` = '55'  [ RunTime:0.0004s ]
SQL: SELECT `path` FROM `lxp_article_pic` WHERE `aid` = 55 ORDER BY ap_id asc LIMIT 1   [ RunTime:0.0003s ]
SQL: SELECT `cid`,`cid`,`cname` FROM `lxp_category` WHERE `cid` = 33  [ RunTime:0.0002s ]
SQL: SELECT * FROM `lxp_article_tag` INNER JOIN lxp_tag ON lxp_article_tag.tid=lxp_tag.tid  WHERE `aid` = '54'  [ RunTime:0.0003s ]
SQL: SELECT `path` FROM `lxp_article_pic` WHERE `aid` = 54 ORDER BY ap_id asc LIMIT 1   [ RunTime:0.0002s ]
SQL: SELECT `cid`,`cid`,`cname` FROM `lxp_category` WHERE `cid` = 31  [ RunTime:0.0002s ]
INFO: [ view_parse ] --START--
INFO: [ template_filter ] --START--
INFO: Run Behavior\ContentReplaceBehavior [ RunTime:0.000099s ]
INFO: [ template_filter ] --END-- [ RunTime:0.000131s ]
NOTIC: [2] Use of undefined constant url - assumed 'url' (this will throw an Error in a future version of PHP) /www/wwwroot/blog/Runtime/Cache/Home/08d30c77e78bd0ac29232fbc421b5dcd.php 第 6 行.
NOTIC: [2] Use of undefined constant url - assumed 'url' (this will throw an Error in a future version of PHP) /www/wwwroot/blog/Runtime/Cache/Home/08d30c77e78bd0ac29232fbc421b5dcd.php 第 6 行.
NOTIC: [2] Use of undefined constant url - assumed 'url' (this will throw an Error in a future version of PHP) /www/wwwroot/blog/Runtime/Cache/Home/08d30c77e78bd0ac29232fbc421b5dcd.php 第 6 行.
INFO: Run Behavior\ParseTemplateBehavior [ RunTime:0.009275s ]
INFO: [ view_parse ] --END-- [ RunTime:0.009300s ]
INFO: [ view_filter ] --START--
INFO: Run Behavior\WriteHtmlCacheBehavior [ RunTime:0.000075s ]
INFO: [ view_filter ] --END-- [ RunTime:0.000093s ]
INFO: [ app_end ] --START--
INFO: Run Behavior\ShowPageTraceBehavior [ RunTime:0.000069s ]
INFO: [ app_end ] --END-- [ RunTime:0.000088s ]

[ 2020-01-20T06:26:14+08:00 ] 5.196.65.217 /
INFO: [ app_init ] --START--
INFO: Run Behavior\BuildLiteBehavior [ RunTime:0.000040s ]
INFO: [ app_init ] --END-- [ RunTime:0.000339s ]
NOTIC: [8] Undefined index: HTTP_HOST /www/wwwroot/blog/Application/Common/Conf/oauth.php 第 14 行.
INFO: [ app_begin ] --START--
INFO: Run Behavior\ReadHtmlCacheBehavior [ RunTime:0.000069s ]
INFO: [ app_begin ] --END-- [ RunTime:0.000088s ]
SQL: SHOW COLUMNS FROM `lxp_article` [ RunTime:0.0033s ]
SQL: SELECT `aid`,`title` FROM `lxp_article` WHERE `is_show` = 1 AND `is_delete` = 0 AND `is_top` = 1 ORDER BY aid desc  [ RunTime:0.0016s ]
SQL: SHOW COLUMNS FROM `lxp_comment` [ RunTime:0.0016s ]
SQL: SHOW COLUMNS FROM `lxp_oauth_user` [ RunTime:0.0010s ]
SQL: SELECT `id` FROM `lxp_oauth_user` WHERE (  is_admin )  [ RunTime:0.0003s ]
SQL: SELECT c.content,c.date,a.title,a.aid,ou.nickname,ou.head_img FROM lxp_comment c INNER JOIN lxp_article a ON c.aid=a.aid INNER JOIN lxp_oauth_user ou ON c.ouid=ou.id  WHERE c.is_delete = 0 ORDER BY c.date desc LIMIT 20   [ RunTime:0.0010s ]
NOTIC: [2] Invalid argument supplied for foreach() /www/wwwroot/blog/Application/Common/Model/CommentModel.class.php 第 202 行.
SQL: SHOW COLUMNS FROM `lxp_category` [ RunTime:0.0012s ]
SQL: SELECT * FROM `lxp_category` ORDER BY sort  [ RunTime:0.0005s ]
SQL: SHOW COLUMNS FROM `lxp_tag` [ RunTime:0.0005s ]
SQL: SELECT * FROM `lxp_tag`  [ RunTime:0.0003s ]
SQL: SHOW COLUMNS FROM `lxp_article_tag` [ RunTime:0.0006s ]
SQL: SELECT COUNT(*) AS tp_count FROM `lxp_article_tag` WHERE `tid` = 21 LIMIT 1   [ RunTime:0.0004s ]
SQL: SELECT COUNT(*) AS tp_count FROM `lxp_article_tag` WHERE `tid` = 22 LIMIT 1   [ RunTime:0.0002s ]
SQL: SELECT COUNT(*) AS tp_count FROM `lxp_article_tag` WHERE `tid` = 23 LIMIT 1   [ RunTime:0.0002s ]
SQL: SELECT COUNT(*) AS tp_count FROM `lxp_article_tag` WHERE `tid` = 24 LIMIT 1   [ RunTime:0.0002s ]
SQL: SELECT COUNT(*) AS tp_count FROM `lxp_article_tag` WHERE `tid` = 25 LIMIT 1   [ RunTime:0.0002s ]
SQL: SELECT COUNT(*) AS tp_count FROM `lxp_article_tag` WHERE `tid` = 26 LIMIT 1   [ RunTime:0.0002s ]
SQL: SELECT COUNT(*) AS tp_count FROM `lxp_article_tag` WHERE `tid` = 27 LIMIT 1   [ RunTime:0.0002s ]
SQL: SHOW COLUMNS FROM `lxp_link` [ RunTime:0.0012s ]
SQL: SELECT * FROM `lxp_link` WHERE `is_delete` = 0 AND `is_show` = 1 ORDER BY sort  [ RunTime:0.0004s ]
SQL: SHOW COLUMNS FROM `lxp_article` [ RunTime:0.0007s ]
SQL: SELECT COUNT(*) AS tp_count FROM `lxp_article` WHERE `is_delete` = 0 AND `is_show` = 1 LIMIT 1   [ RunTime:0.0004s ]
SQL: SELECT * FROM `lxp_article` WHERE `is_delete` = 0 AND `is_show` = 1 ORDER BY addtime desc LIMIT 0,10   [ RunTime:0.0028s ]
SQL: SHOW COLUMNS FROM `lxp_article_tag` [ RunTime:0.0007s ]
SQL: SHOW COLUMNS FROM `lxp_article_tag` [ RunTime:0.0005s ]
SQL: SELECT * FROM `lxp_article_tag` INNER JOIN lxp_tag ON lxp_article_tag.tid=lxp_tag.tid  WHERE `aid` = '63'  [ RunTime:0.0005s ]
SQL: SHOW COLUMNS FROM `lxp_article_pic` [ RunTime:0.0006s ]
SQL: SELECT `path` FROM `lxp_article_pic` WHERE `aid` = 63 ORDER BY ap_id asc LIMIT 1   [ RunTime:0.0003s ]
SQL: SELECT `cid`,`cid`,`cname` FROM `lxp_category` WHERE `cid` = 32  [ RunTime:0.0002s ]
SQL: SELECT * FROM `lxp_article_tag` INNER JOIN lxp_tag ON lxp_article_tag.tid=lxp_tag.tid  WHERE `aid` = '62'  [ RunTime:0.0003s ]
SQL: SELECT `path` FROM `lxp_article_pic` WHERE `aid` = 62 ORDER BY ap_id asc LIMIT 1   [ RunTime:0.0002s ]
SQL: SELECT `cid`,`cid`,`cname` FROM `lxp_category` WHERE `cid` = 34  [ RunTime:0.0002s ]
SQL: SELECT * FROM `lxp_article_tag` INNER JOIN lxp_tag ON lxp_article_tag.tid=lxp_tag.tid  WHERE `aid` = '61'  [ RunTime:0.0003s ]
SQL: SELECT `path` FROM `lxp_article_pic` WHERE `aid` = 61 ORDER BY ap_id asc LIMIT 1   [ RunTime:0.0002s ]
SQL: SELECT `cid`,`cid`,`cname` FROM `lxp_category` WHERE `cid` = 34  [ RunTime:0.0002s ]
SQL: SELECT * FROM `lxp_article_tag` INNER JOIN lxp_tag ON lxp_article_tag.tid=lxp_tag.tid  WHERE `aid` = '60'  [ RunTime:0.0003s ]
SQL: SELECT `path` FROM `lxp_article_pic` WHERE `aid` = 60 ORDER BY ap_id asc LIMIT 1   [ RunTime:0.0002s ]
SQL: SELECT `cid`,`cid`,`cname` FROM `lxp_category` WHERE `cid` = 33  [ RunTime:0.0002s ]
SQL: SELECT * FROM `lxp_article_tag` INNER JOIN lxp_tag ON lxp_article_tag.tid=lxp_tag.tid  WHERE `aid` = '59'  [ RunTime:0.0003s ]
SQL: SELECT `path` FROM `lxp_article_pic` WHERE `aid` = 59 ORDER BY ap_id asc LIMIT 1   [ RunTime:0.0002s ]
SQL: SELECT `cid`,`cid`,`cname` FROM `lxp_category` WHERE `cid` = 31  [ RunTime:0.0002s ]
SQL: SELECT * FROM `lxp_article_tag` INNER JOIN lxp_tag ON lxp_article_tag.tid=lxp_tag.tid  WHERE `aid` = '58'  [ RunTime:0.0004s ]
SQL: SELECT `path` FROM `lxp_article_pic` WHERE `aid` = 58 ORDER BY ap_id asc LIMIT 1   [ RunTime:0.0002s ]
SQL: SELECT `cid`,`cid`,`cname` FROM `lxp_category` WHERE `cid` = 31  [ RunTime:0.0002s ]
SQL: SELECT * FROM `lxp_article_tag` INNER JOIN lxp_tag ON lxp_article_tag.tid=lxp_tag.tid  WHERE `aid` = '57'  [ RunTime:0.0003s ]
SQL: SELECT `path` FROM `lxp_article_pic` WHERE `aid` = 57 ORDER BY ap_id asc LIMIT 1   [ RunTime:0.0002s ]
SQL: SELECT `cid`,`cid`,`cname` FROM `lxp_category` WHERE `cid` = 30  [ RunTime:0.0002s ]
SQL: SELECT * FROM `lxp_article_tag` INNER JOIN lxp_tag ON lxp_article_tag.tid=lxp_tag.tid  WHERE `aid` = '56'  [ RunTime:0.0003s ]
SQL: SELECT `path` FROM `lxp_article_pic` WHERE `aid` = 56 ORDER BY ap_id asc LIMIT 1   [ RunTime:0.0002s ]
SQL: SELECT `cid`,`cid`,`cname` FROM `lxp_category` WHERE `cid` = 33  [ RunTime:0.0002s ]
SQL: SELECT * FROM `lxp_article_tag` INNER JOIN lxp_tag ON lxp_article_tag.tid=lxp_tag.tid  WHERE `aid` = '55'  [ RunTime:0.0003s ]
SQL: SELECT `path` FROM `lxp_article_pic` WHERE `aid` = 55 ORDER BY ap_id asc LIMIT 1   [ RunTime:0.0002s ]
SQL: SELECT `cid`,`cid`,`cname` FROM `lxp_category` WHERE `cid` = 33  [ RunTime:0.0002s ]
SQL: SELECT * FROM `lxp_article_tag` INNER JOIN lxp_tag ON lxp_article_tag.tid=lxp_tag.tid  WHERE `aid` = '54'  [ RunTime:0.0003s ]
SQL: SELECT `path` FROM `lxp_article_pic` WHERE `aid` = 54 ORDER BY ap_id asc LIMIT 1   [ RunTime:0.0002s ]
SQL: SELECT `cid`,`cid`,`cname` FROM `lxp_category` WHERE `cid` = 31  [ RunTime:0.0002s ]
INFO: [ view_parse ] --START--
INFO: [ template_filter ] --START--
INFO: Run Behavior\ContentReplaceBehavior [ RunTime:0.000097s ]
INFO: [ template_filter ] --END-- [ RunTime:0.000123s ]
NOTIC: [2] Use of undefined constant url - assumed 'url' (this will throw an Error in a future version of PHP) /www/wwwroot/blog/Runtime/Cache/Home/08d30c77e78bd0ac29232fbc421b5dcd.php 第 6 行.
NOTIC: [2] Use of undefined constant url - assumed 'url' (this will throw an Error in a future version of PHP) /www/wwwroot/blog/Runtime/Cache/Home/08d30c77e78bd0ac29232fbc421b5dcd.php 第 6 行.
NOTIC: [2] Use of undefined constant url - assumed 'url' (this will throw an Error in a future version of PHP) /www/wwwroot/blog/Runtime/Cache/Home/08d30c77e78bd0ac29232fbc421b5dcd.php 第 6 行.
INFO: Run Behavior\ParseTemplateBehavior [ RunTime:0.008426s ]
INFO: [ view_parse ] --END-- [ RunTime:0.008449s ]
INFO: [ view_filter ] --START--
INFO: Run Behavior\WriteHtmlCacheBehavior [ RunTime:0.000067s ]
INFO: [ view_filter ] --END-- [ RunTime:0.000085s ]
INFO: [ app_end ] --START--
INFO: Run Behavior\ShowPageTraceBehavior [ RunTime:0.000083s ]
INFO: [ app_end ] --END-- [ RunTime:0.000107s ]

[ 2020-01-20T06:58:40+08:00 ] 81.163.57.76 /
INFO: [ app_init ] --START--
INFO: Run Behavior\BuildLiteBehavior [ RunTime:0.000026s ]
INFO: [ app_init ] --END-- [ RunTime:0.000191s ]
INFO: [ app_begin ] --START--
INFO: Run Behavior\ReadHtmlCacheBehavior [ RunTime:0.000096s ]
INFO: [ app_begin ] --END-- [ RunTime:0.000114s ]
SQL: SHOW COLUMNS FROM `lxp_article` [ RunTime:0.0028s ]
SQL: SELECT `aid`,`title` FROM `lxp_article` WHERE `is_show` = 1 AND `is_delete` = 0 AND `is_top` = 1 ORDER BY aid desc  [ RunTime:0.0014s ]
SQL: SHOW COLUMNS FROM `lxp_comment` [ RunTime:0.0008s ]
SQL: SHOW COLUMNS FROM `lxp_oauth_user` [ RunTime:0.0008s ]
SQL: SELECT `id` FROM `lxp_oauth_user` WHERE (  is_admin )  [ RunTime:0.0003s ]
SQL: SELECT c.content,c.date,a.title,a.aid,ou.nickname,ou.head_img FROM lxp_comment c INNER JOIN lxp_article a ON c.aid=a.aid INNER JOIN lxp_oauth_user ou ON c.ouid=ou.id  WHERE c.is_delete = 0 ORDER BY c.date desc LIMIT 20   [ RunTime:0.0009s ]
NOTIC: [2] Invalid argument supplied for foreach() /www/wwwroot/blog/Application/Common/Model/CommentModel.class.php 第 202 行.
SQL: SHOW COLUMNS FROM `lxp_category` [ RunTime:0.0011s ]
SQL: SELECT * FROM `lxp_category` ORDER BY sort  [ RunTime:0.0005s ]
SQL: SHOW COLUMNS FROM `lxp_tag` [ RunTime:0.0005s ]
SQL: SELECT * FROM `lxp_tag`  [ RunTime:0.0003s ]
SQL: SHOW COLUMNS FROM `lxp_article_tag` [ RunTime:0.0005s ]
SQL: SELECT COUNT(*) AS tp_count FROM `lxp_article_tag` WHERE `tid` = 21 LIMIT 1   [ RunTime:0.0004s ]
SQL: SELECT COUNT(*) AS tp_count FROM `lxp_article_tag` WHERE `tid` = 22 LIMIT 1   [ RunTime:0.0002s ]
SQL: SELECT COUNT(*) AS tp_count FROM `lxp_article_tag` WHERE `tid` = 23 LIMIT 1   [ RunTime:0.0002s ]
SQL: SELECT COUNT(*) AS tp_count FROM `lxp_article_tag` WHERE `tid` = 24 LIMIT 1   [ RunTime:0.0002s ]
SQL: SELECT COUNT(*) AS tp_count FROM `lxp_article_tag` WHERE `tid` = 25 LIMIT 1   [ RunTime:0.0002s ]
SQL: SELECT COUNT(*) AS tp_count FROM `lxp_article_tag` WHERE `tid` = 26 LIMIT 1   [ RunTime:0.0002s ]
SQL: SELECT COUNT(*) AS tp_count FROM `lxp_article_tag` WHERE `tid` = 27 LIMIT 1   [ RunTime:0.0002s ]
SQL: SHOW COLUMNS FROM `lxp_link` [ RunTime:0.0010s ]
SQL: SELECT * FROM `lxp_link` WHERE `is_delete` = 0 AND `is_show` = 1 ORDER BY sort  [ RunTime:0.0004s ]
SQL: SHOW COLUMNS FROM `lxp_article` [ RunTime:0.0007s ]
SQL: SELECT COUNT(*) AS tp_count FROM `lxp_article` WHERE `is_delete` = 0 AND `is_show` = 1 LIMIT 1   [ RunTime:0.0002s ]
SQL: SELECT * FROM `lxp_article` WHERE `is_delete` = 0 AND `is_show` = 1 ORDER BY addtime desc LIMIT 0,10   [ RunTime:0.0026s ]
SQL: SHOW COLUMNS FROM `lxp_article_tag` [ RunTime:0.0010s ]
SQL: SHOW COLUMNS FROM `lxp_article_tag` [ RunTime:0.0005s ]
SQL: SELECT * FROM `lxp_article_tag` INNER JOIN lxp_tag ON lxp_article_tag.tid=lxp_tag.tid  WHERE `aid` = '63'  [ RunTime:0.0004s ]
SQL: SHOW COLUMNS FROM `lxp_article_pic` [ RunTime:0.0005s ]
SQL: SELECT `path` FROM `lxp_article_pic` WHERE `aid` = 63 ORDER BY ap_id asc LIMIT 1   [ RunTime:0.0003s ]
SQL: SELECT `cid`,`cid`,`cname` FROM `lxp_category` WHERE `cid` = 32  [ RunTime:0.0002s ]
SQL: SELECT * FROM `lxp_article_tag` INNER JOIN lxp_tag ON lxp_article_tag.tid=lxp_tag.tid  WHERE `aid` = '62'  [ RunTime:0.0004s ]
SQL: SELECT `path` FROM `lxp_article_pic` WHERE `aid` = 62 ORDER BY ap_id asc LIMIT 1   [ RunTime:0.0002s ]
SQL: SELECT `cid`,`cid`,`cname` FROM `lxp_category` WHERE `cid` = 34  [ RunTime:0.0002s ]
SQL: SELECT * FROM `lxp_article_tag` INNER JOIN lxp_tag ON lxp_article_tag.tid=lxp_tag.tid  WHERE `aid` = '61'  [ RunTime:0.0003s ]
SQL: SELECT `path` FROM `lxp_article_pic` WHERE `aid` = 61 ORDER BY ap_id asc LIMIT 1   [ RunTime:0.0002s ]
SQL: SELECT `cid`,`cid`,`cname` FROM `lxp_category` WHERE `cid` = 34  [ RunTime:0.0002s ]
SQL: SELECT * FROM `lxp_article_tag` INNER JOIN lxp_tag ON lxp_article_tag.tid=lxp_tag.tid  WHERE `aid` = '60'  [ RunTime:0.0003s ]
SQL: SELECT `path` FROM `lxp_article_pic` WHERE `aid` = 60 ORDER BY ap_id asc LIMIT 1   [ RunTime:0.0003s ]
SQL: SELECT `cid`,`cid`,`cname` FROM `lxp_category` WHERE `cid` = 33  [ RunTime:0.0002s ]
SQL: SELECT * FROM `lxp_article_tag` INNER JOIN lxp_tag ON lxp_article_tag.tid=lxp_tag.tid  WHERE `aid` = '59'  [ RunTime:0.0003s ]
SQL: SELECT `path` FROM `lxp_article_pic` WHERE `aid` = 59 ORDER BY ap_id asc LIMIT 1   [ RunTime:0.0002s ]
SQL: SELECT `cid`,`cid`,`cname` FROM `lxp_category` WHERE `cid` = 31  [ RunTime:0.0002s ]
SQL: SELECT * FROM `lxp_article_tag` INNER JOIN lxp_tag ON lxp_article_tag.tid=lxp_tag.tid  WHERE `aid` = '58'  [ RunTime:0.0003s ]
SQL: SELECT `path` FROM `lxp_article_pic` WHERE `aid` = 58 ORDER BY ap_id asc LIMIT 1   [ RunTime:0.0002s ]
SQL: SELECT `cid`,`cid`,`cname` FROM `lxp_category` WHERE `cid` = 31  [ RunTime:0.0002s ]
SQL: SELECT * FROM `lxp_article_tag` INNER JOIN lxp_tag ON lxp_article_tag.tid=lxp_tag.tid  WHERE `aid` = '57'  [ RunTime:0.0003s ]
SQL: SELECT `path` FROM `lxp_article_pic` WHERE `aid` = 57 ORDER BY ap_id asc LIMIT 1   [ RunTime:0.0002s ]
SQL: SELECT `cid`,`cid`,`cname` FROM `lxp_category` WHERE `cid` = 30  [ RunTime:0.0002s ]
SQL: SELECT * FROM `lxp_article_tag` INNER JOIN lxp_tag ON lxp_article_tag.tid=lxp_tag.tid  WHERE `aid` = '56'  [ RunTime:0.0003s ]
SQL: SELECT `path` FROM `lxp_article_pic` WHERE `aid` = 56 ORDER BY ap_id asc LIMIT 1   [ RunTime:0.0002s ]
SQL: SELECT `cid`,`cid`,`cname` FROM `lxp_category` WHERE `cid` = 33  [ RunTime:0.0002s ]
SQL: SELECT * FROM `lxp_article_tag` INNER JOIN lxp_tag ON lxp_article_tag.tid=lxp_tag.tid  WHERE `aid` = '55'  [ RunTime:0.0003s ]
SQL: SELECT `path` FROM `lxp_article_pic` WHERE `aid` = 55 ORDER BY ap_id asc LIMIT 1   [ RunTime:0.0002s ]
SQL: SELECT `cid`,`cid`,`cname` FROM `lxp_category` WHERE `cid` = 33  [ RunTime:0.0002s ]
SQL: SELECT * FROM `lxp_article_tag` INNER JOIN lxp_tag ON lxp_article_tag.tid=lxp_tag.tid  WHERE `aid` = '54'  [ RunTime:0.0003s ]
SQL: SELECT `path` FROM `lxp_article_pic` WHERE `aid` = 54 ORDER BY ap_id asc LIMIT 1   [ RunTime:0.0003s ]
SQL: SELECT `cid`,`cid`,`cname` FROM `lxp_category` WHERE `cid` = 31  [ RunTime:0.0002s ]
INFO: [ view_parse ] --START--
INFO: [ template_filter ] --START--
INFO: Run Behavior\ContentReplaceBehavior [ RunTime:0.000114s ]
INFO: [ template_filter ] --END-- [ RunTime:0.000151s ]
NOTIC: [2] Use of undefined constant url - assumed 'url' (this will throw an Error in a future version of PHP) /www/wwwroot/blog/Runtime/Cache/Home/08d30c77e78bd0ac29232fbc421b5dcd.php 第 6 行.
NOTIC: [2] Use of undefined constant url - assumed 'url' (this will throw an Error in a future version of PHP) /www/wwwroot/blog/Runtime/Cache/Home/08d30c77e78bd0ac29232fbc421b5dcd.php 第 6 行.
NOTIC: [2] Use of undefined constant url - assumed 'url' (this will throw an Error in a future version of PHP) /www/wwwroot/blog/Runtime/Cache/Home/08d30c77e78bd0ac29232fbc421b5dcd.php 第 6 行.
INFO: Run Behavior\ParseTemplateBehavior [ RunTime:0.009124s ]
INFO: [ view_parse ] --END-- [ RunTime:0.009154s ]
INFO: [ view_filter ] --START--
INFO: Run Behavior\WriteHtmlCacheBehavior [ RunTime:0.000105s ]
INFO: [ view_filter ] --END-- [ RunTime:0.000129s ]
INFO: [ app_end ] --START--
INFO: Run Behavior\ShowPageTraceBehavior [ RunTime:0.000066s ]
INFO: [ app_end ] --END-- [ RunTime:0.000085s ]

[ 2020-01-20T07:04:07+08:00 ] 109.238.176.96 /
INFO: [ app_init ] --START--
INFO: Run Behavior\BuildLiteBehavior [ RunTime:0.000037s ]
INFO: [ app_init ] --END-- [ RunTime:0.000276s ]
INFO: [ app_begin ] --START--
INFO: Run Behavior\ReadHtmlCacheBehavior [ RunTime:0.000124s ]
INFO: [ app_begin ] --END-- [ RunTime:0.000154s ]
SQL: SHOW COLUMNS FROM `lxp_article` [ RunTime:0.0058s ]
SQL: SELECT `aid`,`title` FROM `lxp_article` WHERE `is_show` = 1 AND `is_delete` = 0 AND `is_top` = 1 ORDER BY aid desc  [ RunTime:0.0029s ]
SQL: SHOW COLUMNS FROM `lxp_comment` [ RunTime:0.0017s ]
SQL: SHOW COLUMNS FROM `lxp_oauth_user` [ RunTime:0.0014s ]
SQL: SELECT `id` FROM `lxp_oauth_user` WHERE (  is_admin )  [ RunTime:0.0004s ]
SQL: SELECT c.content,c.date,a.title,a.aid,ou.nickname,ou.head_img FROM lxp_comment c INNER JOIN lxp_article a ON c.aid=a.aid INNER JOIN lxp_oauth_user ou ON c.ouid=ou.id  WHERE c.is_delete = 0 ORDER BY c.date desc LIMIT 20   [ RunTime:0.0020s ]
NOTIC: [2] Invalid argument supplied for foreach() /www/wwwroot/blog/Application/Common/Model/CommentModel.class.php 第 202 行.
SQL: SHOW COLUMNS FROM `lxp_category` [ RunTime:0.0012s ]
SQL: SELECT * FROM `lxp_category` ORDER BY sort  [ RunTime:0.0008s ]
SQL: SHOW COLUMNS FROM `lxp_tag` [ RunTime:0.0010s ]
SQL: SELECT * FROM `lxp_tag`  [ RunTime:0.0004s ]
SQL: SHOW COLUMNS FROM `lxp_article_tag` [ RunTime:0.0019s ]
SQL: SELECT COUNT(*) AS tp_count FROM `lxp_article_tag` WHERE `tid` = 21 LIMIT 1   [ RunTime:0.0006s ]
SQL: SELECT COUNT(*) AS tp_count FROM `lxp_article_tag` WHERE `tid` = 22 LIMIT 1   [ RunTime:0.0003s ]
SQL: SELECT COUNT(*) AS tp_count FROM `lxp_article_tag` WHERE `tid` = 23 LIMIT 1   [ RunTime:0.0003s ]
SQL: SELECT COUNT(*) AS tp_count FROM `lxp_article_tag` WHERE `tid` = 24 LIMIT 1   [ RunTime:0.0003s ]
SQL: SELECT COUNT(*) AS tp_count FROM `lxp_article_tag` WHERE `tid` = 25 LIMIT 1   [ RunTime:0.0004s ]
SQL: SELECT COUNT(*) AS tp_count FROM `lxp_article_tag` WHERE `tid` = 26 LIMIT 1   [ RunTime:0.0003s ]
SQL: SELECT COUNT(*) AS tp_count FROM `lxp_article_tag` WHERE `tid` = 27 LIMIT 1   [ RunTime:0.0003s ]
SQL: SHOW COLUMNS FROM `lxp_link` [ RunTime:0.0012s ]
SQL: SELECT * FROM `lxp_link` WHERE `is_delete` = 0 AND `is_show` = 1 ORDER BY sort  [ RunTime:0.0005s ]
SQL: SHOW COLUMNS FROM `lxp_article` [ RunTime:0.0012s ]
SQL: SELECT COUNT(*) AS tp_count FROM `lxp_article` WHERE `is_delete` = 0 AND `is_show` = 1 LIMIT 1   [ RunTime:0.0004s ]
SQL: SELECT * FROM `lxp_article` WHERE `is_delete` = 0 AND `is_show` = 1 ORDER BY addtime desc LIMIT 0,10   [ RunTime:0.0049s ]
SQL: SHOW COLUMNS FROM `lxp_article_tag` [ RunTime:0.0017s ]
SQL: SHOW COLUMNS FROM `lxp_article_tag` [ RunTime:0.0009s ]
SQL: SELECT * FROM `lxp_article_tag` INNER JOIN lxp_tag ON lxp_article_tag.tid=lxp_tag.tid  WHERE `aid` = '63'  [ RunTime:0.0007s ]
SQL: SHOW COLUMNS FROM `lxp_article_pic` [ RunTime:0.0009s ]
SQL: SELECT `path` FROM `lxp_article_pic` WHERE `aid` = 63 ORDER BY ap_id asc LIMIT 1   [ RunTime:0.0004s ]
SQL: SELECT `cid`,`cid`,`cname` FROM `lxp_category` WHERE `cid` = 32  [ RunTime:0.0003s ]
SQL: SELECT * FROM `lxp_article_tag` INNER JOIN lxp_tag ON lxp_article_tag.tid=lxp_tag.tid  WHERE `aid` = '62'  [ RunTime:0.0011s ]
SQL: SELECT `path` FROM `lxp_article_pic` WHERE `aid` = 62 ORDER BY ap_id asc LIMIT 1   [ RunTime:0.0003s ]
SQL: SELECT `cid`,`cid`,`cname` FROM `lxp_category` WHERE `cid` = 34  [ RunTime:0.0003s ]
SQL: SELECT * FROM `lxp_article_tag` INNER JOIN lxp_tag ON lxp_article_tag.tid=lxp_tag.tid  WHERE `aid` = '61'  [ RunTime:0.0004s ]
SQL: SELECT `path` FROM `lxp_article_pic` WHERE `aid` = 61 ORDER BY ap_id asc LIMIT 1   [ RunTime:0.0003s ]
SQL: SELECT `cid`,`cid`,`cname` FROM `lxp_category` WHERE `cid` = 34  [ RunTime:0.0002s ]
SQL: SELECT * FROM `lxp_article_tag` INNER JOIN lxp_tag ON lxp_article_tag.tid=lxp_tag.tid  WHERE `aid` = '60'  [ RunTime:0.0004s ]
SQL: SELECT `path` FROM `lxp_article_pic` WHERE `aid` = 60 ORDER BY ap_id asc LIMIT 1   [ RunTime:0.0003s ]
SQL: SELECT `cid`,`cid`,`cname` FROM `lxp_category` WHERE `cid` = 33  [ RunTime:0.0002s ]
SQL: SELECT * FROM `lxp_article_tag` INNER JOIN lxp_tag ON lxp_article_tag.tid=lxp_tag.tid  WHERE `aid` = '59'  [ RunTime:0.0004s ]
SQL: SELECT `path` FROM `lxp_article_pic` WHERE `aid` = 59 ORDER BY ap_id asc LIMIT 1   [ RunTime:0.0003s ]
SQL: SELECT `cid`,`cid`,`cname` FROM `lxp_category` WHERE `cid` = 31  [ RunTime:0.0003s ]
SQL: SELECT * FROM `lxp_article_tag` INNER JOIN lxp_tag ON lxp_article_tag.tid=lxp_tag.tid  WHERE `aid` = '58'  [ RunTime:0.0004s ]
SQL: SELECT `path` FROM `lxp_article_pic` WHERE `aid` = 58 ORDER BY ap_id asc LIMIT 1   [ RunTime:0.0003s ]
SQL: SELECT `cid`,`cid`,`cname` FROM `lxp_category` WHERE `cid` = 31  [ RunTime:0.0002s ]
SQL: SELECT * FROM `lxp_article_tag` INNER JOIN lxp_tag ON lxp_article_tag.tid=lxp_tag.tid  WHERE `aid` = '57'  [ RunTime:0.0004s ]
SQL: SELECT `path` FROM `lxp_article_pic` WHERE `aid` = 57 ORDER BY ap_id asc LIMIT 1   [ RunTime:0.0003s ]
SQL: SELECT `cid`,`cid`,`cname` FROM `lxp_category` WHERE `cid` = 30  [ RunTime:0.0003s ]
SQL: SELECT * FROM `lxp_article_tag` INNER JOIN lxp_tag ON lxp_article_tag.tid=lxp_tag.tid  WHERE `aid` = '56'  [ RunTime:0.0004s ]
SQL: SELECT `path` FROM `lxp_article_pic` WHERE `aid` = 56 ORDER BY ap_id asc LIMIT 1   [ RunTime:0.0002s ]
SQL: SELECT `cid`,`cid`,`cname` FROM `lxp_category` WHERE `cid` = 33  [ RunTime:0.0002s ]
SQL: SELECT * FROM `lxp_article_tag` INNER JOIN lxp_tag ON lxp_article_tag.tid=lxp_tag.tid  WHERE `aid` = '55'  [ RunTime:0.0004s ]
SQL: SELECT `path` FROM `lxp_article_pic` WHERE `aid` = 55 ORDER BY ap_id asc LIMIT 1   [ RunTime:0.0003s ]
SQL: SELECT `cid`,`cid`,`cname` FROM `lxp_category` WHERE `cid` = 33  [ RunTime:0.0003s ]
SQL: SELECT * FROM `lxp_article_tag` INNER JOIN lxp_tag ON lxp_article_tag.tid=lxp_tag.tid  WHERE `aid` = '54'  [ RunTime:0.0004s ]
SQL: SELECT `path` FROM `lxp_article_pic` WHERE `aid` = 54 ORDER BY ap_id asc LIMIT 1   [ RunTime:0.0003s ]
SQL: SELECT `cid`,`cid`,`cname` FROM `lxp_category` WHERE `cid` = 31  [ RunTime:0.0003s ]
INFO: [ view_parse ] --START--
INFO: [ template_filter ] --START--
INFO: Run Behavior\ContentReplaceBehavior [ RunTime:0.000122s ]
INFO: [ template_filter ] --END-- [ RunTime:0.000184s ]
NOTIC: [2] Use of undefined constant url - assumed 'url' (this will throw an Error in a future version of PHP) /www/wwwroot/blog/Runtime/Cache/Home/08d30c77e78bd0ac29232fbc421b5dcd.php 第 6 行.
NOTIC: [2] Use of undefined constant url - assumed 'url' (this will throw an Error in a future version of PHP) /www/wwwroot/blog/Runtime/Cache/Home/08d30c77e78bd0ac29232fbc421b5dcd.php 第 6 行.
NOTIC: [2] Use of undefined constant url - assumed 'url' (this will throw an Error in a future version of PHP) /www/wwwroot/blog/Runtime/Cache/Home/08d30c77e78bd0ac29232fbc421b5dcd.php 第 6 行.
INFO: Run Behavior\ParseTemplateBehavior [ RunTime:0.013554s ]
INFO: [ view_parse ] --END-- [ RunTime:0.013638s ]
INFO: [ view_filter ] --START--
INFO: Run Behavior\WriteHtmlCacheBehavior [ RunTime:0.000139s ]
INFO: [ view_filter ] --END-- [ RunTime:0.000166s ]
INFO: [ app_end ] --START--
INFO: Run Behavior\ShowPageTraceBehavior [ RunTime:0.000101s ]
INFO: [ app_end ] --END-- [ RunTime:0.000128s ]

[ 2020-01-20T08:34:18+08:00 ] 168.0.81.73 /
INFO: [ app_init ] --START--
INFO: Run Behavior\BuildLiteBehavior [ RunTime:0.000032s ]
INFO: [ app_init ] --END-- [ RunTime:0.000279s ]
INFO: [ app_begin ] --START--
INFO: Run Behavior\ReadHtmlCacheBehavior [ RunTime:0.000070s ]
INFO: [ app_begin ] --END-- [ RunTime:0.000089s ]
SQL: SHOW COLUMNS FROM `lxp_article` [ RunTime:0.0048s ]
SQL: SELECT `aid`,`title` FROM `lxp_article` WHERE `is_show` = 1 AND `is_delete` = 0 AND `is_top` = 1 ORDER BY aid desc  [ RunTime:0.0016s ]
SQL: SHOW COLUMNS FROM `lxp_comment` [ RunTime:0.0010s ]
SQL: SHOW COLUMNS FROM `lxp_oauth_user` [ RunTime:0.0009s ]
SQL: SELECT `id` FROM `lxp_oauth_user` WHERE (  is_admin )  [ RunTime:0.0002s ]
SQL: SELECT c.content,c.date,a.title,a.aid,ou.nickname,ou.head_img FROM lxp_comment c INNER JOIN lxp_article a ON c.aid=a.aid INNER JOIN lxp_oauth_user ou ON c.ouid=ou.id  WHERE c.is_delete = 0 ORDER BY c.date desc LIMIT 20   [ RunTime:0.0010s ]
NOTIC: [2] Invalid argument supplied for foreach() /www/wwwroot/blog/Application/Common/Model/CommentModel.class.php 第 202 行.
SQL: SHOW COLUMNS FROM `lxp_category` [ RunTime:0.0008s ]
SQL: SELECT * FROM `lxp_category` ORDER BY sort  [ RunTime:0.0006s ]
SQL: SHOW COLUMNS FROM `lxp_tag` [ RunTime:0.0006s ]
SQL: SELECT * FROM `lxp_tag`  [ RunTime:0.0003s ]
SQL: SHOW COLUMNS FROM `lxp_article_tag` [ RunTime:0.0006s ]
SQL: SELECT COUNT(*) AS tp_count FROM `lxp_article_tag` WHERE `tid` = 21 LIMIT 1   [ RunTime:0.0005s ]
SQL: SELECT COUNT(*) AS tp_count FROM `lxp_article_tag` WHERE `tid` = 22 LIMIT 1   [ RunTime:0.0002s ]
SQL: SELECT COUNT(*) AS tp_count FROM `lxp_article_tag` WHERE `tid` = 23 LIMIT 1   [ RunTime:0.0002s ]
SQL: SELECT COUNT(*) AS tp_count FROM `lxp_article_tag` WHERE `tid` = 24 LIMIT 1   [ RunTime:0.0002s ]
SQL: SELECT COUNT(*) AS tp_count FROM `lxp_article_tag` WHERE `tid` = 25 LIMIT 1   [ RunTime:0.0002s ]
SQL: SELECT COUNT(*) AS tp_count FROM `lxp_article_tag` WHERE `tid` = 26 LIMIT 1   [ RunTime:0.0002s ]
SQL: SELECT COUNT(*) AS tp_count FROM `lxp_article_tag` WHERE `tid` = 27 LIMIT 1   [ RunTime:0.0002s ]
SQL: SHOW COLUMNS FROM `lxp_link` [ RunTime:0.0007s ]
SQL: SELECT * FROM `lxp_link` WHERE `is_delete` = 0 AND `is_show` = 1 ORDER BY sort  [ RunTime:0.0004s ]
SQL: SHOW COLUMNS FROM `lxp_article` [ RunTime:0.0007s ]
SQL: SELECT COUNT(*) AS tp_count FROM `lxp_article` WHERE `is_delete` = 0 AND `is_show` = 1 LIMIT 1   [ RunTime:0.0003s ]
SQL: SELECT * FROM `lxp_article` WHERE `is_delete` = 0 AND `is_show` = 1 ORDER BY addtime desc LIMIT 0,10   [ RunTime:0.0028s ]
SQL: SHOW COLUMNS FROM `lxp_article_tag` [ RunTime:0.0014s ]
SQL: SHOW COLUMNS FROM `lxp_article_tag` [ RunTime:0.0006s ]
SQL: SELECT * FROM `lxp_article_tag` INNER JOIN lxp_tag ON lxp_article_tag.tid=lxp_tag.tid  WHERE `aid` = '63'  [ RunTime:0.0005s ]
SQL: SHOW COLUMNS FROM `lxp_article_pic` [ RunTime:0.0006s ]
SQL: SELECT `path` FROM `lxp_article_pic` WHERE `aid` = 63 ORDER BY ap_id asc LIMIT 1   [ RunTime:0.0003s ]
SQL: SELECT `cid`,`cid`,`cname` FROM `lxp_category` WHERE `cid` = 32  [ RunTime:0.0002s ]
SQL: SELECT * FROM `lxp_article_tag` INNER JOIN lxp_tag ON lxp_article_tag.tid=lxp_tag.tid  WHERE `aid` = '62'  [ RunTime:0.0003s ]
SQL: SELECT `path` FROM `lxp_article_pic` WHERE `aid` = 62 ORDER BY ap_id asc LIMIT 1   [ RunTime:0.0002s ]
SQL: SELECT `cid`,`cid`,`cname` FROM `lxp_category` WHERE `cid` = 34  [ RunTime:0.0002s ]
SQL: SELECT * FROM `lxp_article_tag` INNER JOIN lxp_tag ON lxp_article_tag.tid=lxp_tag.tid  WHERE `aid` = '61'  [ RunTime:0.0003s ]
SQL: SELECT `path` FROM `lxp_article_pic` WHERE `aid` = 61 ORDER BY ap_id asc LIMIT 1   [ RunTime:0.0003s ]
SQL: SELECT `cid`,`cid`,`cname` FROM `lxp_category` WHERE `cid` = 34  [ RunTime:0.0002s ]
SQL: SELECT * FROM `lxp_article_tag` INNER JOIN lxp_tag ON lxp_article_tag.tid=lxp_tag.tid  WHERE `aid` = '60'  [ RunTime:0.0003s ]
SQL: SELECT `path` FROM `lxp_article_pic` WHERE `aid` = 60 ORDER BY ap_id asc LIMIT 1   [ RunTime:0.0002s ]
SQL: SELECT `cid`,`cid`,`cname` FROM `lxp_category` WHERE `cid` = 33  [ RunTime:0.0002s ]
SQL: SELECT * FROM `lxp_article_tag` INNER JOIN lxp_tag ON lxp_article_tag.tid=lxp_tag.tid  WHERE `aid` = '59'  [ RunTime:0.0003s ]
SQL: SELECT `path` FROM `lxp_article_pic` WHERE `aid` = 59 ORDER BY ap_id asc LIMIT 1   [ RunTime:0.0002s ]
SQL: SELECT `cid`,`cid`,`cname` FROM `lxp_category` WHERE `cid` = 31  [ RunTime:0.0002s ]
SQL: SELECT * FROM `lxp_article_tag` INNER JOIN lxp_tag ON lxp_article_tag.tid=lxp_tag.tid  WHERE `aid` = '58'  [ RunTime:0.0003s ]
SQL: SELECT `path` FROM `lxp_article_pic` WHERE `aid` = 58 ORDER BY ap_id asc LIMIT 1   [ RunTime:0.0002s ]
SQL: SELECT `cid`,`cid`,`cname` FROM `lxp_category` WHERE `cid` = 31  [ RunTime:0.0003s ]
SQL: SELECT * FROM `lxp_article_tag` INNER JOIN lxp_tag ON lxp_article_tag.tid=lxp_tag.tid  WHERE `aid` = '57'  [ RunTime:0.0003s ]
SQL: SELECT `path` FROM `lxp_article_pic` WHERE `aid` = 57 ORDER BY ap_id asc LIMIT 1   [ RunTime:0.0002s ]
SQL: SELECT `cid`,`cid`,`cname` FROM `lxp_category` WHERE `cid` = 30  [ RunTime:0.0002s ]
SQL: SELECT * FROM `lxp_article_tag` INNER JOIN lxp_tag ON lxp_article_tag.tid=lxp_tag.tid  WHERE `aid` = '56'  [ RunTime:0.0003s ]
SQL: SELECT `path` FROM `lxp_article_pic` WHERE `aid` = 56 ORDER BY ap_id asc LIMIT 1   [ RunTime:0.0002s ]
SQL: SELECT `cid`,`cid`,`cname` FROM `lxp_category` WHERE `cid` = 33  [ RunTime:0.0002s ]
SQL: SELECT * FROM `lxp_article_tag` INNER JOIN lxp_tag ON lxp_article_tag.tid=lxp_tag.tid  WHERE `aid` = '55'  [ RunTime:0.0003s ]
SQL: SELECT `path` FROM `lxp_article_pic` WHERE `aid` = 55 ORDER BY ap_id asc LIMIT 1   [ RunTime:0.0002s ]
SQL: SELECT `cid`,`cid`,`cname` FROM `lxp_category` WHERE `cid` = 33  [ RunTime:0.0002s ]
SQL: SELECT * FROM `lxp_article_tag` INNER JOIN lxp_tag ON lxp_article_tag.tid=lxp_tag.tid  WHERE `aid` = '54'  [ RunTime:0.0003s ]
SQL: SELECT `path` FROM `lxp_article_pic` WHERE `aid` = 54 ORDER BY ap_id asc LIMIT 1   [ RunTime:0.0002s ]
SQL: SELECT `cid`,`cid`,`cname` FROM `lxp_category` WHERE `cid` = 31  [ RunTime:0.0002s ]
INFO: [ view_parse ] --START--
INFO: [ template_filter ] --START--
INFO: Run Behavior\ContentReplaceBehavior [ RunTime:0.000098s ]
INFO: [ template_filter ] --END-- [ RunTime:0.000129s ]
NOTIC: [2] Use of undefined constant url - assumed 'url' (this will throw an Error in a future version of PHP) /www/wwwroot/blog/Runtime/Cache/Home/08d30c77e78bd0ac29232fbc421b5dcd.php 第 6 行.
NOTIC: [2] Use of undefined constant url - assumed 'url' (this will throw an Error in a future version of PHP) /www/wwwroot/blog/Runtime/Cache/Home/08d30c77e78bd0ac29232fbc421b5dcd.php 第 6 行.
NOTIC: [2] Use of undefined constant url - assumed 'url' (this will throw an Error in a future version of PHP) /www/wwwroot/blog/Runtime/Cache/Home/08d30c77e78bd0ac29232fbc421b5dcd.php 第 6 行.
INFO: Run Behavior\ParseTemplateBehavior [ RunTime:0.008904s ]
INFO: [ view_parse ] --END-- [ RunTime:0.008955s ]
INFO: [ view_filter ] --START--
INFO: Run Behavior\WriteHtmlCacheBehavior [ RunTime:0.000066s ]
INFO: [ view_filter ] --END-- [ RunTime:0.000096s ]
INFO: [ app_end ] --START--
INFO: Run Behavior\ShowPageTraceBehavior [ RunTime:0.000069s ]
INFO: [ app_end ] --END-- [ RunTime:0.000092s ]

[ 2020-01-20T10:30:03+08:00 ] 201.103.92.184 /
INFO: [ app_init ] --START--
INFO: Run Behavior\BuildLiteBehavior [ RunTime:0.000035s ]
INFO: [ app_init ] --END-- [ RunTime:0.000250s ]
INFO: [ app_begin ] --START--
INFO: Run Behavior\ReadHtmlCacheBehavior [ RunTime:0.000098s ]
INFO: [ app_begin ] --END-- [ RunTime:0.000123s ]
SQL: SHOW COLUMNS FROM `lxp_article` [ RunTime:0.0041s ]
SQL: SELECT `aid`,`title` FROM `lxp_article` WHERE `is_show` = 1 AND `is_delete` = 0 AND `is_top` = 1 ORDER BY aid desc  [ RunTime:0.0016s ]
SQL: SHOW COLUMNS FROM `lxp_comment` [ RunTime:0.0011s ]
SQL: SHOW COLUMNS FROM `lxp_oauth_user` [ RunTime:0.0009s ]
SQL: SELECT `id` FROM `lxp_oauth_user` WHERE (  is_admin )  [ RunTime:0.0003s ]
SQL: SELECT c.content,c.date,a.title,a.aid,ou.nickname,ou.head_img FROM lxp_comment c INNER JOIN lxp_article a ON c.aid=a.aid INNER JOIN lxp_oauth_user ou ON c.ouid=ou.id  WHERE c.is_delete = 0 ORDER BY c.date desc LIMIT 20   [ RunTime:0.0014s ]
NOTIC: [2] Invalid argument supplied for foreach() /www/wwwroot/blog/Application/Common/Model/CommentModel.class.php 第 202 行.
SQL: SHOW COLUMNS FROM `lxp_category` [ RunTime:0.0008s ]
SQL: SELECT * FROM `lxp_category` ORDER BY sort  [ RunTime:0.0006s ]
SQL: SHOW COLUMNS FROM `lxp_tag` [ RunTime:0.0008s ]
SQL: SELECT * FROM `lxp_tag`  [ RunTime:0.0003s ]
SQL: SHOW COLUMNS FROM `lxp_article_tag` [ RunTime:0.0005s ]
SQL: SELECT COUNT(*) AS tp_count FROM `lxp_article_tag` WHERE `tid` = 21 LIMIT 1   [ RunTime:0.0005s ]
SQL: SELECT COUNT(*) AS tp_count FROM `lxp_article_tag` WHERE `tid` = 22 LIMIT 1   [ RunTime:0.0003s ]
SQL: SELECT COUNT(*) AS tp_count FROM `lxp_article_tag` WHERE `tid` = 23 LIMIT 1   [ RunTime:0.0002s ]
SQL: SELECT COUNT(*) AS tp_count FROM `lxp_article_tag` WHERE `tid` = 24 LIMIT 1   [ RunTime:0.0003s ]
SQL: SELECT COUNT(*) AS tp_count FROM `lxp_article_tag` WHERE `tid` = 25 LIMIT 1   [ RunTime:0.0002s ]
SQL: SELECT COUNT(*) AS tp_count FROM `lxp_article_tag` WHERE `tid` = 26 LIMIT 1   [ RunTime:0.0002s ]
SQL: SELECT COUNT(*) AS tp_count FROM `lxp_article_tag` WHERE `tid` = 27 LIMIT 1   [ RunTime:0.0002s ]
SQL: SHOW COLUMNS FROM `lxp_link` [ RunTime:0.0009s ]
SQL: SELECT * FROM `lxp_link` WHERE `is_delete` = 0 AND `is_show` = 1 ORDER BY sort  [ RunTime:0.0006s ]
SQL: SHOW COLUMNS FROM `lxp_article` [ RunTime:0.0016s ]
SQL: SELECT COUNT(*) AS tp_count FROM `lxp_article` WHERE `is_delete` = 0 AND `is_show` = 1 LIMIT 1   [ RunTime:0.0003s ]
SQL: SELECT * FROM `lxp_article` WHERE `is_delete` = 0 AND `is_show` = 1 ORDER BY addtime desc LIMIT 0,10   [ RunTime:0.0037s ]
SQL: SHOW COLUMNS FROM `lxp_article_tag` [ RunTime:0.0025s ]
SQL: SHOW COLUMNS FROM `lxp_article_tag` [ RunTime:0.0006s ]
SQL: SELECT * FROM `lxp_article_tag` INNER JOIN lxp_tag ON lxp_article_tag.tid=lxp_tag.tid  WHERE `aid` = '63'  [ RunTime:0.0005s ]
SQL: SHOW COLUMNS FROM `lxp_article_pic` [ RunTime:0.0007s ]
SQL: SELECT `path` FROM `lxp_article_pic` WHERE `aid` = 63 ORDER BY ap_id asc LIMIT 1   [ RunTime:0.0004s ]
SQL: SELECT `cid`,`cid`,`cname` FROM `lxp_category` WHERE `cid` = 32  [ RunTime:0.0002s ]
SQL: SELECT * FROM `lxp_article_tag` INNER JOIN lxp_tag ON lxp_article_tag.tid=lxp_tag.tid  WHERE `aid` = '62'  [ RunTime:0.0003s ]
SQL: SELECT `path` FROM `lxp_article_pic` WHERE `aid` = 62 ORDER BY ap_id asc LIMIT 1   [ RunTime:0.0002s ]
SQL: SELECT `cid`,`cid`,`cname` FROM `lxp_category` WHERE `cid` = 34  [ RunTime:0.0002s ]
SQL: SELECT * FROM `lxp_article_tag` INNER JOIN lxp_tag ON lxp_article_tag.tid=lxp_tag.tid  WHERE `aid` = '61'  [ RunTime:0.0004s ]
SQL: SELECT `path` FROM `lxp_article_pic` WHERE `aid` = 61 ORDER BY ap_id asc LIMIT 1   [ RunTime:0.0003s ]
SQL: SELECT `cid`,`cid`,`cname` FROM `lxp_category` WHERE `cid` = 34  [ RunTime:0.0002s ]
SQL: SELECT * FROM `lxp_article_tag` INNER JOIN lxp_tag ON lxp_article_tag.tid=lxp_tag.tid  WHERE `aid` = '60'  [ RunTime:0.0003s ]
SQL: SELECT `path` FROM `lxp_article_pic` WHERE `aid` = 60 ORDER BY ap_id asc LIMIT 1   [ RunTime:0.0002s ]
SQL: SELECT `cid`,`cid`,`cname` FROM `lxp_category` WHERE `cid` = 33  [ RunTime:0.0002s ]
SQL: SELECT * FROM `lxp_article_tag` INNER JOIN lxp_tag ON lxp_article_tag.tid=lxp_tag.tid  WHERE `aid` = '59'  [ RunTime:0.0003s ]
SQL: SELECT `path` FROM `lxp_article_pic` WHERE `aid` = 59 ORDER BY ap_id asc LIMIT 1   [ RunTime:0.0002s ]
SQL: SELECT `cid`,`cid`,`cname` FROM `lxp_category` WHERE `cid` = 31  [ RunTime:0.0002s ]
SQL: SELECT * FROM `lxp_article_tag` INNER JOIN lxp_tag ON lxp_article_tag.tid=lxp_tag.tid  WHERE `aid` = '58'  [ RunTime:0.0003s ]
SQL: SELECT `path` FROM `lxp_article_pic` WHERE `aid` = 58 ORDER BY ap_id asc LIMIT 1   [ RunTime:0.0002s ]
SQL: SELECT `cid`,`cid`,`cname` FROM `lxp_category` WHERE `cid` = 31  [ RunTime:0.0002s ]
SQL: SELECT * FROM `lxp_article_tag` INNER JOIN lxp_tag ON lxp_article_tag.tid=lxp_tag.tid  WHERE `aid` = '57'  [ RunTime:0.0004s ]
SQL: SELECT `path` FROM `lxp_article_pic` WHERE `aid` = 57 ORDER BY ap_id asc LIMIT 1   [ RunTime:0.0003s ]
SQL: SELECT `cid`,`cid`,`cname` FROM `lxp_category` WHERE `cid` = 30  [ RunTime:0.0003s ]
SQL: SELECT * FROM `lxp_article_tag` INNER JOIN lxp_tag ON lxp_article_tag.tid=lxp_tag.tid  WHERE `aid` = '56'  [ RunTime:0.0004s ]
SQL: SELECT `path` FROM `lxp_article_pic` WHERE `aid` = 56 ORDER BY ap_id asc LIMIT 1   [ RunTime:0.0003s ]
SQL: SELECT `cid`,`cid`,`cname` FROM `lxp_category` WHERE `cid` = 33  [ RunTime:0.0002s ]
SQL: SELECT * FROM `lxp_article_tag` INNER JOIN lxp_tag ON lxp_article_tag.tid=lxp_tag.tid  WHERE `aid` = '55'  [ RunTime:0.0004s ]
SQL: SELECT `path` FROM `lxp_article_pic` WHERE `aid` = 55 ORDER BY ap_id asc LIMIT 1   [ RunTime:0.0002s ]
SQL: SELECT `cid`,`cid`,`cname` FROM `lxp_category` WHERE `cid` = 33  [ RunTime:0.0002s ]
SQL: SELECT * FROM `lxp_article_tag` INNER JOIN lxp_tag ON lxp_article_tag.tid=lxp_tag.tid  WHERE `aid` = '54'  [ RunTime:0.0003s ]
SQL: SELECT `path` FROM `lxp_article_pic` WHERE `aid` = 54 ORDER BY ap_id asc LIMIT 1   [ RunTime:0.0002s ]
SQL: SELECT `cid`,`cid`,`cname` FROM `lxp_category` WHERE `cid` = 31  [ RunTime:0.0002s ]
INFO: [ view_parse ] --START--
INFO: [ template_filter ] --START--
INFO: Run Behavior\ContentReplaceBehavior [ RunTime:0.000102s ]
INFO: [ template_filter ] --END-- [ RunTime:0.000168s ]
NOTIC: [2] Use of undefined constant url - assumed 'url' (this will throw an Error in a future version of PHP) /www/wwwroot/blog/Runtime/Cache/Home/08d30c77e78bd0ac29232fbc421b5dcd.php 第 6 行.
NOTIC: [2] Use of undefined constant url - assumed 'url' (this will throw an Error in a future version of PHP) /www/wwwroot/blog/Runtime/Cache/Home/08d30c77e78bd0ac29232fbc421b5dcd.php 第 6 行.
NOTIC: [2] Use of undefined constant url - assumed 'url' (this will throw an Error in a future version of PHP) /www/wwwroot/blog/Runtime/Cache/Home/08d30c77e78bd0ac29232fbc421b5dcd.php 第 6 行.
INFO: Run Behavior\ParseTemplateBehavior [ RunTime:0.010399s ]
INFO: [ view_parse ] --END-- [ RunTime:0.010453s ]
INFO: [ view_filter ] --START--
INFO: Run Behavior\WriteHtmlCacheBehavior [ RunTime:0.000127s ]
INFO: [ view_filter ] --END-- [ RunTime:0.000152s ]
INFO: [ app_end ] --START--
INFO: Run Behavior\ShowPageTraceBehavior [ RunTime:0.000078s ]
INFO: [ app_end ] --END-- [ RunTime:0.000102s ]

[ 2020-01-20T13:31:06+08:00 ] 66.249.64.59 /article/55
INFO: [ app_init ] --START--
INFO: Run Behavior\BuildLiteBehavior [ RunTime:0.000056s ]
INFO: [ app_init ] --END-- [ RunTime:0.000403s ]
INFO: [ app_begin ] --START--
INFO: Run Behavior\ReadHtmlCacheBehavior [ RunTime:0.000144s ]
INFO: [ app_begin ] --END-- [ RunTime:0.000167s ]
SQL: SHOW COLUMNS FROM `lxp_article` [ RunTime:0.0068s ]
SQL: SELECT `aid`,`title` FROM `lxp_article` WHERE `is_show` = 1 AND `is_delete` = 0 AND `is_top` = 1 ORDER BY aid desc  [ RunTime:0.0030s ]
SQL: SHOW COLUMNS FROM `lxp_comment` [ RunTime:0.0014s ]
SQL: SHOW COLUMNS FROM `lxp_oauth_user` [ RunTime:0.0016s ]
SQL: SELECT `id` FROM `lxp_oauth_user` WHERE (  is_admin )  [ RunTime:0.0005s ]
SQL: SELECT c.content,c.date,a.title,a.aid,ou.nickname,ou.head_img FROM lxp_comment c INNER JOIN lxp_article a ON c.aid=a.aid INNER JOIN lxp_oauth_user ou ON c.ouid=ou.id  WHERE c.is_delete = 0 ORDER BY c.date desc LIMIT 20   [ RunTime:0.0016s ]
NOTIC: [2] Invalid argument supplied for foreach() /www/wwwroot/blog/Application/Common/Model/CommentModel.class.php 第 202 行.
SQL: SHOW COLUMNS FROM `lxp_category` [ RunTime:0.0009s ]
SQL: SELECT * FROM `lxp_category` ORDER BY sort  [ RunTime:0.0010s ]
SQL: SHOW COLUMNS FROM `lxp_tag` [ RunTime:0.0014s ]
SQL: SELECT * FROM `lxp_tag`  [ RunTime:0.0004s ]
SQL: SHOW COLUMNS FROM `lxp_article_tag` [ RunTime:0.0008s ]
SQL: SELECT COUNT(*) AS tp_count FROM `lxp_article_tag` WHERE `tid` = 21 LIMIT 1   [ RunTime:0.0008s ]
SQL: SELECT COUNT(*) AS tp_count FROM `lxp_article_tag` WHERE `tid` = 22 LIMIT 1   [ RunTime:0.0002s ]
SQL: SELECT COUNT(*) AS tp_count FROM `lxp_article_tag` WHERE `tid` = 23 LIMIT 1   [ RunTime:0.0002s ]
SQL: SELECT COUNT(*) AS tp_count FROM `lxp_article_tag` WHERE `tid` = 24 LIMIT 1   [ RunTime:0.0002s ]
SQL: SELECT COUNT(*) AS tp_count FROM `lxp_article_tag` WHERE `tid` = 25 LIMIT 1   [ RunTime:0.0002s ]
SQL: SELECT COUNT(*) AS tp_count FROM `lxp_article_tag` WHERE `tid` = 26 LIMIT 1   [ RunTime:0.0002s ]
SQL: SELECT COUNT(*) AS tp_count FROM `lxp_article_tag` WHERE `tid` = 27 LIMIT 1   [ RunTime:0.0002s ]
SQL: SHOW COLUMNS FROM `lxp_link` [ RunTime:0.0008s ]
SQL: SELECT * FROM `lxp_link` WHERE `is_delete` = 0 AND `is_show` = 1 ORDER BY sort  [ RunTime:0.0005s ]
NOTIC: [2] array_key_exists() expects parameter 2 to be array, null given /www/wwwroot/blog/Application/Home/Controller/IndexController.class.php 第 77 行.
SQL: UPDATE `lxp_article` SET `click`=click+1 WHERE `aid` = 55 [ RunTime:0.0056s ]
SQL: SHOW COLUMNS FROM `lxp_article` [ RunTime:0.0026s ]
NOTIC: [8] Undefined index: title /www/wwwroot/blog/Application/Common/Model/ArticleModel.class.php 第 347 行.
SQL: SELECT `aid`,`title` FROM `lxp_article` WHERE `title` LIKE '%%' AND (  `is_show` = 1 ) AND (  `is_delete` = 0 ) AND `aid` > 55 LIMIT 1   [ RunTime:0.0005s ]
SQL: SELECT `aid`,`title` FROM `lxp_article` WHERE `title` LIKE '%%' AND (  `is_show` = 1 ) AND (  `is_delete` = 0 ) AND `aid` < 55 ORDER BY aid desc LIMIT 1   [ RunTime:0.0003s ]
SQL: SELECT * FROM `lxp_article` WHERE `aid` = 55 LIMIT 1   [ RunTime:0.0004s ]
SQL: SHOW COLUMNS FROM `lxp_article_tag` [ RunTime:0.0006s ]
SQL: SELECT `tid` FROM `lxp_article_tag` WHERE `aid` = 55  [ RunTime:0.0002s ]
SQL: SHOW COLUMNS FROM `lxp_article_tag` [ RunTime:0.0005s ]
SQL: SELECT * FROM `lxp_article_tag` INNER JOIN lxp_tag ON lxp_article_tag.tid=lxp_tag.tid  WHERE `aid` = 55  [ RunTime:0.0004s ]
SQL: SELECT `cid`,`cid`,`cname`,`keywords` FROM `lxp_category` WHERE `cid` = 33  [ RunTime:0.0002s ]
SQL: SELECT c.*,ou.nickname,ou.head_img FROM lxp_comment c INNER JOIN lxp_oauth_user ou ON c.ouid=ou.id  WHERE c.status = 1 AND c.aid = 55 AND c.pid = 0 AND c.is_delete = 0 ORDER BY date desc  [ RunTime:0.0007s ]
NOTIC: [2] Invalid argument supplied for foreach() /www/wwwroot/blog/Application/Common/Model/CommentModel.class.php 第 135 行.
INFO: [ view_parse ] --START--
INFO: [ template_filter ] --START--
INFO: Run Behavior\ContentReplaceBehavior [ RunTime:0.000132s ]
INFO: [ template_filter ] --END-- [ RunTime:0.000169s ]
NOTIC: [8] Undefined variable: user_email /www/wwwroot/blog/Runtime/Cache/Home/d4c1149384e4970b24973a696680cd70.php 第 7 行.
NOTIC: [8] Undefined variable: user_email /www/wwwroot/blog/Runtime/Cache/Home/d4c1149384e4970b24973a696680cd70.php 第 9 行.
NOTIC: [2] count(): Parameter must be an array or an object that implements Countable /www/wwwroot/blog/Runtime/Cache/Home/d4c1149384e4970b24973a696680cd70.php 第 9 行.
INFO: Run Behavior\ParseTemplateBehavior [ RunTime:0.011419s ]
INFO: [ view_parse ] --END-- [ RunTime:0.011453s ]
INFO: [ view_filter ] --START--
INFO: Run Behavior\WriteHtmlCacheBehavior [ RunTime:0.000082s ]
INFO: [ view_filter ] --END-- [ RunTime:0.000097s ]
INFO: [ app_end ] --START--
INFO: Run Behavior\ShowPageTraceBehavior [ RunTime:0.000065s ]
INFO: [ app_end ] --END-- [ RunTime:0.000084s ]

[ 2020-01-20T13:35:27+08:00 ] 125.165.156.252 /
INFO: [ app_init ] --START--
INFO: Run Behavior\BuildLiteBehavior [ RunTime:0.000035s ]
INFO: [ app_init ] --END-- [ RunTime:0.000337s ]
INFO: [ app_begin ] --START--
INFO: Run Behavior\ReadHtmlCacheBehavior [ RunTime:0.000120s ]
INFO: [ app_begin ] --END-- [ RunTime:0.000150s ]
SQL: SHOW COLUMNS FROM `lxp_article` [ RunTime:0.0045s ]
SQL: SELECT `aid`,`title` FROM `lxp_article` WHERE `is_show` = 1 AND `is_delete` = 0 AND `is_top` = 1 ORDER BY aid desc  [ RunTime:0.0020s ]
SQL: SHOW COLUMNS FROM `lxp_comment` [ RunTime:0.0011s ]
SQL: SHOW COLUMNS FROM `lxp_oauth_user` [ RunTime:0.0018s ]
SQL: SELECT `id` FROM `lxp_oauth_user` WHERE (  is_admin )  [ RunTime:0.0003s ]
SQL: SELECT c.content,c.date,a.title,a.aid,ou.nickname,ou.head_img FROM lxp_comment c INNER JOIN lxp_article a ON c.aid=a.aid INNER JOIN lxp_oauth_user ou ON c.ouid=ou.id  WHERE c.is_delete = 0 ORDER BY c.date desc LIMIT 20   [ RunTime:0.0011s ]
NOTIC: [2] Invalid argument supplied for foreach() /www/wwwroot/blog/Application/Common/Model/CommentModel.class.php 第 202 行.
SQL: SHOW COLUMNS FROM `lxp_category` [ RunTime:0.0009s ]
SQL: SELECT * FROM `lxp_category` ORDER BY sort  [ RunTime:0.0007s ]
SQL: SHOW COLUMNS FROM `lxp_tag` [ RunTime:0.0007s ]
SQL: SELECT * FROM `lxp_tag`  [ RunTime:0.0004s ]
SQL: SHOW COLUMNS FROM `lxp_article_tag` [ RunTime:0.0008s ]
SQL: SELECT COUNT(*) AS tp_count FROM `lxp_article_tag` WHERE `tid` = 21 LIMIT 1   [ RunTime:0.0005s ]
SQL: SELECT COUNT(*) AS tp_count FROM `lxp_article_tag` WHERE `tid` = 22 LIMIT 1   [ RunTime:0.0003s ]
SQL: SELECT COUNT(*) AS tp_count FROM `lxp_article_tag` WHERE `tid` = 23 LIMIT 1   [ RunTime:0.0002s ]
SQL: SELECT COUNT(*) AS tp_count FROM `lxp_article_tag` WHERE `tid` = 24 LIMIT 1   [ RunTime:0.0002s ]
SQL: SELECT COUNT(*) AS tp_count FROM `lxp_article_tag` WHERE `tid` = 25 LIMIT 1   [ RunTime:0.0002s ]
SQL: SELECT COUNT(*) AS tp_count FROM `lxp_article_tag` WHERE `tid` = 26 LIMIT 1   [ RunTime:0.0002s ]
SQL: SELECT COUNT(*) AS tp_count FROM `lxp_article_tag` WHERE `tid` = 27 LIMIT 1   [ RunTime:0.0002s ]
SQL: SHOW COLUMNS FROM `lxp_link` [ RunTime:0.0008s ]
SQL: SELECT * FROM `lxp_link` WHERE `is_delete` = 0 AND `is_show` = 1 ORDER BY sort  [ RunTime:0.0005s ]
SQL: SHOW COLUMNS FROM `lxp_article` [ RunTime:0.0022s ]
SQL: SELECT COUNT(*) AS tp_count FROM `lxp_article` WHERE `is_delete` = 0 AND `is_show` = 1 LIMIT 1   [ RunTime:0.0004s ]
SQL: SELECT * FROM `lxp_article` WHERE `is_delete` = 0 AND `is_show` = 1 ORDER BY addtime desc LIMIT 0,10   [ RunTime:0.0041s ]
SQL: SHOW COLUMNS FROM `lxp_article_tag` [ RunTime:0.0012s ]
SQL: SHOW COLUMNS FROM `lxp_article_tag` [ RunTime:0.0007s ]
SQL: SELECT * FROM `lxp_article_tag` INNER JOIN lxp_tag ON lxp_article_tag.tid=lxp_tag.tid  WHERE `aid` = '63'  [ RunTime:0.0007s ]
SQL: SHOW COLUMNS FROM `lxp_article_pic` [ RunTime:0.0022s ]
SQL: SELECT `path` FROM `lxp_article_pic` WHERE `aid` = 63 ORDER BY ap_id asc LIMIT 1   [ RunTime:0.0005s ]
SQL: SELECT `cid`,`cid`,`cname` FROM `lxp_category` WHERE `cid` = 32  [ RunTime:0.0003s ]
SQL: SELECT * FROM `lxp_article_tag` INNER JOIN lxp_tag ON lxp_article_tag.tid=lxp_tag.tid  WHERE `aid` = '62'  [ RunTime:0.0003s ]
SQL: SELECT `path` FROM `lxp_article_pic` WHERE `aid` = 62 ORDER BY ap_id asc LIMIT 1   [ RunTime:0.0003s ]
SQL: SELECT `cid`,`cid`,`cname` FROM `lxp_category` WHERE `cid` = 34  [ RunTime:0.0003s ]
SQL: SELECT * FROM `lxp_article_tag` INNER JOIN lxp_tag ON lxp_article_tag.tid=lxp_tag.tid  WHERE `aid` = '61'  [ RunTime:0.0003s ]
SQL: SELECT `path` FROM `lxp_article_pic` WHERE `aid` = 61 ORDER BY ap_id asc LIMIT 1   [ RunTime:0.0002s ]
SQL: SELECT `cid`,`cid`,`cname` FROM `lxp_category` WHERE `cid` = 34  [ RunTime:0.0002s ]
SQL: SELECT * FROM `lxp_article_tag` INNER JOIN lxp_tag ON lxp_article_tag.tid=lxp_tag.tid  WHERE `aid` = '60'  [ RunTime:0.0004s ]
SQL: SELECT `path` FROM `lxp_article_pic` WHERE `aid` = 60 ORDER BY ap_id asc LIMIT 1   [ RunTime:0.0002s ]
SQL: SELECT `cid`,`cid`,`cname` FROM `lxp_category` WHERE `cid` = 33  [ RunTime:0.0003s ]
SQL: SELECT * FROM `lxp_article_tag` INNER JOIN lxp_tag ON lxp_article_tag.tid=lxp_tag.tid  WHERE `aid` = '59'  [ RunTime:0.0003s ]
SQL: SELECT `path` FROM `lxp_article_pic` WHERE `aid` = 59 ORDER BY ap_id asc LIMIT 1   [ RunTime:0.0002s ]
SQL: SELECT `cid`,`cid`,`cname` FROM `lxp_category` WHERE `cid` = 31  [ RunTime:0.0002s ]
SQL: SELECT * FROM `lxp_article_tag` INNER JOIN lxp_tag ON lxp_article_tag.tid=lxp_tag.tid  WHERE `aid` = '58'  [ RunTime:0.0003s ]
SQL: SELECT `path` FROM `lxp_article_pic` WHERE `aid` = 58 ORDER BY ap_id asc LIMIT 1   [ RunTime:0.0002s ]
SQL: SELECT `cid`,`cid`,`cname` FROM `lxp_category` WHERE `cid` = 31  [ RunTime:0.0002s ]
SQL: SELECT * FROM `lxp_article_tag` INNER JOIN lxp_tag ON lxp_article_tag.tid=lxp_tag.tid  WHERE `aid` = '57'  [ RunTime:0.0003s ]
SQL: SELECT `path` FROM `lxp_article_pic` WHERE `aid` = 57 ORDER BY ap_id asc LIMIT 1   [ RunTime:0.0002s ]
SQL: SELECT `cid`,`cid`,`cname` FROM `lxp_category` WHERE `cid` = 30  [ RunTime:0.0002s ]
SQL: SELECT * FROM `lxp_article_tag` INNER JOIN lxp_tag ON lxp_article_tag.tid=lxp_tag.tid  WHERE `aid` = '56'  [ RunTime:0.0003s ]
SQL: SELECT `path` FROM `lxp_article_pic` WHERE `aid` = 56 ORDER BY ap_id asc LIMIT 1   [ RunTime:0.0003s ]
SQL: SELECT `cid`,`cid`,`cname` FROM `lxp_category` WHERE `cid` = 33  [ RunTime:0.0002s ]
SQL: SELECT * FROM `lxp_article_tag` INNER JOIN lxp_tag ON lxp_article_tag.tid=lxp_tag.tid  WHERE `aid` = '55'  [ RunTime:0.0003s ]
SQL: SELECT `path` FROM `lxp_article_pic` WHERE `aid` = 55 ORDER BY ap_id asc LIMIT 1   [ RunTime:0.0003s ]
SQL: SELECT `cid`,`cid`,`cname` FROM `lxp_category` WHERE `cid` = 33  [ RunTime:0.0002s ]
SQL: SELECT * FROM `lxp_article_tag` INNER JOIN lxp_tag ON lxp_article_tag.tid=lxp_tag.tid  WHERE `aid` = '54'  [ RunTime:0.0003s ]
SQL: SELECT `path` FROM `lxp_article_pic` WHERE `aid` = 54 ORDER BY ap_id asc LIMIT 1   [ RunTime:0.0002s ]
SQL: SELECT `cid`,`cid`,`cname` FROM `lxp_category` WHERE `cid` = 31  [ RunTime:0.0003s ]
INFO: [ view_parse ] --START--
INFO: [ template_filter ] --START--
INFO: Run Behavior\ContentReplaceBehavior [ RunTime:0.000108s ]
INFO: [ template_filter ] --END-- [ RunTime:0.000143s ]
NOTIC: [2] Use of undefined constant url - assumed 'url' (this will throw an Error in a future version of PHP) /www/wwwroot/blog/Runtime/Cache/Home/08d30c77e78bd0ac29232fbc421b5dcd.php 第 6 行.
NOTIC: [2] Use of undefined constant url - assumed 'url' (this will throw an Error in a future version of PHP) /www/wwwroot/blog/Runtime/Cache/Home/08d30c77e78bd0ac29232fbc421b5dcd.php 第 6 行.
NOTIC: [2] Use of undefined constant url - assumed 'url' (this will throw an Error in a future version of PHP) /www/wwwroot/blog/Runtime/Cache/Home/08d30c77e78bd0ac29232fbc421b5dcd.php 第 6 行.
INFO: Run Behavior\ParseTemplateBehavior [ RunTime:0.009993s ]
INFO: [ view_parse ] --END-- [ RunTime:0.010024s ]
INFO: [ view_filter ] --START--
INFO: Run Behavior\WriteHtmlCacheBehavior [ RunTime:0.000080s ]
INFO: [ view_filter ] --END-- [ RunTime:0.000099s ]
INFO: [ app_end ] --START--
INFO: Run Behavior\ShowPageTraceBehavior [ RunTime:0.000096s ]
INFO: [ app_end ] --END-- [ RunTime:0.000120s ]

[ 2020-01-20T14:11:54+08:00 ] 43.229.93.213 /
INFO: [ app_init ] --START--
INFO: Run Behavior\BuildLiteBehavior [ RunTime:0.000028s ]
INFO: [ app_init ] --END-- [ RunTime:0.000225s ]
INFO: [ app_begin ] --START--
INFO: Run Behavior\ReadHtmlCacheBehavior [ RunTime:0.000065s ]
INFO: [ app_begin ] --END-- [ RunTime:0.000084s ]
SQL: SHOW COLUMNS FROM `lxp_article` [ RunTime:0.0031s ]
SQL: SELECT `aid`,`title` FROM `lxp_article` WHERE `is_show` = 1 AND `is_delete` = 0 AND `is_top` = 1 ORDER BY aid desc  [ RunTime:0.0015s ]
SQL: SHOW COLUMNS FROM `lxp_comment` [ RunTime:0.0016s ]
SQL: SHOW COLUMNS FROM `lxp_oauth_user` [ RunTime:0.0009s ]
SQL: SELECT `id` FROM `lxp_oauth_user` WHERE (  is_admin )  [ RunTime:0.0002s ]
SQL: SELECT c.content,c.date,a.title,a.aid,ou.nickname,ou.head_img FROM lxp_comment c INNER JOIN lxp_article a ON c.aid=a.aid INNER JOIN lxp_oauth_user ou ON c.ouid=ou.id  WHERE c.is_delete = 0 ORDER BY c.date desc LIMIT 20   [ RunTime:0.0010s ]
NOTIC: [2] Invalid argument supplied for foreach() /www/wwwroot/blog/Application/Common/Model/CommentModel.class.php 第 202 行.
SQL: SHOW COLUMNS FROM `lxp_category` [ RunTime:0.0007s ]
SQL: SELECT * FROM `lxp_category` ORDER BY sort  [ RunTime:0.0005s ]
SQL: SHOW COLUMNS FROM `lxp_tag` [ RunTime:0.0006s ]
SQL: SELECT * FROM `lxp_tag`  [ RunTime:0.0003s ]
SQL: SHOW COLUMNS FROM `lxp_article_tag` [ RunTime:0.0006s ]
SQL: SELECT COUNT(*) AS tp_count FROM `lxp_article_tag` WHERE `tid` = 21 LIMIT 1   [ RunTime:0.0004s ]
SQL: SELECT COUNT(*) AS tp_count FROM `lxp_article_tag` WHERE `tid` = 22 LIMIT 1   [ RunTime:0.0002s ]
SQL: SELECT COUNT(*) AS tp_count FROM `lxp_article_tag` WHERE `tid` = 23 LIMIT 1   [ RunTime:0.0002s ]
SQL: SELECT COUNT(*) AS tp_count FROM `lxp_article_tag` WHERE `tid` = 24 LIMIT 1   [ RunTime:0.0002s ]
SQL: SELECT COUNT(*) AS tp_count FROM `lxp_article_tag` WHERE `tid` = 25 LIMIT 1   [ RunTime:0.0003s ]
SQL: SELECT COUNT(*) AS tp_count FROM `lxp_article_tag` WHERE `tid` = 26 LIMIT 1   [ RunTime:0.0002s ]
SQL: SELECT COUNT(*) AS tp_count FROM `lxp_article_tag` WHERE `tid` = 27 LIMIT 1   [ RunTime:0.0002s ]
SQL: SHOW COLUMNS FROM `lxp_link` [ RunTime:0.0013s ]
SQL: SELECT * FROM `lxp_link` WHERE `is_delete` = 0 AND `is_show` = 1 ORDER BY sort  [ RunTime:0.0004s ]
SQL: SHOW COLUMNS FROM `lxp_article` [ RunTime:0.0007s ]
SQL: SELECT COUNT(*) AS tp_count FROM `lxp_article` WHERE `is_delete` = 0 AND `is_show` = 1 LIMIT 1   [ RunTime:0.0003s ]
SQL: SELECT * FROM `lxp_article` WHERE `is_delete` = 0 AND `is_show` = 1 ORDER BY addtime desc LIMIT 0,10   [ RunTime:0.0027s ]
SQL: SHOW COLUMNS FROM `lxp_article_tag` [ RunTime:0.0007s ]
SQL: SHOW COLUMNS FROM `lxp_article_tag` [ RunTime:0.0011s ]
SQL: SELECT * FROM `lxp_article_tag` INNER JOIN lxp_tag ON lxp_article_tag.tid=lxp_tag.tid  WHERE `aid` = '63'  [ RunTime:0.0005s ]
SQL: SHOW COLUMNS FROM `lxp_article_pic` [ RunTime:0.0006s ]
SQL: SELECT `path` FROM `lxp_article_pic` WHERE `aid` = 63 ORDER BY ap_id asc LIMIT 1   [ RunTime:0.0003s ]
SQL: SELECT `cid`,`cid`,`cname` FROM `lxp_category` WHERE `cid` = 32  [ RunTime:0.0002s ]
SQL: SELECT * FROM `lxp_article_tag` INNER JOIN lxp_tag ON lxp_article_tag.tid=lxp_tag.tid  WHERE `aid` = '62'  [ RunTime:0.0003s ]
SQL: SELECT `path` FROM `lxp_article_pic` WHERE `aid` = 62 ORDER BY ap_id asc LIMIT 1   [ RunTime:0.0002s ]
SQL: SELECT `cid`,`cid`,`cname` FROM `lxp_category` WHERE `cid` = 34  [ RunTime:0.0002s ]
SQL: SELECT * FROM `lxp_article_tag` INNER JOIN lxp_tag ON lxp_article_tag.tid=lxp_tag.tid  WHERE `aid` = '61'  [ RunTime:0.0003s ]
SQL: SELECT `path` FROM `lxp_article_pic` WHERE `aid` = 61 ORDER BY ap_id asc LIMIT 1   [ RunTime:0.0002s ]
SQL: SELECT `cid`,`cid`,`cname` FROM `lxp_category` WHERE `cid` = 34  [ RunTime:0.0002s ]
SQL: SELECT * FROM `lxp_article_tag` INNER JOIN lxp_tag ON lxp_article_tag.tid=lxp_tag.tid  WHERE `aid` = '60'  [ RunTime:0.0003s ]
SQL: SELECT `path` FROM `lxp_article_pic` WHERE `aid` = 60 ORDER BY ap_id asc LIMIT 1   [ RunTime:0.0002s ]
SQL: SELECT `cid`,`cid`,`cname` FROM `lxp_category` WHERE `cid` = 33  [ RunTime:0.0002s ]
SQL: SELECT * FROM `lxp_article_tag` INNER JOIN lxp_tag ON lxp_article_tag.tid=lxp_tag.tid  WHERE `aid` = '59'  [ RunTime:0.0003s ]
SQL: SELECT `path` FROM `lxp_article_pic` WHERE `aid` = 59 ORDER BY ap_id asc LIMIT 1   [ RunTime:0.0002s ]
SQL: SELECT `cid`,`cid`,`cname` FROM `lxp_category` WHERE `cid` = 31  [ RunTime:0.0002s ]
SQL: SELECT * FROM `lxp_article_tag` INNER JOIN lxp_tag ON lxp_article_tag.tid=lxp_tag.tid  WHERE `aid` = '58'  [ RunTime:0.0003s ]
SQL: SELECT `path` FROM `lxp_article_pic` WHERE `aid` = 58 ORDER BY ap_id asc LIMIT 1   [ RunTime:0.0002s ]
SQL: SELECT `cid`,`cid`,`cname` FROM `lxp_category` WHERE `cid` = 31  [ RunTime:0.0003s ]
SQL: SELECT * FROM `lxp_article_tag` INNER JOIN lxp_tag ON lxp_article_tag.tid=lxp_tag.tid  WHERE `aid` = '57'  [ RunTime:0.0003s ]
SQL: SELECT `path` FROM `lxp_article_pic` WHERE `aid` = 57 ORDER BY ap_id asc LIMIT 1   [ RunTime:0.0002s ]
SQL: SELECT `cid`,`cid`,`cname` FROM `lxp_category` WHERE `cid` = 30  [ RunTime:0.0002s ]
SQL: SELECT * FROM `lxp_article_tag` INNER JOIN lxp_tag ON lxp_article_tag.tid=lxp_tag.tid  WHERE `aid` = '56'  [ RunTime:0.0004s ]
SQL: SELECT `path` FROM `lxp_article_pic` WHERE `aid` = 56 ORDER BY ap_id asc LIMIT 1   [ RunTime:0.0002s ]
SQL: SELECT `cid`,`cid`,`cname` FROM `lxp_category` WHERE `cid` = 33  [ RunTime:0.0002s ]
SQL: SELECT * FROM `lxp_article_tag` INNER JOIN lxp_tag ON lxp_article_tag.tid=lxp_tag.tid  WHERE `aid` = '55'  [ RunTime:0.0003s ]
SQL: SELECT `path` FROM `lxp_article_pic` WHERE `aid` = 55 ORDER BY ap_id asc LIMIT 1   [ RunTime:0.0002s ]
SQL: SELECT `cid`,`cid`,`cname` FROM `lxp_category` WHERE `cid` = 33  [ RunTime:0.0002s ]
SQL: SELECT * FROM `lxp_article_tag` INNER JOIN lxp_tag ON lxp_article_tag.tid=lxp_tag.tid  WHERE `aid` = '54'  [ RunTime:0.0003s ]
SQL: SELECT `path` FROM `lxp_article_pic` WHERE `aid` = 54 ORDER BY ap_id asc LIMIT 1   [ RunTime:0.0002s ]
SQL: SELECT `cid`,`cid`,`cname` FROM `lxp_category` WHERE `cid` = 31  [ RunTime:0.0002s ]
INFO: [ view_parse ] --START--
INFO: [ template_filter ] --START--
INFO: Run Behavior\ContentReplaceBehavior [ RunTime:0.000101s ]
INFO: [ template_filter ] --END-- [ RunTime:0.000139s ]
NOTIC: [2] Use of undefined constant url - assumed 'url' (this will throw an Error in a future version of PHP) /www/wwwroot/blog/Runtime/Cache/Home/08d30c77e78bd0ac29232fbc421b5dcd.php 第 6 行.
NOTIC: [2] Use of undefined constant url - assumed 'url' (this will throw an Error in a future version of PHP) /www/wwwroot/blog/Runtime/Cache/Home/08d30c77e78bd0ac29232fbc421b5dcd.php 第 6 行.
NOTIC: [2] Use of undefined constant url - assumed 'url' (this will throw an Error in a future version of PHP) /www/wwwroot/blog/Runtime/Cache/Home/08d30c77e78bd0ac29232fbc421b5dcd.php 第 6 行.
INFO: Run Behavior\ParseTemplateBehavior [ RunTime:0.009085s ]
INFO: [ view_parse ] --END-- [ RunTime:0.009115s ]
INFO: [ view_filter ] --START--
INFO: Run Behavior\WriteHtmlCacheBehavior [ RunTime:0.000074s ]
INFO: [ view_filter ] --END-- [ RunTime:0.000091s ]
INFO: [ app_end ] --START--
INFO: Run Behavior\ShowPageTraceBehavior [ RunTime:0.000065s ]
INFO: [ app_end ] --END-- [ RunTime:0.000084s ]

[ 2020-01-20T15:18:45+08:00 ] 165.227.4.106 /
INFO: [ app_init ] --START--
INFO: Run Behavior\BuildLiteBehavior [ RunTime:0.000071s ]
INFO: [ app_init ] --END-- [ RunTime:0.000637s ]
NOTIC: [8] Undefined index: HTTP_HOST /www/wwwroot/blog/Application/Common/Conf/oauth.php 第 14 行.
INFO: [ app_begin ] --START--
INFO: Run Behavior\ReadHtmlCacheBehavior [ RunTime:0.000207s ]
INFO: [ app_begin ] --END-- [ RunTime:0.000238s ]
SQL: SHOW COLUMNS FROM `lxp_article` [ RunTime:0.0111s ]
SQL: SELECT `aid`,`title` FROM `lxp_article` WHERE `is_show` = 1 AND `is_delete` = 0 AND `is_top` = 1 ORDER BY aid desc  [ RunTime:0.0032s ]
SQL: SHOW COLUMNS FROM `lxp_comment` [ RunTime:0.0021s ]
SQL: SHOW COLUMNS FROM `lxp_oauth_user` [ RunTime:0.0013s ]
SQL: SELECT `id` FROM `lxp_oauth_user` WHERE (  is_admin )  [ RunTime:0.0004s ]
SQL: SELECT c.content,c.date,a.title,a.aid,ou.nickname,ou.head_img FROM lxp_comment c INNER JOIN lxp_article a ON c.aid=a.aid INNER JOIN lxp_oauth_user ou ON c.ouid=ou.id  WHERE c.is_delete = 0 ORDER BY c.date desc LIMIT 20   [ RunTime:0.0015s ]
NOTIC: [2] Invalid argument supplied for foreach() /www/wwwroot/blog/Application/Common/Model/CommentModel.class.php 第 202 行.
SQL: SHOW COLUMNS FROM `lxp_category` [ RunTime:0.0015s ]
SQL: SELECT * FROM `lxp_category` ORDER BY sort  [ RunTime:0.0010s ]
SQL: SHOW COLUMNS FROM `lxp_tag` [ RunTime:0.0008s ]
SQL: SELECT * FROM `lxp_tag`  [ RunTime:0.0003s ]
SQL: SHOW COLUMNS FROM `lxp_article_tag` [ RunTime:0.0006s ]
SQL: SELECT COUNT(*) AS tp_count FROM `lxp_article_tag` WHERE `tid` = 21 LIMIT 1   [ RunTime:0.0006s ]
SQL: SELECT COUNT(*) AS tp_count FROM `lxp_article_tag` WHERE `tid` = 22 LIMIT 1   [ RunTime:0.0002s ]
SQL: SELECT COUNT(*) AS tp_count FROM `lxp_article_tag` WHERE `tid` = 23 LIMIT 1   [ RunTime:0.0002s ]
SQL: SELECT COUNT(*) AS tp_count FROM `lxp_article_tag` WHERE `tid` = 24 LIMIT 1   [ RunTime:0.0002s ]
SQL: SELECT COUNT(*) AS tp_count FROM `lxp_article_tag` WHERE `tid` = 25 LIMIT 1   [ RunTime:0.0002s ]
SQL: SELECT COUNT(*) AS tp_count FROM `lxp_article_tag` WHERE `tid` = 26 LIMIT 1   [ RunTime:0.0002s ]
SQL: SELECT COUNT(*) AS tp_count FROM `lxp_article_tag` WHERE `tid` = 27 LIMIT 1   [ RunTime:0.0002s ]
SQL: SHOW COLUMNS FROM `lxp_link` [ RunTime:0.0014s ]
SQL: SELECT * FROM `lxp_link` WHERE `is_delete` = 0 AND `is_show` = 1 ORDER BY sort  [ RunTime:0.0005s ]
SQL: SHOW COLUMNS FROM `lxp_article` [ RunTime:0.0007s ]
SQL: SELECT COUNT(*) AS tp_count FROM `lxp_article` WHERE `is_delete` = 0 AND `is_show` = 1 LIMIT 1   [ RunTime:0.0003s ]
SQL: SELECT * FROM `lxp_article` WHERE `is_delete` = 0 AND `is_show` = 1 ORDER BY addtime desc LIMIT 0,10   [ RunTime:0.0026s ]
SQL: SHOW COLUMNS FROM `lxp_article_tag` [ RunTime:0.0006s ]
SQL: SHOW COLUMNS FROM `lxp_article_tag` [ RunTime:0.0009s ]
SQL: SELECT * FROM `lxp_article_tag` INNER JOIN lxp_tag ON lxp_article_tag.tid=lxp_tag.tid  WHERE `aid` = '63'  [ RunTime:0.0006s ]
SQL: SHOW COLUMNS FROM `lxp_article_pic` [ RunTime:0.0007s ]
SQL: SELECT `path` FROM `lxp_article_pic` WHERE `aid` = 63 ORDER BY ap_id asc LIMIT 1   [ RunTime:0.0003s ]
SQL: SELECT `cid`,`cid`,`cname` FROM `lxp_category` WHERE `cid` = 32  [ RunTime:0.0002s ]
SQL: SELECT * FROM `lxp_article_tag` INNER JOIN lxp_tag ON lxp_article_tag.tid=lxp_tag.tid  WHERE `aid` = '62'  [ RunTime:0.0003s ]
SQL: SELECT `path` FROM `lxp_article_pic` WHERE `aid` = 62 ORDER BY ap_id asc LIMIT 1   [ RunTime:0.0003s ]
SQL: SELECT `cid`,`cid`,`cname` FROM `lxp_category` WHERE `cid` = 34  [ RunTime:0.0002s ]
SQL: SELECT * FROM `lxp_article_tag` INNER JOIN lxp_tag ON lxp_article_tag.tid=lxp_tag.tid  WHERE `aid` = '61'  [ RunTime:0.0003s ]
SQL: SELECT `path` FROM `lxp_article_pic` WHERE `aid` = 61 ORDER BY ap_id asc LIMIT 1   [ RunTime:0.0003s ]
SQL: SELECT `cid`,`cid`,`cname` FROM `lxp_category` WHERE `cid` = 34  [ RunTime:0.0002s ]
SQL: SELECT * FROM `lxp_article_tag` INNER JOIN lxp_tag ON lxp_article_tag.tid=lxp_tag.tid  WHERE `aid` = '60'  [ RunTime:0.0003s ]
SQL: SELECT `path` FROM `lxp_article_pic` WHERE `aid` = 60 ORDER BY ap_id asc LIMIT 1   [ RunTime:0.0002s ]
SQL: SELECT `cid`,`cid`,`cname` FROM `lxp_category` WHERE `cid` = 33  [ RunTime:0.0002s ]
SQL: SELECT * FROM `lxp_article_tag` INNER JOIN lxp_tag ON lxp_article_tag.tid=lxp_tag.tid  WHERE `aid` = '59'  [ RunTime:0.0003s ]
SQL: SELECT `path` FROM `lxp_article_pic` WHERE `aid` = 59 ORDER BY ap_id asc LIMIT 1   [ RunTime:0.0002s ]
SQL: SELECT `cid`,`cid`,`cname` FROM `lxp_category` WHERE `cid` = 31  [ RunTime:0.0002s ]
SQL: SELECT * FROM `lxp_article_tag` INNER JOIN lxp_tag ON lxp_article_tag.tid=lxp_tag.tid  WHERE `aid` = '58'  [ RunTime:0.0003s ]
SQL: SELECT `path` FROM `lxp_article_pic` WHERE `aid` = 58 ORDER BY ap_id asc LIMIT 1   [ RunTime:0.0002s ]
SQL: SELECT `cid`,`cid`,`cname` FROM `lxp_category` WHERE `cid` = 31  [ RunTime:0.0002s ]
SQL: SELECT * FROM `lxp_article_tag` INNER JOIN lxp_tag ON lxp_article_tag.tid=lxp_tag.tid  WHERE `aid` = '57'  [ RunTime:0.0003s ]
SQL: SELECT `path` FROM `lxp_article_pic` WHERE `aid` = 57 ORDER BY ap_id asc LIMIT 1   [ RunTime:0.0003s ]
SQL: SELECT `cid`,`cid`,`cname` FROM `lxp_category` WHERE `cid` = 30  [ RunTime:0.0002s ]
SQL: SELECT * FROM `lxp_article_tag` INNER JOIN lxp_tag ON lxp_article_tag.tid=lxp_tag.tid  WHERE `aid` = '56'  [ RunTime:0.0003s ]
SQL: SELECT `path` FROM `lxp_article_pic` WHERE `aid` = 56 ORDER BY ap_id asc LIMIT 1   [ RunTime:0.0002s ]
SQL: SELECT `cid`,`cid`,`cname` FROM `lxp_category` WHERE `cid` = 33  [ RunTime:0.0002s ]
SQL: SELECT * FROM `lxp_article_tag` INNER JOIN lxp_tag ON lxp_article_tag.tid=lxp_tag.tid  WHERE `aid` = '55'  [ RunTime:0.0003s ]
SQL: SELECT `path` FROM `lxp_article_pic` WHERE `aid` = 55 ORDER BY ap_id asc LIMIT 1   [ RunTime:0.0003s ]
SQL: SELECT `cid`,`cid`,`cname` FROM `lxp_category` WHERE `cid` = 33  [ RunTime:0.0002s ]
SQL: SELECT * FROM `lxp_article_tag` INNER JOIN lxp_tag ON lxp_article_tag.tid=lxp_tag.tid  WHERE `aid` = '54'  [ RunTime:0.0003s ]
SQL: SELECT `path` FROM `lxp_article_pic` WHERE `aid` = 54 ORDER BY ap_id asc LIMIT 1   [ RunTime:0.0003s ]
SQL: SELECT `cid`,`cid`,`cname` FROM `lxp_category` WHERE `cid` = 31  [ RunTime:0.0002s ]
INFO: [ view_parse ] --START--
INFO: [ template_filter ] --START--
INFO: Run Behavior\ContentReplaceBehavior [ RunTime:0.000106s ]
INFO: [ template_filter ] --END-- [ RunTime:0.000132s ]
NOTIC: [2] Use of undefined constant url - assumed 'url' (this will throw an Error in a future version of PHP) /www/wwwroot/blog/Runtime/Cache/Home/08d30c77e78bd0ac29232fbc421b5dcd.php 第 6 行.
NOTIC: [2] Use of undefined constant url - assumed 'url' (this will throw an Error in a future version of PHP) /www/wwwroot/blog/Runtime/Cache/Home/08d30c77e78bd0ac29232fbc421b5dcd.php 第 6 行.
NOTIC: [2] Use of undefined constant url - assumed 'url' (this will throw an Error in a future version of PHP) /www/wwwroot/blog/Runtime/Cache/Home/08d30c77e78bd0ac29232fbc421b5dcd.php 第 6 行.
INFO: Run Behavior\ParseTemplateBehavior [ RunTime:0.008786s ]
INFO: [ view_parse ] --END-- [ RunTime:0.008810s ]
INFO: [ view_filter ] --START--
INFO: Run Behavior\WriteHtmlCacheBehavior [ RunTime:0.000061s ]
INFO: [ view_filter ] --END-- [ RunTime:0.000077s ]
INFO: [ app_end ] --START--
INFO: Run Behavior\ShowPageTraceBehavior [ RunTime:0.000082s ]
INFO: [ app_end ] --END-- [ RunTime:0.000101s ]

[ 2020-01-20T15:22:09+08:00 ] 82.235.197.141 /
INFO: [ app_init ] --START--
INFO: Run Behavior\BuildLiteBehavior [ RunTime:0.000025s ]
INFO: [ app_init ] --END-- [ RunTime:0.000171s ]
INFO: [ app_begin ] --START--
INFO: Run Behavior\ReadHtmlCacheBehavior [ RunTime:0.000093s ]
INFO: [ app_begin ] --END-- [ RunTime:0.000126s ]
SQL: SHOW COLUMNS FROM `lxp_article` [ RunTime:0.0032s ]
SQL: SELECT `aid`,`title` FROM `lxp_article` WHERE `is_show` = 1 AND `is_delete` = 0 AND `is_top` = 1 ORDER BY aid desc  [ RunTime:0.0022s ]
SQL: SHOW COLUMNS FROM `lxp_comment` [ RunTime:0.0023s ]
SQL: SHOW COLUMNS FROM `lxp_oauth_user` [ RunTime:0.0014s ]
SQL: SELECT `id` FROM `lxp_oauth_user` WHERE (  is_admin )  [ RunTime:0.0004s ]
SQL: SELECT c.content,c.date,a.title,a.aid,ou.nickname,ou.head_img FROM lxp_comment c INNER JOIN lxp_article a ON c.aid=a.aid INNER JOIN lxp_oauth_user ou ON c.ouid=ou.id  WHERE c.is_delete = 0 ORDER BY c.date desc LIMIT 20   [ RunTime:0.0012s ]
NOTIC: [2] Invalid argument supplied for foreach() /www/wwwroot/blog/Application/Common/Model/CommentModel.class.php 第 202 行.
SQL: SHOW COLUMNS FROM `lxp_category` [ RunTime:0.0017s ]
SQL: SELECT * FROM `lxp_category` ORDER BY sort  [ RunTime:0.0006s ]
SQL: SHOW COLUMNS FROM `lxp_tag` [ RunTime:0.0008s ]
SQL: SELECT * FROM `lxp_tag`  [ RunTime:0.0003s ]
SQL: SHOW COLUMNS FROM `lxp_article_tag` [ RunTime:0.0009s ]
SQL: SELECT COUNT(*) AS tp_count FROM `lxp_article_tag` WHERE `tid` = 21 LIMIT 1   [ RunTime:0.0005s ]
SQL: SELECT COUNT(*) AS tp_count FROM `lxp_article_tag` WHERE `tid` = 22 LIMIT 1   [ RunTime:0.0003s ]
SQL: SELECT COUNT(*) AS tp_count FROM `lxp_article_tag` WHERE `tid` = 23 LIMIT 1   [ RunTime:0.0003s ]
SQL: SELECT COUNT(*) AS tp_count FROM `lxp_article_tag` WHERE `tid` = 24 LIMIT 1   [ RunTime:0.0003s ]
SQL: SELECT COUNT(*) AS tp_count FROM `lxp_article_tag` WHERE `tid` = 25 LIMIT 1   [ RunTime:0.0002s ]
SQL: SELECT COUNT(*) AS tp_count FROM `lxp_article_tag` WHERE `tid` = 26 LIMIT 1   [ RunTime:0.0003s ]
SQL: SELECT COUNT(*) AS tp_count FROM `lxp_article_tag` WHERE `tid` = 27 LIMIT 1   [ RunTime:0.0002s ]
SQL: SHOW COLUMNS FROM `lxp_link` [ RunTime:0.0019s ]
SQL: SELECT * FROM `lxp_link` WHERE `is_delete` = 0 AND `is_show` = 1 ORDER BY sort  [ RunTime:0.0006s ]
SQL: SHOW COLUMNS FROM `lxp_article` [ RunTime:0.0012s ]
SQL: SELECT COUNT(*) AS tp_count FROM `lxp_article` WHERE `is_delete` = 0 AND `is_show` = 1 LIMIT 1   [ RunTime:0.0005s ]
SQL: SELECT * FROM `lxp_article` WHERE `is_delete` = 0 AND `is_show` = 1 ORDER BY addtime desc LIMIT 0,10   [ RunTime:0.0031s ]
SQL: SHOW COLUMNS FROM `lxp_article_tag` [ RunTime:0.0026s ]
SQL: SHOW COLUMNS FROM `lxp_article_tag` [ RunTime:0.0009s ]
SQL: SELECT * FROM `lxp_article_tag` INNER JOIN lxp_tag ON lxp_article_tag.tid=lxp_tag.tid  WHERE `aid` = '63'  [ RunTime:0.0006s ]
SQL: SHOW COLUMNS FROM `lxp_article_pic` [ RunTime:0.0009s ]
SQL: SELECT `path` FROM `lxp_article_pic` WHERE `aid` = 63 ORDER BY ap_id asc LIMIT 1   [ RunTime:0.0005s ]
SQL: SELECT `cid`,`cid`,`cname` FROM `lxp_category` WHERE `cid` = 32  [ RunTime:0.0004s ]
SQL: SELECT * FROM `lxp_article_tag` INNER JOIN lxp_tag ON lxp_article_tag.tid=lxp_tag.tid  WHERE `aid` = '62'  [ RunTime:0.0009s ]
SQL: SELECT `path` FROM `lxp_article_pic` WHERE `aid` = 62 ORDER BY ap_id asc LIMIT 1   [ RunTime:0.0003s ]
SQL: SELECT `cid`,`cid`,`cname` FROM `lxp_category` WHERE `cid` = 34  [ RunTime:0.0003s ]
SQL: SELECT * FROM `lxp_article_tag` INNER JOIN lxp_tag ON lxp_article_tag.tid=lxp_tag.tid  WHERE `aid` = '61'  [ RunTime:0.0004s ]
SQL: SELECT `path` FROM `lxp_article_pic` WHERE `aid` = 61 ORDER BY ap_id asc LIMIT 1   [ RunTime:0.0002s ]
SQL: SELECT `cid`,`cid`,`cname` FROM `lxp_category` WHERE `cid` = 34  [ RunTime:0.0002s ]
SQL: SELECT * FROM `lxp_article_tag` INNER JOIN lxp_tag ON lxp_article_tag.tid=lxp_tag.tid  WHERE `aid` = '60'  [ RunTime:0.0006s ]
SQL: SELECT `path` FROM `lxp_article_pic` WHERE `aid` = 60 ORDER BY ap_id asc LIMIT 1   [ RunTime:0.0003s ]
SQL: SELECT `cid`,`cid`,`cname` FROM `lxp_category` WHERE `cid` = 33  [ RunTime:0.0002s ]
SQL: SELECT * FROM `lxp_article_tag` INNER JOIN lxp_tag ON lxp_article_tag.tid=lxp_tag.tid  WHERE `aid` = '59'  [ RunTime:0.0004s ]
SQL: SELECT `path` FROM `lxp_article_pic` WHERE `aid` = 59 ORDER BY ap_id asc LIMIT 1   [ RunTime:0.0007s ]
SQL: SELECT `cid`,`cid`,`cname` FROM `lxp_category` WHERE `cid` = 31  [ RunTime:0.0003s ]
SQL: SELECT * FROM `lxp_article_tag` INNER JOIN lxp_tag ON lxp_article_tag.tid=lxp_tag.tid  WHERE `aid` = '58'  [ RunTime:0.0004s ]
SQL: SELECT `path` FROM `lxp_article_pic` WHERE `aid` = 58 ORDER BY ap_id asc LIMIT 1   [ RunTime:0.0003s ]
SQL: SELECT `cid`,`cid`,`cname` FROM `lxp_category` WHERE `cid` = 31  [ RunTime:0.0002s ]
SQL: SELECT * FROM `lxp_article_tag` INNER JOIN lxp_tag ON lxp_article_tag.tid=lxp_tag.tid  WHERE `aid` = '57'  [ RunTime:0.0005s ]
SQL: SELECT `path` FROM `lxp_article_pic` WHERE `aid` = 57 ORDER BY ap_id asc LIMIT 1   [ RunTime:0.0003s ]
SQL: SELECT `cid`,`cid`,`cname` FROM `lxp_category` WHERE `cid` = 30  [ RunTime:0.0002s ]
SQL: SELECT * FROM `lxp_article_tag` INNER JOIN lxp_tag ON lxp_article_tag.tid=lxp_tag.tid  WHERE `aid` = '56'  [ RunTime:0.0004s ]
SQL: SELECT `path` FROM `lxp_article_pic` WHERE `aid` = 56 ORDER BY ap_id asc LIMIT 1   [ RunTime:0.0002s ]
SQL: SELECT `cid`,`cid`,`cname` FROM `lxp_category` WHERE `cid` = 33  [ RunTime:0.0002s ]
SQL: SELECT * FROM `lxp_article_tag` INNER JOIN lxp_tag ON lxp_article_tag.tid=lxp_tag.tid  WHERE `aid` = '55'  [ RunTime:0.0006s ]
SQL: SELECT `path` FROM `lxp_article_pic` WHERE `aid` = 55 ORDER BY ap_id asc LIMIT 1   [ RunTime:0.0003s ]
SQL: SELECT `cid`,`cid`,`cname` FROM `lxp_category` WHERE `cid` = 33  [ RunTime:0.0003s ]
SQL: SELECT * FROM `lxp_article_tag` INNER JOIN lxp_tag ON lxp_article_tag.tid=lxp_tag.tid  WHERE `aid` = '54'  [ RunTime:0.0004s ]
SQL: SELECT `path` FROM `lxp_article_pic` WHERE `aid` = 54 ORDER BY ap_id asc LIMIT 1   [ RunTime:0.0004s ]
SQL: SELECT `cid`,`cid`,`cname` FROM `lxp_category` WHERE `cid` = 31  [ RunTime:0.0003s ]
INFO: [ view_parse ] --START--
INFO: [ template_filter ] --START--
INFO: Run Behavior\ContentReplaceBehavior [ RunTime:0.000104s ]
INFO: [ template_filter ] --END-- [ RunTime:0.000148s ]
NOTIC: [2] Use of undefined constant url - assumed 'url' (this will throw an Error in a future version of PHP) /www/wwwroot/blog/Runtime/Cache/Home/08d30c77e78bd0ac29232fbc421b5dcd.php 第 6 行.
NOTIC: [2] Use of undefined constant url - assumed 'url' (this will throw an Error in a future version of PHP) /www/wwwroot/blog/Runtime/Cache/Home/08d30c77e78bd0ac29232fbc421b5dcd.php 第 6 行.
NOTIC: [2] Use of undefined constant url - assumed 'url' (this will throw an Error in a future version of PHP) /www/wwwroot/blog/Runtime/Cache/Home/08d30c77e78bd0ac29232fbc421b5dcd.php 第 6 行.
INFO: Run Behavior\ParseTemplateBehavior [ RunTime:0.018504s ]
INFO: [ view_parse ] --END-- [ RunTime:0.018551s ]
INFO: [ view_filter ] --START--
INFO: Run Behavior\WriteHtmlCacheBehavior [ RunTime:0.000098s ]
INFO: [ view_filter ] --END-- [ RunTime:0.000121s ]
INFO: [ app_end ] --START--
INFO: Run Behavior\ShowPageTraceBehavior [ RunTime:0.000096s ]
INFO: [ app_end ] --END-- [ RunTime:0.000132s ]

[ 2020-01-20T16:05:35+08:00 ] 51.38.57.199 /
INFO: [ app_init ] --START--
INFO: Run Behavior\BuildLiteBehavior [ RunTime:0.000030s ]
INFO: [ app_init ] --END-- [ RunTime:0.000177s ]
NOTIC: [8] Undefined index: HTTP_HOST /www/wwwroot/blog/Application/Common/Conf/oauth.php 第 14 行.
INFO: [ app_begin ] --START--
INFO: Run Behavior\ReadHtmlCacheBehavior [ RunTime:0.000076s ]
INFO: [ app_begin ] --END-- [ RunTime:0.000094s ]
SQL: SHOW COLUMNS FROM `lxp_article` [ RunTime:0.0038s ]
SQL: SELECT `aid`,`title` FROM `lxp_article` WHERE `is_show` = 1 AND `is_delete` = 0 AND `is_top` = 1 ORDER BY aid desc  [ RunTime:0.0013s ]
SQL: SHOW COLUMNS FROM `lxp_comment` [ RunTime:0.0009s ]
SQL: SHOW COLUMNS FROM `lxp_oauth_user` [ RunTime:0.0010s ]
SQL: SELECT `id` FROM `lxp_oauth_user` WHERE (  is_admin )  [ RunTime:0.0003s ]
SQL: SELECT c.content,c.date,a.title,a.aid,ou.nickname,ou.head_img FROM lxp_comment c INNER JOIN lxp_article a ON c.aid=a.aid INNER JOIN lxp_oauth_user ou ON c.ouid=ou.id  WHERE c.is_delete = 0 ORDER BY c.date desc LIMIT 20   [ RunTime:0.0010s ]
NOTIC: [2] Invalid argument supplied for foreach() /www/wwwroot/blog/Application/Common/Model/CommentModel.class.php 第 202 行.
SQL: SHOW COLUMNS FROM `lxp_category` [ RunTime:0.0007s ]
SQL: SELECT * FROM `lxp_category` ORDER BY sort  [ RunTime:0.0005s ]
SQL: SHOW COLUMNS FROM `lxp_tag` [ RunTime:0.0006s ]
SQL: SELECT * FROM `lxp_tag`  [ RunTime:0.0003s ]
SQL: SHOW COLUMNS FROM `lxp_article_tag` [ RunTime:0.0010s ]
SQL: SELECT COUNT(*) AS tp_count FROM `lxp_article_tag` WHERE `tid` = 21 LIMIT 1   [ RunTime:0.0005s ]
SQL: SELECT COUNT(*) AS tp_count FROM `lxp_article_tag` WHERE `tid` = 22 LIMIT 1   [ RunTime:0.0002s ]
SQL: SELECT COUNT(*) AS tp_count FROM `lxp_article_tag` WHERE `tid` = 23 LIMIT 1   [ RunTime:0.0002s ]
SQL: SELECT COUNT(*) AS tp_count FROM `lxp_article_tag` WHERE `tid` = 24 LIMIT 1   [ RunTime:0.0002s ]
SQL: SELECT COUNT(*) AS tp_count FROM `lxp_article_tag` WHERE `tid` = 25 LIMIT 1   [ RunTime:0.0002s ]
SQL: SELECT COUNT(*) AS tp_count FROM `lxp_article_tag` WHERE `tid` = 26 LIMIT 1   [ RunTime:0.0002s ]
SQL: SELECT COUNT(*) AS tp_count FROM `lxp_article_tag` WHERE `tid` = 27 LIMIT 1   [ RunTime:0.0002s ]
SQL: SHOW COLUMNS FROM `lxp_link` [ RunTime:0.0006s ]
SQL: SELECT * FROM `lxp_link` WHERE `is_delete` = 0 AND `is_show` = 1 ORDER BY sort  [ RunTime:0.0003s ]
SQL: SHOW COLUMNS FROM `lxp_article` [ RunTime:0.0007s ]
SQL: SELECT COUNT(*) AS tp_count FROM `lxp_article` WHERE `is_delete` = 0 AND `is_show` = 1 LIMIT 1   [ RunTime:0.0002s ]
SQL: SELECT * FROM `lxp_article` WHERE `is_delete` = 0 AND `is_show` = 1 ORDER BY addtime desc LIMIT 0,10   [ RunTime:0.0027s ]
SQL: SHOW COLUMNS FROM `lxp_article_tag` [ RunTime:0.0012s ]
SQL: SHOW COLUMNS FROM `lxp_article_tag` [ RunTime:0.0005s ]
SQL: SELECT * FROM `lxp_article_tag` INNER JOIN lxp_tag ON lxp_article_tag.tid=lxp_tag.tid  WHERE `aid` = '63'  [ RunTime:0.0004s ]
SQL: SHOW COLUMNS FROM `lxp_article_pic` [ RunTime:0.0006s ]
SQL: SELECT `path` FROM `lxp_article_pic` WHERE `aid` = 63 ORDER BY ap_id asc LIMIT 1   [ RunTime:0.0003s ]
SQL: SELECT `cid`,`cid`,`cname` FROM `lxp_category` WHERE `cid` = 32  [ RunTime:0.0003s ]
SQL: SELECT * FROM `lxp_article_tag` INNER JOIN lxp_tag ON lxp_article_tag.tid=lxp_tag.tid  WHERE `aid` = '62'  [ RunTime:0.0003s ]
SQL: SELECT `path` FROM `lxp_article_pic` WHERE `aid` = 62 ORDER BY ap_id asc LIMIT 1   [ RunTime:0.0002s ]
SQL: SELECT `cid`,`cid`,`cname` FROM `lxp_category` WHERE `cid` = 34  [ RunTime:0.0002s ]
SQL: SELECT * FROM `lxp_article_tag` INNER JOIN lxp_tag ON lxp_article_tag.tid=lxp_tag.tid  WHERE `aid` = '61'  [ RunTime:0.0002s ]
SQL: SELECT `path` FROM `lxp_article_pic` WHERE `aid` = 61 ORDER BY ap_id asc LIMIT 1   [ RunTime:0.0002s ]
SQL: SELECT `cid`,`cid`,`cname` FROM `lxp_category` WHERE `cid` = 34  [ RunTime:0.0002s ]
SQL: SELECT * FROM `lxp_article_tag` INNER JOIN lxp_tag ON lxp_article_tag.tid=lxp_tag.tid  WHERE `aid` = '60'  [ RunTime:0.0003s ]
SQL: SELECT `path` FROM `lxp_article_pic` WHERE `aid` = 60 ORDER BY ap_id asc LIMIT 1   [ RunTime:0.0002s ]
SQL: SELECT `cid`,`cid`,`cname` FROM `lxp_category` WHERE `cid` = 33  [ RunTime:0.0002s ]
SQL: SELECT * FROM `lxp_article_tag` INNER JOIN lxp_tag ON lxp_article_tag.tid=lxp_tag.tid  WHERE `aid` = '59'  [ RunTime:0.0003s ]
SQL: SELECT `path` FROM `lxp_article_pic` WHERE `aid` = 59 ORDER BY ap_id asc LIMIT 1   [ RunTime:0.0002s ]
SQL: SELECT `cid`,`cid`,`cname` FROM `lxp_category` WHERE `cid` = 31  [ RunTime:0.0002s ]
SQL: SELECT * FROM `lxp_article_tag` INNER JOIN lxp_tag ON lxp_article_tag.tid=lxp_tag.tid  WHERE `aid` = '58'  [ RunTime:0.0002s ]
SQL: SELECT `path` FROM `lxp_article_pic` WHERE `aid` = 58 ORDER BY ap_id asc LIMIT 1   [ RunTime:0.0002s ]
SQL: SELECT `cid`,`cid`,`cname` FROM `lxp_category` WHERE `cid` = 31  [ RunTime:0.0002s ]
SQL: SELECT * FROM `lxp_article_tag` INNER JOIN lxp_tag ON lxp_article_tag.tid=lxp_tag.tid  WHERE `aid` = '57'  [ RunTime:0.0002s ]
SQL: SELECT `path` FROM `lxp_article_pic` WHERE `aid` = 57 ORDER BY ap_id asc LIMIT 1   [ RunTime:0.0002s ]
SQL: SELECT `cid`,`cid`,`cname` FROM `lxp_category` WHERE `cid` = 30  [ RunTime:0.0002s ]
SQL: SELECT * FROM `lxp_article_tag` INNER JOIN lxp_tag ON lxp_article_tag.tid=lxp_tag.tid  WHERE `aid` = '56'  [ RunTime:0.0002s ]
SQL: SELECT `path` FROM `lxp_article_pic` WHERE `aid` = 56 ORDER BY ap_id asc LIMIT 1   [ RunTime:0.0002s ]
SQL: SELECT `cid`,`cid`,`cname` FROM `lxp_category` WHERE `cid` = 33  [ RunTime:0.0002s ]
SQL: SELECT * FROM `lxp_article_tag` INNER JOIN lxp_tag ON lxp_article_tag.tid=lxp_tag.tid  WHERE `aid` = '55'  [ RunTime:0.0003s ]
SQL: SELECT `path` FROM `lxp_article_pic` WHERE `aid` = 55 ORDER BY ap_id asc LIMIT 1   [ RunTime:0.0002s ]
SQL: SELECT `cid`,`cid`,`cname` FROM `lxp_category` WHERE `cid` = 33  [ RunTime:0.0002s ]
SQL: SELECT * FROM `lxp_article_tag` INNER JOIN lxp_tag ON lxp_article_tag.tid=lxp_tag.tid  WHERE `aid` = '54'  [ RunTime:0.0002s ]
SQL: SELECT `path` FROM `lxp_article_pic` WHERE `aid` = 54 ORDER BY ap_id asc LIMIT 1   [ RunTime:0.0002s ]
SQL: SELECT `cid`,`cid`,`cname` FROM `lxp_category` WHERE `cid` = 31  [ RunTime:0.0002s ]
INFO: [ view_parse ] --START--
INFO: [ template_filter ] --START--
INFO: Run Behavior\ContentReplaceBehavior [ RunTime:0.000095s ]
INFO: [ template_filter ] --END-- [ RunTime:0.000120s ]
NOTIC: [2] Use of undefined constant url - assumed 'url' (this will throw an Error in a future version of PHP) /www/wwwroot/blog/Runtime/Cache/Home/08d30c77e78bd0ac29232fbc421b5dcd.php 第 6 行.
NOTIC: [2] Use of undefined constant url - assumed 'url' (this will throw an Error in a future version of PHP) /www/wwwroot/blog/Runtime/Cache/Home/08d30c77e78bd0ac29232fbc421b5dcd.php 第 6 行.
NOTIC: [2] Use of undefined constant url - assumed 'url' (this will throw an Error in a future version of PHP) /www/wwwroot/blog/Runtime/Cache/Home/08d30c77e78bd0ac29232fbc421b5dcd.php 第 6 行.
INFO: Run Behavior\ParseTemplateBehavior [ RunTime:0.008685s ]
INFO: [ view_parse ] --END-- [ RunTime:0.008710s ]
INFO: [ view_filter ] --START--
INFO: Run Behavior\WriteHtmlCacheBehavior [ RunTime:0.000069s ]
INFO: [ view_filter ] --END-- [ RunTime:0.000107s ]
INFO: [ app_end ] --START--
INFO: Run Behavior\ShowPageTraceBehavior [ RunTime:0.000068s ]
INFO: [ app_end ] --END-- [ RunTime:0.000086s ]

[ 2020-01-20T17:48:47+08:00 ] 66.249.64.59 /article/50
INFO: [ app_init ] --START--
INFO: Run Behavior\BuildLiteBehavior [ RunTime:0.000035s ]
INFO: [ app_init ] --END-- [ RunTime:0.000207s ]
INFO: [ app_begin ] --START--
INFO: Run Behavior\ReadHtmlCacheBehavior [ RunTime:0.000101s ]
INFO: [ app_begin ] --END-- [ RunTime:0.000126s ]
SQL: SHOW COLUMNS FROM `lxp_article` [ RunTime:0.0037s ]
SQL: SELECT `aid`,`title` FROM `lxp_article` WHERE `is_show` = 1 AND `is_delete` = 0 AND `is_top` = 1 ORDER BY aid desc  [ RunTime:0.0015s ]
SQL: SHOW COLUMNS FROM `lxp_comment` [ RunTime:0.0008s ]
SQL: SHOW COLUMNS FROM `lxp_oauth_user` [ RunTime:0.0008s ]
SQL: SELECT `id` FROM `lxp_oauth_user` WHERE (  is_admin )  [ RunTime:0.0003s ]
SQL: SELECT c.content,c.date,a.title,a.aid,ou.nickname,ou.head_img FROM lxp_comment c INNER JOIN lxp_article a ON c.aid=a.aid INNER JOIN lxp_oauth_user ou ON c.ouid=ou.id  WHERE c.is_delete = 0 ORDER BY c.date desc LIMIT 20   [ RunTime:0.0010s ]
NOTIC: [2] Invalid argument supplied for foreach() /www/wwwroot/blog/Application/Common/Model/CommentModel.class.php 第 202 行.
SQL: SHOW COLUMNS FROM `lxp_category` [ RunTime:0.0007s ]
SQL: SELECT * FROM `lxp_category` ORDER BY sort  [ RunTime:0.0006s ]
SQL: SHOW COLUMNS FROM `lxp_tag` [ RunTime:0.0005s ]
SQL: SELECT * FROM `lxp_tag`  [ RunTime:0.0003s ]
SQL: SHOW COLUMNS FROM `lxp_article_tag` [ RunTime:0.0012s ]
SQL: SELECT COUNT(*) AS tp_count FROM `lxp_article_tag` WHERE `tid` = 21 LIMIT 1   [ RunTime:0.0006s ]
SQL: SELECT COUNT(*) AS tp_count FROM `lxp_article_tag` WHERE `tid` = 22 LIMIT 1   [ RunTime:0.0002s ]
SQL: SELECT COUNT(*) AS tp_count FROM `lxp_article_tag` WHERE `tid` = 23 LIMIT 1   [ RunTime:0.0002s ]
SQL: SELECT COUNT(*) AS tp_count FROM `lxp_article_tag` WHERE `tid` = 24 LIMIT 1   [ RunTime:0.0002s ]
SQL: SELECT COUNT(*) AS tp_count FROM `lxp_article_tag` WHERE `tid` = 25 LIMIT 1   [ RunTime:0.0002s ]
SQL: SELECT COUNT(*) AS tp_count FROM `lxp_article_tag` WHERE `tid` = 26 LIMIT 1   [ RunTime:0.0002s ]
SQL: SELECT COUNT(*) AS tp_count FROM `lxp_article_tag` WHERE `tid` = 27 LIMIT 1   [ RunTime:0.0002s ]
SQL: SHOW COLUMNS FROM `lxp_link` [ RunTime:0.0007s ]
SQL: SELECT * FROM `lxp_link` WHERE `is_delete` = 0 AND `is_show` = 1 ORDER BY sort  [ RunTime:0.0003s ]
NOTIC: [2] array_key_exists() expects parameter 2 to be array, null given /www/wwwroot/blog/Application/Home/Controller/IndexController.class.php 第 77 行.
SQL: UPDATE `lxp_article` SET `click`=click+1 WHERE `aid` = 50 [ RunTime:0.0047s ]
SQL: SHOW COLUMNS FROM `lxp_article` [ RunTime:0.0010s ]
NOTIC: [8] Undefined index: title /www/wwwroot/blog/Application/Common/Model/ArticleModel.class.php 第 347 行.
SQL: SELECT `aid`,`title` FROM `lxp_article` WHERE `title` LIKE '%%' AND (  `is_show` = 1 ) AND (  `is_delete` = 0 ) AND `aid` > 50 LIMIT 1   [ RunTime:0.0005s ]
SQL: SELECT `aid`,`title` FROM `lxp_article` WHERE `title` LIKE '%%' AND (  `is_show` = 1 ) AND (  `is_delete` = 0 ) AND `aid` < 50 ORDER BY aid desc LIMIT 1   [ RunTime:0.0003s ]
SQL: SELECT * FROM `lxp_article` WHERE `aid` = 50 LIMIT 1   [ RunTime:0.0005s ]
SQL: SHOW COLUMNS FROM `lxp_article_tag` [ RunTime:0.0011s ]
SQL: SELECT `tid` FROM `lxp_article_tag` WHERE `aid` = 50  [ RunTime:0.0002s ]
SQL: SHOW COLUMNS FROM `lxp_article_tag` [ RunTime:0.0006s ]
SQL: SELECT * FROM `lxp_article_tag` INNER JOIN lxp_tag ON lxp_article_tag.tid=lxp_tag.tid  WHERE `aid` = 50  [ RunTime:0.0003s ]
SQL: SELECT `cid`,`cid`,`cname`,`keywords` FROM `lxp_category` WHERE `cid` = 32  [ RunTime:0.0003s ]
SQL: SELECT c.*,ou.nickname,ou.head_img FROM lxp_comment c INNER JOIN lxp_oauth_user ou ON c.ouid=ou.id  WHERE c.status = 1 AND c.aid = 50 AND c.pid = 0 AND c.is_delete = 0 ORDER BY date desc  [ RunTime:0.0007s ]
NOTIC: [2] Invalid argument supplied for foreach() /www/wwwroot/blog/Application/Common/Model/CommentModel.class.php 第 135 行.
INFO: [ view_parse ] --START--
INFO: [ template_filter ] --START--
INFO: Run Behavior\ContentReplaceBehavior [ RunTime:0.000144s ]
INFO: [ template_filter ] --END-- [ RunTime:0.000177s ]
NOTIC: [8] Undefined variable: user_email /www/wwwroot/blog/Runtime/Cache/Home/d4c1149384e4970b24973a696680cd70.php 第 7 行.
NOTIC: [8] Undefined variable: user_email /www/wwwroot/blog/Runtime/Cache/Home/d4c1149384e4970b24973a696680cd70.php 第 9 行.
NOTIC: [2] count(): Parameter must be an array or an object that implements Countable /www/wwwroot/blog/Runtime/Cache/Home/d4c1149384e4970b24973a696680cd70.php 第 9 行.
INFO: Run Behavior\ParseTemplateBehavior [ RunTime:0.011039s ]
INFO: [ view_parse ] --END-- [ RunTime:0.011073s ]
INFO: [ view_filter ] --START--
INFO: Run Behavior\WriteHtmlCacheBehavior [ RunTime:0.000081s ]
INFO: [ view_filter ] --END-- [ RunTime:0.000095s ]
INFO: [ app_end ] --START--
INFO: Run Behavior\ShowPageTraceBehavior [ RunTime:0.000070s ]
INFO: [ app_end ] --END-- [ RunTime:0.000089s ]

[ 2020-01-20T17:55:27+08:00 ] 128.14.209.234 /Telerik.Web.UI.WebResource.axd?type=rau
INFO: [ app_init ] --START--
INFO: Run Behavior\BuildLiteBehavior [ RunTime:0.000028s ]
INFO: [ app_init ] --END-- [ RunTime:0.000217s ]
INFO: [ app_begin ] --START--
INFO: Run Behavior\ReadHtmlCacheBehavior [ RunTime:0.000071s ]
INFO: [ app_begin ] --END-- [ RunTime:0.000091s ]
ERR: 无法加载控制器:Telerik.Web.UI.WebResource

[ 2020-01-20T19:09:29+08:00 ] 173.249.51.194 /
INFO: [ app_init ] --START--
INFO: Run Behavior\BuildLiteBehavior [ RunTime:0.000033s ]
INFO: [ app_init ] --END-- [ RunTime:0.000249s ]
NOTIC: [8] Undefined index: HTTP_HOST /www/wwwroot/blog/Application/Common/Conf/oauth.php 第 14 行.
INFO: [ app_begin ] --START--
INFO: Run Behavior\ReadHtmlCacheBehavior [ RunTime:0.000101s ]
INFO: [ app_begin ] --END-- [ RunTime:0.000130s ]
SQL: SHOW COLUMNS FROM `lxp_article` [ RunTime:0.0035s ]
SQL: SELECT `aid`,`title` FROM `lxp_article` WHERE `is_show` = 1 AND `is_delete` = 0 AND `is_top` = 1 ORDER BY aid desc  [ RunTime:0.0014s ]
SQL: SHOW COLUMNS FROM `lxp_comment` [ RunTime:0.0008s ]
SQL: SHOW COLUMNS FROM `lxp_oauth_user` [ RunTime:0.0008s ]
SQL: SELECT `id` FROM `lxp_oauth_user` WHERE (  is_admin )  [ RunTime:0.0002s ]
SQL: SELECT c.content,c.date,a.title,a.aid,ou.nickname,ou.head_img FROM lxp_comment c INNER JOIN lxp_article a ON c.aid=a.aid INNER JOIN lxp_oauth_user ou ON c.ouid=ou.id  WHERE c.is_delete = 0 ORDER BY c.date desc LIMIT 20   [ RunTime:0.0013s ]
NOTIC: [2] Invalid argument supplied for foreach() /www/wwwroot/blog/Application/Common/Model/CommentModel.class.php 第 202 行.
SQL: SHOW COLUMNS FROM `lxp_category` [ RunTime:0.0007s ]
SQL: SELECT * FROM `lxp_category` ORDER BY sort  [ RunTime:0.0005s ]
SQL: SHOW COLUMNS FROM `lxp_tag` [ RunTime:0.0006s ]
SQL: SELECT * FROM `lxp_tag`  [ RunTime:0.0003s ]
SQL: SHOW COLUMNS FROM `lxp_article_tag` [ RunTime:0.0006s ]
SQL: SELECT COUNT(*) AS tp_count FROM `lxp_article_tag` WHERE `tid` = 21 LIMIT 1   [ RunTime:0.0004s ]
SQL: SELECT COUNT(*) AS tp_count FROM `lxp_article_tag` WHERE `tid` = 22 LIMIT 1   [ RunTime:0.0002s ]
SQL: SELECT COUNT(*) AS tp_count FROM `lxp_article_tag` WHERE `tid` = 23 LIMIT 1   [ RunTime:0.0002s ]
SQL: SELECT COUNT(*) AS tp_count FROM `lxp_article_tag` WHERE `tid` = 24 LIMIT 1   [ RunTime:0.0002s ]
SQL: SELECT COUNT(*) AS tp_count FROM `lxp_article_tag` WHERE `tid` = 25 LIMIT 1   [ RunTime:0.0002s ]
SQL: SELECT COUNT(*) AS tp_count FROM `lxp_article_tag` WHERE `tid` = 26 LIMIT 1   [ RunTime:0.0002s ]
SQL: SELECT COUNT(*) AS tp_count FROM `lxp_article_tag` WHERE `tid` = 27 LIMIT 1   [ RunTime:0.0002s ]
SQL: SHOW COLUMNS FROM `lxp_link` [ RunTime:0.0006s ]
SQL: SELECT * FROM `lxp_link` WHERE `is_delete` = 0 AND `is_show` = 1 ORDER BY sort  [ RunTime:0.0004s ]
SQL: SHOW COLUMNS FROM `lxp_article` [ RunTime:0.0014s ]
SQL: SELECT COUNT(*) AS tp_count FROM `lxp_article` WHERE `is_delete` = 0 AND `is_show` = 1 LIMIT 1   [ RunTime:0.0003s ]
SQL: SELECT * FROM `lxp_article` WHERE `is_delete` = 0 AND `is_show` = 1 ORDER BY addtime desc LIMIT 0,10   [ RunTime:0.0031s ]
SQL: SHOW COLUMNS FROM `lxp_article_tag` [ RunTime:0.0007s ]
SQL: SHOW COLUMNS FROM `lxp_article_tag` [ RunTime:0.0005s ]
SQL: SELECT * FROM `lxp_article_tag` INNER JOIN lxp_tag ON lxp_article_tag.tid=lxp_tag.tid  WHERE `aid` = '63'  [ RunTime:0.0004s ]
SQL: SHOW COLUMNS FROM `lxp_article_pic` [ RunTime:0.0011s ]
SQL: SELECT `path` FROM `lxp_article_pic` WHERE `aid` = 63 ORDER BY ap_id asc LIMIT 1   [ RunTime:0.0003s ]
SQL: SELECT `cid`,`cid`,`cname` FROM `lxp_category` WHERE `cid` = 32  [ RunTime:0.0002s ]
SQL: SELECT * FROM `lxp_article_tag` INNER JOIN lxp_tag ON lxp_article_tag.tid=lxp_tag.tid  WHERE `aid` = '62'  [ RunTime:0.0004s ]
SQL: SELECT `path` FROM `lxp_article_pic` WHERE `aid` = 62 ORDER BY ap_id asc LIMIT 1   [ RunTime:0.0002s ]
SQL: SELECT `cid`,`cid`,`cname` FROM `lxp_category` WHERE `cid` = 34  [ RunTime:0.0002s ]
SQL: SELECT * FROM `lxp_article_tag` INNER JOIN lxp_tag ON lxp_article_tag.tid=lxp_tag.tid  WHERE `aid` = '61'  [ RunTime:0.0003s ]
SQL: SELECT `path` FROM `lxp_article_pic` WHERE `aid` = 61 ORDER BY ap_id asc LIMIT 1   [ RunTime:0.0002s ]
SQL: SELECT `cid`,`cid`,`cname` FROM `lxp_category` WHERE `cid` = 34  [ RunTime:0.0002s ]
SQL: SELECT * FROM `lxp_article_tag` INNER JOIN lxp_tag ON lxp_article_tag.tid=lxp_tag.tid  WHERE `aid` = '60'  [ RunTime:0.0003s ]
SQL: SELECT `path` FROM `lxp_article_pic` WHERE `aid` = 60 ORDER BY ap_id asc LIMIT 1   [ RunTime:0.0002s ]
SQL: SELECT `cid`,`cid`,`cname` FROM `lxp_category` WHERE `cid` = 33  [ RunTime:0.0002s ]
SQL: SELECT * FROM `lxp_article_tag` INNER JOIN lxp_tag ON lxp_article_tag.tid=lxp_tag.tid  WHERE `aid` = '59'  [ RunTime:0.0003s ]
SQL: SELECT `path` FROM `lxp_article_pic` WHERE `aid` = 59 ORDER BY ap_id asc LIMIT 1   [ RunTime:0.0002s ]
SQL: SELECT `cid`,`cid`,`cname` FROM `lxp_category` WHERE `cid` = 31  [ RunTime:0.0002s ]
SQL: SELECT * FROM `lxp_article_tag` INNER JOIN lxp_tag ON lxp_article_tag.tid=lxp_tag.tid  WHERE `aid` = '58'  [ RunTime:0.0003s ]
SQL: SELECT `path` FROM `lxp_article_pic` WHERE `aid` = 58 ORDER BY ap_id asc LIMIT 1   [ RunTime:0.0002s ]
SQL: SELECT `cid`,`cid`,`cname` FROM `lxp_category` WHERE `cid` = 31  [ RunTime:0.0002s ]
SQL: SELECT * FROM `lxp_article_tag` INNER JOIN lxp_tag ON lxp_article_tag.tid=lxp_tag.tid  WHERE `aid` = '57'  [ RunTime:0.0003s ]
SQL: SELECT `path` FROM `lxp_article_pic` WHERE `aid` = 57 ORDER BY ap_id asc LIMIT 1   [ RunTime:0.0002s ]
SQL: SELECT `cid`,`cid`,`cname` FROM `lxp_category` WHERE `cid` = 30  [ RunTime:0.0002s ]
SQL: SELECT * FROM `lxp_article_tag` INNER JOIN lxp_tag ON lxp_article_tag.tid=lxp_tag.tid  WHERE `aid` = '56'  [ RunTime:0.0003s ]
SQL: SELECT `path` FROM `lxp_article_pic` WHERE `aid` = 56 ORDER BY ap_id asc LIMIT 1   [ RunTime:0.0002s ]
SQL: SELECT `cid`,`cid`,`cname` FROM `lxp_category` WHERE `cid` = 33  [ RunTime:0.0002s ]
SQL: SELECT * FROM `lxp_article_tag` INNER JOIN lxp_tag ON lxp_article_tag.tid=lxp_tag.tid  WHERE `aid` = '55'  [ RunTime:0.0003s ]
SQL: SELECT `path` FROM `lxp_article_pic` WHERE `aid` = 55 ORDER BY ap_id asc LIMIT 1   [ RunTime:0.0002s ]
SQL: SELECT `cid`,`cid`,`cname` FROM `lxp_category` WHERE `cid` = 33  [ RunTime:0.0002s ]
SQL: SELECT * FROM `lxp_article_tag` INNER JOIN lxp_tag ON lxp_article_tag.tid=lxp_tag.tid  WHERE `aid` = '54'  [ RunTime:0.0003s ]
SQL: SELECT `path` FROM `lxp_article_pic` WHERE `aid` = 54 ORDER BY ap_id asc LIMIT 1   [ RunTime:0.0002s ]
SQL: SELECT `cid`,`cid`,`cname` FROM `lxp_category` WHERE `cid` = 31  [ RunTime:0.0002s ]
INFO: [ view_parse ] --START--
INFO: [ template_filter ] --START--
INFO: Run Behavior\ContentReplaceBehavior [ RunTime:0.000112s ]
INFO: [ template_filter ] --END-- [ RunTime:0.000140s ]
NOTIC: [2] Use of undefined constant url - assumed 'url' (this will throw an Error in a future version of PHP) /www/wwwroot/blog/Runtime/Cache/Home/08d30c77e78bd0ac29232fbc421b5dcd.php 第 6 行.
NOTIC: [2] Use of undefined constant url - assumed 'url' (this will throw an Error in a future version of PHP) /www/wwwroot/blog/Runtime/Cache/Home/08d30c77e78bd0ac29232fbc421b5dcd.php 第 6 行.
NOTIC: [2] Use of undefined constant url - assumed 'url' (this will throw an Error in a future version of PHP) /www/wwwroot/blog/Runtime/Cache/Home/08d30c77e78bd0ac29232fbc421b5dcd.php 第 6 行.
INFO: Run Behavior\ParseTemplateBehavior [ RunTime:0.008735s ]
INFO: [ view_parse ] --END-- [ RunTime:0.008760s ]
INFO: [ view_filter ] --START--
INFO: Run Behavior\WriteHtmlCacheBehavior [ RunTime:0.000098s ]
INFO: [ view_filter ] --END-- [ RunTime:0.000116s ]
INFO: [ app_end ] --START--
INFO: Run Behavior\ShowPageTraceBehavior [ RunTime:0.000068s ]
INFO: [ app_end ] --END-- [ RunTime:0.000087s ]

