[ 2019-05-20T14:08:21+08:00 ] 59.56.76.117 /index.php?m=member&c=index&a=register&siteid=1
INFO: [ app_init ] --START--
INFO: Run Behavior\BuildLiteBehavior [ RunTime:0.000022s ]
INFO: [ app_init ] --END-- [ RunTime:0.000288s ]
ERR: 无法加载模块:Member

[ 2019-05-20T14:08:32+08:00 ] 59.56.76.117 /index.php?s=member&c=register&m=index
INFO: [ app_init ] --START--
INFO: Run Behavior\BuildLiteBehavior [ RunTime:0.000019s ]
INFO: [ app_init ] --END-- [ RunTime:0.000281s ]
ERR: 无法加载模块:Index

[ 2019-05-20T14:08:32+08:00 ] 59.56.76.117 /index.php?s=member&c=login&m=index
INFO: [ app_init ] --START--
INFO: Run Behavior\BuildLiteBehavior [ RunTime:0.000018s ]
INFO: [ app_init ] --END-- [ RunTime:0.000272s ]
ERR: 无法加载模块:Index

[ 2019-05-20T14:08:32+08:00 ] 59.56.76.117 /index.php?s=member&c=api&m=down_file
INFO: [ app_init ] --START--
INFO: Run Behavior\BuildLiteBehavior [ RunTime:0.000014s ]
INFO: [ app_init ] --END-- [ RunTime:0.000273s ]
ERR: 无法加载模块:Down_file

