[ 2019-04-18T05:15:33+08:00 ] 103.215.82.68 //index.php?m=formguide&c=index&a=show&formid=1&siteid=1
INFO: [ app_init ] --START--
INFO: Run Behavior\BuildLiteBehavior [ RunTime:0.000020s ]
INFO: [ app_init ] --END-- [ RunTime:0.000309s ]
ERR: 无法加载模块:Formguide

[ 2019-04-18T05:15:34+08:00 ] 103.215.82.68 //index.php?m=formguide&c=index&a=show&formid=1&siteid=1
INFO: [ app_init ] --START--
INFO: Run Behavior\BuildLiteBehavior [ RunTime:0.000019s ]
INFO: [ app_init ] --END-- [ RunTime:0.000250s ]
ERR: 无法加载模块:Formguide

[ 2019-04-18T05:15:34+08:00 ] 103.215.82.68 //index.php?m=formguide&c=index&a=show&formid=1&siteid=1
INFO: [ app_init ] --START--
INFO: Run Behavior\BuildLiteBehavior [ RunTime:0.000018s ]
INFO: [ app_init ] --END-- [ RunTime:0.000263s ]
ERR: 无法加载模块:Formguide

[ 2019-04-18T20:45:01+08:00 ] 223.150.202.159 /index.php?m=member&c=index&a=register&siteid=1
INFO: [ app_init ] --START--
INFO: Run Behavior\BuildLiteBehavior [ RunTime:0.000022s ]
INFO: [ app_init ] --END-- [ RunTime:0.000338s ]
ERR: 无法加载模块:Member

[ 2019-04-18T20:45:01+08:00 ] 223.150.202.159 /index.php?m=member&c=index&a=register&siteid=1
INFO: [ app_init ] --START--
INFO: Run Behavior\BuildLiteBehavior [ RunTime:0.000024s ]
INFO: [ app_init ] --END-- [ RunTime:0.000440s ]
ERR: 无法加载模块:Member

