[ 2019-04-22T00:27:14+08:00 ] 120.12.203.242 /index.php?m=member&c=index&a=register&siteid=1
INFO: [ app_init ] --START--
INFO: Run Behavior\BuildLiteBehavior [ RunTime:0.000018s ]
INFO: [ app_init ] --END-- [ RunTime:0.000295s ]
ERR: 无法加载模块:Member

[ 2019-04-22T13:41:09+08:00 ] 27.209.98.24 /index.php?m=member&c=index&a=register&siteid=1
INFO: [ app_init ] --START--
INFO: Run Behavior\BuildLiteBehavior [ RunTime:0.000018s ]
INFO: [ app_init ] --END-- [ RunTime:0.000300s ]
ERR: 无法加载模块:Member

[ 2019-04-22T14:02:58+08:00 ] 122.247.179.178 /index.php?m=member&c=index&a=register&siteid=1
INFO: [ app_init ] --START--
INFO: Run Behavior\BuildLiteBehavior [ RunTime:0.000022s ]
INFO: [ app_init ] --END-- [ RunTime:0.000396s ]
ERR: 无法加载模块:Member

[ 2019-04-22T22:38:32+08:00 ] 103.123.161.21 /index.php?m=member&c=index&a=register&siteid=1
INFO: [ app_init ] --START--
INFO: Run Behavior\BuildLiteBehavior [ RunTime:0.000027s ]
INFO: [ app_init ] --END-- [ RunTime:0.000336s ]
ERR: 无法加载模块:Member

[ 2019-04-22T22:38:32+08:00 ] 103.123.161.21 /index.php?m=member&c=index&a=register&siteid=1
INFO: [ app_init ] --START--
INFO: Run Behavior\BuildLiteBehavior [ RunTime:0.000021s ]
INFO: [ app_init ] --END-- [ RunTime:0.000317s ]
ERR: 无法加载模块:Member

[ 2019-04-22T22:38:37+08:00 ] 103.123.161.21 /index.php?m=vote&c=index&a=post&subjectid=236&siteid=1
INFO: [ app_init ] --START--
INFO: Run Behavior\BuildLiteBehavior [ RunTime:0.000020s ]
INFO: [ app_init ] --END-- [ RunTime:0.000344s ]
ERR: 无法加载模块:Vote

[ 2019-04-22T22:38:37+08:00 ] 103.123.161.21 /index.php?m=vote&c=index&a=post&subjectid=236&siteid=1
INFO: [ app_init ] --START--
INFO: Run Behavior\BuildLiteBehavior [ RunTime:0.000033s ]
INFO: [ app_init ] --END-- [ RunTime:0.000389s ]
ERR: 无法加载模块:Vote

[ 2019-04-22T22:38:38+08:00 ] 103.123.161.21 /index.php?m=vote&c=index&a=result&subjectid=236&siteid=1
INFO: [ app_init ] --START--
INFO: Run Behavior\BuildLiteBehavior [ RunTime:0.000012s ]
INFO: [ app_init ] --END-- [ RunTime:0.000249s ]
ERR: 无法加载模块:Vote

[ 2019-04-22T22:38:38+08:00 ] 103.123.161.21 /index.php?m=vote&c=index&a=result&subjectid=236&siteid=1
INFO: [ app_init ] --START--
INFO: Run Behavior\BuildLiteBehavior [ RunTime:0.000016s ]
INFO: [ app_init ] --END-- [ RunTime:0.000283s ]
ERR: 无法加载模块:Vote

[ 2019-04-22T22:38:44+08:00 ] 103.123.161.21 /index.php?m=vod-search&wd=%7Bif-A:assert($_POST%5Ba%5D)%7D%7Bendif-A%7D
INFO: [ app_init ] --START--
INFO: Run Behavior\BuildLiteBehavior [ RunTime:0.000009s ]
INFO: [ app_init ] --END-- [ RunTime:0.000218s ]
ERR: 无法加载模块:Vod-search

[ 2019-04-22T22:38:45+08:00 ] 103.123.161.21 /index.php?m=vod-search&wd=%7Bif-A:assert($_POST%5Ba%5D)%7D%7Bendif-A%7D
INFO: [ app_init ] --START--
INFO: Run Behavior\BuildLiteBehavior [ RunTime:0.000008s ]
INFO: [ app_init ] --END-- [ RunTime:0.000303s ]
ERR: 无法加载模块:Vod-search

[ 2019-04-22T22:38:52+08:00 ] 103.123.161.21 /index.PHP?m=vod-search
INFO: [ app_init ] --START--
INFO: Run Behavior\BuildLiteBehavior [ RunTime:0.000009s ]
INFO: [ app_init ] --END-- [ RunTime:0.000215s ]
ERR: 无法加载模块:Vod-search

[ 2019-04-22T22:38:52+08:00 ] 103.123.161.21 /index.PHP?m=vod-search
INFO: [ app_init ] --START--
INFO: Run Behavior\BuildLiteBehavior [ RunTime:0.000009s ]
INFO: [ app_init ] --END-- [ RunTime:0.000224s ]
ERR: 无法加载模块:Vod-search

[ 2019-04-22T22:43:29+08:00 ] 45.113.160.31 /index.php?m=member&c=index&a=register&siteid=1
INFO: [ app_init ] --START--
INFO: Run Behavior\BuildLiteBehavior [ RunTime:0.000018s ]
INFO: [ app_init ] --END-- [ RunTime:0.000257s ]
ERR: 无法加载模块:Member

[ 2019-04-22T22:43:30+08:00 ] 45.113.160.31 /index.php?m=member&c=index&a=register&siteid=1
INFO: [ app_init ] --START--
INFO: Run Behavior\BuildLiteBehavior [ RunTime:0.000018s ]
INFO: [ app_init ] --END-- [ RunTime:0.000267s ]
ERR: 无法加载模块:Member

[ 2019-04-22T22:43:35+08:00 ] 45.113.160.31 /index.php?m=vote&c=index&a=post&subjectid=236&siteid=1
INFO: [ app_init ] --START--
INFO: Run Behavior\BuildLiteBehavior [ RunTime:0.000030s ]
INFO: [ app_init ] --END-- [ RunTime:0.000415s ]
ERR: 无法加载模块:Vote

[ 2019-04-22T22:43:35+08:00 ] 45.113.160.31 /index.php?m=vote&c=index&a=post&subjectid=236&siteid=1
INFO: [ app_init ] --START--
INFO: Run Behavior\BuildLiteBehavior [ RunTime:0.000019s ]
INFO: [ app_init ] --END-- [ RunTime:0.000264s ]
ERR: 无法加载模块:Vote

[ 2019-04-22T22:43:35+08:00 ] 45.113.160.31 /index.php?m=vote&c=index&a=result&subjectid=236&siteid=1
INFO: [ app_init ] --START--
INFO: Run Behavior\BuildLiteBehavior [ RunTime:0.000018s ]
INFO: [ app_init ] --END-- [ RunTime:0.000252s ]
ERR: 无法加载模块:Vote

[ 2019-04-22T22:43:35+08:00 ] 45.113.160.31 /index.php?m=vote&c=index&a=result&subjectid=236&siteid=1
INFO: [ app_init ] --START--
INFO: Run Behavior\BuildLiteBehavior [ RunTime:0.000026s ]
INFO: [ app_init ] --END-- [ RunTime:0.000402s ]
ERR: 无法加载模块:Vote

[ 2019-04-22T22:43:49+08:00 ] 45.113.160.31 /index.php?m=vod-search&wd=%7Bif-A:assert($_POST%5Ba%5D)%7D%7Bendif-A%7D
INFO: [ app_init ] --START--
INFO: Run Behavior\BuildLiteBehavior [ RunTime:0.000023s ]
INFO: [ app_init ] --END-- [ RunTime:0.000339s ]
ERR: 无法加载模块:Vod-search

[ 2019-04-22T22:43:49+08:00 ] 45.113.160.31 /index.php?m=vod-search&wd=%7Bif-A:assert($_POST%5Ba%5D)%7D%7Bendif-A%7D
INFO: [ app_init ] --START--
INFO: Run Behavior\BuildLiteBehavior [ RunTime:0.000020s ]
INFO: [ app_init ] --END-- [ RunTime:0.000320s ]
ERR: 无法加载模块:Vod-search

[ 2019-04-22T22:43:56+08:00 ] 45.113.160.31 /index.PHP?m=vod-search
INFO: [ app_init ] --START--
INFO: Run Behavior\BuildLiteBehavior [ RunTime:0.000009s ]
INFO: [ app_init ] --END-- [ RunTime:0.000254s ]
ERR: 无法加载模块:Vod-search

[ 2019-04-22T22:43:57+08:00 ] 45.113.160.31 /index.PHP?m=vod-search
INFO: [ app_init ] --START--
INFO: Run Behavior\BuildLiteBehavior [ RunTime:0.000010s ]
INFO: [ app_init ] --END-- [ RunTime:0.000249s ]
ERR: 无法加载模块:Vod-search

