[ 2019-05-24T01:40:29+08:00 ] 103.123.161.21 /index.php?m=member&c=index&a=register&siteid=1
INFO: [ app_init ] --START--
INFO: Run Behavior\BuildLiteBehavior [ RunTime:0.000028s ]
INFO: [ app_init ] --END-- [ RunTime:0.000336s ]
ERR: 无法加载模块:Member

[ 2019-05-24T01:40:29+08:00 ] 103.123.161.21 /index.php?m=member&c=index&a=register&siteid=1
INFO: [ app_init ] --START--
INFO: Run Behavior\BuildLiteBehavior [ RunTime:0.000020s ]
INFO: [ app_init ] --END-- [ RunTime:0.000358s ]
ERR: 无法加载模块:Member

[ 2019-05-24T01:40:44+08:00 ] 103.123.161.21 /index.php?m=vote&c=index&a=post&subjectid=236&siteid=1
INFO: [ app_init ] --START--
INFO: Run Behavior\BuildLiteBehavior [ RunTime:0.000020s ]
INFO: [ app_init ] --END-- [ RunTime:0.000334s ]
ERR: 无法加载模块:Vote

[ 2019-05-24T01:40:44+08:00 ] 103.123.161.21 /index.php?m=vote&c=index&a=post&subjectid=236&siteid=1
INFO: [ app_init ] --START--
INFO: Run Behavior\BuildLiteBehavior [ RunTime:0.000009s ]
INFO: [ app_init ] --END-- [ RunTime:0.000234s ]
ERR: 无法加载模块:Vote

[ 2019-05-24T01:40:44+08:00 ] 103.123.161.21 /index.php?m=vote&c=index&a=result&subjectid=236&siteid=1
INFO: [ app_init ] --START--
INFO: Run Behavior\BuildLiteBehavior [ RunTime:0.000009s ]
INFO: [ app_init ] --END-- [ RunTime:0.000247s ]
ERR: 无法加载模块:Vote

[ 2019-05-24T01:40:44+08:00 ] 103.123.161.21 /index.php?m=vote&c=index&a=result&subjectid=236&siteid=1
INFO: [ app_init ] --START--
INFO: Run Behavior\BuildLiteBehavior [ RunTime:0.000009s ]
INFO: [ app_init ] --END-- [ RunTime:0.000249s ]
ERR: 无法加载模块:Vote

[ 2019-05-24T01:40:50+08:00 ] 103.123.161.21 /index.php?m=vod-search&wd=%7Bif-A:assert($_POST%5Ba%5D)%7D%7Bendif-A%7D
INFO: [ app_init ] --START--
INFO: Run Behavior\BuildLiteBehavior [ RunTime:0.000008s ]
INFO: [ app_init ] --END-- [ RunTime:0.000217s ]
ERR: 无法加载模块:Vod-search

[ 2019-05-24T01:40:50+08:00 ] 103.123.161.21 /index.php?m=vod-search&wd=%7Bif-A:assert($_POST%5Ba%5D)%7D%7Bendif-A%7D
INFO: [ app_init ] --START--
INFO: Run Behavior\BuildLiteBehavior [ RunTime:0.000023s ]
INFO: [ app_init ] --END-- [ RunTime:0.000270s ]
ERR: 无法加载模块:Vod-search

[ 2019-05-24T01:41:03+08:00 ] 103.123.161.21 /index.PHP?m=vod-search
INFO: [ app_init ] --START--
INFO: Run Behavior\BuildLiteBehavior [ RunTime:0.000009s ]
INFO: [ app_init ] --END-- [ RunTime:0.000268s ]
ERR: 无法加载模块:Vod-search

[ 2019-05-24T01:41:03+08:00 ] 103.123.161.21 /index.PHP?m=vod-search
INFO: [ app_init ] --START--
INFO: Run Behavior\BuildLiteBehavior [ RunTime:0.000009s ]
INFO: [ app_init ] --END-- [ RunTime:0.000275s ]
ERR: 无法加载模块:Vod-search

[ 2019-05-24T05:10:44+08:00 ] 171.8.219.82 /index.php?m=member&c=index&a=register&siteid=1
INFO: [ app_init ] --START--
INFO: Run Behavior\BuildLiteBehavior [ RunTime:0.000029s ]
INFO: [ app_init ] --END-- [ RunTime:0.000322s ]
ERR: 无法加载模块:Member

[ 2019-05-24T22:15:11+08:00 ] 120.92.102.182 /index.php?g=Comment&m=Widget&a=fetch
INFO: [ app_init ] --START--
INFO: Run Behavior\BuildLiteBehavior [ RunTime:0.000019s ]
INFO: [ app_init ] --END-- [ RunTime:0.000395s ]
ERR: 无法加载模块:Widget

