[ 2019-05-28T15:59:44+08:00 ] 221.2.44.75 //index.php?c=api&m=data2&auth=50ce0d2401ce4802751739552c8e4467&param=update_avatar
INFO: [ app_init ] --START--
INFO: Run Behavior\BuildLiteBehavior [ RunTime:0.000012s ]
INFO: [ app_init ] --END-- [ RunTime:0.000249s ]
ERR: 无法加载模块:Data2

[ 2019-05-28T15:59:45+08:00 ] 221.2.44.75 //index.php?m=member&c=index&a=register&siteid=1
INFO: [ app_init ] --START--
INFO: Run Behavior\BuildLiteBehavior [ RunTime:0.000011s ]
INFO: [ app_init ] --END-- [ RunTime:0.000228s ]
ERR: 无法加载模块:Member

[ 2019-05-28T20:35:35+08:00 ] 221.229.204.71 //index.php?c=api&m=data2&auth=50ce0d2401ce4802751739552c8e4467&param=update_avatar
INFO: [ app_init ] --START--
INFO: Run Behavior\BuildLiteBehavior [ RunTime:0.000010s ]
INFO: [ app_init ] --END-- [ RunTime:0.000253s ]
ERR: 无法加载模块:Data2

[ 2019-05-28T20:35:37+08:00 ] 221.229.204.71 //index.php?m=member&c=index&a=register&siteid=1
INFO: [ app_init ] --START--
INFO: Run Behavior\BuildLiteBehavior [ RunTime:0.000010s ]
INFO: [ app_init ] --END-- [ RunTime:0.000222s ]
ERR: 无法加载模块:Member

[ 2019-05-28T21:35:12+08:00 ] 122.247.26.217 /index.php?m=member&c=index&a=register&siteid=1
INFO: [ app_init ] --START--
INFO: Run Behavior\BuildLiteBehavior [ RunTime:0.000019s ]
INFO: [ app_init ] --END-- [ RunTime:0.000286s ]
ERR: 无法加载模块:Member

