[ 2019-04-28T00:21:45+08:00 ] 221.229.204.71 //admin/FCKeditor/editor/filemanager/connectors/asp/connector.asp
INFO: [ app_init ] --START--
INFO: Run Behavior\BuildLiteBehavior [ RunTime:0.000009s ]
INFO: [ app_init ] --END-- [ RunTime:0.000220s ]
INFO: [ app_begin ] --START--
INFO: Run Behavior\ReadHtmlCacheBehavior [ RunTime:0.000328s ]
INFO: [ app_begin ] --END-- [ RunTime:0.000367s ]
ERR: 无法加载控制器:FCKeditor

[ 2019-04-28T00:21:45+08:00 ] 221.229.204.71 //admin/FCKeditor/editor/filemanager/connectors/aspx/connector.aspx
INFO: [ app_init ] --START--
INFO: Run Behavior\BuildLiteBehavior [ RunTime:0.000010s ]
INFO: [ app_init ] --END-- [ RunTime:0.000247s ]
INFO: [ app_begin ] --START--
INFO: Run Behavior\ReadHtmlCacheBehavior [ RunTime:0.000297s ]
INFO: [ app_begin ] --END-- [ RunTime:0.000324s ]
ERR: 无法加载控制器:FCKeditor

[ 2019-04-28T00:21:46+08:00 ] 221.229.204.71 //admin/FCKeditor/editor/filemanager/browser/default/connectors/asp/connector.asp
INFO: [ app_init ] --START--
INFO: Run Behavior\BuildLiteBehavior [ RunTime:0.000008s ]
INFO: [ app_init ] --END-- [ RunTime:0.000221s ]
INFO: [ app_begin ] --START--
INFO: Run Behavior\ReadHtmlCacheBehavior [ RunTime:0.000315s ]
INFO: [ app_begin ] --END-- [ RunTime:0.000347s ]
ERR: 无法加载控制器:FCKeditor

[ 2019-04-28T00:21:46+08:00 ] 221.229.204.71 //admin/FCKeditor/editor/filemanager/browser/default/connectors/aspx/connector.aspx
INFO: [ app_init ] --START--
INFO: Run Behavior\BuildLiteBehavior [ RunTime:0.000010s ]
INFO: [ app_init ] --END-- [ RunTime:0.000277s ]
INFO: [ app_begin ] --START--
INFO: Run Behavior\ReadHtmlCacheBehavior [ RunTime:0.000403s ]
INFO: [ app_begin ] --END-- [ RunTime:0.000436s ]
ERR: 无法加载控制器:FCKeditor

[ 2019-04-28T00:21:49+08:00 ] 221.229.204.71 //index.php?s=/admin/upload/uploadfile
INFO: [ app_init ] --START--
INFO: Run Behavior\BuildLiteBehavior [ RunTime:0.000009s ]
INFO: [ app_init ] --END-- [ RunTime:0.000217s ]
INFO: [ app_begin ] --START--
INFO: Run Behavior\ReadHtmlCacheBehavior [ RunTime:0.000314s ]
INFO: [ app_begin ] --END-- [ RunTime:0.000348s ]
ERR: 无法加载控制器:Upload

[ 2019-04-28T22:13:23+08:00 ] 120.244.114.142 /index.php/Admin/Index/index
INFO: [ app_init ] --START--
INFO: Run Behavior\BuildLiteBehavior [ RunTime:0.000018s ]
INFO: [ app_init ] --END-- [ RunTime:0.000299s ]
INFO: [ app_begin ] --START--
INFO: Run Behavior\ReadHtmlCacheBehavior [ RunTime:0.000378s ]
INFO: [ app_begin ] --END-- [ RunTime:0.000415s ]
SQL: SHOW COLUMNS FROM `lxp_oauth_user` [ RunTime:0.0017s ]
SQL: SELECT COUNT(*) AS tp_count FROM `lxp_oauth_user` WHERE `is_admin` = 1 LIMIT 1   [ RunTime:0.0003s ]

[ 2019-04-28T22:13:23+08:00 ] 120.244.114.142 /Admin/Login/login
INFO: [ app_init ] --START--
INFO: Run Behavior\BuildLiteBehavior [ RunTime:0.000034s ]
INFO: [ app_init ] --END-- [ RunTime:0.000513s ]
INFO: [ app_begin ] --START--
INFO: Run Behavior\ReadHtmlCacheBehavior [ RunTime:0.000551s ]
INFO: [ app_begin ] --END-- [ RunTime:0.000618s ]
SQL: SHOW COLUMNS FROM `lxp_category` [ RunTime:0.0018s ]
SQL: SELECT * FROM `lxp_category` ORDER BY sort  [ RunTime:0.0005s ]
SQL: SHOW COLUMNS FROM `lxp_tag` [ RunTime:0.0008s ]
SQL: SELECT * FROM `lxp_tag`  [ RunTime:0.0002s ]
SQL: SHOW COLUMNS FROM `lxp_article_tag` [ RunTime:0.0007s ]
SQL: SELECT COUNT(*) AS tp_count FROM `lxp_article_tag` WHERE `tid` = 21 LIMIT 1   [ RunTime:0.0003s ]
SQL: SELECT COUNT(*) AS tp_count FROM `lxp_article_tag` WHERE `tid` = 22 LIMIT 1   [ RunTime:0.0003s ]
SQL: SELECT COUNT(*) AS tp_count FROM `lxp_article_tag` WHERE `tid` = 23 LIMIT 1   [ RunTime:0.0003s ]
SQL: SELECT COUNT(*) AS tp_count FROM `lxp_article_tag` WHERE `tid` = 24 LIMIT 1   [ RunTime:0.0003s ]
SQL: SELECT COUNT(*) AS tp_count FROM `lxp_article_tag` WHERE `tid` = 25 LIMIT 1   [ RunTime:0.0003s ]
SQL: SELECT COUNT(*) AS tp_count FROM `lxp_article_tag` WHERE `tid` = 26 LIMIT 1   [ RunTime:0.0002s ]
SQL: SELECT COUNT(*) AS tp_count FROM `lxp_article_tag` WHERE `tid` = 27 LIMIT 1   [ RunTime:0.0002s ]
SQL: SHOW COLUMNS FROM `lxp_link` [ RunTime:0.0014s ]
SQL: SELECT * FROM `lxp_link` WHERE `is_delete` = 0 AND `is_show` = 1 ORDER BY sort  [ RunTime:0.0007s ]
SQL: SHOW COLUMNS FROM `lxp_oauth_user` [ RunTime:0.0020s ]
SQL: SELECT COUNT(*) AS tp_count FROM `lxp_oauth_user` WHERE `is_admin` = 1 LIMIT 1   [ RunTime:0.0004s ]
INFO: [ view_parse ] --START--
INFO: [ template_filter ] --START--
INFO: Run Behavior\ContentReplaceBehavior [ RunTime:0.000069s ]
INFO: [ template_filter ] --END-- [ RunTime:0.000141s ]
NOTIC: [8] Undefined index: ADMIN_PASSWORD /www/wwwroot/blog/Runtime/Cache/Admin/b891abcc3bb76636e2a96a245e9568d6.php 第 6 行.
INFO: Run Behavior\ParseTemplateBehavior [ RunTime:0.007371s ]
INFO: [ view_parse ] --END-- [ RunTime:0.007420s ]
INFO: [ view_filter ] --START--
INFO: Run Behavior\WriteHtmlCacheBehavior [ RunTime:0.000175s ]
INFO: [ view_filter ] --END-- [ RunTime:0.000203s ]
INFO: [ app_end ] --START--
INFO: Run Behavior\ShowPageTraceBehavior [ RunTime:0.000547s ]
INFO: [ app_end ] --END-- [ RunTime:0.000575s ]

[ 2019-04-28T22:13:24+08:00 ] 120.244.114.142 /Admin/Login/showVerify
INFO: [ app_init ] --START--
INFO: Run Behavior\BuildLiteBehavior [ RunTime:0.000023s ]
INFO: [ app_init ] --END-- [ RunTime:0.000379s ]
INFO: [ app_begin ] --START--
INFO: Run Behavior\ReadHtmlCacheBehavior [ RunTime:0.000405s ]
INFO: [ app_begin ] --END-- [ RunTime:0.000453s ]
SQL: SHOW COLUMNS FROM `lxp_category` [ RunTime:0.0021s ]
SQL: SELECT * FROM `lxp_category` ORDER BY sort  [ RunTime:0.0005s ]
SQL: SHOW COLUMNS FROM `lxp_tag` [ RunTime:0.0013s ]
SQL: SELECT * FROM `lxp_tag`  [ RunTime:0.0003s ]
SQL: SHOW COLUMNS FROM `lxp_article_tag` [ RunTime:0.0007s ]
SQL: SELECT COUNT(*) AS tp_count FROM `lxp_article_tag` WHERE `tid` = 21 LIMIT 1   [ RunTime:0.0006s ]
SQL: SELECT COUNT(*) AS tp_count FROM `lxp_article_tag` WHERE `tid` = 22 LIMIT 1   [ RunTime:0.0002s ]
SQL: SELECT COUNT(*) AS tp_count FROM `lxp_article_tag` WHERE `tid` = 23 LIMIT 1   [ RunTime:0.0003s ]
SQL: SELECT COUNT(*) AS tp_count FROM `lxp_article_tag` WHERE `tid` = 24 LIMIT 1   [ RunTime:0.0003s ]
SQL: SELECT COUNT(*) AS tp_count FROM `lxp_article_tag` WHERE `tid` = 25 LIMIT 1   [ RunTime:0.0002s ]
SQL: SELECT COUNT(*) AS tp_count FROM `lxp_article_tag` WHERE `tid` = 26 LIMIT 1   [ RunTime:0.0003s ]
SQL: SELECT COUNT(*) AS tp_count FROM `lxp_article_tag` WHERE `tid` = 27 LIMIT 1   [ RunTime:0.0003s ]
SQL: SHOW COLUMNS FROM `lxp_link` [ RunTime:0.0008s ]
SQL: SELECT * FROM `lxp_link` WHERE `is_delete` = 0 AND `is_show` = 1 ORDER BY sort  [ RunTime:0.0004s ]
INFO: [ app_end ] --START--
INFO: Run Behavior\ShowPageTraceBehavior [ RunTime:0.000819s ]
INFO: [ app_end ] --END-- [ RunTime:0.000917s ]

[ 2019-04-28T22:13:32+08:00 ] 120.244.114.142 /Admin/Login/login
INFO: [ app_init ] --START--
INFO: Run Behavior\BuildLiteBehavior [ RunTime:0.000025s ]
INFO: [ app_init ] --END-- [ RunTime:0.000493s ]
INFO: [ app_begin ] --START--
INFO: Run Behavior\ReadHtmlCacheBehavior [ RunTime:0.000394s ]
INFO: [ app_begin ] --END-- [ RunTime:0.000440s ]
SQL: SHOW COLUMNS FROM `lxp_category` [ RunTime:0.0015s ]
SQL: SELECT * FROM `lxp_category` ORDER BY sort  [ RunTime:0.0003s ]
SQL: SHOW COLUMNS FROM `lxp_tag` [ RunTime:0.0006s ]
SQL: SELECT * FROM `lxp_tag`  [ RunTime:0.0002s ]
SQL: SHOW COLUMNS FROM `lxp_article_tag` [ RunTime:0.0011s ]
SQL: SELECT COUNT(*) AS tp_count FROM `lxp_article_tag` WHERE `tid` = 21 LIMIT 1   [ RunTime:0.0003s ]
SQL: SELECT COUNT(*) AS tp_count FROM `lxp_article_tag` WHERE `tid` = 22 LIMIT 1   [ RunTime:0.0003s ]
SQL: SELECT COUNT(*) AS tp_count FROM `lxp_article_tag` WHERE `tid` = 23 LIMIT 1   [ RunTime:0.0002s ]
SQL: SELECT COUNT(*) AS tp_count FROM `lxp_article_tag` WHERE `tid` = 24 LIMIT 1   [ RunTime:0.0002s ]
SQL: SELECT COUNT(*) AS tp_count FROM `lxp_article_tag` WHERE `tid` = 25 LIMIT 1   [ RunTime:0.0002s ]
SQL: SELECT COUNT(*) AS tp_count FROM `lxp_article_tag` WHERE `tid` = 26 LIMIT 1   [ RunTime:0.0002s ]
SQL: SELECT COUNT(*) AS tp_count FROM `lxp_article_tag` WHERE `tid` = 27 LIMIT 1   [ RunTime:0.0002s ]
SQL: SHOW COLUMNS FROM `lxp_link` [ RunTime:0.0006s ]
SQL: SELECT * FROM `lxp_link` WHERE `is_delete` = 0 AND `is_show` = 1 ORDER BY sort  [ RunTime:0.0003s ]
SQL: SHOW COLUMNS FROM `lxp_oauth_user` [ RunTime:0.0007s ]
SQL: SELECT COUNT(*) AS tp_count FROM `lxp_oauth_user` WHERE `is_admin` = 1 LIMIT 1   [ RunTime:0.0003s ]
INFO: [ view_parse ] --START--
INFO: [ template_filter ] --START--
INFO: Run Behavior\ContentReplaceBehavior [ RunTime:0.000031s ]
INFO: [ template_filter ] --END-- [ RunTime:0.000071s ]
INFO: Run Behavior\ParseTemplateBehavior [ RunTime:0.006518s ]
INFO: [ view_parse ] --END-- [ RunTime:0.006552s ]
INFO: [ view_filter ] --START--
INFO: Run Behavior\WriteHtmlCacheBehavior [ RunTime:0.000133s ]
INFO: [ view_filter ] --END-- [ RunTime:0.000161s ]
INFO: [ app_end ] --START--
INFO: Run Behavior\ShowPageTraceBehavior [ RunTime:0.000449s ]
INFO: [ app_end ] --END-- [ RunTime:0.000475s ]

[ 2019-04-28T22:13:34+08:00 ] 120.244.114.142 /Admin/Login/login
INFO: [ app_init ] --START--
INFO: Run Behavior\BuildLiteBehavior [ RunTime:0.000028s ]
INFO: [ app_init ] --END-- [ RunTime:0.000391s ]
INFO: [ app_begin ] --START--
INFO: Run Behavior\ReadHtmlCacheBehavior [ RunTime:0.000349s ]
INFO: [ app_begin ] --END-- [ RunTime:0.000395s ]
SQL: SHOW COLUMNS FROM `lxp_category` [ RunTime:0.0020s ]
SQL: SELECT * FROM `lxp_category` ORDER BY sort  [ RunTime:0.0004s ]
SQL: SHOW COLUMNS FROM `lxp_tag` [ RunTime:0.0006s ]
SQL: SELECT * FROM `lxp_tag`  [ RunTime:0.0002s ]
SQL: SHOW COLUMNS FROM `lxp_article_tag` [ RunTime:0.0005s ]
SQL: SELECT COUNT(*) AS tp_count FROM `lxp_article_tag` WHERE `tid` = 21 LIMIT 1   [ RunTime:0.0002s ]
SQL: SELECT COUNT(*) AS tp_count FROM `lxp_article_tag` WHERE `tid` = 22 LIMIT 1   [ RunTime:0.0002s ]
SQL: SELECT COUNT(*) AS tp_count FROM `lxp_article_tag` WHERE `tid` = 23 LIMIT 1   [ RunTime:0.0002s ]
SQL: SELECT COUNT(*) AS tp_count FROM `lxp_article_tag` WHERE `tid` = 24 LIMIT 1   [ RunTime:0.0002s ]
SQL: SELECT COUNT(*) AS tp_count FROM `lxp_article_tag` WHERE `tid` = 25 LIMIT 1   [ RunTime:0.0002s ]
SQL: SELECT COUNT(*) AS tp_count FROM `lxp_article_tag` WHERE `tid` = 26 LIMIT 1   [ RunTime:0.0002s ]
SQL: SELECT COUNT(*) AS tp_count FROM `lxp_article_tag` WHERE `tid` = 27 LIMIT 1   [ RunTime:0.0002s ]
SQL: SHOW COLUMNS FROM `lxp_link` [ RunTime:0.0014s ]
SQL: SELECT * FROM `lxp_link` WHERE `is_delete` = 0 AND `is_show` = 1 ORDER BY sort  [ RunTime:0.0004s ]
SQL: SHOW COLUMNS FROM `lxp_oauth_user` [ RunTime:0.0009s ]
SQL: SELECT COUNT(*) AS tp_count FROM `lxp_oauth_user` WHERE `is_admin` = 1 LIMIT 1   [ RunTime:0.0003s ]
INFO: [ view_parse ] --START--
INFO: [ template_filter ] --START--
INFO: Run Behavior\ContentReplaceBehavior [ RunTime:0.000044s ]
INFO: [ template_filter ] --END-- [ RunTime:0.000078s ]
INFO: Run Behavior\ParseTemplateBehavior [ RunTime:0.005081s ]
INFO: [ view_parse ] --END-- [ RunTime:0.005136s ]
INFO: [ view_filter ] --START--
INFO: Run Behavior\WriteHtmlCacheBehavior [ RunTime:0.000219s ]
INFO: [ view_filter ] --END-- [ RunTime:0.000248s ]
INFO: [ app_end ] --START--
INFO: Run Behavior\ShowPageTraceBehavior [ RunTime:0.000409s ]
INFO: [ app_end ] --END-- [ RunTime:0.000434s ]

[ 2019-04-28T22:13:34+08:00 ] 120.244.114.142 /Admin/Login/showVerify
INFO: [ app_init ] --START--
INFO: Run Behavior\BuildLiteBehavior [ RunTime:0.000019s ]
INFO: [ app_init ] --END-- [ RunTime:0.000297s ]
INFO: [ app_begin ] --START--
INFO: Run Behavior\ReadHtmlCacheBehavior [ RunTime:0.000363s ]
INFO: [ app_begin ] --END-- [ RunTime:0.000410s ]
SQL: SHOW COLUMNS FROM `lxp_category` [ RunTime:0.0011s ]
SQL: SELECT * FROM `lxp_category` ORDER BY sort  [ RunTime:0.0003s ]
SQL: SHOW COLUMNS FROM `lxp_tag` [ RunTime:0.0006s ]
SQL: SELECT * FROM `lxp_tag`  [ RunTime:0.0003s ]
SQL: SHOW COLUMNS FROM `lxp_article_tag` [ RunTime:0.0006s ]
SQL: SELECT COUNT(*) AS tp_count FROM `lxp_article_tag` WHERE `tid` = 21 LIMIT 1   [ RunTime:0.0003s ]
SQL: SELECT COUNT(*) AS tp_count FROM `lxp_article_tag` WHERE `tid` = 22 LIMIT 1   [ RunTime:0.0002s ]
SQL: SELECT COUNT(*) AS tp_count FROM `lxp_article_tag` WHERE `tid` = 23 LIMIT 1   [ RunTime:0.0002s ]
SQL: SELECT COUNT(*) AS tp_count FROM `lxp_article_tag` WHERE `tid` = 24 LIMIT 1   [ RunTime:0.0002s ]
SQL: SELECT COUNT(*) AS tp_count FROM `lxp_article_tag` WHERE `tid` = 25 LIMIT 1   [ RunTime:0.0002s ]
SQL: SELECT COUNT(*) AS tp_count FROM `lxp_article_tag` WHERE `tid` = 26 LIMIT 1   [ RunTime:0.0002s ]
SQL: SELECT COUNT(*) AS tp_count FROM `lxp_article_tag` WHERE `tid` = 27 LIMIT 1   [ RunTime:0.0002s ]
SQL: SHOW COLUMNS FROM `lxp_link` [ RunTime:0.0007s ]
SQL: SELECT * FROM `lxp_link` WHERE `is_delete` = 0 AND `is_show` = 1 ORDER BY sort  [ RunTime:0.0003s ]
INFO: [ app_end ] --START--
INFO: Run Behavior\ShowPageTraceBehavior [ RunTime:0.000686s ]
INFO: [ app_end ] --END-- [ RunTime:0.000751s ]

[ 2019-04-28T22:13:38+08:00 ] 120.244.114.142 /Admin/Login/login
INFO: [ app_init ] --START--
INFO: Run Behavior\BuildLiteBehavior [ RunTime:0.000018s ]
INFO: [ app_init ] --END-- [ RunTime:0.000302s ]
INFO: [ app_begin ] --START--
INFO: Run Behavior\ReadHtmlCacheBehavior [ RunTime:0.000325s ]
INFO: [ app_begin ] --END-- [ RunTime:0.000378s ]
SQL: SHOW COLUMNS FROM `lxp_category` [ RunTime:0.0014s ]
SQL: SELECT * FROM `lxp_category` ORDER BY sort  [ RunTime:0.0003s ]
SQL: SHOW COLUMNS FROM `lxp_tag` [ RunTime:0.0006s ]
SQL: SELECT * FROM `lxp_tag`  [ RunTime:0.0002s ]
SQL: SHOW COLUMNS FROM `lxp_article_tag` [ RunTime:0.0006s ]
SQL: SELECT COUNT(*) AS tp_count FROM `lxp_article_tag` WHERE `tid` = 21 LIMIT 1   [ RunTime:0.0003s ]
SQL: SELECT COUNT(*) AS tp_count FROM `lxp_article_tag` WHERE `tid` = 22 LIMIT 1   [ RunTime:0.0002s ]
SQL: SELECT COUNT(*) AS tp_count FROM `lxp_article_tag` WHERE `tid` = 23 LIMIT 1   [ RunTime:0.0003s ]
SQL: SELECT COUNT(*) AS tp_count FROM `lxp_article_tag` WHERE `tid` = 24 LIMIT 1   [ RunTime:0.0002s ]
SQL: SELECT COUNT(*) AS tp_count FROM `lxp_article_tag` WHERE `tid` = 25 LIMIT 1   [ RunTime:0.0002s ]
SQL: SELECT COUNT(*) AS tp_count FROM `lxp_article_tag` WHERE `tid` = 26 LIMIT 1   [ RunTime:0.0002s ]
SQL: SELECT COUNT(*) AS tp_count FROM `lxp_article_tag` WHERE `tid` = 27 LIMIT 1   [ RunTime:0.0002s ]
SQL: SHOW COLUMNS FROM `lxp_link` [ RunTime:0.0008s ]
SQL: SELECT * FROM `lxp_link` WHERE `is_delete` = 0 AND `is_show` = 1 ORDER BY sort  [ RunTime:0.0003s ]
SQL: SHOW COLUMNS FROM `lxp_oauth_user` [ RunTime:0.0007s ]
SQL: SELECT COUNT(*) AS tp_count FROM `lxp_oauth_user` WHERE `is_admin` = 1 LIMIT 1   [ RunTime:0.0002s ]
SQL: SHOW COLUMNS FROM `lxp_config` [ RunTime:0.0006s ]
SQL: SELECT `value` FROM `lxp_config` WHERE `name` = 'ADMIN_PASSWORD' LIMIT 1   [ RunTime:0.0004s ]
INFO: [ view_parse ] --START--
INFO: [ template_filter ] --START--
INFO: Run Behavior\ContentReplaceBehavior [ RunTime:0.000028s ]
INFO: [ template_filter ] --END-- [ RunTime:0.000056s ]
INFO: Run Behavior\ParseTemplateBehavior [ RunTime:0.004082s ]
INFO: [ view_parse ] --END-- [ RunTime:0.004115s ]
INFO: [ view_filter ] --START--
INFO: Run Behavior\WriteHtmlCacheBehavior [ RunTime:0.000094s ]
INFO: [ view_filter ] --END-- [ RunTime:0.000114s ]
INFO: [ app_end ] --START--
INFO: Run Behavior\ShowPageTraceBehavior [ RunTime:0.000499s ]
INFO: [ app_end ] --END-- [ RunTime:0.000523s ]

[ 2019-04-28T22:13:39+08:00 ] 120.244.114.142 /Admin/Index/index
INFO: [ app_init ] --START--
INFO: Run Behavior\BuildLiteBehavior [ RunTime:0.000019s ]
INFO: [ app_init ] --END-- [ RunTime:0.000314s ]
INFO: [ app_begin ] --START--
INFO: Run Behavior\ReadHtmlCacheBehavior [ RunTime:0.000354s ]
INFO: [ app_begin ] --END-- [ RunTime:0.000411s ]
INFO: [ view_parse ] --START--
INFO: [ template_filter ] --START--
INFO: Run Behavior\ContentReplaceBehavior [ RunTime:0.000084s ]
INFO: [ template_filter ] --END-- [ RunTime:0.000126s ]
INFO: Run Behavior\ParseTemplateBehavior [ RunTime:0.007447s ]
INFO: [ view_parse ] --END-- [ RunTime:0.007477s ]
INFO: [ view_filter ] --START--
INFO: Run Behavior\WriteHtmlCacheBehavior [ RunTime:0.000156s ]
INFO: [ view_filter ] --END-- [ RunTime:0.000182s ]
INFO: [ app_end ] --START--
INFO: Run Behavior\ShowPageTraceBehavior [ RunTime:0.000478s ]
INFO: [ app_end ] --END-- [ RunTime:0.000506s ]

[ 2019-04-28T22:13:40+08:00 ] 120.244.114.142 /Admin/Index/welcome
INFO: [ app_init ] --START--
INFO: Run Behavior\BuildLiteBehavior [ RunTime:0.000010s ]
INFO: [ app_init ] --END-- [ RunTime:0.000239s ]
INFO: [ app_begin ] --START--
INFO: Run Behavior\ReadHtmlCacheBehavior [ RunTime:0.000310s ]
INFO: [ app_begin ] --END-- [ RunTime:0.000348s ]
SQL: SHOW COLUMNS FROM `lxp_article` [ RunTime:0.0017s ]
SQL: SELECT COUNT(*) AS tp_count FROM `lxp_article` LIMIT 1   [ RunTime:0.0003s ]
SQL: SELECT COUNT(*) AS tp_count FROM `lxp_article` WHERE `is_delete` = 1 LIMIT 1   [ RunTime:0.0003s ]
SQL: SELECT COUNT(*) AS tp_count FROM `lxp_article` WHERE `is_show` = 0 LIMIT 1   [ RunTime:0.0002s ]
SQL: SHOW COLUMNS FROM `lxp_chat` [ RunTime:0.0006s ]
SQL: SELECT COUNT(*) AS tp_count FROM `lxp_chat` LIMIT 1   [ RunTime:0.0002s ]
SQL: SELECT COUNT(*) AS tp_count FROM `lxp_chat` WHERE `is_delete` = 1 LIMIT 1   [ RunTime:0.0002s ]
SQL: SELECT COUNT(*) AS tp_count FROM `lxp_chat` WHERE `is_show` = 0 LIMIT 1   [ RunTime:0.0002s ]
SQL: SHOW COLUMNS FROM `lxp_comment` [ RunTime:0.0006s ]
SQL: SELECT COUNT(*) AS tp_count FROM `lxp_comment` LIMIT 1   [ RunTime:0.0002s ]
INFO: [ view_parse ] --START--
INFO: [ template_filter ] --START--
INFO: Run Behavior\ContentReplaceBehavior [ RunTime:0.000046s ]
INFO: [ template_filter ] --END-- [ RunTime:0.000077s ]
INFO: Run Behavior\ParseTemplateBehavior [ RunTime:0.005108s ]
INFO: [ view_parse ] --END-- [ RunTime:0.005136s ]
INFO: [ view_filter ] --START--
INFO: Run Behavior\WriteHtmlCacheBehavior [ RunTime:0.000142s ]
INFO: [ view_filter ] --END-- [ RunTime:0.000164s ]
INFO: [ app_end ] --START--
INFO: Run Behavior\ShowPageTraceBehavior [ RunTime:0.000405s ]
INFO: [ app_end ] --END-- [ RunTime:0.000431s ]

[ 2019-04-28T22:13:42+08:00 ] 120.244.114.142 /Admin/Article/add
INFO: [ app_init ] --START--
INFO: Run Behavior\BuildLiteBehavior [ RunTime:0.000019s ]
INFO: [ app_init ] --END-- [ RunTime:0.000312s ]
INFO: [ app_begin ] --START--
INFO: Run Behavior\ReadHtmlCacheBehavior [ RunTime:0.000332s ]
INFO: [ app_begin ] --END-- [ RunTime:0.000379s ]
SQL: SHOW COLUMNS FROM `lxp_article` [ RunTime:0.0019s ]
SQL: SHOW COLUMNS FROM `lxp_category` [ RunTime:0.0007s ]
SQL: SELECT * FROM `lxp_category` ORDER BY sort  [ RunTime:0.0003s ]
SQL: SHOW COLUMNS FROM `lxp_tag` [ RunTime:0.0005s ]
SQL: SELECT * FROM `lxp_tag`  [ RunTime:0.0002s ]
SQL: SHOW COLUMNS FROM `lxp_article_tag` [ RunTime:0.0012s ]
SQL: SELECT COUNT(*) AS tp_count FROM `lxp_article_tag` WHERE `tid` = 21 LIMIT 1   [ RunTime:0.0004s ]
SQL: SELECT COUNT(*) AS tp_count FROM `lxp_article_tag` WHERE `tid` = 22 LIMIT 1   [ RunTime:0.0002s ]
SQL: SELECT COUNT(*) AS tp_count FROM `lxp_article_tag` WHERE `tid` = 23 LIMIT 1   [ RunTime:0.0002s ]
SQL: SELECT COUNT(*) AS tp_count FROM `lxp_article_tag` WHERE `tid` = 24 LIMIT 1   [ RunTime:0.0002s ]
SQL: SELECT COUNT(*) AS tp_count FROM `lxp_article_tag` WHERE `tid` = 25 LIMIT 1   [ RunTime:0.0003s ]
SQL: SELECT COUNT(*) AS tp_count FROM `lxp_article_tag` WHERE `tid` = 26 LIMIT 1   [ RunTime:0.0002s ]
SQL: SELECT COUNT(*) AS tp_count FROM `lxp_article_tag` WHERE `tid` = 27 LIMIT 1   [ RunTime:0.0002s ]
INFO: [ view_parse ] --START--
INFO: [ template_filter ] --START--
INFO: Run Behavior\ContentReplaceBehavior [ RunTime:0.000059s ]
INFO: [ template_filter ] --END-- [ RunTime:0.000097s ]
INFO: Run Behavior\ParseTemplateBehavior [ RunTime:0.006564s ]
INFO: [ view_parse ] --END-- [ RunTime:0.006595s ]
INFO: [ view_filter ] --START--
INFO: Run Behavior\WriteHtmlCacheBehavior [ RunTime:0.000113s ]
INFO: [ view_filter ] --END-- [ RunTime:0.000133s ]
INFO: [ app_end ] --START--
INFO: Run Behavior\ShowPageTraceBehavior [ RunTime:0.000574s ]
INFO: [ app_end ] --END-- [ RunTime:0.000600s ]

[ 2019-04-28T22:14:33+08:00 ] 120.244.114.142 /Admin/Article/add
INFO: [ app_init ] --START--
INFO: Run Behavior\BuildLiteBehavior [ RunTime:0.000016s ]
INFO: [ app_init ] --END-- [ RunTime:0.000317s ]
INFO: [ app_begin ] --START--
INFO: Run Behavior\ReadHtmlCacheBehavior [ RunTime:0.000349s ]
INFO: [ app_begin ] --END-- [ RunTime:0.000388s ]
SQL: SHOW COLUMNS FROM `lxp_article` [ RunTime:0.0022s ]
SQL: INSERT INTO `lxp_article` (`cid`,`title`,`author`,`keywords`,`description`,`is_original`,`is_top`,`is_show`,`content`,`click`,`is_delete`,`addtime`) VALUES ('31','第一节、为什么要学习数据结构与算法','鹿晓鹏','数据结构与算法之美,王争','你是不是觉得数据结构和算法，跟操作系统、计算机网络一样，是脱离实际工作的只是？可能除了面试，这辈子也用不着？尽管计算机相关专业的同学在大学都学过这门课程，甚至很多培训机构也会培训这方面的只是，但是据我了解，很多程序猿对数据结构和算法依旧一窍不通。还有一些人也只听说过数组、链表、快排这些最基本的数据结构和算法。所以，就算不懂这块知识，只要JavaAPI、开发框架用的熟练，照样可以把代码写得飞起来。事','0','0','1','&lt;p&gt;&lt;span data-shimo-docs=&quot;[[20,&amp;quot;你是不是觉得数据结构和算法，跟操作系统、计算机网络一样，是脱离实际工作的只是？可能除了面试，这辈子也用不着？\\n\\n尽管计算机相关专业的同学在大学都学过这门课程，甚至很多培训机构也会培训这方面的只是，但是据我了解，很多程序猿对数据结构和算法依旧一窍不通。还有一些人也只听说过数组、链表、快排这些最基本的数据结构和算法。所以，就算不懂这块知识，只要JavaAPI、开发框架用的熟练，照样可以把代码写得飞起来。事实真的是这样的吗？\\n\\n今天我们就来详细聊一聊，为什么要学习数据结构和算法。\\n想要通关大厂面试，千万别让数据结构和算法拖了后腿&amp;quot;],[20,&amp;quot;\\n&amp;quot;,&amp;quot;32:2&amp;quot;],[20,&amp;quot;很多大公司，比如BAT、Google、FaceBook，面试的时候都喜欢考算法、让人现场写代码。有些人虽然技术不错，但每次去面试都会跪在算法上，很是可惜。那你有没有想过，为什么这些大公司都喜欢考算法呢？\\n\\n校招的时候，参加面试的学生通常没有实际项目经验，公司只能考察他们的基础知识是否牢固。社招就更不用说了，越是厉害的公司，越是注重考察数据结构与算法这类基础知识。相比短期能力，他们更看中你的长期潜力。\\n\\n你可能要说了，我不懂数据结构与算法，照样找到了好工作啊。那我是不是就不用学数据结构与算法呢？当然不是，你别忘了，我们学任何知识都是为了用的，是为了解决实际工作问题的，学习数据结构和算法自然也不例外。\\n&amp;quot;],[20,&amp;quot;业务开发工程师，你真的愿意做一辈子CRUD boy吗？&amp;quot;,&amp;quot;27:\\&amp;quot;18\\&amp;quot;&amp;quot;],[20,&amp;quot;\\n&amp;quot;,&amp;quot;32:2&amp;quot;],[20,&amp;quot;如果你是一名业务开发工程师，你可能要说，我整天就是做数据库CURD（增删改查），哪里用得到数据结构和算法啊？\\n\\n是的，对于大部分业务开发来说，我们平时可能更多的是利用已经封装好的现成的接口、类库来堆砌、翻译业务逻辑，很少需要自己实现数据结构和算法。但是，不需要自己实现，并不代表什么都不需要了解。\\n\\n如果不知道这些类库背后的原理，不懂得时间、空间复杂度分析，你如何能用好、用对它们？\\n存储某个业务数据的时候，你如何知道应该用ArrayList，还 是Linked List呢?调用了某个函数之后，你又该如何评估代码的性能和资源的消耗呢? \\n\\n作为业务开发，我们会用到各种框架、中间件和底层系统，比如Spring、RPC框架、消息中间件、Redis等等。在这些基础框架中，一般都揉和了很多基础数据 结构和算法的设计思想。 \\n比如，我们常用的Key-Value数据库Redis中，里面的有序集合是用什么数据结构来实现的呢?为什么要用跳表来实现呢?为什么不用二叉树呢? \\n\\n如果你能弄明白这些底层原理，你就能更好地使用它们。即便出现问题，也很容易就能定位。因此，掌握数据结构和算法，不管对于阅读框架源码，还是理解其背后的设计思想，都是非常有用的。\\n\\n在平时的工作中，数据结构和算法的应用到处可见。我来举一个你非常熟悉的例子:如何实时地统计业务接口的 响应时间? 你可能最先想到，每次查询时，从小到大排序所有的响应时间，如果总共有1200个数据，那第1188个数据就是99%的响应时间。很显然，每次用这个方法查询 \\n的话都要排序，效率是非常低的。但是，如果你知道“堆”这个数据结构，用两个堆可以非常高效地解决这个问题。 \\n&amp;quot;],[20,&amp;quot;基础架构研发工程师，写出达到开源水平的框架才是你的目标! &amp;quot;,&amp;quot;27:\\&amp;quot;18\\&amp;quot;&amp;quot;],[20,&amp;quot;\\n&amp;quot;,&amp;quot;32:2&amp;quot;],[20,&amp;quot;现在互联网上的技术文章、架构分享、开源项目满天飞，照猫画虎做一套基础框架并不难。我就拿RPC框架举例。 不同的公司、不同的人做出的RPC框架，架构设计思路都差不多，最后实现的功能也都差不多。但是有的人做出来的框架，Bug很多、性能一般、扩展性也不好，只能在自己公司仅有的几个项目里面用一下。而有的人做的框架可以开源到GitHub上给很多人用，甚至被Apache收录。为什么会有这么大的差距呢? \\n\\n我觉得，高手之间的竞争其实就在细节。这些细节包括:你用的算法是不是够优化，数据存取的效率是不是够高，内存是不是够节省等等。这些累积起来， 决定了一个框架是不是优秀。所以，如果你还不懂数据结构和算法，没听说过大O复杂度分析，不知道怎么分析代码的时间复杂度和空间复杂度，那肯定说不 过去了，赶紧来补一补吧! \\n       \\n&amp;quot;],[20,&amp;quot;对编程还有追求?不想被行业淘汰?那就不要只会写凑合能用的代码!&amp;quot;,&amp;quot;27:\\&amp;quot;18\\&amp;quot;&amp;quot;],[20,&amp;quot;\\n&amp;quot;,&amp;quot;32:2&amp;quot;],[20,&amp;quot;       \\n何为编程能力强?是代码的可读性好、健壮?还是扩展性好?我觉得没法列，也列不全。但是，在我看来，性能好坏起码是其中一个非常重要的评判标准。\\n\\n但是，如果你连代码的时间复杂度、空间复杂度都不知道怎么分析，怎么写出高性能的代码呢?\\n       \\n你可能会说，我在小公司工作，用户量很少，需要处理的数据量也很少，开发中不需要考虑那么多性能的问题，完成功能就可以，用什么数据结构和算法， 差别根本不大。但是你真的想“十年如一日”地做一样的工作吗? \\n       \\n经常有人说，程序员35岁之后很容易陷入瓶颈，被行业淘汰，我觉得原因其实就在此。有的人写代码的时候，从来都不考虑非功能性的需求，只是完成功 能，凑合能用就好;做事情的时候，也从来没有长远规划，只把眼前事情做好就满足了。 \\n       \\n我曾经面试过很多大龄候选人，简历能写十几页，经历的项目有几十个，但是细看下来，每个项目都是重复地堆砌业务逻辑而已，完全没有难度递进，看不出有能力提升。久而久之，十年的积累可能跟一年的积累没有任何区别。这样的人，怎么不会被行业淘汰呢?\\n       \\n如果你在一家成熟的公司，或者BAT这样的大公司，面对的是千万级甚至亿级的用户，开发的是TB、PB级别数据的处理系统。性能几乎是开发过程中时刻都 要考虑的问题。一个简单的ArrayList、Linked List的选择问题，就可能会产生成千上万倍的性能差别。这个时候，数据结构和算法的意义就完全凸显出来了。 \\n       \\n其实，我觉得，数据结构和算法这个东西，如果你不去学，可能真的这辈子都用不到，也感受不到它的好。但是一旦掌握，你就会常常被它的强大威力所折服。之前你可能需要费很大劲儿来优化的代码，需要花很多心思来设计的架构，用了数据结构和算法之后，很容易就可以解决了。\\n       \\n&amp;quot;],[20,&amp;quot;内容小结 &amp;quot;,&amp;quot;27:\\&amp;quot;18\\&amp;quot;&amp;quot;],[20,&amp;quot;\\n&amp;quot;,&amp;quot;32:2&amp;quot;],[20,&amp;quot;       \\n我们学习数据结构和算法，并不是为了死记硬背几个知识点。我们的目的是建立时间复杂度、空间复杂度意识，写出高质量的代码，能够设计基础架构，提升编程技能，训练逻辑思维，积攒人生经验，以此获得工作回报，实现你的价值，完善你的人生。\\n       \\n所以，不管你是业务开发工程师，还是基础架构工程师;不管你是初入职场的初级工程师，还是工作多年的资深架构师，又或者是想转人工智能、区块链这些热门领域的程序员，数据结构与算法作为计算机的基础知识、核心知识，都是必须要掌握的。\\n\\n掌握了数据结构与算法，你看待问题的深度，解决问题的角度就会完全不一样。因为这样的你，就像是站在巨人的肩膀上，拿着生存利器行走世界。数据结构与算法，会为你的编程之路，甚至人生之路打开一扇通往新世界的大门。\\n       \\n&amp;quot;],[20,&amp;quot;课后思考 &amp;quot;,&amp;quot;27:\\&amp;quot;18\\&amp;quot;&amp;quot;],[20,&amp;quot;\\n       \\n你为什么要学习数据结构和算法呢?在过去的软件开发中，数据结构和算法在哪些地方帮到了你?\\n欢迎留言和我分享，我会第一时间给你反馈。&amp;quot;]]&quot;&gt;&lt;p line=&quot;init&quot; class=&quot;ql-long-17453191&quot;&gt;你是不是觉得数据结构和算法，跟操作系统、计算机网络一样，是脱离实际工作的只是？可能除了面试，这辈子也用不着？&lt;/p&gt;&lt;p line=&quot;a7mi&quot;&gt;&lt;br/&gt;&lt;/p&gt;&lt;p line=&quot;kdsX&quot; class=&quot;ql-long-17453191&quot;&gt;尽管计算机相关专业的同学在大学都学过这门课程，甚至很多培训机构也会培训这方面的只是，但是据我了解，很多程序猿对数据结构和算法依旧一窍不通。还有一些人也只听说过数组、链表、快排这些最基本的数据结构和算法。所以，就算不懂这块知识，只要JavaAPI、开发框架用的熟练，照样可以把代码写得飞起来。事实真的是这样的吗？&lt;/p&gt;&lt;p line=&quot;F2W5&quot;&gt;&lt;br/&gt;&lt;/p&gt;&lt;p line=&quot;mKEa&quot; class=&quot;ql-long-17453191&quot;&gt;今天我们就来详细聊一聊，为什么要学习数据结构和算法。&lt;/p&gt;&lt;h2 class=&quot;ql-long-17453191&quot;&gt;&lt;p&gt;想要通关大厂面试，千万别让数据结构和算法拖了后腿&lt;/p&gt;&lt;/h2&gt;&lt;p line=&quot;7lzl&quot; class=&quot;ql-long-17453191&quot;&gt;很多大公司，比如BAT、Google、FaceBook，面试的时候都喜欢考算法、让人现场写代码。有些人虽然技术不错，但每次去面试都会跪在算法上，很是可惜。那你有没有想过，为什么这些大公司都喜欢考算法呢？&lt;/p&gt;&lt;p line=&quot;DmHb&quot;&gt;&lt;br/&gt;&lt;/p&gt;&lt;p line=&quot;UP1A&quot; class=&quot;ql-long-17453191&quot;&gt;校招的时候，参加面试的学生通常没有实际项目经验，公司只能考察他们的基础知识是否牢固。社招就更不用说了，越是厉害的公司，越是注重考察数据结构与算法这类基础知识。相比短期能力，他们更看中你的长期潜力。&lt;/p&gt;&lt;p line=&quot;krOA&quot;&gt;&lt;br/&gt;&lt;/p&gt;&lt;p line=&quot;n8o0&quot; class=&quot;ql-long-17453191&quot;&gt;你可能要说了，我不懂数据结构与算法，照样找到了好工作啊。那我是不是就不用学数据结构与算法呢？当然不是，你别忘了，我们学任何知识都是为了用的，是为了解决实际工作问题的，学习数据结构和算法自然也不例外。&lt;/p&gt;&lt;h2 class=&quot;ql-long-17453191&quot;&gt;&lt;p&gt;&lt;span style=&quot;font-size: 18pt;&quot;&gt;业务开发工程师，你真的愿意做一辈子CRUD boy吗？&lt;/span&gt;&lt;/p&gt;&lt;/h2&gt;&lt;p line=&quot;0I1q&quot; class=&quot;ql-long-17453191&quot;&gt;如果你是一名业务开发工程师，你可能要说，我整天就是做数据库CURD（增删改查），哪里用得到数据结构和算法啊？&lt;/p&gt;&lt;p line=&quot;Pmuk&quot;&gt;&lt;br/&gt;&lt;/p&gt;&lt;p line=&quot;Ah15&quot; class=&quot;ql-long-17453191&quot;&gt;是的，对于大部分业务开发来说，我们平时可能更多的是利用已经封装好的现成的接口、类库来堆砌、翻译业务逻辑，很少需要自己实现数据结构和算法。但是，不需要自己实现，并不代表什么都不需要了解。&lt;/p&gt;&lt;p line=&quot;wDom&quot;&gt;&lt;br/&gt;&lt;/p&gt;&lt;p line=&quot;TvwK&quot; class=&quot;ql-long-17453191&quot;&gt;如果不知道这些类库背后的原理，不懂得时间、空间复杂度分析，你如何能用好、用对它们？&lt;/p&gt;&lt;p line=&quot;1CdF&quot; class=&quot;ql-long-17453191&quot;&gt;存储某个业务数据的时候，你如何知道应该用ArrayList，还 是Linked List呢?调用了某个函数之后，你又该如何评估代码的性能和资源的消耗呢?&lt;/p&gt;&lt;p line=&quot;SmjK&quot;&gt;&lt;br/&gt;&lt;/p&gt;&lt;p line=&quot;ODSH&quot; class=&quot;ql-long-17453191&quot;&gt;作为业务开发，我们会用到各种框架、中间件和底层系统，比如Spring、RPC框架、消息中间件、Redis等等。在这些基础框架中，一般都揉和了很多基础数据 结构和算法的设计思想。&lt;/p&gt;&lt;p line=&quot;isjQ&quot; class=&quot;ql-long-17453191&quot;&gt;比如，我们常用的Key-Value数据库Redis中，里面的有序集合是用什么数据结构来实现的呢?为什么要用跳表来实现呢?为什么不用二叉树呢?&lt;/p&gt;&lt;p line=&quot;wKta&quot;&gt;&lt;br/&gt;&lt;/p&gt;&lt;p line=&quot;5Dlc&quot; class=&quot;ql-long-17453191&quot;&gt;如果你能弄明白这些底层原理，你就能更好地使用它们。即便出现问题，也很容易就能定位。因此，掌握数据结构和算法，不管对于阅读框架源码，还是理解其背后的设计思想，都是非常有用的。&lt;/p&gt;&lt;p line=&quot;YGZC&quot;&gt;&lt;br/&gt;&lt;/p&gt;&lt;p line=&quot;SV4E&quot; class=&quot;ql-long-17453191&quot;&gt;在平时的工作中，数据结构和算法的应用到处可见。我来举一个你非常熟悉的例子:如何实时地统计业务接口的 响应时间? 你可能最先想到，每次查询时，从小到大排序所有的响应时间，如果总共有1200个数据，那第1188个数据就是99%的响应时间。很显然，每次用这个方法查询&lt;/p&gt;&lt;p line=&quot;NaLr&quot; class=&quot;ql-long-17453191&quot;&gt;的话都要排序，效率是非常低的。但是，如果你知道“堆”这个数据结构，用两个堆可以非常高效地解决这个问题。&lt;/p&gt;&lt;h2 class=&quot;ql-long-17453191&quot;&gt;&lt;p&gt;&lt;span style=&quot;font-size: 18pt;&quot;&gt;基础架构研发工程师，写出达到开源水平的框架才是你的目标! &lt;/span&gt;&lt;/p&gt;&lt;/h2&gt;&lt;p line=&quot;1Nph&quot; class=&quot;ql-long-17453191&quot;&gt;现在互联网上的技术文章、架构分享、开源项目满天飞，照猫画虎做一套基础框架并不难。我就拿RPC框架举例。 不同的公司、不同的人做出的RPC框架，架构设计思路都差不多，最后实现的功能也都差不多。但是有的人做出来的框架，Bug很多、性能一般、扩展性也不好，只能在自己公司仅有的几个项目里面用一下。而有的人做的框架可以开源到GitHub上给很多人用，甚至被Apache收录。为什么会有这么大的差距呢?&lt;/p&gt;&lt;p line=&quot;GdhA&quot;&gt;&lt;br/&gt;&lt;/p&gt;&lt;p line=&quot;rEve&quot; class=&quot;ql-long-17453191&quot;&gt;我觉得，高手之间的竞争其实就在细节。这些细节包括:你用的算法是不是够优化，数据存取的效率是不是够高，内存是不是够节省等等。这些累积起来， 决定了一个框架是不是优秀。所以，如果你还不懂数据结构和算法，没听说过大O复杂度分析，不知道怎么分析代码的时间复杂度和空间复杂度，那肯定说不 过去了，赶紧来补一补吧!&lt;/p&gt;&lt;p line=&quot;SBmr&quot; class=&quot;ql-long-17453191&quot;&gt;&lt;br/&gt;&lt;/p&gt;&lt;h2 class=&quot;ql-long-17453191&quot;&gt;&lt;p&gt;&lt;span style=&quot;font-size: 18pt;&quot;&gt;对编程还有追求?不想被行业淘汰?那就不要只会写凑合能用的代码!&lt;/span&gt;&lt;/p&gt;&lt;/h2&gt;&lt;p line=&quot;8uMy&quot; class=&quot;ql-long-17453191&quot;&gt;&lt;br/&gt;&lt;/p&gt;&lt;p line=&quot;W9TB&quot; class=&quot;ql-long-17453191&quot;&gt;何为编程能力强?是代码的可读性好、健壮?还是扩展性好?我觉得没法列，也列不全。但是，在我看来，性能好坏起码是其中一个非常重要的评判标准。&lt;/p&gt;&lt;p line=&quot;FFPS&quot;&gt;&lt;br/&gt;&lt;/p&gt;&lt;p line=&quot;QSVd&quot; class=&quot;ql-long-17453191&quot;&gt;但是，如果你连代码的时间复杂度、空间复杂度都不知道怎么分析，怎么写出高性能的代码呢?&lt;/p&gt;&lt;p line=&quot;UWGt&quot; class=&quot;ql-long-17453191&quot;&gt;&lt;br/&gt;&lt;/p&gt;&lt;p line=&quot;qt5W&quot; class=&quot;ql-long-17453191&quot;&gt;你可能会说，我在小公司工作，用户量很少，需要处理的数据量也很少，开发中不需要考虑那么多性能的问题，完成功能就可以，用什么数据结构和算法， 差别根本不大。但是你真的想“十年如一日”地做一样的工作吗?&lt;/p&gt;&lt;p line=&quot;Veye&quot; class=&quot;ql-long-17453191&quot;&gt;&lt;br/&gt;&lt;/p&gt;&lt;p line=&quot;pmza&quot; class=&quot;ql-long-17453191&quot;&gt;经常有人说，程序员35岁之后很容易陷入瓶颈，被行业淘汰，我觉得原因其实就在此。有的人写代码的时候，从来都不考虑非功能性的需求，只是完成功 能，凑合能用就好;做事情的时候，也从来没有长远规划，只把眼前事情做好就满足了。&lt;/p&gt;&lt;p line=&quot;8jFg&quot; class=&quot;ql-long-17453191&quot;&gt;&lt;br/&gt;&lt;/p&gt;&lt;p line=&quot;NPlQ&quot; class=&quot;ql-long-17453191&quot;&gt;我曾经面试过很多大龄候选人，简历能写十几页，经历的项目有几十个，但是细看下来，每个项目都是重复地堆砌业务逻辑而已，完全没有难度递进，看不出有能力提升。久而久之，十年的积累可能跟一年的积累没有任何区别。这样的人，怎么不会被行业淘汰呢?&lt;/p&gt;&lt;p line=&quot;9hoz&quot; class=&quot;ql-long-17453191&quot;&gt;&lt;br/&gt;&lt;/p&gt;&lt;p line=&quot;EJgu&quot; class=&quot;ql-long-17453191&quot;&gt;如果你在一家成熟的公司，或者BAT这样的大公司，面对的是千万级甚至亿级的用户，开发的是TB、PB级别数据的处理系统。性能几乎是开发过程中时刻都 要考虑的问题。一个简单的ArrayList、Linked List的选择问题，就可能会产生成千上万倍的性能差别。这个时候，数据结构和算法的意义就完全凸显出来了。&lt;/p&gt;&lt;p line=&quot;HyA6&quot; class=&quot;ql-long-17453191&quot;&gt;&lt;br/&gt;&lt;/p&gt;&lt;p line=&quot;qIIe&quot; class=&quot;ql-long-17453191&quot;&gt;其实，我觉得，数据结构和算法这个东西，如果你不去学，可能真的这辈子都用不到，也感受不到它的好。但是一旦掌握，你就会常常被它的强大威力所折服。之前你可能需要费很大劲儿来优化的代码，需要花很多心思来设计的架构，用了数据结构和算法之后，很容易就可以解决了。&lt;/p&gt;&lt;p line=&quot;ueZf&quot; class=&quot;ql-long-17453191&quot;&gt;&lt;br/&gt;&lt;/p&gt;&lt;h2 class=&quot;ql-long-17453191&quot;&gt;&lt;p&gt;&lt;span style=&quot;font-size: 18pt;&quot;&gt;内容小结 &lt;/span&gt;&lt;/p&gt;&lt;/h2&gt;&lt;p line=&quot;DpSX&quot; class=&quot;ql-long-17453191&quot;&gt;&lt;br/&gt;&lt;/p&gt;&lt;p line=&quot;6XFy&quot; class=&quot;ql-long-17453191&quot;&gt;我们学习数据结构和算法，并不是为了死记硬背几个知识点。我们的目的是建立时间复杂度、空间复杂度意识，写出高质量的代码，能够设计基础架构，提升编程技能，训练逻辑思维，积攒人生经验，以此获得工作回报，实现你的价值，完善你的人生。&lt;/p&gt;&lt;p line=&quot;L7h0&quot; class=&quot;ql-long-17453191&quot;&gt;&lt;br/&gt;&lt;/p&gt;&lt;p line=&quot;og7c&quot; class=&quot;ql-long-17453191&quot;&gt;所以，不管你是业务开发工程师，还是基础架构工程师;不管你是初入职场的初级工程师，还是工作多年的资深架构师，又或者是想转人工智能、区块链这些热门领域的程序员，数据结构与算法作为计算机的基础知识、核心知识，都是必须要掌握的。&lt;/p&gt;&lt;p line=&quot;gZbN&quot;&gt;&lt;br/&gt;&lt;/p&gt;&lt;p line=&quot;Pk7R&quot; class=&quot;ql-long-17453191&quot;&gt;掌握了数据结构与算法，你看待问题的深度，解决问题的角度就会完全不一样。因为这样的你，就像是站在巨人的肩膀上，拿着生存利器行走世界。数据结构与算法，会为你的编程之路，甚至人生之路打开一扇通往新世界的大门。&lt;/p&gt;&lt;p line=&quot;opJl&quot; class=&quot;ql-long-17453191&quot;&gt;&lt;br/&gt;&lt;/p&gt;&lt;p line=&quot;2aGF&quot; class=&quot;ql-long-17453191&quot;&gt;&lt;span style=&quot;font-size: 18pt;&quot;&gt;课后思考 &lt;/span&gt;&lt;/p&gt;&lt;p line=&quot;sQh7&quot; class=&quot;ql-long-17453191&quot;&gt;&lt;br/&gt;&lt;/p&gt;&lt;p line=&quot;YG3L&quot; class=&quot;ql-long-17453191&quot;&gt;你为什么要学习数据结构和算法呢?在过去的软件开发中，数据结构和算法在哪些地方帮到了你?&lt;/p&gt;&lt;p line=&quot;ioaw&quot; class=&quot;ql-long-17453191&quot;&gt;欢迎留言和我分享，我会第一时间给你反馈。&lt;/p&gt;&lt;/span&gt;&lt;/p&gt;','0','0','1556460873') [ RunTime:0.0401s ]
SQL: SHOW COLUMNS FROM `lxp_article_tag` [ RunTime:0.0013s ]
SQL: INSERT INTO `lxp_article_tag` (`aid`,`tid`) VALUES ('59','21') [ RunTime:0.0030s ]
SQL: INSERT INTO `lxp_article_tag` (`aid`,`tid`) VALUES ('59','22') [ RunTime:0.0022s ]
SQL: INSERT INTO `lxp_article_tag` (`aid`,`tid`) VALUES ('59','23') [ RunTime:0.0015s ]
SQL: INSERT INTO `lxp_article_tag` (`aid`,`tid`) VALUES ('59','24') [ RunTime:0.0014s ]
SQL: INSERT INTO `lxp_article_tag` (`aid`,`tid`) VALUES ('59','25') [ RunTime:0.0020s ]
SQL: INSERT INTO `lxp_article_tag` (`aid`,`tid`) VALUES ('59','26') [ RunTime:0.0015s ]
SQL: INSERT INTO `lxp_article_tag` (`aid`,`tid`) VALUES ('59','27') [ RunTime:0.0209s ]
SQL: SHOW COLUMNS FROM `lxp_article_pic` [ RunTime:0.0017s ]
SQL: INSERT INTO `lxp_article_pic` (`aid`,`path`) VALUES ('59','/Upload/image/ueditor/gongju.jpeg') [ RunTime:0.0032s ]
SQL: SHOW COLUMNS FROM `lxp_article` [ RunTime:0.0010s ]
SQL: SELECT `aid`,`addtime` FROM `lxp_article` WHERE `is_show` = 1 AND `is_delete` = 0 ORDER BY aid desc  [ RunTime:0.0006s ]
INFO: [ view_parse ] --START--
INFO: [ template_filter ] --START--
INFO: Run Behavior\ContentReplaceBehavior [ RunTime:0.000043s ]
INFO: [ template_filter ] --END-- [ RunTime:0.000087s ]
INFO: Run Behavior\ParseTemplateBehavior [ RunTime:0.004344s ]
INFO: [ view_parse ] --END-- [ RunTime:0.004374s ]
INFO: [ view_filter ] --START--
INFO: Run Behavior\WriteHtmlCacheBehavior [ RunTime:0.000115s ]
INFO: [ view_filter ] --END-- [ RunTime:0.000134s ]
INFO: [ app_end ] --START--
INFO: Run Behavior\ShowPageTraceBehavior [ RunTime:0.000411s ]
INFO: [ app_end ] --END-- [ RunTime:0.000438s ]

[ 2019-04-28T22:14:34+08:00 ] 120.244.114.142 /Admin/Article/index
INFO: [ app_init ] --START--
INFO: Run Behavior\BuildLiteBehavior [ RunTime:0.000017s ]
INFO: [ app_init ] --END-- [ RunTime:0.000264s ]
INFO: [ app_begin ] --START--
INFO: Run Behavior\ReadHtmlCacheBehavior [ RunTime:0.000314s ]
INFO: [ app_begin ] --END-- [ RunTime:0.000362s ]
SQL: SHOW COLUMNS FROM `lxp_article` [ RunTime:0.0012s ]
SQL: SELECT COUNT(*) AS tp_count FROM `lxp_article` WHERE `is_delete` = 0 LIMIT 1   [ RunTime:0.0004s ]
SQL: SELECT * FROM `lxp_article` WHERE `is_delete` = 0 ORDER BY addtime desc LIMIT 0,15   [ RunTime:0.0023s ]
SQL: SHOW COLUMNS FROM `lxp_article_tag` [ RunTime:0.0011s ]
SQL: SHOW COLUMNS FROM `lxp_article_tag` [ RunTime:0.0007s ]
SQL: SELECT * FROM `lxp_article_tag` INNER JOIN lxp_tag ON lxp_article_tag.tid=lxp_tag.tid  WHERE `aid` = '59'  [ RunTime:0.0005s ]
SQL: SHOW COLUMNS FROM `lxp_article_pic` [ RunTime:0.0011s ]
SQL: SELECT `path` FROM `lxp_article_pic` WHERE `aid` = 59 ORDER BY ap_id asc LIMIT 1   [ RunTime:0.0003s ]
SQL: SHOW COLUMNS FROM `lxp_category` [ RunTime:0.0007s ]
SQL: SELECT `cid`,`cid`,`cname` FROM `lxp_category` WHERE `cid` = 31  [ RunTime:0.0003s ]
SQL: SELECT * FROM `lxp_article_tag` INNER JOIN lxp_tag ON lxp_article_tag.tid=lxp_tag.tid  WHERE `aid` = '58'  [ RunTime:0.0003s ]
SQL: SELECT `path` FROM `lxp_article_pic` WHERE `aid` = 58 ORDER BY ap_id asc LIMIT 1   [ RunTime:0.0002s ]
SQL: SELECT `cid`,`cid`,`cname` FROM `lxp_category` WHERE `cid` = 31  [ RunTime:0.0002s ]
SQL: SELECT * FROM `lxp_article_tag` INNER JOIN lxp_tag ON lxp_article_tag.tid=lxp_tag.tid  WHERE `aid` = '57'  [ RunTime:0.0003s ]
SQL: SELECT `path` FROM `lxp_article_pic` WHERE `aid` = 57 ORDER BY ap_id asc LIMIT 1   [ RunTime:0.0002s ]
SQL: SELECT `cid`,`cid`,`cname` FROM `lxp_category` WHERE `cid` = 30  [ RunTime:0.0002s ]
SQL: SELECT * FROM `lxp_article_tag` INNER JOIN lxp_tag ON lxp_article_tag.tid=lxp_tag.tid  WHERE `aid` = '56'  [ RunTime:0.0003s ]
SQL: SELECT `path` FROM `lxp_article_pic` WHERE `aid` = 56 ORDER BY ap_id asc LIMIT 1   [ RunTime:0.0002s ]
SQL: SELECT `cid`,`cid`,`cname` FROM `lxp_category` WHERE `cid` = 33  [ RunTime:0.0002s ]
SQL: SELECT * FROM `lxp_article_tag` INNER JOIN lxp_tag ON lxp_article_tag.tid=lxp_tag.tid  WHERE `aid` = '55'  [ RunTime:0.0004s ]
SQL: SELECT `path` FROM `lxp_article_pic` WHERE `aid` = 55 ORDER BY ap_id asc LIMIT 1   [ RunTime:0.0002s ]
SQL: SELECT `cid`,`cid`,`cname` FROM `lxp_category` WHERE `cid` = 33  [ RunTime:0.0002s ]
SQL: SELECT * FROM `lxp_article_tag` INNER JOIN lxp_tag ON lxp_article_tag.tid=lxp_tag.tid  WHERE `aid` = '54'  [ RunTime:0.0002s ]
SQL: SELECT `path` FROM `lxp_article_pic` WHERE `aid` = 54 ORDER BY ap_id asc LIMIT 1   [ RunTime:0.0002s ]
SQL: SELECT `cid`,`cid`,`cname` FROM `lxp_category` WHERE `cid` = 31  [ RunTime:0.0002s ]
SQL: SELECT * FROM `lxp_article_tag` INNER JOIN lxp_tag ON lxp_article_tag.tid=lxp_tag.tid  WHERE `aid` = '53'  [ RunTime:0.0003s ]
SQL: SELECT `path` FROM `lxp_article_pic` WHERE `aid` = 53 ORDER BY ap_id asc LIMIT 1   [ RunTime:0.0002s ]
SQL: SELECT `cid`,`cid`,`cname` FROM `lxp_category` WHERE `cid` = 31  [ RunTime:0.0002s ]
SQL: SELECT * FROM `lxp_article_tag` INNER JOIN lxp_tag ON lxp_article_tag.tid=lxp_tag.tid  WHERE `aid` = '52'  [ RunTime:0.0003s ]
SQL: SELECT `path` FROM `lxp_article_pic` WHERE `aid` = 52 ORDER BY ap_id asc LIMIT 1   [ RunTime:0.0002s ]
SQL: SELECT `cid`,`cid`,`cname` FROM `lxp_category` WHERE `cid` = 32  [ RunTime:0.0002s ]
SQL: SELECT * FROM `lxp_article_tag` INNER JOIN lxp_tag ON lxp_article_tag.tid=lxp_tag.tid  WHERE `aid` = '51'  [ RunTime:0.0003s ]
SQL: SELECT `path` FROM `lxp_article_pic` WHERE `aid` = 51 ORDER BY ap_id asc LIMIT 1   [ RunTime:0.0002s ]
SQL: SELECT `cid`,`cid`,`cname` FROM `lxp_category` WHERE `cid` = 31  [ RunTime:0.0002s ]
SQL: SELECT * FROM `lxp_article_tag` INNER JOIN lxp_tag ON lxp_article_tag.tid=lxp_tag.tid  WHERE `aid` = '50'  [ RunTime:0.0002s ]
SQL: SELECT `path` FROM `lxp_article_pic` WHERE `aid` = 50 ORDER BY ap_id asc LIMIT 1   [ RunTime:0.0002s ]
SQL: SELECT `cid`,`cid`,`cname` FROM `lxp_category` WHERE `cid` = 32  [ RunTime:0.0003s ]
SQL: SELECT * FROM `lxp_article_tag` INNER JOIN lxp_tag ON lxp_article_tag.tid=lxp_tag.tid  WHERE `aid` = '49'  [ RunTime:0.0003s ]
SQL: SELECT `path` FROM `lxp_article_pic` WHERE `aid` = 49 ORDER BY ap_id asc LIMIT 1   [ RunTime:0.0002s ]
SQL: SELECT `cid`,`cid`,`cname` FROM `lxp_category` WHERE `cid` = 29  [ RunTime:0.0002s ]
SQL: SELECT * FROM `lxp_article_tag` INNER JOIN lxp_tag ON lxp_article_tag.tid=lxp_tag.tid  WHERE `aid` = '48'  [ RunTime:0.0003s ]
SQL: SELECT `path` FROM `lxp_article_pic` WHERE `aid` = 48 ORDER BY ap_id asc LIMIT 1   [ RunTime:0.0002s ]
SQL: SELECT `cid`,`cid`,`cname` FROM `lxp_category` WHERE `cid` = 34  [ RunTime:0.0003s ]
SQL: SELECT * FROM `lxp_article_tag` INNER JOIN lxp_tag ON lxp_article_tag.tid=lxp_tag.tid  WHERE `aid` = '47'  [ RunTime:0.0003s ]
SQL: SELECT `path` FROM `lxp_article_pic` WHERE `aid` = 47 ORDER BY ap_id asc LIMIT 1   [ RunTime:0.0002s ]
SQL: SELECT `cid`,`cid`,`cname` FROM `lxp_category` WHERE `cid` = 34  [ RunTime:0.0002s ]
SQL: SELECT * FROM `lxp_article_tag` INNER JOIN lxp_tag ON lxp_article_tag.tid=lxp_tag.tid  WHERE `aid` = '46'  [ RunTime:0.0003s ]
SQL: SELECT `path` FROM `lxp_article_pic` WHERE `aid` = 46 ORDER BY ap_id asc LIMIT 1   [ RunTime:0.0002s ]
SQL: SELECT `cid`,`cid`,`cname` FROM `lxp_category` WHERE `cid` = 35  [ RunTime:0.0002s ]
SQL: SELECT * FROM `lxp_article_tag` INNER JOIN lxp_tag ON lxp_article_tag.tid=lxp_tag.tid  WHERE `aid` = '45'  [ RunTime:0.0004s ]
SQL: SELECT `path` FROM `lxp_article_pic` WHERE `aid` = 45 ORDER BY ap_id asc LIMIT 1   [ RunTime:0.0002s ]
SQL: SELECT `cid`,`cid`,`cname` FROM `lxp_category` WHERE `cid` = 35  [ RunTime:0.0002s ]
INFO: [ view_parse ] --START--
INFO: [ template_filter ] --START--
INFO: Run Behavior\ContentReplaceBehavior [ RunTime:0.000047s ]
INFO: [ template_filter ] --END-- [ RunTime:0.000112s ]
INFO: Run Behavior\ParseTemplateBehavior [ RunTime:0.006954s ]
INFO: [ view_parse ] --END-- [ RunTime:0.006983s ]
INFO: [ view_filter ] --START--
INFO: Run Behavior\WriteHtmlCacheBehavior [ RunTime:0.000112s ]
INFO: [ view_filter ] --END-- [ RunTime:0.000134s ]
INFO: [ app_end ] --START--
INFO: Run Behavior\ShowPageTraceBehavior [ RunTime:0.000418s ]
INFO: [ app_end ] --END-- [ RunTime:0.000449s ]

[ 2019-04-28T22:14:51+08:00 ] 120.244.114.142 /Admin/Article/index
INFO: [ app_init ] --START--
INFO: Run Behavior\BuildLiteBehavior [ RunTime:0.000026s ]
INFO: [ app_init ] --END-- [ RunTime:0.000322s ]
INFO: [ app_begin ] --START--
INFO: Run Behavior\ReadHtmlCacheBehavior [ RunTime:0.000315s ]
INFO: [ app_begin ] --END-- [ RunTime:0.000354s ]
SQL: SHOW COLUMNS FROM `lxp_article` [ RunTime:0.0011s ]
SQL: SELECT COUNT(*) AS tp_count FROM `lxp_article` WHERE `is_delete` = 0 LIMIT 1   [ RunTime:0.0003s ]
SQL: SELECT * FROM `lxp_article` WHERE `is_delete` = 0 ORDER BY addtime desc LIMIT 0,15   [ RunTime:0.0057s ]
SQL: SHOW COLUMNS FROM `lxp_article_tag` [ RunTime:0.0017s ]
SQL: SHOW COLUMNS FROM `lxp_article_tag` [ RunTime:0.0008s ]
SQL: SELECT * FROM `lxp_article_tag` INNER JOIN lxp_tag ON lxp_article_tag.tid=lxp_tag.tid  WHERE `aid` = '59'  [ RunTime:0.0005s ]
SQL: SHOW COLUMNS FROM `lxp_article_pic` [ RunTime:0.0006s ]
SQL: SELECT `path` FROM `lxp_article_pic` WHERE `aid` = 59 ORDER BY ap_id asc LIMIT 1   [ RunTime:0.0002s ]
SQL: SHOW COLUMNS FROM `lxp_category` [ RunTime:0.0012s ]
SQL: SELECT `cid`,`cid`,`cname` FROM `lxp_category` WHERE `cid` = 31  [ RunTime:0.0002s ]
SQL: SELECT * FROM `lxp_article_tag` INNER JOIN lxp_tag ON lxp_article_tag.tid=lxp_tag.tid  WHERE `aid` = '58'  [ RunTime:0.0003s ]
SQL: SELECT `path` FROM `lxp_article_pic` WHERE `aid` = 58 ORDER BY ap_id asc LIMIT 1   [ RunTime:0.0002s ]
SQL: SELECT `cid`,`cid`,`cname` FROM `lxp_category` WHERE `cid` = 31  [ RunTime:0.0002s ]
SQL: SELECT * FROM `lxp_article_tag` INNER JOIN lxp_tag ON lxp_article_tag.tid=lxp_tag.tid  WHERE `aid` = '57'  [ RunTime:0.0003s ]
SQL: SELECT `path` FROM `lxp_article_pic` WHERE `aid` = 57 ORDER BY ap_id asc LIMIT 1   [ RunTime:0.0002s ]
SQL: SELECT `cid`,`cid`,`cname` FROM `lxp_category` WHERE `cid` = 30  [ RunTime:0.0002s ]
SQL: SELECT * FROM `lxp_article_tag` INNER JOIN lxp_tag ON lxp_article_tag.tid=lxp_tag.tid  WHERE `aid` = '56'  [ RunTime:0.0003s ]
SQL: SELECT `path` FROM `lxp_article_pic` WHERE `aid` = 56 ORDER BY ap_id asc LIMIT 1   [ RunTime:0.0002s ]
SQL: SELECT `cid`,`cid`,`cname` FROM `lxp_category` WHERE `cid` = 33  [ RunTime:0.0002s ]
SQL: SELECT * FROM `lxp_article_tag` INNER JOIN lxp_tag ON lxp_article_tag.tid=lxp_tag.tid  WHERE `aid` = '55'  [ RunTime:0.0003s ]
SQL: SELECT `path` FROM `lxp_article_pic` WHERE `aid` = 55 ORDER BY ap_id asc LIMIT 1   [ RunTime:0.0002s ]
SQL: SELECT `cid`,`cid`,`cname` FROM `lxp_category` WHERE `cid` = 33  [ RunTime:0.0002s ]
SQL: SELECT * FROM `lxp_article_tag` INNER JOIN lxp_tag ON lxp_article_tag.tid=lxp_tag.tid  WHERE `aid` = '54'  [ RunTime:0.0003s ]
SQL: SELECT `path` FROM `lxp_article_pic` WHERE `aid` = 54 ORDER BY ap_id asc LIMIT 1   [ RunTime:0.0003s ]
SQL: SELECT `cid`,`cid`,`cname` FROM `lxp_category` WHERE `cid` = 31  [ RunTime:0.0002s ]
SQL: SELECT * FROM `lxp_article_tag` INNER JOIN lxp_tag ON lxp_article_tag.tid=lxp_tag.tid  WHERE `aid` = '53'  [ RunTime:0.0003s ]
SQL: SELECT `path` FROM `lxp_article_pic` WHERE `aid` = 53 ORDER BY ap_id asc LIMIT 1   [ RunTime:0.0002s ]
SQL: SELECT `cid`,`cid`,`cname` FROM `lxp_category` WHERE `cid` = 31  [ RunTime:0.0002s ]
SQL: SELECT * FROM `lxp_article_tag` INNER JOIN lxp_tag ON lxp_article_tag.tid=lxp_tag.tid  WHERE `aid` = '52'  [ RunTime:0.0003s ]
SQL: SELECT `path` FROM `lxp_article_pic` WHERE `aid` = 52 ORDER BY ap_id asc LIMIT 1   [ RunTime:0.0002s ]
SQL: SELECT `cid`,`cid`,`cname` FROM `lxp_category` WHERE `cid` = 32  [ RunTime:0.0002s ]
SQL: SELECT * FROM `lxp_article_tag` INNER JOIN lxp_tag ON lxp_article_tag.tid=lxp_tag.tid  WHERE `aid` = '51'  [ RunTime:0.0003s ]
SQL: SELECT `path` FROM `lxp_article_pic` WHERE `aid` = 51 ORDER BY ap_id asc LIMIT 1   [ RunTime:0.0002s ]
SQL: SELECT `cid`,`cid`,`cname` FROM `lxp_category` WHERE `cid` = 31  [ RunTime:0.0002s ]
SQL: SELECT * FROM `lxp_article_tag` INNER JOIN lxp_tag ON lxp_article_tag.tid=lxp_tag.tid  WHERE `aid` = '50'  [ RunTime:0.0003s ]
SQL: SELECT `path` FROM `lxp_article_pic` WHERE `aid` = 50 ORDER BY ap_id asc LIMIT 1   [ RunTime:0.0002s ]
SQL: SELECT `cid`,`cid`,`cname` FROM `lxp_category` WHERE `cid` = 32  [ RunTime:0.0002s ]
SQL: SELECT * FROM `lxp_article_tag` INNER JOIN lxp_tag ON lxp_article_tag.tid=lxp_tag.tid  WHERE `aid` = '49'  [ RunTime:0.0003s ]
SQL: SELECT `path` FROM `lxp_article_pic` WHERE `aid` = 49 ORDER BY ap_id asc LIMIT 1   [ RunTime:0.0002s ]
SQL: SELECT `cid`,`cid`,`cname` FROM `lxp_category` WHERE `cid` = 29  [ RunTime:0.0002s ]
SQL: SELECT * FROM `lxp_article_tag` INNER JOIN lxp_tag ON lxp_article_tag.tid=lxp_tag.tid  WHERE `aid` = '48'  [ RunTime:0.0003s ]
SQL: SELECT `path` FROM `lxp_article_pic` WHERE `aid` = 48 ORDER BY ap_id asc LIMIT 1   [ RunTime:0.0002s ]
SQL: SELECT `cid`,`cid`,`cname` FROM `lxp_category` WHERE `cid` = 34  [ RunTime:0.0002s ]
SQL: SELECT * FROM `lxp_article_tag` INNER JOIN lxp_tag ON lxp_article_tag.tid=lxp_tag.tid  WHERE `aid` = '47'  [ RunTime:0.0003s ]
SQL: SELECT `path` FROM `lxp_article_pic` WHERE `aid` = 47 ORDER BY ap_id asc LIMIT 1   [ RunTime:0.0002s ]
SQL: SELECT `cid`,`cid`,`cname` FROM `lxp_category` WHERE `cid` = 34  [ RunTime:0.0003s ]
SQL: SELECT * FROM `lxp_article_tag` INNER JOIN lxp_tag ON lxp_article_tag.tid=lxp_tag.tid  WHERE `aid` = '46'  [ RunTime:0.0003s ]
SQL: SELECT `path` FROM `lxp_article_pic` WHERE `aid` = 46 ORDER BY ap_id asc LIMIT 1   [ RunTime:0.0002s ]
SQL: SELECT `cid`,`cid`,`cname` FROM `lxp_category` WHERE `cid` = 35  [ RunTime:0.0002s ]
SQL: SELECT * FROM `lxp_article_tag` INNER JOIN lxp_tag ON lxp_article_tag.tid=lxp_tag.tid  WHERE `aid` = '45'  [ RunTime:0.0003s ]
SQL: SELECT `path` FROM `lxp_article_pic` WHERE `aid` = 45 ORDER BY ap_id asc LIMIT 1   [ RunTime:0.0002s ]
SQL: SELECT `cid`,`cid`,`cname` FROM `lxp_category` WHERE `cid` = 35  [ RunTime:0.0002s ]
INFO: [ view_parse ] --START--
INFO: [ template_filter ] --START--
INFO: Run Behavior\ContentReplaceBehavior [ RunTime:0.000048s ]
INFO: [ template_filter ] --END-- [ RunTime:0.000081s ]
INFO: Run Behavior\ParseTemplateBehavior [ RunTime:0.005798s ]
INFO: [ view_parse ] --END-- [ RunTime:0.005827s ]
INFO: [ view_filter ] --START--
INFO: Run Behavior\WriteHtmlCacheBehavior [ RunTime:0.000121s ]
INFO: [ view_filter ] --END-- [ RunTime:0.000142s ]
INFO: [ app_end ] --START--
INFO: Run Behavior\ShowPageTraceBehavior [ RunTime:0.000347s ]
INFO: [ app_end ] --END-- [ RunTime:0.000374s ]

[ 2019-04-28T22:14:52+08:00 ] 120.244.114.142 /Admin/Tag/add
INFO: [ app_init ] --START--
INFO: Run Behavior\BuildLiteBehavior [ RunTime:0.000020s ]
INFO: [ app_init ] --END-- [ RunTime:0.000261s ]
INFO: [ app_begin ] --START--
INFO: Run Behavior\ReadHtmlCacheBehavior [ RunTime:0.000320s ]
INFO: [ app_begin ] --END-- [ RunTime:0.000355s ]
SQL: SHOW COLUMNS FROM `lxp_tag` [ RunTime:0.0010s ]
INFO: [ view_parse ] --START--
INFO: [ template_filter ] --START--
INFO: Run Behavior\ContentReplaceBehavior [ RunTime:0.000054s ]
INFO: [ template_filter ] --END-- [ RunTime:0.000106s ]
INFO: Run Behavior\ParseTemplateBehavior [ RunTime:0.006652s ]
INFO: [ view_parse ] --END-- [ RunTime:0.006720s ]
INFO: [ view_filter ] --START--
INFO: Run Behavior\WriteHtmlCacheBehavior [ RunTime:0.000156s ]
INFO: [ view_filter ] --END-- [ RunTime:0.000185s ]
INFO: [ app_end ] --START--
INFO: Run Behavior\ShowPageTraceBehavior [ RunTime:0.000736s ]
INFO: [ app_end ] --END-- [ RunTime:0.000871s ]

[ 2019-04-28T22:14:54+08:00 ] 120.244.114.142 /Admin/Article/add
INFO: [ app_init ] --START--
INFO: Run Behavior\BuildLiteBehavior [ RunTime:0.000009s ]
INFO: [ app_init ] --END-- [ RunTime:0.000253s ]
INFO: [ app_begin ] --START--
INFO: Run Behavior\ReadHtmlCacheBehavior [ RunTime:0.000313s ]
INFO: [ app_begin ] --END-- [ RunTime:0.000348s ]
SQL: SHOW COLUMNS FROM `lxp_article` [ RunTime:0.0010s ]
SQL: SHOW COLUMNS FROM `lxp_category` [ RunTime:0.0013s ]
SQL: SELECT * FROM `lxp_category` ORDER BY sort  [ RunTime:0.0003s ]
SQL: SHOW COLUMNS FROM `lxp_tag` [ RunTime:0.0006s ]
SQL: SELECT * FROM `lxp_tag`  [ RunTime:0.0002s ]
SQL: SHOW COLUMNS FROM `lxp_article_tag` [ RunTime:0.0006s ]
SQL: SELECT COUNT(*) AS tp_count FROM `lxp_article_tag` WHERE `tid` = 21 LIMIT 1   [ RunTime:0.0003s ]
SQL: SELECT COUNT(*) AS tp_count FROM `lxp_article_tag` WHERE `tid` = 22 LIMIT 1   [ RunTime:0.0002s ]
SQL: SELECT COUNT(*) AS tp_count FROM `lxp_article_tag` WHERE `tid` = 23 LIMIT 1   [ RunTime:0.0002s ]
SQL: SELECT COUNT(*) AS tp_count FROM `lxp_article_tag` WHERE `tid` = 24 LIMIT 1   [ RunTime:0.0002s ]
SQL: SELECT COUNT(*) AS tp_count FROM `lxp_article_tag` WHERE `tid` = 25 LIMIT 1   [ RunTime:0.0002s ]
SQL: SELECT COUNT(*) AS tp_count FROM `lxp_article_tag` WHERE `tid` = 26 LIMIT 1   [ RunTime:0.0002s ]
SQL: SELECT COUNT(*) AS tp_count FROM `lxp_article_tag` WHERE `tid` = 27 LIMIT 1   [ RunTime:0.0002s ]
INFO: [ view_parse ] --START--
INFO: [ template_filter ] --START--
INFO: Run Behavior\ContentReplaceBehavior [ RunTime:0.000059s ]
INFO: [ template_filter ] --END-- [ RunTime:0.000090s ]
INFO: Run Behavior\ParseTemplateBehavior [ RunTime:0.005568s ]
INFO: [ view_parse ] --END-- [ RunTime:0.005604s ]
INFO: [ view_filter ] --START--
INFO: Run Behavior\WriteHtmlCacheBehavior [ RunTime:0.000158s ]
INFO: [ view_filter ] --END-- [ RunTime:0.000182s ]
INFO: [ app_end ] --START--
INFO: Run Behavior\ShowPageTraceBehavior [ RunTime:0.000360s ]
INFO: [ app_end ] --END-- [ RunTime:0.000387s ]

[ 2019-04-28T22:15:03+08:00 ] 120.244.114.142 /Admin/Category/add
INFO: [ app_init ] --START--
INFO: Run Behavior\BuildLiteBehavior [ RunTime:0.000018s ]
INFO: [ app_init ] --END-- [ RunTime:0.000298s ]
INFO: [ app_begin ] --START--
INFO: Run Behavior\ReadHtmlCacheBehavior [ RunTime:0.000381s ]
INFO: [ app_begin ] --END-- [ RunTime:0.000421s ]
SQL: SHOW COLUMNS FROM `lxp_category` [ RunTime:0.0016s ]
SQL: SELECT * FROM `lxp_category` ORDER BY sort  [ RunTime:0.0003s ]
INFO: [ view_parse ] --START--
INFO: [ template_filter ] --START--
INFO: Run Behavior\ContentReplaceBehavior [ RunTime:0.000044s ]
INFO: [ template_filter ] --END-- [ RunTime:0.000090s ]
NOTIC: [8] Undefined variable: cid /www/wwwroot/blog/Runtime/Cache/Admin/8a25fd7a872c6677dccd5d28490b6ff3.php 第 6 行.
NOTIC: [8] Undefined variable: cid /www/wwwroot/blog/Runtime/Cache/Admin/8a25fd7a872c6677dccd5d28490b6ff3.php 第 6 行.
NOTIC: [8] Undefined variable: cid /www/wwwroot/blog/Runtime/Cache/Admin/8a25fd7a872c6677dccd5d28490b6ff3.php 第 6 行.
NOTIC: [8] Undefined variable: cid /www/wwwroot/blog/Runtime/Cache/Admin/8a25fd7a872c6677dccd5d28490b6ff3.php 第 6 行.
NOTIC: [8] Undefined variable: cid /www/wwwroot/blog/Runtime/Cache/Admin/8a25fd7a872c6677dccd5d28490b6ff3.php 第 6 行.
NOTIC: [8] Undefined variable: cid /www/wwwroot/blog/Runtime/Cache/Admin/8a25fd7a872c6677dccd5d28490b6ff3.php 第 6 行.
NOTIC: [8] Undefined variable: cid /www/wwwroot/blog/Runtime/Cache/Admin/8a25fd7a872c6677dccd5d28490b6ff3.php 第 6 行.
INFO: Run Behavior\ParseTemplateBehavior [ RunTime:0.005703s ]
INFO: [ view_parse ] --END-- [ RunTime:0.005734s ]
INFO: [ view_filter ] --START--
INFO: Run Behavior\WriteHtmlCacheBehavior [ RunTime:0.000140s ]
INFO: [ view_filter ] --END-- [ RunTime:0.000166s ]
INFO: [ app_end ] --START--
INFO: Run Behavior\ShowPageTraceBehavior [ RunTime:0.000440s ]
INFO: [ app_end ] --END-- [ RunTime:0.000478s ]

