[ 2019-07-28T18:21:13+08:00 ] 223.72.95.216 /index.php/Admin/Index/index
INFO: [ app_init ] --START--
INFO: Run Behavior\BuildLiteBehavior [ RunTime:0.000057s ]
INFO: [ app_init ] --END-- [ RunTime:0.000476s ]
INFO: [ app_begin ] --START--
INFO: Run Behavior\ReadHtmlCacheBehavior [ RunTime:0.000589s ]
INFO: [ app_begin ] --END-- [ RunTime:0.000657s ]
SQL: SHOW COLUMNS FROM `lxp_oauth_user` [ RunTime:0.0039s ]
SQL: SELECT COUNT(*) AS tp_count FROM `lxp_oauth_user` WHERE `is_admin` = 1 LIMIT 1   [ RunTime:0.0013s ]

[ 2019-07-28T18:21:13+08:00 ] 223.72.95.216 /Admin/Login/login
INFO: [ app_init ] --START--
INFO: Run Behavior\BuildLiteBehavior [ RunTime:0.000035s ]
INFO: [ app_init ] --END-- [ RunTime:0.000569s ]
INFO: [ app_begin ] --START--
INFO: Run Behavior\ReadHtmlCacheBehavior [ RunTime:0.000675s ]
INFO: [ app_begin ] --END-- [ RunTime:0.000766s ]
SQL: SHOW COLUMNS FROM `lxp_category` [ RunTime:0.0018s ]
SQL: SELECT * FROM `lxp_category` ORDER BY sort  [ RunTime:0.0013s ]
SQL: SHOW COLUMNS FROM `lxp_tag` [ RunTime:0.0015s ]
SQL: SELECT * FROM `lxp_tag`  [ RunTime:0.0005s ]
SQL: SHOW COLUMNS FROM `lxp_article_tag` [ RunTime:0.0011s ]
SQL: SELECT COUNT(*) AS tp_count FROM `lxp_article_tag` WHERE `tid` = 21 LIMIT 1   [ RunTime:0.0008s ]
SQL: SELECT COUNT(*) AS tp_count FROM `lxp_article_tag` WHERE `tid` = 22 LIMIT 1   [ RunTime:0.0003s ]
SQL: SELECT COUNT(*) AS tp_count FROM `lxp_article_tag` WHERE `tid` = 23 LIMIT 1   [ RunTime:0.0002s ]
SQL: SELECT COUNT(*) AS tp_count FROM `lxp_article_tag` WHERE `tid` = 24 LIMIT 1   [ RunTime:0.0003s ]
SQL: SELECT COUNT(*) AS tp_count FROM `lxp_article_tag` WHERE `tid` = 25 LIMIT 1   [ RunTime:0.0002s ]
SQL: SELECT COUNT(*) AS tp_count FROM `lxp_article_tag` WHERE `tid` = 26 LIMIT 1   [ RunTime:0.0002s ]
SQL: SELECT COUNT(*) AS tp_count FROM `lxp_article_tag` WHERE `tid` = 27 LIMIT 1   [ RunTime:0.0002s ]
SQL: SHOW COLUMNS FROM `lxp_link` [ RunTime:0.0012s ]
SQL: SELECT * FROM `lxp_link` WHERE `is_delete` = 0 AND `is_show` = 1 ORDER BY sort  [ RunTime:0.0007s ]
SQL: SHOW COLUMNS FROM `lxp_oauth_user` [ RunTime:0.0010s ]
SQL: SELECT COUNT(*) AS tp_count FROM `lxp_oauth_user` WHERE `is_admin` = 1 LIMIT 1   [ RunTime:0.0004s ]
INFO: [ view_parse ] --START--
INFO: [ template_filter ] --START--
INFO: Run Behavior\ContentReplaceBehavior [ RunTime:0.000053s ]
INFO: [ template_filter ] --END-- [ RunTime:0.000133s ]
NOTIC: [8] Undefined index: ADMIN_PASSWORD /www/wwwroot/blog/Runtime/Cache/Admin/b891abcc3bb76636e2a96a245e9568d6.php 第 6 行.
INFO: Run Behavior\ParseTemplateBehavior [ RunTime:0.010160s ]
INFO: [ view_parse ] --END-- [ RunTime:0.010216s ]
INFO: [ view_filter ] --START--
INFO: Run Behavior\WriteHtmlCacheBehavior [ RunTime:0.000283s ]
INFO: [ view_filter ] --END-- [ RunTime:0.000320s ]
INFO: [ app_end ] --START--
INFO: Run Behavior\ShowPageTraceBehavior [ RunTime:0.001251s ]
INFO: [ app_end ] --END-- [ RunTime:0.001321s ]

[ 2019-07-28T18:21:13+08:00 ] 223.72.95.216 /Admin/Login/showVerify
INFO: [ app_init ] --START--
INFO: Run Behavior\BuildLiteBehavior [ RunTime:0.000042s ]
INFO: [ app_init ] --END-- [ RunTime:0.000381s ]
INFO: [ app_begin ] --START--
INFO: Run Behavior\ReadHtmlCacheBehavior [ RunTime:0.000620s ]
INFO: [ app_begin ] --END-- [ RunTime:0.000716s ]
SQL: SHOW COLUMNS FROM `lxp_category` [ RunTime:0.0016s ]
SQL: SELECT * FROM `lxp_category` ORDER BY sort  [ RunTime:0.0005s ]
SQL: SHOW COLUMNS FROM `lxp_tag` [ RunTime:0.0010s ]
SQL: SELECT * FROM `lxp_tag`  [ RunTime:0.0003s ]
SQL: SHOW COLUMNS FROM `lxp_article_tag` [ RunTime:0.0009s ]
SQL: SELECT COUNT(*) AS tp_count FROM `lxp_article_tag` WHERE `tid` = 21 LIMIT 1   [ RunTime:0.0003s ]
SQL: SELECT COUNT(*) AS tp_count FROM `lxp_article_tag` WHERE `tid` = 22 LIMIT 1   [ RunTime:0.0002s ]
SQL: SELECT COUNT(*) AS tp_count FROM `lxp_article_tag` WHERE `tid` = 23 LIMIT 1   [ RunTime:0.0002s ]
SQL: SELECT COUNT(*) AS tp_count FROM `lxp_article_tag` WHERE `tid` = 24 LIMIT 1   [ RunTime:0.0002s ]
SQL: SELECT COUNT(*) AS tp_count FROM `lxp_article_tag` WHERE `tid` = 25 LIMIT 1   [ RunTime:0.0003s ]
SQL: SELECT COUNT(*) AS tp_count FROM `lxp_article_tag` WHERE `tid` = 26 LIMIT 1   [ RunTime:0.0003s ]
SQL: SELECT COUNT(*) AS tp_count FROM `lxp_article_tag` WHERE `tid` = 27 LIMIT 1   [ RunTime:0.0003s ]
SQL: SHOW COLUMNS FROM `lxp_link` [ RunTime:0.0009s ]
SQL: SELECT * FROM `lxp_link` WHERE `is_delete` = 0 AND `is_show` = 1 ORDER BY sort  [ RunTime:0.0004s ]
INFO: [ app_end ] --START--
INFO: Run Behavior\ShowPageTraceBehavior [ RunTime:0.000718s ]
INFO: [ app_end ] --END-- [ RunTime:0.000799s ]

[ 2019-07-28T18:21:19+08:00 ] 223.72.95.216 /Admin/Login/login
INFO: [ app_init ] --START--
INFO: Run Behavior\BuildLiteBehavior [ RunTime:0.000019s ]
INFO: [ app_init ] --END-- [ RunTime:0.000435s ]
INFO: [ app_begin ] --START--
INFO: Run Behavior\ReadHtmlCacheBehavior [ RunTime:0.000411s ]
INFO: [ app_begin ] --END-- [ RunTime:0.000440s ]
SQL: SHOW COLUMNS FROM `lxp_category` [ RunTime:0.0029s ]
SQL: SELECT * FROM `lxp_category` ORDER BY sort  [ RunTime:0.0006s ]
SQL: SHOW COLUMNS FROM `lxp_tag` [ RunTime:0.0009s ]
SQL: SELECT * FROM `lxp_tag`  [ RunTime:0.0002s ]
SQL: SHOW COLUMNS FROM `lxp_article_tag` [ RunTime:0.0006s ]
SQL: SELECT COUNT(*) AS tp_count FROM `lxp_article_tag` WHERE `tid` = 21 LIMIT 1   [ RunTime:0.0005s ]
SQL: SELECT COUNT(*) AS tp_count FROM `lxp_article_tag` WHERE `tid` = 22 LIMIT 1   [ RunTime:0.0002s ]
SQL: SELECT COUNT(*) AS tp_count FROM `lxp_article_tag` WHERE `tid` = 23 LIMIT 1   [ RunTime:0.0002s ]
SQL: SELECT COUNT(*) AS tp_count FROM `lxp_article_tag` WHERE `tid` = 24 LIMIT 1   [ RunTime:0.0002s ]
SQL: SELECT COUNT(*) AS tp_count FROM `lxp_article_tag` WHERE `tid` = 25 LIMIT 1   [ RunTime:0.0002s ]
SQL: SELECT COUNT(*) AS tp_count FROM `lxp_article_tag` WHERE `tid` = 26 LIMIT 1   [ RunTime:0.0075s ]
SQL: SELECT COUNT(*) AS tp_count FROM `lxp_article_tag` WHERE `tid` = 27 LIMIT 1   [ RunTime:0.0004s ]
SQL: SHOW COLUMNS FROM `lxp_link` [ RunTime:0.0010s ]
SQL: SELECT * FROM `lxp_link` WHERE `is_delete` = 0 AND `is_show` = 1 ORDER BY sort  [ RunTime:0.0004s ]
SQL: SHOW COLUMNS FROM `lxp_oauth_user` [ RunTime:0.0011s ]
SQL: SELECT COUNT(*) AS tp_count FROM `lxp_oauth_user` WHERE `is_admin` = 1 LIMIT 1   [ RunTime:0.0003s ]
SQL: SHOW COLUMNS FROM `lxp_config` [ RunTime:0.0009s ]
SQL: SELECT `value` FROM `lxp_config` WHERE `name` = 'ADMIN_PASSWORD' LIMIT 1   [ RunTime:0.0004s ]
INFO: [ view_parse ] --START--
INFO: [ template_filter ] --START--
INFO: Run Behavior\ContentReplaceBehavior [ RunTime:0.000045s ]
INFO: [ template_filter ] --END-- [ RunTime:0.000098s ]
INFO: Run Behavior\ParseTemplateBehavior [ RunTime:0.007554s ]
INFO: [ view_parse ] --END-- [ RunTime:0.007602s ]
INFO: [ view_filter ] --START--
INFO: Run Behavior\WriteHtmlCacheBehavior [ RunTime:0.000320s ]
INFO: [ view_filter ] --END-- [ RunTime:0.000351s ]
INFO: [ app_end ] --START--
INFO: Run Behavior\ShowPageTraceBehavior [ RunTime:0.000569s ]
INFO: [ app_end ] --END-- [ RunTime:0.000597s ]

[ 2019-07-28T18:21:20+08:00 ] 223.72.95.216 /Admin/Index/index
INFO: [ app_init ] --START--
INFO: Run Behavior\BuildLiteBehavior [ RunTime:0.000035s ]
INFO: [ app_init ] --END-- [ RunTime:0.000389s ]
INFO: [ app_begin ] --START--
INFO: Run Behavior\ReadHtmlCacheBehavior [ RunTime:0.000548s ]
INFO: [ app_begin ] --END-- [ RunTime:0.000621s ]
INFO: [ view_parse ] --START--
INFO: [ template_filter ] --START--
INFO: Run Behavior\ContentReplaceBehavior [ RunTime:0.000139s ]
INFO: [ template_filter ] --END-- [ RunTime:0.000202s ]
INFO: Run Behavior\ParseTemplateBehavior [ RunTime:0.010628s ]
INFO: [ view_parse ] --END-- [ RunTime:0.010693s ]
INFO: [ view_filter ] --START--
INFO: Run Behavior\WriteHtmlCacheBehavior [ RunTime:0.000197s ]
INFO: [ view_filter ] --END-- [ RunTime:0.000225s ]
INFO: [ app_end ] --START--
INFO: Run Behavior\ShowPageTraceBehavior [ RunTime:0.000582s ]
INFO: [ app_end ] --END-- [ RunTime:0.000615s ]

[ 2019-07-28T18:21:21+08:00 ] 223.72.95.216 /Admin/Index/welcome
INFO: [ app_init ] --START--
INFO: Run Behavior\BuildLiteBehavior [ RunTime:0.000022s ]
INFO: [ app_init ] --END-- [ RunTime:0.000339s ]
INFO: [ app_begin ] --START--
INFO: Run Behavior\ReadHtmlCacheBehavior [ RunTime:0.000582s ]
INFO: [ app_begin ] --END-- [ RunTime:0.000641s ]
SQL: SHOW COLUMNS FROM `lxp_article` [ RunTime:0.0015s ]
SQL: SELECT COUNT(*) AS tp_count FROM `lxp_article` LIMIT 1   [ RunTime:0.0006s ]
SQL: SELECT COUNT(*) AS tp_count FROM `lxp_article` WHERE `is_delete` = 1 LIMIT 1   [ RunTime:0.0006s ]
SQL: SELECT COUNT(*) AS tp_count FROM `lxp_article` WHERE `is_show` = 0 LIMIT 1   [ RunTime:0.0010s ]
SQL: SHOW COLUMNS FROM `lxp_chat` [ RunTime:0.0016s ]
SQL: SELECT COUNT(*) AS tp_count FROM `lxp_chat` LIMIT 1   [ RunTime:0.0003s ]
SQL: SELECT COUNT(*) AS tp_count FROM `lxp_chat` WHERE `is_delete` = 1 LIMIT 1   [ RunTime:0.0003s ]
SQL: SELECT COUNT(*) AS tp_count FROM `lxp_chat` WHERE `is_show` = 0 LIMIT 1   [ RunTime:0.0002s ]
SQL: SHOW COLUMNS FROM `lxp_comment` [ RunTime:0.0009s ]
SQL: SELECT COUNT(*) AS tp_count FROM `lxp_comment` LIMIT 1   [ RunTime:0.0002s ]
INFO: [ view_parse ] --START--
INFO: [ template_filter ] --START--
INFO: Run Behavior\ContentReplaceBehavior [ RunTime:0.000050s ]
INFO: [ template_filter ] --END-- [ RunTime:0.000098s ]
INFO: Run Behavior\ParseTemplateBehavior [ RunTime:0.006130s ]
INFO: [ view_parse ] --END-- [ RunTime:0.006163s ]
INFO: [ view_filter ] --START--
INFO: Run Behavior\WriteHtmlCacheBehavior [ RunTime:0.000185s ]
INFO: [ view_filter ] --END-- [ RunTime:0.000253s ]
INFO: [ app_end ] --START--
INFO: Run Behavior\ShowPageTraceBehavior [ RunTime:0.000417s ]
INFO: [ app_end ] --END-- [ RunTime:0.000452s ]

[ 2019-07-28T18:21:25+08:00 ] 223.72.95.216 /Admin/Config/index
INFO: [ app_init ] --START--
INFO: Run Behavior\BuildLiteBehavior [ RunTime:0.000019s ]
INFO: [ app_init ] --END-- [ RunTime:0.000263s ]
INFO: [ app_begin ] --START--
INFO: Run Behavior\ReadHtmlCacheBehavior [ RunTime:0.000322s ]
INFO: [ app_begin ] --END-- [ RunTime:0.000368s ]
SQL: SHOW COLUMNS FROM `lxp_config` [ RunTime:0.0009s ]
SQL: SELECT `name`,`value` FROM `lxp_config`  [ RunTime:0.0004s ]
INFO: [ view_parse ] --START--
INFO: [ template_filter ] --START--
INFO: Run Behavior\ContentReplaceBehavior [ RunTime:0.000173s ]
INFO: [ template_filter ] --END-- [ RunTime:0.000214s ]
INFO: Run Behavior\ParseTemplateBehavior [ RunTime:0.010357s ]
INFO: [ view_parse ] --END-- [ RunTime:0.010412s ]
INFO: [ view_filter ] --START--
INFO: Run Behavior\WriteHtmlCacheBehavior [ RunTime:0.000210s ]
INFO: [ view_filter ] --END-- [ RunTime:0.000241s ]
INFO: [ app_end ] --START--
INFO: Run Behavior\ShowPageTraceBehavior [ RunTime:0.000529s ]
INFO: [ app_end ] --END-- [ RunTime:0.000588s ]

[ 2019-07-28T18:21:27+08:00 ] 223.72.95.216 /Admin/User/index
INFO: [ app_init ] --START--
INFO: Run Behavior\BuildLiteBehavior [ RunTime:0.000017s ]
INFO: [ app_init ] --END-- [ RunTime:0.000263s ]
INFO: [ app_begin ] --START--
INFO: Run Behavior\ReadHtmlCacheBehavior [ RunTime:0.000317s ]
INFO: [ app_begin ] --END-- [ RunTime:0.000361s ]
SQL: SHOW COLUMNS FROM `lxp_oauth_user` [ RunTime:0.0021s ]
SQL: SELECT COUNT(*) AS tp_count FROM `lxp_oauth_user` LIMIT 1   [ RunTime:0.0002s ]
SQL: SELECT * FROM `lxp_oauth_user` ORDER BY last_login_time desc LIMIT 0,20   [ RunTime:0.0003s ]
NOTIC: [2] Invalid argument supplied for foreach() /www/wwwroot/blog/Application/Common/Model/OauthUserModel.class.php 第 66 行.
INFO: [ view_parse ] --START--
INFO: [ template_filter ] --START--
INFO: Run Behavior\ContentReplaceBehavior [ RunTime:0.000041s ]
INFO: [ template_filter ] --END-- [ RunTime:0.000104s ]
INFO: Run Behavior\ParseTemplateBehavior [ RunTime:0.005307s ]
INFO: [ view_parse ] --END-- [ RunTime:0.005345s ]
INFO: [ view_filter ] --START--
INFO: Run Behavior\WriteHtmlCacheBehavior [ RunTime:0.000181s ]
INFO: [ view_filter ] --END-- [ RunTime:0.000207s ]
INFO: [ app_end ] --START--
INFO: Run Behavior\ShowPageTraceBehavior [ RunTime:0.000408s ]
INFO: [ app_end ] --END-- [ RunTime:0.000438s ]

[ 2019-07-28T18:21:29+08:00 ] 223.72.95.216 /Admin/Config/index
INFO: [ app_init ] --START--
INFO: Run Behavior\BuildLiteBehavior [ RunTime:0.000011s ]
INFO: [ app_init ] --END-- [ RunTime:0.000295s ]
INFO: [ app_begin ] --START--
INFO: Run Behavior\ReadHtmlCacheBehavior [ RunTime:0.000395s ]
INFO: [ app_begin ] --END-- [ RunTime:0.000424s ]
SQL: SHOW COLUMNS FROM `lxp_config` [ RunTime:0.0009s ]
SQL: SELECT `name`,`value` FROM `lxp_config`  [ RunTime:0.0005s ]
INFO: [ view_parse ] --START--
INFO: [ template_filter ] --START--
INFO: Run Behavior\ContentReplaceBehavior [ RunTime:0.000189s ]
INFO: [ template_filter ] --END-- [ RunTime:0.000251s ]
INFO: Run Behavior\ParseTemplateBehavior [ RunTime:0.010906s ]
INFO: [ view_parse ] --END-- [ RunTime:0.010992s ]
INFO: [ view_filter ] --START--
INFO: Run Behavior\WriteHtmlCacheBehavior [ RunTime:0.000145s ]
INFO: [ view_filter ] --END-- [ RunTime:0.000173s ]
INFO: [ app_end ] --START--
INFO: Run Behavior\ShowPageTraceBehavior [ RunTime:0.000555s ]
INFO: [ app_end ] --END-- [ RunTime:0.000611s ]

