[ 2019-04-20T10:39:35+08:00 ] 123.163.150.12 //admin/Admin_Ta.asp
INFO: [ app_init ] --START--
INFO: Run Behavior\BuildLiteBehavior [ RunTime:0.000018s ]
INFO: [ app_init ] --END-- [ RunTime:0.000297s ]
INFO: [ app_begin ] --START--
INFO: Run Behavior\ReadHtmlCacheBehavior [ RunTime:0.000318s ]
INFO: [ app_begin ] --END-- [ RunTime:0.000354s ]
ERR: 无法加载控制器:Admin_Ta

[ 2019-04-20T10:39:36+08:00 ] 123.163.150.12 //admin/error.asp
INFO: [ app_init ] --START--
INFO: Run Behavior\BuildLiteBehavior [ RunTime:0.000020s ]
INFO: [ app_init ] --END-- [ RunTime:0.000358s ]
INFO: [ app_begin ] --START--
INFO: Run Behavior\ReadHtmlCacheBehavior [ RunTime:0.000374s ]
INFO: [ app_begin ] --END-- [ RunTime:0.000435s ]
ERR: 无法加载控制器:Error

[ 2019-04-20T10:39:36+08:00 ] 123.163.150.12 //admin/images/Sql.asp
INFO: [ app_init ] --START--
INFO: Run Behavior\BuildLiteBehavior [ RunTime:0.000021s ]
INFO: [ app_init ] --END-- [ RunTime:0.000307s ]
INFO: [ app_begin ] --START--
INFO: Run Behavior\ReadHtmlCacheBehavior [ RunTime:0.000325s ]
INFO: [ app_begin ] --END-- [ RunTime:0.000360s ]
ERR: 无法加载控制器:Images

[ 2019-04-20T10:39:36+08:00 ] 123.163.150.12 //admin/sdfg.asp
INFO: [ app_init ] --START--
INFO: Run Behavior\BuildLiteBehavior [ RunTime:0.000016s ]
INFO: [ app_init ] --END-- [ RunTime:0.000402s ]
INFO: [ app_begin ] --START--
INFO: Run Behavior\ReadHtmlCacheBehavior [ RunTime:0.000377s ]
INFO: [ app_begin ] --END-- [ RunTime:0.000409s ]
ERR: 无法加载控制器:Sdfg

[ 2019-04-20T15:08:20+08:00 ] 223.223.195.134 /index.php/Admin/Index/index
INFO: [ app_init ] --START--
INFO: Run Behavior\BuildLiteBehavior [ RunTime:0.000025s ]
INFO: [ app_init ] --END-- [ RunTime:0.000379s ]
INFO: [ app_begin ] --START--
INFO: Run Behavior\ReadHtmlCacheBehavior [ RunTime:0.000377s ]
INFO: [ app_begin ] --END-- [ RunTime:0.000424s ]
INFO: [ view_parse ] --START--
INFO: [ template_filter ] --START--
INFO: Run Behavior\ContentReplaceBehavior [ RunTime:0.000084s ]
INFO: [ template_filter ] --END-- [ RunTime:0.000126s ]
INFO: Run Behavior\ParseTemplateBehavior [ RunTime:0.007746s ]
INFO: [ view_parse ] --END-- [ RunTime:0.007786s ]
INFO: [ view_filter ] --START--
INFO: Run Behavior\WriteHtmlCacheBehavior [ RunTime:0.000137s ]
INFO: [ view_filter ] --END-- [ RunTime:0.000169s ]
INFO: [ app_end ] --START--
INFO: Run Behavior\ShowPageTraceBehavior [ RunTime:0.000443s ]
INFO: [ app_end ] --END-- [ RunTime:0.000468s ]

[ 2019-04-20T15:08:21+08:00 ] 223.223.195.134 /Admin/Index/welcome
INFO: [ app_init ] --START--
INFO: Run Behavior\BuildLiteBehavior [ RunTime:0.000032s ]
INFO: [ app_init ] --END-- [ RunTime:0.000369s ]
INFO: [ app_begin ] --START--
INFO: Run Behavior\ReadHtmlCacheBehavior [ RunTime:0.000430s ]
INFO: [ app_begin ] --END-- [ RunTime:0.000460s ]
SQL: SHOW COLUMNS FROM `lxp_article` [ RunTime:0.0039s ]
SQL: SELECT COUNT(*) AS tp_count FROM `lxp_article` LIMIT 1   [ RunTime:0.0008s ]
SQL: SELECT COUNT(*) AS tp_count FROM `lxp_article` WHERE `is_delete` = 1 LIMIT 1   [ RunTime:0.0005s ]
SQL: SELECT COUNT(*) AS tp_count FROM `lxp_article` WHERE `is_show` = 0 LIMIT 1   [ RunTime:0.0003s ]
SQL: SHOW COLUMNS FROM `lxp_chat` [ RunTime:0.0009s ]
SQL: SELECT COUNT(*) AS tp_count FROM `lxp_chat` LIMIT 1   [ RunTime:0.0002s ]
SQL: SELECT COUNT(*) AS tp_count FROM `lxp_chat` WHERE `is_delete` = 1 LIMIT 1   [ RunTime:0.0002s ]
SQL: SELECT COUNT(*) AS tp_count FROM `lxp_chat` WHERE `is_show` = 0 LIMIT 1   [ RunTime:0.0002s ]
SQL: SHOW COLUMNS FROM `lxp_comment` [ RunTime:0.0006s ]
SQL: SELECT COUNT(*) AS tp_count FROM `lxp_comment` LIMIT 1   [ RunTime:0.0003s ]
INFO: [ view_parse ] --START--
INFO: [ template_filter ] --START--
INFO: Run Behavior\ContentReplaceBehavior [ RunTime:0.000053s ]
INFO: [ template_filter ] --END-- [ RunTime:0.000114s ]
INFO: Run Behavior\ParseTemplateBehavior [ RunTime:0.007258s ]
INFO: [ view_parse ] --END-- [ RunTime:0.007290s ]
INFO: [ view_filter ] --START--
INFO: Run Behavior\WriteHtmlCacheBehavior [ RunTime:0.000187s ]
INFO: [ view_filter ] --END-- [ RunTime:0.000210s ]
INFO: [ app_end ] --START--
INFO: Run Behavior\ShowPageTraceBehavior [ RunTime:0.000603s ]
INFO: [ app_end ] --END-- [ RunTime:0.000629s ]

[ 2019-04-20T15:08:22+08:00 ] 223.223.195.134 /Admin/Article/add
INFO: [ app_init ] --START--
INFO: Run Behavior\BuildLiteBehavior [ RunTime:0.000026s ]
INFO: [ app_init ] --END-- [ RunTime:0.000379s ]
INFO: [ app_begin ] --START--
INFO: Run Behavior\ReadHtmlCacheBehavior [ RunTime:0.000519s ]
INFO: [ app_begin ] --END-- [ RunTime:0.000549s ]
SQL: SHOW COLUMNS FROM `lxp_article` [ RunTime:0.0015s ]
SQL: SHOW COLUMNS FROM `lxp_category` [ RunTime:0.0008s ]
SQL: SELECT * FROM `lxp_category` ORDER BY sort  [ RunTime:0.0005s ]
SQL: SHOW COLUMNS FROM `lxp_tag` [ RunTime:0.0014s ]
SQL: SELECT * FROM `lxp_tag`  [ RunTime:0.0003s ]
SQL: SHOW COLUMNS FROM `lxp_article_tag` [ RunTime:0.0007s ]
SQL: SELECT COUNT(*) AS tp_count FROM `lxp_article_tag` WHERE `tid` = 21 LIMIT 1   [ RunTime:0.0003s ]
SQL: SELECT COUNT(*) AS tp_count FROM `lxp_article_tag` WHERE `tid` = 22 LIMIT 1   [ RunTime:0.0003s ]
SQL: SELECT COUNT(*) AS tp_count FROM `lxp_article_tag` WHERE `tid` = 23 LIMIT 1   [ RunTime:0.0002s ]
SQL: SELECT COUNT(*) AS tp_count FROM `lxp_article_tag` WHERE `tid` = 24 LIMIT 1   [ RunTime:0.0002s ]
SQL: SELECT COUNT(*) AS tp_count FROM `lxp_article_tag` WHERE `tid` = 25 LIMIT 1   [ RunTime:0.0003s ]
SQL: SELECT COUNT(*) AS tp_count FROM `lxp_article_tag` WHERE `tid` = 26 LIMIT 1   [ RunTime:0.0002s ]
SQL: SELECT COUNT(*) AS tp_count FROM `lxp_article_tag` WHERE `tid` = 27 LIMIT 1   [ RunTime:0.0002s ]
INFO: [ view_parse ] --START--
INFO: [ template_filter ] --START--
INFO: Run Behavior\ContentReplaceBehavior [ RunTime:0.000065s ]
INFO: [ template_filter ] --END-- [ RunTime:0.000140s ]
INFO: Run Behavior\ParseTemplateBehavior [ RunTime:0.007115s ]
INFO: [ view_parse ] --END-- [ RunTime:0.007144s ]
INFO: [ view_filter ] --START--
INFO: Run Behavior\WriteHtmlCacheBehavior [ RunTime:0.000196s ]
INFO: [ view_filter ] --END-- [ RunTime:0.000220s ]
INFO: [ app_end ] --START--
INFO: Run Behavior\ShowPageTraceBehavior [ RunTime:0.000563s ]
INFO: [ app_end ] --END-- [ RunTime:0.000603s ]

[ 2019-04-20T15:41:01+08:00 ] 223.223.195.134 /Admin/Article/add
INFO: [ app_init ] --START--
INFO: Run Behavior\BuildLiteBehavior [ RunTime:0.000018s ]
INFO: [ app_init ] --END-- [ RunTime:0.000383s ]
INFO: [ app_begin ] --START--
INFO: Run Behavior\ReadHtmlCacheBehavior [ RunTime:0.000340s ]
INFO: [ app_begin ] --END-- [ RunTime:0.000385s ]
SQL: SHOW COLUMNS FROM `lxp_article` [ RunTime:0.0037s ]
SQL: INSERT INTO `lxp_article` (`cid`,`title`,`author`,`keywords`,`description`,`is_original`,`is_top`,`is_show`,`content`,`click`,`is_delete`,`addtime`) VALUES ('31','Linux SSH免密登录','鹿晓鹏','Linux,SSH,ssh,免密登录','Linux SSH免密登录','1','0','1','&lt;h6 id=&quot;实现免密登录的原理是你本机生成一个密钥密钥分公钥和私钥将公钥上传到服务器然后进行相关配置就可以实现免密登录具体实现-代码如下&quot; data-source-line=&quot;1&quot; style=&quot;box-sizing: border-box; margin-top: 24px; margin-bottom: 16px; font-size: 1em; line-height: 1.25; color: rgb(106, 115, 125); font-family: -apple-system, BlinkMacSystemFont, 微软雅黑, &amp;quot;PingFang SC&amp;quot;, Helvetica, Arial, &amp;quot;Hiragino Sans GB&amp;quot;, &amp;quot;Microsoft YaHei&amp;quot;, SimSun, 宋体, Heiti, 黑体, sans-serif; white-space: normal; text-size-adjust: auto;&quot;&gt;实现免密登录的原理是你本机生成一个密钥，密钥分公钥和私钥，将公钥上传到服务器，然后进行相关配置就可以实现免密登录，具体实现 代码如下：&lt;/h6&gt;&lt;h4 id=&quot;1-生成密钥&quot; data-source-line=&quot;3&quot; style=&quot;box-sizing: border-box; margin-top: 24px; margin-bottom: 16px; font-size: 1.25em; line-height: 1.25; caret-color: rgb(36, 41, 46); color: rgb(36, 41, 46); font-family: -apple-system, BlinkMacSystemFont, 微软雅黑, &amp;quot;PingFang SC&amp;quot;, Helvetica, Arial, &amp;quot;Hiragino Sans GB&amp;quot;, &amp;quot;Microsoft YaHei&amp;quot;, SimSun, 宋体, Heiti, 黑体, sans-serif; white-space: normal; text-size-adjust: auto;&quot;&gt;&lt;a class=&quot;markdownIt-Anchor&quot; href=&quot;#1-生成密钥&quot; style=&quot;box-sizing: border-box; color: rgb(3, 102, 214); text-decoration-line: none;&quot;&gt;&lt;/a&gt;1、生成密钥&lt;/h4&gt;&lt;p data-source-line=&quot;4&quot; style=&quot;box-sizing: border-box; margin-top: 0px; margin-bottom: 16px; caret-color: rgb(36, 41, 46); color: rgb(36, 41, 46); font-family: -apple-system, BlinkMacSystemFont, 微软雅黑, &amp;quot;PingFang SC&amp;quot;, Helvetica, Arial, &amp;quot;Hiragino Sans GB&amp;quot;, &amp;quot;Microsoft YaHei&amp;quot;, SimSun, 宋体, Heiti, 黑体, sans-serif; font-size: 14px; white-space: normal; text-size-adjust: auto;&quot;&gt;&lt;code style=&quot;box-sizing: border-box; font-family: SFMono-Regular, Consolas, &amp;quot;Liberation Mono&amp;quot;, Menlo, Courier, monospace; font-size: 11.899999618530273px; padding: 0.2em 0.4em; margin: 0px; background-color: rgba(27, 31, 35, 0.0470588); border-top-left-radius: 3px; border-top-right-radius: 3px; border-bottom-right-radius: 3px; border-bottom-left-radius: 3px;&quot;&gt;ssh-keygen -t rsa&lt;/code&gt;&lt;/p&gt;&lt;p data-source-line=&quot;6&quot; style=&quot;box-sizing: border-box; margin-top: 0px; margin-bottom: 16px; caret-color: rgb(36, 41, 46); color: rgb(36, 41, 46); font-family: -apple-system, BlinkMacSystemFont, 微软雅黑, &amp;quot;PingFang SC&amp;quot;, Helvetica, Arial, &amp;quot;Hiragino Sans GB&amp;quot;, &amp;quot;Microsoft YaHei&amp;quot;, SimSun, 宋体, Heiti, 黑体, sans-serif; font-size: 14px; white-space: normal; text-size-adjust: auto;&quot;&gt;一直回车就可以，等待执行完毕以后进入以下目录进行查看：&lt;/p&gt;&lt;p data-source-line=&quot;8&quot; style=&quot;box-sizing: border-box; margin-top: 0px; margin-bottom: 16px; caret-color: rgb(36, 41, 46); color: rgb(36, 41, 46); font-family: -apple-system, BlinkMacSystemFont, 微软雅黑, &amp;quot;PingFang SC&amp;quot;, Helvetica, Arial, &amp;quot;Hiragino Sans GB&amp;quot;, &amp;quot;Microsoft YaHei&amp;quot;, SimSun, 宋体, Heiti, 黑体, sans-serif; font-size: 14px; white-space: normal; text-size-adjust: auto;&quot;&gt;&lt;code style=&quot;box-sizing: border-box; font-family: SFMono-Regular, Consolas, &amp;quot;Liberation Mono&amp;quot;, Menlo, Courier, monospace; font-size: 11.899999618530273px; padding: 0.2em 0.4em; margin: 0px; background-color: rgba(27, 31, 35, 0.0470588); border-top-left-radius: 3px; border-top-right-radius: 3px; border-bottom-right-radius: 3px; border-bottom-left-radius: 3px;&quot;&gt;ls ~/.ssh&lt;/code&gt;&lt;/p&gt;&lt;p data-source-line=&quot;10&quot; style=&quot;box-sizing: border-box; margin-top: 0px; margin-bottom: 16px; caret-color: rgb(36, 41, 46); color: rgb(36, 41, 46); font-family: -apple-system, BlinkMacSystemFont, 微软雅黑, &amp;quot;PingFang SC&amp;quot;, Helvetica, Arial, &amp;quot;Hiragino Sans GB&amp;quot;, &amp;quot;Microsoft YaHei&amp;quot;, SimSun, 宋体, Heiti, 黑体, sans-serif; font-size: 14px; white-space: normal; text-size-adjust: auto;&quot;&gt;执行上面命令以后可以看到目录下会包含id_rsa和id_rsa.pub这两个文件&lt;/p&gt;&lt;h4 id=&quot;2-上传密钥&quot; data-source-line=&quot;11&quot; style=&quot;box-sizing: border-box; margin-top: 24px; margin-bottom: 16px; font-size: 1.25em; line-height: 1.25; caret-color: rgb(36, 41, 46); color: rgb(36, 41, 46); font-family: -apple-system, BlinkMacSystemFont, 微软雅黑, &amp;quot;PingFang SC&amp;quot;, Helvetica, Arial, &amp;quot;Hiragino Sans GB&amp;quot;, &amp;quot;Microsoft YaHei&amp;quot;, SimSun, 宋体, Heiti, 黑体, sans-serif; white-space: normal; text-size-adjust: auto;&quot;&gt;&lt;a class=&quot;markdownIt-Anchor&quot; href=&quot;#2-上传密钥&quot; style=&quot;box-sizing: border-box; color: rgb(3, 102, 214); text-decoration-line: none;&quot;&gt;&lt;/a&gt;2、上传密钥&lt;/h4&gt;&lt;p data-source-line=&quot;12&quot; style=&quot;box-sizing: border-box; margin-top: 0px; margin-bottom: 16px; caret-color: rgb(36, 41, 46); color: rgb(36, 41, 46); font-family: -apple-system, BlinkMacSystemFont, 微软雅黑, &amp;quot;PingFang SC&amp;quot;, Helvetica, Arial, &amp;quot;Hiragino Sans GB&amp;quot;, &amp;quot;Microsoft YaHei&amp;quot;, SimSun, 宋体, Heiti, 黑体, sans-serif; font-size: 14px; white-space: normal; text-size-adjust: auto;&quot;&gt;将生成的密钥上传到服务器上，可使用scp命令：&lt;/p&gt;&lt;p data-source-line=&quot;14&quot; style=&quot;box-sizing: border-box; margin-top: 0px; margin-bottom: 16px; caret-color: rgb(36, 41, 46); color: rgb(36, 41, 46); font-family: -apple-system, BlinkMacSystemFont, 微软雅黑, &amp;quot;PingFang SC&amp;quot;, Helvetica, Arial, &amp;quot;Hiragino Sans GB&amp;quot;, &amp;quot;Microsoft YaHei&amp;quot;, SimSun, 宋体, Heiti, 黑体, sans-serif; font-size: 14px; white-space: normal; text-size-adjust: auto;&quot;&gt;&lt;code style=&quot;box-sizing: border-box; font-family: SFMono-Regular, Consolas, &amp;quot;Liberation Mono&amp;quot;, Menlo, Courier, monospace; font-size: 11.899999618530273px; padding: 0.2em 0.4em; margin: 0px; background-color: rgba(27, 31, 35, 0.0470588); border-top-left-radius: 3px; border-top-right-radius: 3px; border-bottom-right-radius: 3px; border-bottom-left-radius: 3px;&quot;&gt;scp ~/.ssh/id_rsa.pub 用户名@服务器IP:/tmp/id_rsa.pub&lt;/code&gt;&lt;/p&gt;&lt;h4 id=&quot;3-将密码写入authorized_keys&quot; data-source-line=&quot;16&quot; style=&quot;box-sizing: border-box; margin-top: 24px; margin-bottom: 16px; font-size: 1.25em; line-height: 1.25; caret-color: rgb(36, 41, 46); color: rgb(36, 41, 46); font-family: -apple-system, BlinkMacSystemFont, 微软雅黑, &amp;quot;PingFang SC&amp;quot;, Helvetica, Arial, &amp;quot;Hiragino Sans GB&amp;quot;, &amp;quot;Microsoft YaHei&amp;quot;, SimSun, 宋体, Heiti, 黑体, sans-serif; white-space: normal; text-size-adjust: auto;&quot;&gt;&lt;a class=&quot;markdownIt-Anchor&quot; href=&quot;#3-将密码写入authorized_keys&quot; style=&quot;box-sizing: border-box; color: rgb(3, 102, 214); text-decoration-line: none;&quot;&gt;&lt;/a&gt;3、将密码写入authorized_keys&lt;/h4&gt;&lt;p data-source-line=&quot;17&quot; style=&quot;box-sizing: border-box; margin-top: 0px; margin-bottom: 16px; caret-color: rgb(36, 41, 46); color: rgb(36, 41, 46); font-family: -apple-system, BlinkMacSystemFont, 微软雅黑, &amp;quot;PingFang SC&amp;quot;, Helvetica, Arial, &amp;quot;Hiragino Sans GB&amp;quot;, &amp;quot;Microsoft YaHei&amp;quot;, SimSun, 宋体, Heiti, 黑体, sans-serif; font-size: 14px; white-space: normal; text-size-adjust: auto;&quot;&gt;首先需要登录到服务器 然后执行&lt;/p&gt;&lt;p data-source-line=&quot;20&quot; style=&quot;box-sizing: border-box; margin-top: 0px; margin-bottom: 16px; caret-color: rgb(36, 41, 46); color: rgb(36, 41, 46); font-family: -apple-system, BlinkMacSystemFont, 微软雅黑, &amp;quot;PingFang SC&amp;quot;, Helvetica, Arial, &amp;quot;Hiragino Sans GB&amp;quot;, &amp;quot;Microsoft YaHei&amp;quot;, SimSun, 宋体, Heiti, 黑体, sans-serif; font-size: 14px; white-space: normal; text-size-adjust: auto;&quot;&gt;&lt;code style=&quot;box-sizing: border-box; font-family: SFMono-Regular, Consolas, &amp;quot;Liberation Mono&amp;quot;, Menlo, Courier, monospace; font-size: 11.899999618530273px; padding: 0.2em 0.4em; margin: 0px; background-color: rgba(27, 31, 35, 0.0470588); border-top-left-radius: 3px; border-top-right-radius: 3px; border-bottom-right-radius: 3px; border-bottom-left-radius: 3px;&quot;&gt;cd /tmp&lt;/code&gt;&lt;/p&gt;&lt;p data-source-line=&quot;22&quot; style=&quot;box-sizing: border-box; margin-top: 0px; margin-bottom: 16px; caret-color: rgb(36, 41, 46); color: rgb(36, 41, 46); font-family: -apple-system, BlinkMacSystemFont, 微软雅黑, &amp;quot;PingFang SC&amp;quot;, Helvetica, Arial, &amp;quot;Hiragino Sans GB&amp;quot;, &amp;quot;Microsoft YaHei&amp;quot;, SimSun, 宋体, Heiti, 黑体, sans-serif; font-size: 14px; white-space: normal; text-size-adjust: auto;&quot;&gt;然后将密钥写入authorized_keys&lt;/p&gt;&lt;p data-source-line=&quot;24&quot; style=&quot;box-sizing: border-box; margin-top: 0px; margin-bottom: 16px; caret-color: rgb(36, 41, 46); color: rgb(36, 41, 46); font-family: -apple-system, BlinkMacSystemFont, 微软雅黑, &amp;quot;PingFang SC&amp;quot;, Helvetica, Arial, &amp;quot;Hiragino Sans GB&amp;quot;, &amp;quot;Microsoft YaHei&amp;quot;, SimSun, 宋体, Heiti, 黑体, sans-serif; font-size: 14px; white-space: normal; text-size-adjust: auto;&quot;&gt;&lt;code style=&quot;box-sizing: border-box; font-family: SFMono-Regular, Consolas, &amp;quot;Liberation Mono&amp;quot;, Menlo, Courier, monospace; font-size: 11.899999618530273px; padding: 0.2em 0.4em; margin: 0px; background-color: rgba(27, 31, 35, 0.0470588); border-top-left-radius: 3px; border-top-right-radius: 3px; border-bottom-right-radius: 3px; border-bottom-left-radius: 3px;&quot;&gt;cat -n /tmp/id_rsa.pub &amp;gt;&amp;gt; .ssh/authorized_keys&lt;/code&gt;&lt;/p&gt;&lt;h4 id=&quot;4-修改配置文件sshd_config&quot; data-source-line=&quot;26&quot; style=&quot;box-sizing: border-box; margin-top: 24px; margin-bottom: 16px; font-size: 1.25em; line-height: 1.25; caret-color: rgb(36, 41, 46); color: rgb(36, 41, 46); font-family: -apple-system, BlinkMacSystemFont, 微软雅黑, &amp;quot;PingFang SC&amp;quot;, Helvetica, Arial, &amp;quot;Hiragino Sans GB&amp;quot;, &amp;quot;Microsoft YaHei&amp;quot;, SimSun, 宋体, Heiti, 黑体, sans-serif; white-space: normal; text-size-adjust: auto;&quot;&gt;&lt;a class=&quot;markdownIt-Anchor&quot; href=&quot;#4-修改配置文件sshd_config&quot; style=&quot;box-sizing: border-box; color: rgb(3, 102, 214); text-decoration-line: none;&quot;&gt;&lt;/a&gt;4、修改配置文件sshd_config&lt;/h4&gt;&lt;p data-source-line=&quot;27&quot; style=&quot;box-sizing: border-box; margin-top: 0px; margin-bottom: 16px; caret-color: rgb(36, 41, 46); color: rgb(36, 41, 46); font-family: -apple-system, BlinkMacSystemFont, 微软雅黑, &amp;quot;PingFang SC&amp;quot;, Helvetica, Arial, &amp;quot;Hiragino Sans GB&amp;quot;, &amp;quot;Microsoft YaHei&amp;quot;, SimSun, 宋体, Heiti, 黑体, sans-serif; font-size: 14px; white-space: normal; text-size-adjust: auto;&quot;&gt;首先进入配置文件目录&lt;/p&gt;&lt;p data-source-line=&quot;29&quot; style=&quot;box-sizing: border-box; margin-top: 0px; margin-bottom: 16px; caret-color: rgb(36, 41, 46); color: rgb(36, 41, 46); font-family: -apple-system, BlinkMacSystemFont, 微软雅黑, &amp;quot;PingFang SC&amp;quot;, Helvetica, Arial, &amp;quot;Hiragino Sans GB&amp;quot;, &amp;quot;Microsoft YaHei&amp;quot;, SimSun, 宋体, Heiti, 黑体, sans-serif; font-size: 14px; white-space: normal; text-size-adjust: auto;&quot;&gt;&lt;code style=&quot;box-sizing: border-box; font-family: SFMono-Regular, Consolas, &amp;quot;Liberation Mono&amp;quot;, Menlo, Courier, monospace; font-size: 11.899999618530273px; padding: 0.2em 0.4em; margin: 0px; background-color: rgba(27, 31, 35, 0.0470588); border-top-left-radius: 3px; border-top-right-radius: 3px; border-bottom-right-radius: 3px; border-bottom-left-radius: 3px;&quot;&gt;cd /etc/ssh/&lt;/code&gt;&lt;/p&gt;&lt;p data-source-line=&quot;31&quot; style=&quot;box-sizing: border-box; margin-top: 0px; margin-bottom: 16px; caret-color: rgb(36, 41, 46); color: rgb(36, 41, 46); font-family: -apple-system, BlinkMacSystemFont, 微软雅黑, &amp;quot;PingFang SC&amp;quot;, Helvetica, Arial, &amp;quot;Hiragino Sans GB&amp;quot;, &amp;quot;Microsoft YaHei&amp;quot;, SimSun, 宋体, Heiti, 黑体, sans-serif; font-size: 14px; white-space: normal; text-size-adjust: auto;&quot;&gt;然后打开配置文件&lt;/p&gt;&lt;p data-source-line=&quot;33&quot; style=&quot;box-sizing: border-box; margin-top: 0px; margin-bottom: 16px; caret-color: rgb(36, 41, 46); color: rgb(36, 41, 46); font-family: -apple-system, BlinkMacSystemFont, 微软雅黑, &amp;quot;PingFang SC&amp;quot;, Helvetica, Arial, &amp;quot;Hiragino Sans GB&amp;quot;, &amp;quot;Microsoft YaHei&amp;quot;, SimSun, 宋体, Heiti, 黑体, sans-serif; font-size: 14px; white-space: normal; text-size-adjust: auto;&quot;&gt;&lt;code style=&quot;box-sizing: border-box; font-family: SFMono-Regular, Consolas, &amp;quot;Liberation Mono&amp;quot;, Menlo, Courier, monospace; font-size: 11.899999618530273px; padding: 0.2em 0.4em; margin: 0px; background-color: rgba(27, 31, 35, 0.0470588); border-top-left-radius: 3px; border-top-right-radius: 3px; border-bottom-right-radius: 3px; border-bottom-left-radius: 3px;&quot;&gt;vim sshd_config&lt;/code&gt;&lt;/p&gt;&lt;p data-source-line=&quot;35&quot; style=&quot;box-sizing: border-box; margin-top: 0px; margin-bottom: 16px; caret-color: rgb(36, 41, 46); color: rgb(36, 41, 46); font-family: -apple-system, BlinkMacSystemFont, 微软雅黑, &amp;quot;PingFang SC&amp;quot;, Helvetica, Arial, &amp;quot;Hiragino Sans GB&amp;quot;, &amp;quot;Microsoft YaHei&amp;quot;, SimSun, 宋体, Heiti, 黑体, sans-serif; font-size: 14px; white-space: normal; text-size-adjust: auto;&quot;&gt;配置使用ssh&lt;/p&gt;&lt;pre data-source-line=&quot;37&quot; style=&quot;box-sizing: border-box; font-family: SFMono-Regular, Consolas, &amp;quot;Liberation Mono&amp;quot;, Menlo, Courier, monospace; font-size: 11.9px; margin-top: 0px; margin-bottom: 16px; overflow-wrap: normal; padding: 16px; overflow: auto; line-height: 1.45; background-color: rgb(246, 248, 250); border-radius: 3px; caret-color: rgb(36, 41, 46); color: rgb(36, 41, 46); text-size-adjust: auto;&quot;&gt;RSAAuthentication&amp;nbsp;yesPubkeyAuthentication&amp;nbsp;yesAuthorizedKeysFile&amp;nbsp;.ssh/authorized_keys&lt;/pre&gt;&lt;p data-source-line=&quot;42&quot; style=&quot;box-sizing: border-box; margin-top: 0px; margin-bottom: 16px; caret-color: rgb(36, 41, 46); color: rgb(36, 41, 46); font-family: -apple-system, BlinkMacSystemFont, 微软雅黑, &amp;quot;PingFang SC&amp;quot;, Helvetica, Arial, &amp;quot;Hiragino Sans GB&amp;quot;, &amp;quot;Microsoft YaHei&amp;quot;, SimSun, 宋体, Heiti, 黑体, sans-serif; font-size: 14px; white-space: normal; text-size-adjust: auto;&quot;&gt;去掉上面这三行的注释&lt;/p&gt;&lt;p data-source-line=&quot;44&quot; style=&quot;box-sizing: border-box; margin-top: 0px; margin-bottom: 16px; caret-color: rgb(36, 41, 46); color: rgb(36, 41, 46); font-family: -apple-system, BlinkMacSystemFont, 微软雅黑, &amp;quot;PingFang SC&amp;quot;, Helvetica, Arial, &amp;quot;Hiragino Sans GB&amp;quot;, &amp;quot;Microsoft YaHei&amp;quot;, SimSun, 宋体, Heiti, 黑体, sans-serif; font-size: 14px; white-space: normal; text-size-adjust: auto;&quot;&gt;修改不使用密码登录&lt;/p&gt;&lt;p data-source-line=&quot;46&quot; style=&quot;box-sizing: border-box; margin-top: 0px; margin-bottom: 16px; caret-color: rgb(36, 41, 46); color: rgb(36, 41, 46); font-family: -apple-system, BlinkMacSystemFont, 微软雅黑, &amp;quot;PingFang SC&amp;quot;, Helvetica, Arial, &amp;quot;Hiragino Sans GB&amp;quot;, &amp;quot;Microsoft YaHei&amp;quot;, SimSun, 宋体, Heiti, 黑体, sans-serif; font-size: 14px; white-space: normal; text-size-adjust: auto;&quot;&gt;&lt;code style=&quot;box-sizing: border-box; font-family: SFMono-Regular, Consolas, &amp;quot;Liberation Mono&amp;quot;, Menlo, Courier, monospace; font-size: 11.899999618530273px; padding: 0.2em 0.4em; margin: 0px; background-color: rgba(27, 31, 35, 0.0470588); border-top-left-radius: 3px; border-top-right-radius: 3px; border-bottom-right-radius: 3px; border-bottom-left-radius: 3px;&quot;&gt;PasswordAuthentication no&lt;/code&gt;&lt;/p&gt;&lt;p data-source-line=&quot;48&quot; style=&quot;box-sizing: border-box; margin-top: 0px; margin-bottom: 16px; caret-color: rgb(36, 41, 46); color: rgb(36, 41, 46); font-family: -apple-system, BlinkMacSystemFont, 微软雅黑, &amp;quot;PingFang SC&amp;quot;, Helvetica, Arial, &amp;quot;Hiragino Sans GB&amp;quot;, &amp;quot;Microsoft YaHei&amp;quot;, SimSun, 宋体, Heiti, 黑体, sans-serif; font-size: 14px; white-space: normal; text-size-adjust: auto;&quot;&gt;保存退出；&lt;/p&gt;&lt;p data-source-line=&quot;50&quot; style=&quot;box-sizing: border-box; margin-top: 0px; margin-bottom: 16px; caret-color: rgb(36, 41, 46); color: rgb(36, 41, 46); font-family: -apple-system, BlinkMacSystemFont, 微软雅黑, &amp;quot;PingFang SC&amp;quot;, Helvetica, Arial, &amp;quot;Hiragino Sans GB&amp;quot;, &amp;quot;Microsoft YaHei&amp;quot;, SimSun, 宋体, Heiti, 黑体, sans-serif; font-size: 14px; white-space: normal; text-size-adjust: auto;&quot;&gt;重启SSH服务：&lt;/p&gt;&lt;p data-source-line=&quot;52&quot; style=&quot;box-sizing: border-box; margin-top: 0px; margin-bottom: 16px; caret-color: rgb(36, 41, 46); color: rgb(36, 41, 46); font-family: -apple-system, BlinkMacSystemFont, 微软雅黑, &amp;quot;PingFang SC&amp;quot;, Helvetica, Arial, &amp;quot;Hiragino Sans GB&amp;quot;, &amp;quot;Microsoft YaHei&amp;quot;, SimSun, 宋体, Heiti, 黑体, sans-serif; font-size: 14px; white-space: normal; text-size-adjust: auto;&quot;&gt;&lt;code style=&quot;box-sizing: border-box; font-family: SFMono-Regular, Consolas, &amp;quot;Liberation Mono&amp;quot;, Menlo, Courier, monospace; font-size: 11.899999618530273px; padding: 0.2em 0.4em; margin: 0px; background-color: rgba(27, 31, 35, 0.0470588); border-top-left-radius: 3px; border-top-right-radius: 3px; border-bottom-right-radius: 3px; border-bottom-left-radius: 3px;&quot;&gt;service sshd restart&lt;/code&gt;&lt;/p&gt;&lt;p data-source-line=&quot;54&quot; style=&quot;box-sizing: border-box; margin-top: 0px; margin-bottom: 16px; caret-color: rgb(36, 41, 46); color: rgb(36, 41, 46); font-family: -apple-system, BlinkMacSystemFont, 微软雅黑, &amp;quot;PingFang SC&amp;quot;, Helvetica, Arial, &amp;quot;Hiragino Sans GB&amp;quot;, &amp;quot;Microsoft YaHei&amp;quot;, SimSun, 宋体, Heiti, 黑体, sans-serif; font-size: 14px; white-space: normal; text-size-adjust: auto;&quot;&gt;不要关闭当前窗口，新建窗口进行测试是否可免密登录，如果不行继续回来调试&lt;/p&gt;&lt;p&gt;&lt;br/&gt;&lt;/p&gt;','0','0','1555746060') [ RunTime:0.0227s ]
SQL: SHOW COLUMNS FROM `lxp_article_tag` [ RunTime:0.0024s ]
SQL: INSERT INTO `lxp_article_tag` (`aid`,`tid`) VALUES ('58','23') [ RunTime:0.0106s ]
SQL: SHOW COLUMNS FROM `lxp_article_pic` [ RunTime:0.0025s ]
SQL: INSERT INTO `lxp_article_pic` (`aid`,`path`) VALUES ('58','/Upload/image/ueditor/gongju.jpeg') [ RunTime:0.0044s ]
SQL: SHOW COLUMNS FROM `lxp_article` [ RunTime:0.0014s ]
SQL: SELECT `aid`,`addtime` FROM `lxp_article` WHERE `is_show` = 1 AND `is_delete` = 0 ORDER BY aid desc  [ RunTime:0.0008s ]
INFO: [ view_parse ] --START--
INFO: [ template_filter ] --START--
INFO: Run Behavior\ContentReplaceBehavior [ RunTime:0.000030s ]
INFO: [ template_filter ] --END-- [ RunTime:0.000071s ]
INFO: Run Behavior\ParseTemplateBehavior [ RunTime:0.004960s ]
INFO: [ view_parse ] --END-- [ RunTime:0.004990s ]
INFO: [ view_filter ] --START--
INFO: Run Behavior\WriteHtmlCacheBehavior [ RunTime:0.000147s ]
INFO: [ view_filter ] --END-- [ RunTime:0.000168s ]
INFO: [ app_end ] --START--
INFO: Run Behavior\ShowPageTraceBehavior [ RunTime:0.000398s ]
INFO: [ app_end ] --END-- [ RunTime:0.000423s ]

[ 2019-04-20T15:41:02+08:00 ] 223.223.195.134 /Admin/Article/index
INFO: [ app_init ] --START--
INFO: Run Behavior\BuildLiteBehavior [ RunTime:0.000030s ]
INFO: [ app_init ] --END-- [ RunTime:0.000348s ]
INFO: [ app_begin ] --START--
INFO: Run Behavior\ReadHtmlCacheBehavior [ RunTime:0.000409s ]
INFO: [ app_begin ] --END-- [ RunTime:0.000437s ]
SQL: SHOW COLUMNS FROM `lxp_article` [ RunTime:0.0012s ]
SQL: SELECT COUNT(*) AS tp_count FROM `lxp_article` WHERE `is_delete` = 0 LIMIT 1   [ RunTime:0.0005s ]
SQL: SELECT * FROM `lxp_article` WHERE `is_delete` = 0 ORDER BY addtime desc LIMIT 0,15   [ RunTime:0.0036s ]
SQL: SHOW COLUMNS FROM `lxp_article_tag` [ RunTime:0.0008s ]
SQL: SHOW COLUMNS FROM `lxp_article_tag` [ RunTime:0.0006s ]
SQL: SELECT * FROM `lxp_article_tag` INNER JOIN lxp_tag ON lxp_article_tag.tid=lxp_tag.tid  WHERE `aid` = '58'  [ RunTime:0.0007s ]
SQL: SHOW COLUMNS FROM `lxp_article_pic` [ RunTime:0.0008s ]
SQL: SELECT `path` FROM `lxp_article_pic` WHERE `aid` = 58 ORDER BY ap_id asc LIMIT 1   [ RunTime:0.0003s ]
SQL: SHOW COLUMNS FROM `lxp_category` [ RunTime:0.0008s ]
SQL: SELECT `cid`,`cid`,`cname` FROM `lxp_category` WHERE `cid` = 31  [ RunTime:0.0003s ]
SQL: SELECT * FROM `lxp_article_tag` INNER JOIN lxp_tag ON lxp_article_tag.tid=lxp_tag.tid  WHERE `aid` = '57'  [ RunTime:0.0003s ]
SQL: SELECT `path` FROM `lxp_article_pic` WHERE `aid` = 57 ORDER BY ap_id asc LIMIT 1   [ RunTime:0.0002s ]
SQL: SELECT `cid`,`cid`,`cname` FROM `lxp_category` WHERE `cid` = 30  [ RunTime:0.0002s ]
SQL: SELECT * FROM `lxp_article_tag` INNER JOIN lxp_tag ON lxp_article_tag.tid=lxp_tag.tid  WHERE `aid` = '56'  [ RunTime:0.0003s ]
SQL: SELECT `path` FROM `lxp_article_pic` WHERE `aid` = 56 ORDER BY ap_id asc LIMIT 1   [ RunTime:0.0002s ]
SQL: SELECT `cid`,`cid`,`cname` FROM `lxp_category` WHERE `cid` = 33  [ RunTime:0.0002s ]
SQL: SELECT * FROM `lxp_article_tag` INNER JOIN lxp_tag ON lxp_article_tag.tid=lxp_tag.tid  WHERE `aid` = '55'  [ RunTime:0.0003s ]
SQL: SELECT `path` FROM `lxp_article_pic` WHERE `aid` = 55 ORDER BY ap_id asc LIMIT 1   [ RunTime:0.0002s ]
SQL: SELECT `cid`,`cid`,`cname` FROM `lxp_category` WHERE `cid` = 33  [ RunTime:0.0002s ]
SQL: SELECT * FROM `lxp_article_tag` INNER JOIN lxp_tag ON lxp_article_tag.tid=lxp_tag.tid  WHERE `aid` = '54'  [ RunTime:0.0003s ]
SQL: SELECT `path` FROM `lxp_article_pic` WHERE `aid` = 54 ORDER BY ap_id asc LIMIT 1   [ RunTime:0.0002s ]
SQL: SELECT `cid`,`cid`,`cname` FROM `lxp_category` WHERE `cid` = 31  [ RunTime:0.0002s ]
SQL: SELECT * FROM `lxp_article_tag` INNER JOIN lxp_tag ON lxp_article_tag.tid=lxp_tag.tid  WHERE `aid` = '53'  [ RunTime:0.0003s ]
SQL: SELECT `path` FROM `lxp_article_pic` WHERE `aid` = 53 ORDER BY ap_id asc LIMIT 1   [ RunTime:0.0002s ]
SQL: SELECT `cid`,`cid`,`cname` FROM `lxp_category` WHERE `cid` = 31  [ RunTime:0.0002s ]
SQL: SELECT * FROM `lxp_article_tag` INNER JOIN lxp_tag ON lxp_article_tag.tid=lxp_tag.tid  WHERE `aid` = '52'  [ RunTime:0.0003s ]
SQL: SELECT `path` FROM `lxp_article_pic` WHERE `aid` = 52 ORDER BY ap_id asc LIMIT 1   [ RunTime:0.0002s ]
SQL: SELECT `cid`,`cid`,`cname` FROM `lxp_category` WHERE `cid` = 32  [ RunTime:0.0002s ]
SQL: SELECT * FROM `lxp_article_tag` INNER JOIN lxp_tag ON lxp_article_tag.tid=lxp_tag.tid  WHERE `aid` = '51'  [ RunTime:0.0003s ]
SQL: SELECT `path` FROM `lxp_article_pic` WHERE `aid` = 51 ORDER BY ap_id asc LIMIT 1   [ RunTime:0.0002s ]
SQL: SELECT `cid`,`cid`,`cname` FROM `lxp_category` WHERE `cid` = 31  [ RunTime:0.0002s ]
SQL: SELECT * FROM `lxp_article_tag` INNER JOIN lxp_tag ON lxp_article_tag.tid=lxp_tag.tid  WHERE `aid` = '50'  [ RunTime:0.0003s ]
SQL: SELECT `path` FROM `lxp_article_pic` WHERE `aid` = 50 ORDER BY ap_id asc LIMIT 1   [ RunTime:0.0003s ]
SQL: SELECT `cid`,`cid`,`cname` FROM `lxp_category` WHERE `cid` = 32  [ RunTime:0.0002s ]
SQL: SELECT * FROM `lxp_article_tag` INNER JOIN lxp_tag ON lxp_article_tag.tid=lxp_tag.tid  WHERE `aid` = '49'  [ RunTime:0.0003s ]
SQL: SELECT `path` FROM `lxp_article_pic` WHERE `aid` = 49 ORDER BY ap_id asc LIMIT 1   [ RunTime:0.0002s ]
SQL: SELECT `cid`,`cid`,`cname` FROM `lxp_category` WHERE `cid` = 29  [ RunTime:0.0002s ]
SQL: SELECT * FROM `lxp_article_tag` INNER JOIN lxp_tag ON lxp_article_tag.tid=lxp_tag.tid  WHERE `aid` = '48'  [ RunTime:0.0003s ]
SQL: SELECT `path` FROM `lxp_article_pic` WHERE `aid` = 48 ORDER BY ap_id asc LIMIT 1   [ RunTime:0.0002s ]
SQL: SELECT `cid`,`cid`,`cname` FROM `lxp_category` WHERE `cid` = 34  [ RunTime:0.0002s ]
SQL: SELECT * FROM `lxp_article_tag` INNER JOIN lxp_tag ON lxp_article_tag.tid=lxp_tag.tid  WHERE `aid` = '47'  [ RunTime:0.0003s ]
SQL: SELECT `path` FROM `lxp_article_pic` WHERE `aid` = 47 ORDER BY ap_id asc LIMIT 1   [ RunTime:0.0002s ]
SQL: SELECT `cid`,`cid`,`cname` FROM `lxp_category` WHERE `cid` = 34  [ RunTime:0.0002s ]
SQL: SELECT * FROM `lxp_article_tag` INNER JOIN lxp_tag ON lxp_article_tag.tid=lxp_tag.tid  WHERE `aid` = '46'  [ RunTime:0.0003s ]
SQL: SELECT `path` FROM `lxp_article_pic` WHERE `aid` = 46 ORDER BY ap_id asc LIMIT 1   [ RunTime:0.0002s ]
SQL: SELECT `cid`,`cid`,`cname` FROM `lxp_category` WHERE `cid` = 35  [ RunTime:0.0003s ]
SQL: SELECT * FROM `lxp_article_tag` INNER JOIN lxp_tag ON lxp_article_tag.tid=lxp_tag.tid  WHERE `aid` = '45'  [ RunTime:0.0003s ]
SQL: SELECT `path` FROM `lxp_article_pic` WHERE `aid` = 45 ORDER BY ap_id asc LIMIT 1   [ RunTime:0.0002s ]
SQL: SELECT `cid`,`cid`,`cname` FROM `lxp_category` WHERE `cid` = 35  [ RunTime:0.0002s ]
SQL: SELECT * FROM `lxp_article_tag` INNER JOIN lxp_tag ON lxp_article_tag.tid=lxp_tag.tid  WHERE `aid` = '44'  [ RunTime:0.0003s ]
SQL: SELECT `path` FROM `lxp_article_pic` WHERE `aid` = 44 ORDER BY ap_id asc LIMIT 1   [ RunTime:0.0003s ]
SQL: SELECT `cid`,`cid`,`cname` FROM `lxp_category` WHERE `cid` = 34  [ RunTime:0.0002s ]
INFO: [ view_parse ] --START--
INFO: [ template_filter ] --START--
INFO: Run Behavior\ContentReplaceBehavior [ RunTime:0.000048s ]
INFO: [ template_filter ] --END-- [ RunTime:0.000089s ]
INFO: Run Behavior\ParseTemplateBehavior [ RunTime:0.017851s ]
INFO: [ view_parse ] --END-- [ RunTime:0.017884s ]
INFO: [ view_filter ] --START--
INFO: Run Behavior\WriteHtmlCacheBehavior [ RunTime:0.000125s ]
INFO: [ view_filter ] --END-- [ RunTime:0.000153s ]
INFO: [ app_end ] --START--
INFO: Run Behavior\ShowPageTraceBehavior [ RunTime:0.000361s ]
INFO: [ app_end ] --END-- [ RunTime:0.000389s ]

[ 2019-04-20T18:43:59+08:00 ] 23.235.142.229 ///admin/sdfg.asp
INFO: [ app_init ] --START--
INFO: Run Behavior\BuildLiteBehavior [ RunTime:0.000020s ]
INFO: [ app_init ] --END-- [ RunTime:0.000315s ]
INFO: [ app_begin ] --START--
INFO: Run Behavior\ReadHtmlCacheBehavior [ RunTime:0.000388s ]
INFO: [ app_begin ] --END-- [ RunTime:0.000442s ]
ERR: 无法加载控制器:Sdfg

[ 2019-04-20T18:44:01+08:00 ] 23.235.142.229 ///admin/images/Sql.asp
INFO: [ app_init ] --START--
INFO: Run Behavior\BuildLiteBehavior [ RunTime:0.000045s ]
INFO: [ app_init ] --END-- [ RunTime:0.000449s ]
INFO: [ app_begin ] --START--
INFO: Run Behavior\ReadHtmlCacheBehavior [ RunTime:0.000771s ]
INFO: [ app_begin ] --END-- [ RunTime:0.000982s ]
ERR: 无法加载控制器:Images

