[ 2019-01-03T12:40:32+08:00 ] 120.92.119.142 /index.php/Admin/Index/index
INFO: [ app_init ] --START--
INFO: Run Behavior\BuildLiteBehavior [ RunTime:0.000022s ]
INFO: [ app_init ] --END-- [ RunTime:0.000950s ]
INFO: [ app_begin ] --START--
INFO: Run Behavior\ReadHtmlCacheBehavior [ RunTime:0.000541s ]
INFO: [ app_begin ] --END-- [ RunTime:0.000613s ]
SQL: SHOW COLUMNS FROM `lxp_oauth_user` [ RunTime:0.0024s ]
SQL: SELECT COUNT(*) AS tp_count FROM `lxp_oauth_user` WHERE `is_admin` = 1 LIMIT 1   [ RunTime:0.0003s ]

[ 2019-01-03T12:40:32+08:00 ] 120.92.119.142 /Admin/Login/login
INFO: [ app_init ] --START--
INFO: Run Behavior\BuildLiteBehavior [ RunTime:0.000014s ]
INFO: [ app_init ] --END-- [ RunTime:0.000529s ]
INFO: [ app_begin ] --START--
INFO: Run Behavior\ReadHtmlCacheBehavior [ RunTime:0.000292s ]
INFO: [ app_begin ] --END-- [ RunTime:0.000317s ]
SQL: SHOW COLUMNS FROM `lxp_category` [ RunTime:0.0013s ]
SQL: SELECT * FROM `lxp_category` ORDER BY sort  [ RunTime:0.0003s ]
SQL: SHOW COLUMNS FROM `lxp_tag` [ RunTime:0.0013s ]
SQL: SELECT * FROM `lxp_tag`  [ RunTime:0.0002s ]
SQL: SHOW COLUMNS FROM `lxp_article_tag` [ RunTime:0.0005s ]
SQL: SELECT COUNT(*) AS tp_count FROM `lxp_article_tag` WHERE `tid` = 21 LIMIT 1   [ RunTime:0.0003s ]
SQL: SELECT COUNT(*) AS tp_count FROM `lxp_article_tag` WHERE `tid` = 22 LIMIT 1   [ RunTime:0.0002s ]
SQL: SELECT COUNT(*) AS tp_count FROM `lxp_article_tag` WHERE `tid` = 23 LIMIT 1   [ RunTime:0.0003s ]
SQL: SELECT COUNT(*) AS tp_count FROM `lxp_article_tag` WHERE `tid` = 24 LIMIT 1   [ RunTime:0.0002s ]
SQL: SELECT COUNT(*) AS tp_count FROM `lxp_article_tag` WHERE `tid` = 25 LIMIT 1   [ RunTime:0.0002s ]
SQL: SELECT COUNT(*) AS tp_count FROM `lxp_article_tag` WHERE `tid` = 26 LIMIT 1   [ RunTime:0.0002s ]
SQL: SELECT COUNT(*) AS tp_count FROM `lxp_article_tag` WHERE `tid` = 27 LIMIT 1   [ RunTime:0.0002s ]
SQL: SHOW COLUMNS FROM `lxp_link` [ RunTime:0.0007s ]
SQL: SELECT * FROM `lxp_link` WHERE `is_delete` = 0 AND `is_show` = 1 ORDER BY sort  [ RunTime:0.0003s ]
SQL: SHOW COLUMNS FROM `lxp_oauth_user` [ RunTime:0.0007s ]
SQL: SELECT COUNT(*) AS tp_count FROM `lxp_oauth_user` WHERE `is_admin` = 1 LIMIT 1   [ RunTime:0.0002s ]
INFO: [ view_parse ] --START--
INFO: [ template_filter ] --START--
INFO: Run Behavior\ContentReplaceBehavior [ RunTime:0.000064s ]
INFO: [ template_filter ] --END-- [ RunTime:0.000139s ]
NOTIC: [8] Undefined index: ADMIN_PASSWORD /www/wwwroot/blog/Runtime/Cache/Admin/b891abcc3bb76636e2a96a245e9568d6.php 第 6 行.
INFO: Run Behavior\ParseTemplateBehavior [ RunTime:0.009254s ]
INFO: [ view_parse ] --END-- [ RunTime:0.009309s ]
INFO: [ view_filter ] --START--
INFO: Run Behavior\WriteHtmlCacheBehavior [ RunTime:0.000195s ]
INFO: [ view_filter ] --END-- [ RunTime:0.000222s ]
INFO: [ app_end ] --START--
INFO: Run Behavior\ShowPageTraceBehavior [ RunTime:0.000567s ]
INFO: [ app_end ] --END-- [ RunTime:0.000597s ]

