[ 2019-05-05T01:10:56+08:00 ] 122.247.29.159 /index.php/api/Uploadify/preview
INFO: [ app_init ] --START--
INFO: Run Behavior\BuildLiteBehavior [ RunTime:0.000023s ]
INFO: [ app_init ] --END-- [ RunTime:0.000389s ]
INFO: [ app_begin ] --START--
INFO: Run Behavior\ReadHtmlCacheBehavior [ RunTime:0.000407s ]
INFO: [ app_begin ] --END-- [ RunTime:0.000443s ]
ERR: 无法加载控制器:Uploadify

[ 2019-05-05T20:59:20+08:00 ] 115.84.116.186 /index.php/api/Uploadify/preview
INFO: [ app_init ] --START--
INFO: Run Behavior\BuildLiteBehavior [ RunTime:0.000018s ]
INFO: [ app_init ] --END-- [ RunTime:0.000507s ]
INFO: [ app_begin ] --START--
INFO: Run Behavior\ReadHtmlCacheBehavior [ RunTime:0.000512s ]
INFO: [ app_begin ] --END-- [ RunTime:0.000550s ]
ERR: 无法加载控制器:Uploadify

[ 2019-05-05T20:59:20+08:00 ] 115.84.116.186 /index.php/api/Uploadify/preview
INFO: [ app_init ] --START--
INFO: Run Behavior\BuildLiteBehavior [ RunTime:0.000018s ]
INFO: [ app_init ] --END-- [ RunTime:0.000277s ]
INFO: [ app_begin ] --START--
INFO: Run Behavior\ReadHtmlCacheBehavior [ RunTime:0.000389s ]
INFO: [ app_begin ] --END-- [ RunTime:0.000418s ]
ERR: 无法加载控制器:Uploadify

