[ 2019-05-30T04:10:43+08:00 ] 117.69.53.168 /index.php/api/Uploadify/preview
INFO: [ app_init ] --START--
INFO: Run Behavior\BuildLiteBehavior [ RunTime:0.000033s ]
INFO: [ app_init ] --END-- [ RunTime:0.000374s ]
INFO: [ app_begin ] --START--
INFO: Run Behavior\ReadHtmlCacheBehavior [ RunTime:0.000527s ]
INFO: [ app_begin ] --END-- [ RunTime:0.000559s ]
ERR: 无法加载控制器:Uploadify

[ 2019-05-30T05:17:38+08:00 ] 122.247.26.217 /index.php/api/Uploadify/preview
INFO: [ app_init ] --START--
INFO: Run Behavior\BuildLiteBehavior [ RunTime:0.000022s ]
INFO: [ app_init ] --END-- [ RunTime:0.000394s ]
INFO: [ app_begin ] --START--
INFO: Run Behavior\ReadHtmlCacheBehavior [ RunTime:0.000458s ]
INFO: [ app_begin ] --END-- [ RunTime:0.000493s ]
ERR: 无法加载控制器:Uploadify

[ 2019-05-30T16:34:52+08:00 ] 114.99.3.181 /index.php/api/Uploadify/preview
INFO: [ app_init ] --START--
INFO: Run Behavior\BuildLiteBehavior [ RunTime:0.000021s ]
INFO: [ app_init ] --END-- [ RunTime:0.000340s ]
INFO: [ app_begin ] --START--
INFO: Run Behavior\ReadHtmlCacheBehavior [ RunTime:0.000707s ]
INFO: [ app_begin ] --END-- [ RunTime:0.000756s ]
ERR: 无法加载控制器:Uploadify

